<?xml version="1.0" encoding="UTF-8"?>
<testsuite xmlns:xsi="http://www.w3.org/2001/XMLSchema-instance" xsi:noNamespaceSchemaLocation="https://maven.apache.org/surefire/maven-surefire-plugin/xsd/surefire-test-report-3.0.xsd" version="3.0" name="TestSuite" time="461.039" tests="8" errors="0" skipped="0" failures="4">
  <properties>
    <property name="sun.desktop" value="windows"/>
    <property name="awt.toolkit" value="sun.awt.windows.WToolkit"/>
    <property name="file.encoding.pkg" value="sun.io"/>
    <property name="java.specification.version" value="1.8"/>
    <property name="sun.cpu.isalist" value="amd64"/>
    <property name="sun.jnu.encoding" value="Cp1251"/>
    <property name="java.class.path" value="C:\Users\Leonidus\projects\appiumFrameworkSEI\target\test-classes;C:\Users\Leonidus\projects\appiumFrameworkSEI\target\classes;C:\Users\Leonidus\.m2\repository\org\testng\testng\6.14.3\testng-6.14.3.jar;C:\Users\Leonidus\.m2\repository\com\beust\jcommander\1.72\jcommander-1.72.jar;C:\Users\Leonidus\.m2\repository\org\apache-extras\beanshell\bsh\2.0b6\bsh-2.0b6.jar;C:\Users\Leonidus\.m2\repository\io\appium\java-client\7.2.0\java-client-7.2.0.jar;C:\Users\Leonidus\.m2\repository\org\seleniumhq\selenium\selenium-support\3.141.59\selenium-support-3.141.59.jar;C:\Users\Leonidus\.m2\repository\org\seleniumhq\selenium\selenium-api\3.141.59\selenium-api-3.141.59.jar;C:\Users\Leonidus\.m2\repository\com\google\code\gson\gson\2.8.5\gson-2.8.5.jar;C:\Users\Leonidus\.m2\repository\org\apache\httpcomponents\httpclient\4.5.9\httpclient-4.5.9.jar;C:\Users\Leonidus\.m2\repository\org\apache\httpcomponents\httpcore\4.4.11\httpcore-4.4.11.jar;C:\Users\Leonidus\.m2\repository\commons-codec\commons-codec\1.11\commons-codec-1.11.jar;C:\Users\Leonidus\.m2\repository\cglib\cglib\3.2.12\cglib-3.2.12.jar;C:\Users\Leonidus\.m2\repository\org\ow2\asm\asm\7.1\asm-7.1.jar;C:\Users\Leonidus\.m2\repository\org\springframework\spring-context\5.1.8.RELEASE\spring-context-5.1.8.RELEASE.jar;C:\Users\Leonidus\.m2\repository\org\springframework\spring-aop\5.1.8.RELEASE\spring-aop-5.1.8.RELEASE.jar;C:\Users\Leonidus\.m2\repository\org\springframework\spring-beans\5.1.8.RELEASE\spring-beans-5.1.8.RELEASE.jar;C:\Users\Leonidus\.m2\repository\org\springframework\spring-core\5.1.8.RELEASE\spring-core-5.1.8.RELEASE.jar;C:\Users\Leonidus\.m2\repository\org\springframework\spring-jcl\5.1.8.RELEASE\spring-jcl-5.1.8.RELEASE.jar;C:\Users\Leonidus\.m2\repository\org\springframework\spring-expression\5.1.8.RELEASE\spring-expression-5.1.8.RELEASE.jar;C:\Users\Leonidus\.m2\repository\org\aspectj\aspectjweaver\1.9.4\aspectjweaver-1.9.4.jar;C:\Users\Leonidus\.m2\repository\org\seleniumhq\selenium\selenium-java\3.141.59\selenium-java-3.141.59.jar;C:\Users\Leonidus\.m2\repository\org\seleniumhq\selenium\selenium-chrome-driver\3.141.59\selenium-chrome-driver-3.141.59.jar;C:\Users\Leonidus\.m2\repository\org\seleniumhq\selenium\selenium-edge-driver\3.141.59\selenium-edge-driver-3.141.59.jar;C:\Users\Leonidus\.m2\repository\org\seleniumhq\selenium\selenium-firefox-driver\3.141.59\selenium-firefox-driver-3.141.59.jar;C:\Users\Leonidus\.m2\repository\org\seleniumhq\selenium\selenium-ie-driver\3.141.59\selenium-ie-driver-3.141.59.jar;C:\Users\Leonidus\.m2\repository\org\seleniumhq\selenium\selenium-opera-driver\3.141.59\selenium-opera-driver-3.141.59.jar;C:\Users\Leonidus\.m2\repository\org\seleniumhq\selenium\selenium-remote-driver\3.141.59\selenium-remote-driver-3.141.59.jar;C:\Users\Leonidus\.m2\repository\org\seleniumhq\selenium\selenium-safari-driver\3.141.59\selenium-safari-driver-3.141.59.jar;C:\Users\Leonidus\.m2\repository\net\bytebuddy\byte-buddy\1.8.15\byte-buddy-1.8.15.jar;C:\Users\Leonidus\.m2\repository\org\apache\commons\commons-exec\1.3\commons-exec-1.3.jar;C:\Users\Leonidus\.m2\repository\com\google\guava\guava\25.0-jre\guava-25.0-jre.jar;C:\Users\Leonidus\.m2\repository\com\google\code\findbugs\jsr305\1.3.9\jsr305-1.3.9.jar;C:\Users\Leonidus\.m2\repository\org\checkerframework\checker-compat-qual\2.0.0\checker-compat-qual-2.0.0.jar;C:\Users\Leonidus\.m2\repository\com\google\errorprone\error_prone_annotations\2.1.3\error_prone_annotations-2.1.3.jar;C:\Users\Leonidus\.m2\repository\com\google\j2objc\j2objc-annotations\1.1\j2objc-annotations-1.1.jar;C:\Users\Leonidus\.m2\repository\org\codehaus\mojo\animal-sniffer-annotations\1.14\animal-sniffer-annotations-1.14.jar;C:\Users\Leonidus\.m2\repository\com\squareup\okhttp3\okhttp\3.11.0\okhttp-3.11.0.jar;C:\Users\Leonidus\.m2\repository\com\squareup\okio\okio\1.14.0\okio-1.14.0.jar;C:\Users\Leonidus\.m2\repository\org\slf4j\slf4j-simple\1.7.28\slf4j-simple-1.7.28.jar;C:\Users\Leonidus\.m2\repository\org\slf4j\slf4j-api\1.7.28\slf4j-api-1.7.28.jar;C:\Users\Leonidus\.m2\repository\org\apache\commons\commons-lang3\3.9\commons-lang3-3.9.jar;C:\Users\Leonidus\.m2\repository\commons-io\commons-io\2.6\commons-io-2.6.jar;C:\Users\Leonidus\.m2\repository\commons-validator\commons-validator\1.6\commons-validator-1.6.jar;C:\Users\Leonidus\.m2\repository\commons-beanutils\commons-beanutils\1.9.2\commons-beanutils-1.9.2.jar;C:\Users\Leonidus\.m2\repository\commons-digester\commons-digester\1.8.1\commons-digester-1.8.1.jar;C:\Users\Leonidus\.m2\repository\commons-logging\commons-logging\1.2\commons-logging-1.2.jar;C:\Users\Leonidus\.m2\repository\commons-collections\commons-collections\3.2.2\commons-collections-3.2.2.jar;C:\Users\Leonidus\.m2\repository\com\aventstack\extentreports\4.0.0\extentreports-4.0.0.jar;C:\Users\Leonidus\.m2\repository\org\freemarker\freemarker\2.3.23\freemarker-2.3.23.jar;C:\Users\Leonidus\.m2\repository\org\mongodb\mongodb-driver\3.3.0\mongodb-driver-3.3.0.jar;C:\Users\Leonidus\.m2\repository\org\mongodb\mongodb-driver-core\3.3.0\mongodb-driver-core-3.3.0.jar;C:\Users\Leonidus\.m2\repository\org\mongodb\bson\3.3.0\bson-3.3.0.jar;C:\Users\Leonidus\.m2\repository\org\apache\httpcomponents\httpmime\4.5.2\httpmime-4.5.2.jar;"/>
    <property name="java.vm.vendor" value="Oracle Corporation"/>
    <property name="sun.arch.data.model" value="64"/>
    <property name="user.variant" value=""/>
    <property name="java.vendor.url" value="http://java.oracle.com/"/>
    <property name="user.timezone" value="Asia/Jerusalem"/>
    <property name="user.country.format" value="RU"/>
    <property name="java.vm.specification.version" value="1.8"/>
    <property name="os.name" value="Windows 10"/>
    <property name="user.country" value="US"/>
    <property name="sun.java.launcher" value="SUN_STANDARD"/>
    <property name="sun.boot.library.path" value="C:\Program Files\Java\jdk1.8.0_221\jre\bin"/>
    <property name="sun.java.command" value="C:\Users\Leonidus\AppData\Local\Temp\surefire2513121437753310339\surefirebooter5834275926258896866.jar C:\Users\Leonidus\AppData\Local\Temp\surefire2513121437753310339 2019-10-14T16-04-04_221-jvmRun1 surefire5517524735931211537tmp surefire_03694402794583422057tmp"/>
    <property name="surefire.test.class.path" value="C:\Users\Leonidus\projects\appiumFrameworkSEI\target\test-classes;C:\Users\Leonidus\projects\appiumFrameworkSEI\target\classes;C:\Users\Leonidus\.m2\repository\org\testng\testng\6.14.3\testng-6.14.3.jar;C:\Users\Leonidus\.m2\repository\com\beust\jcommander\1.72\jcommander-1.72.jar;C:\Users\Leonidus\.m2\repository\org\apache-extras\beanshell\bsh\2.0b6\bsh-2.0b6.jar;C:\Users\Leonidus\.m2\repository\io\appium\java-client\7.2.0\java-client-7.2.0.jar;C:\Users\Leonidus\.m2\repository\org\seleniumhq\selenium\selenium-support\3.141.59\selenium-support-3.141.59.jar;C:\Users\Leonidus\.m2\repository\org\seleniumhq\selenium\selenium-api\3.141.59\selenium-api-3.141.59.jar;C:\Users\Leonidus\.m2\repository\com\google\code\gson\gson\2.8.5\gson-2.8.5.jar;C:\Users\Leonidus\.m2\repository\org\apache\httpcomponents\httpclient\4.5.9\httpclient-4.5.9.jar;C:\Users\Leonidus\.m2\repository\org\apache\httpcomponents\httpcore\4.4.11\httpcore-4.4.11.jar;C:\Users\Leonidus\.m2\repository\commons-codec\commons-codec\1.11\commons-codec-1.11.jar;C:\Users\Leonidus\.m2\repository\cglib\cglib\3.2.12\cglib-3.2.12.jar;C:\Users\Leonidus\.m2\repository\org\ow2\asm\asm\7.1\asm-7.1.jar;C:\Users\Leonidus\.m2\repository\org\springframework\spring-context\5.1.8.RELEASE\spring-context-5.1.8.RELEASE.jar;C:\Users\Leonidus\.m2\repository\org\springframework\spring-aop\5.1.8.RELEASE\spring-aop-5.1.8.RELEASE.jar;C:\Users\Leonidus\.m2\repository\org\springframework\spring-beans\5.1.8.RELEASE\spring-beans-5.1.8.RELEASE.jar;C:\Users\Leonidus\.m2\repository\org\springframework\spring-core\5.1.8.RELEASE\spring-core-5.1.8.RELEASE.jar;C:\Users\Leonidus\.m2\repository\org\springframework\spring-jcl\5.1.8.RELEASE\spring-jcl-5.1.8.RELEASE.jar;C:\Users\Leonidus\.m2\repository\org\springframework\spring-expression\5.1.8.RELEASE\spring-expression-5.1.8.RELEASE.jar;C:\Users\Leonidus\.m2\repository\org\aspectj\aspectjweaver\1.9.4\aspectjweaver-1.9.4.jar;C:\Users\Leonidus\.m2\repository\org\seleniumhq\selenium\selenium-java\3.141.59\selenium-java-3.141.59.jar;C:\Users\Leonidus\.m2\repository\org\seleniumhq\selenium\selenium-chrome-driver\3.141.59\selenium-chrome-driver-3.141.59.jar;C:\Users\Leonidus\.m2\repository\org\seleniumhq\selenium\selenium-edge-driver\3.141.59\selenium-edge-driver-3.141.59.jar;C:\Users\Leonidus\.m2\repository\org\seleniumhq\selenium\selenium-firefox-driver\3.141.59\selenium-firefox-driver-3.141.59.jar;C:\Users\Leonidus\.m2\repository\org\seleniumhq\selenium\selenium-ie-driver\3.141.59\selenium-ie-driver-3.141.59.jar;C:\Users\Leonidus\.m2\repository\org\seleniumhq\selenium\selenium-opera-driver\3.141.59\selenium-opera-driver-3.141.59.jar;C:\Users\Leonidus\.m2\repository\org\seleniumhq\selenium\selenium-remote-driver\3.141.59\selenium-remote-driver-3.141.59.jar;C:\Users\Leonidus\.m2\repository\org\seleniumhq\selenium\selenium-safari-driver\3.141.59\selenium-safari-driver-3.141.59.jar;C:\Users\Leonidus\.m2\repository\net\bytebuddy\byte-buddy\1.8.15\byte-buddy-1.8.15.jar;C:\Users\Leonidus\.m2\repository\org\apache\commons\commons-exec\1.3\commons-exec-1.3.jar;C:\Users\Leonidus\.m2\repository\com\google\guava\guava\25.0-jre\guava-25.0-jre.jar;C:\Users\Leonidus\.m2\repository\com\google\code\findbugs\jsr305\1.3.9\jsr305-1.3.9.jar;C:\Users\Leonidus\.m2\repository\org\checkerframework\checker-compat-qual\2.0.0\checker-compat-qual-2.0.0.jar;C:\Users\Leonidus\.m2\repository\com\google\errorprone\error_prone_annotations\2.1.3\error_prone_annotations-2.1.3.jar;C:\Users\Leonidus\.m2\repository\com\google\j2objc\j2objc-annotations\1.1\j2objc-annotations-1.1.jar;C:\Users\Leonidus\.m2\repository\org\codehaus\mojo\animal-sniffer-annotations\1.14\animal-sniffer-annotations-1.14.jar;C:\Users\Leonidus\.m2\repository\com\squareup\okhttp3\okhttp\3.11.0\okhttp-3.11.0.jar;C:\Users\Leonidus\.m2\repository\com\squareup\okio\okio\1.14.0\okio-1.14.0.jar;C:\Users\Leonidus\.m2\repository\org\slf4j\slf4j-simple\1.7.28\slf4j-simple-1.7.28.jar;C:\Users\Leonidus\.m2\repository\org\slf4j\slf4j-api\1.7.28\slf4j-api-1.7.28.jar;C:\Users\Leonidus\.m2\repository\org\apache\commons\commons-lang3\3.9\commons-lang3-3.9.jar;C:\Users\Leonidus\.m2\repository\commons-io\commons-io\2.6\commons-io-2.6.jar;C:\Users\Leonidus\.m2\repository\commons-validator\commons-validator\1.6\commons-validator-1.6.jar;C:\Users\Leonidus\.m2\repository\commons-beanutils\commons-beanutils\1.9.2\commons-beanutils-1.9.2.jar;C:\Users\Leonidus\.m2\repository\commons-digester\commons-digester\1.8.1\commons-digester-1.8.1.jar;C:\Users\Leonidus\.m2\repository\commons-logging\commons-logging\1.2\commons-logging-1.2.jar;C:\Users\Leonidus\.m2\repository\commons-collections\commons-collections\3.2.2\commons-collections-3.2.2.jar;C:\Users\Leonidus\.m2\repository\com\aventstack\extentreports\4.0.0\extentreports-4.0.0.jar;C:\Users\Leonidus\.m2\repository\org\freemarker\freemarker\2.3.23\freemarker-2.3.23.jar;C:\Users\Leonidus\.m2\repository\org\mongodb\mongodb-driver\3.3.0\mongodb-driver-3.3.0.jar;C:\Users\Leonidus\.m2\repository\org\mongodb\mongodb-driver-core\3.3.0\mongodb-driver-core-3.3.0.jar;C:\Users\Leonidus\.m2\repository\org\mongodb\bson\3.3.0\bson-3.3.0.jar;C:\Users\Leonidus\.m2\repository\org\apache\httpcomponents\httpmime\4.5.2\httpmime-4.5.2.jar;"/>
    <property name="sun.cpu.endian" value="little"/>
    <property name="user.home" value="C:\Users\Leonidus"/>
    <property name="user.language" value="en"/>
    <property name="java.specification.vendor" value="Oracle Corporation"/>
    <property name="java.home" value="C:\Program Files\Java\jdk1.8.0_221\jre"/>
    <property name="basedir" value="C:\Users\Leonidus\projects\appiumFrameworkSEI"/>
    <property name="file.separator" value="\"/>
    <property name="line.separator" value="&#10;"/>
    <property name="java.vm.specification.vendor" value="Oracle Corporation"/>
    <property name="java.specification.name" value="Java Platform API Specification"/>
    <property name="java.awt.graphicsenv" value="sun.awt.Win32GraphicsEnvironment"/>
    <property name="surefire.real.class.path" value="C:\Users\Leonidus\AppData\Local\Temp\surefire2513121437753310339\surefirebooter5834275926258896866.jar"/>
    <property name="sun.boot.class.path" value="C:\Program Files\Java\jdk1.8.0_221\jre\lib\resources.jar;C:\Program Files\Java\jdk1.8.0_221\jre\lib\rt.jar;C:\Program Files\Java\jdk1.8.0_221\jre\lib\sunrsasign.jar;C:\Program Files\Java\jdk1.8.0_221\jre\lib\jsse.jar;C:\Program Files\Java\jdk1.8.0_221\jre\lib\jce.jar;C:\Program Files\Java\jdk1.8.0_221\jre\lib\charsets.jar;C:\Program Files\Java\jdk1.8.0_221\jre\lib\jfr.jar;C:\Program Files\Java\jdk1.8.0_221\jre\classes"/>
    <property name="user.script" value=""/>
    <property name="sun.management.compiler" value="HotSpot 64-Bit Tiered Compilers"/>
    <property name="java.runtime.version" value="1.8.0_221-b11"/>
    <property name="user.name" value="Leonidus"/>
    <property name="path.separator" value=";"/>
    <property name="os.version" value="10.0"/>
    <property name="java.endorsed.dirs" value="C:\Program Files\Java\jdk1.8.0_221\jre\lib\endorsed"/>
    <property name="java.runtime.name" value="Java(TM) SE Runtime Environment"/>
    <property name="file.encoding" value="Cp1251"/>
    <property name="java.vm.name" value="Java HotSpot(TM) 64-Bit Server VM"/>
    <property name="localRepository" value="C:\Users\Leonidus\.m2\repository"/>
    <property name="java.vendor.url.bug" value="http://bugreport.sun.com/bugreport/"/>
    <property name="java.io.tmpdir" value="C:\Users\Leonidus\AppData\Local\Temp\"/>
    <property name="java.version" value="1.8.0_221"/>
    <property name="user.dir" value="C:\Users\Leonidus\projects\appiumFrameworkSEI"/>
    <property name="os.arch" value="amd64"/>
    <property name="java.vm.specification.name" value="Java Virtual Machine Specification"/>
    <property name="java.awt.printerjob" value="sun.awt.windows.WPrinterJob"/>
    <property name="user.language.format" value="ru"/>
    <property name="sun.os.patch.level" value=""/>
    <property name="java.library.path" value="C:\Program Files\Java\jdk1.8.0_221\jre\bin;C:\WINDOWS\Sun\Java\bin;C:\WINDOWS\system32;C:\WINDOWS;C:\Program Files\apache-maven-3.3.9/bin;C:\Program Files\Java\jdk-10.0.1/bin;C:\Program Files\Java\jdk-10.0.1/bin;C:\Program Files (x86)\Common Files\Oracle\Java\javapath;C:\Program Files (x86)\AMD APP\bin\x86_64;C:\Program Files (x86)\AMD APP\bin\x86;C:\Program Files\Common Files\Microsoft Shared\Windows Live;C:\Program Files (x86)\Common Files\Microsoft Shared\Windows Live;C:\WINDOWS\system32;C:\WINDOWS;C:\WINDOWS\System32\Wbem;C:\WINDOWS\System32\WindowsPowerShell\v1.0\;C:\Program Files (x86)\Windows Live\Shared;C:\Program Files (x86)\ATI Technologies\ATI.ACE\Core-Static;C:\Program Files (x86)\Common Files\Apple\Internet Services\;C:\Program Files\apache-maven-3.3.9\bin;C:\WINDOWS\System32\OpenSSH\;C:\Program Files\Git\cmd;C:\Program Files (x86)\Notepad++;C:\Program Files\Perforce;C:\Users\Leonidus\AppData\Local\Android\Sdk\tools\bin;C:\Users\Leonidus\AppData\Local\Android\Sdk\tools;C:\Users\Leonidus\AppData\Local\Android\Sdk\platform-tools;C:\Program Files\nodejs\;C:\Program Files\nodejs\node_modules\npm\bin;C:\Program Files\Java\jdk1.8.0_221\bin;C:\Users\Leonidus\AppData\Local\Microsoft\WindowsApps;C:\Users\Leonidus\AppData\Roaming\npm;."/>
    <property name="java.vm.info" value="mixed mode"/>
    <property name="java.vendor" value="Oracle Corporation"/>
    <property name="java.vm.version" value="25.221-b11"/>
    <property name="java.ext.dirs" value="C:\Program Files\Java\jdk1.8.0_221\jre\lib\ext;C:\WINDOWS\Sun\Java\lib\ext"/>
    <property name="sun.io.unicode.encoding" value="UnicodeLittle"/>
    <property name="java.class.version" value="52.0"/>
  </properties>
  <testcase name="openGooglePlayGamesTest" classname="firstSEI.MainPageTests" time="27.014"/>
  <testcase name="openGooglePlayMusicTest" classname="firstSEI.MainPageTests" time="30.446"/>
  <testcase name="openGooglePlayTest" classname="firstSEI.MainPageTests" time="19.623"/>
  <testcase name="googlePlayHomePageTest" classname="firstSEI.GoogleApps.GooglePlayHomeTests" time="43.44"/>
  <testcase name="googlePlayGamesPageTest" classname="firstSEI.GoogleApps.GooglePlayGamesTests" time="41.736">
    <failure message="expected [Games] but found [Arcade games]" type="java.lang.AssertionError">java.lang.AssertionError: expected [Games] but found [Arcade games]
	at firstSEI.GoogleApps.GooglePlayGamesTests.googlePlayGamesPageTest(GooglePlayGamesTests.java:26)
</failure>
    <system-out><![CDATA[PASSED: googlePlayHomePageTest

===============================================
    GooglePlayHomeTests
    Tests run: 1, Failures: 0, Skips: 0
===============================================

&amp#27;[35m[Appium]&amp#27;[39m Welcome to Appium v1.14.2
&amp#27;[35m[Appium]&amp#27;[39m Appium REST http interface listener started on 0.0.0.0:4723
&amp#27;[35m[HTTP]&amp#27;[39m &amp#27;[37m-->&amp#27;[39m &amp#27;[37mGET&amp#27;[39m &amp#27;[37m/wd/hub/status&amp#27;[39m
&amp#27;[35m[HTTP]&amp#27;[39m &amp#27;[90m{}&amp#27;[39m
[debug] &amp#27;[35m[GENERIC]&amp#27;[39m Calling AppiumDriver.getStatus() with args: []
[debug] &amp#27;[35m[GENERIC]&amp#27;[39m Responding to client with driver.getStatus() result: {"build":{"version":"1.14.2"}}
&amp#27;[35m[HTTP]&amp#27;[39m &amp#27;[37m<-- GET /wd/hub/status &amp#27;[39m&amp#27;[32m200&amp#27;[39m &amp#27;[90m10 ms - 68&amp#27;[39m
&amp#27;[35m[HTTP]&amp#27;[39m &amp#27;[90m&amp#27;[39m
&amp#27;[35m[HTTP]&amp#27;[39m &amp#27;[37m-->&amp#27;[39m &amp#27;[37mPOST&amp#27;[39m &amp#27;[37m/wd/hub/session&amp#27;[39m
&amp#27;[35m[HTTP]&amp#27;[39m &amp#27;[90m{"desiredCapabilities":{"appActivity":"com.onoapps.cellcomtv.activities.SplashActivity","appPackage":"com.cellcom.cellcom_tv.stb","noReset":true,"newCommandTimeout":"60","automationName":"uiautomator2","platformName":"Android","udid":"GZ18120115200028","deviceName":"GZ18120115200028"},"capabilities":{"firstMatch":[{"appium:appActivity":"com.onoapps.cellcomtv.activities.SplashActivity","appium:appPackage":"com.cellcom.cellcom_tv.stb","appium:automationName":"uiautomator2","appium:deviceName":"GZ18120115200028","appium:newCommandTimeout":"60","appium:noReset":true,"platformName":"android","appium:udid":"GZ18120115200028"}]}}&amp#27;[39m
[debug] &amp#27;[35m[W3C]&amp#27;[39m Calling AppiumDriver.createSession() with args: [{"appActivity":"com.onoapps.cellcomtv.activities.SplashActivity","appPackage":"com.cellcom.cellcom_tv.stb","noReset":true,"newCommandTimeout":"60","automationName":"uiautomator2","platformName":"Android","udid":"GZ18120115200028","deviceName":"GZ18120115200028"},null,{"firstMatch":[{"appium:appActivity":"com.onoapps.cellcomtv.activities.SplashActivity","appium:appPackage":"com.cellcom.cellcom_tv.stb","appium:automationName":"uiautomator2","appium:deviceName":"GZ18120115200028","appium:newCommandTimeout":"60","appium:noReset":true,"platformName":"android","appium:udid":"GZ18120115200028"}]}]
[debug] &amp#27;[35m[BaseDriver]&amp#27;[39m Event 'newSessionRequested' logged at 1571058485393 (16:08:05 GMT+0300 (GMT+03:00))
&amp#27;[35m[BaseDriver]&amp#27;[39m Number capability passed in as string. Functionality may be compromised.
&amp#27;[35m[Appium]&amp#27;[39m Appium v1.14.2 creating new AndroidUiautomator2Driver (v1.33.1) session
&amp#27;[35m[Appium]&amp#27;[39m Capabilities:
&amp#27;[35m[Appium]&amp#27;[39m   platformName: android
&amp#27;[35m[Appium]&amp#27;[39m   appActivity: com.onoapps.cellcomtv.activities.SplashActivity
&amp#27;[35m[Appium]&amp#27;[39m   appPackage: com.cellcom.cellcom_tv.stb
&amp#27;[35m[Appium]&amp#27;[39m   automationName: uiautomator2
&amp#27;[35m[Appium]&amp#27;[39m   deviceName: GZ18120115200028
&amp#27;[35m[Appium]&amp#27;[39m   newCommandTimeout: 60
&amp#27;[35m[Appium]&amp#27;[39m   noReset: true
&amp#27;[35m[Appium]&amp#27;[39m   udid: GZ18120115200028
[debug] &amp#27;[35m[BaseDriver]&amp#27;[39m W3C capabilities {"alwaysMatch":{"platformNa... and MJSONWP desired capabilities {"appActivity":"com.onoapps... were provided
[debug] &amp#27;[35m[BaseDriver]&amp#27;[39m Creating session with W3C capabilities: {"alwaysMatch":{"platformNa...
&amp#27;[35m[BaseDriver]&amp#27;[39m Number capability passed in as string. Functionality may be compromised.
&amp#27;[35m[BaseDriver]&amp#27;[39m Capability 'newCommandTimeout' changed from string ('60') to integer (60). This may cause unexpected behavior
&amp#27;[35m[BaseDriver]&amp#27;[39m Session created with session id: 6753ef3d-0727-4e8a-b8c4-ab98740d4887
&amp#27;[35m[ADB]&amp#27;[39m Found 1 'build-tools' folders under 'C:\Users\Leonidus\AppData\Local\Android\Sdk' (newest first):
&amp#27;[35m[ADB]&amp#27;[39m     C:/Users/Leonidus/AppData/Local/Android/Sdk/build-tools/29.0.2
&amp#27;[35m[ADB]&amp#27;[39m Using 'adb.exe' from 'C:\Users\Leonidus\AppData\Local\Android\Sdk\platform-tools\adb.exe'
&amp#27;[35m[AndroidDriver]&amp#27;[39m Retrieving device list
[debug] &amp#27;[35m[ADB]&amp#27;[39m Trying to find a connected android device
[debug] &amp#27;[35m[ADB]&amp#27;[39m Getting connected devices...
[debug] &amp#27;[35m[ADB]&amp#27;[39m 2 device(s) connected
&amp#27;[35m[AndroidDriver]&amp#27;[39m Using device: GZ18120115200028
&amp#27;[35m[ADB]&amp#27;[39m Using 'adb.exe' from 'C:\Users\Leonidus\AppData\Local\Android\Sdk\platform-tools\adb.exe'
[debug] &amp#27;[35m[ADB]&amp#27;[39m Setting device id to GZ18120115200028
[debug] &amp#27;[35m[ADB]&amp#27;[39m Running 'C:\Users\Leonidus\AppData\Local\Android\Sdk\platform-tools\adb.exe -P 5037 -s GZ18120115200028 shell getprop ro.build.version.sdk'
[debug] &amp#27;[35m[ADB]&amp#27;[39m Current device property 'ro.build.version.sdk': 28
[debug] &amp#27;[35m[ADB]&amp#27;[39m Running 'C:\Users\Leonidus\AppData\Local\Android\Sdk\platform-tools\adb.exe -P 5037 -s GZ18120115200028 shell getprop ro.build.version.release'
[debug] &amp#27;[35m[ADB]&amp#27;[39m Current device property 'ro.build.version.release': 9
[debug] &amp#27;[35m[ADB]&amp#27;[39m Device API level: 28
&amp#27;[35m[UiAutomator2]&amp#27;[39m Relaxing hidden api policy
[debug] &amp#27;[35m[ADB]&amp#27;[39m Running 'C:\Users\Leonidus\AppData\Local\Android\Sdk\platform-tools\adb.exe -P 5037 -s GZ18120115200028 shell settings put global hidden_api_policy_pre_p_apps 1'
[debug] &amp#27;[35m[ADB]&amp#27;[39m Running 'C:\Users\Leonidus\AppData\Local\Android\Sdk\platform-tools\adb.exe -P 5037 -s GZ18120115200028 shell settings put global hidden_api_policy_p_apps 1'
[debug] &amp#27;[35m[ADB]&amp#27;[39m Running 'C:\Users\Leonidus\AppData\Local\Android\Sdk\platform-tools\adb.exe -P 5037 -s GZ18120115200028 shell settings put global hidden_api_policy 1'
&amp#27;[35m[AndroidDriver]&amp#27;[39m No app sent in, not parsing package/activity
[debug] &amp#27;[35m[ADB]&amp#27;[39m Running 'C:\Users\Leonidus\AppData\Local\Android\Sdk\platform-tools\adb.exe -P 5037 -s GZ18120115200028 wait-for-device'
[debug] &amp#27;[35m[ADB]&amp#27;[39m Running 'C:\Users\Leonidus\AppData\Local\Android\Sdk\platform-tools\adb.exe -P 5037 -s GZ18120115200028 shell echo ping'
[debug] &amp#27;[35m[AndroidDriver]&amp#27;[39m Pushing settings apk to device...
[debug] &amp#27;[35m[ADB]&amp#27;[39m Getting install status for io.appium.settings
[debug] &amp#27;[35m[ADB]&amp#27;[39m Running 'C:\Users\Leonidus\AppData\Local\Android\Sdk\platform-tools\adb.exe -P 5037 -s GZ18120115200028 shell dumpsys package io.appium.settings'
[debug] &amp#27;[35m[ADB]&amp#27;[39m 'io.appium.settings' is installed
[debug] &amp#27;[35m[ADB]&amp#27;[39m Getting package info for 'io.appium.settings'
[debug] &amp#27;[35m[ADB]&amp#27;[39m Running 'C:\Users\Leonidus\AppData\Local\Android\Sdk\platform-tools\adb.exe -P 5037 -s GZ18120115200028 shell dumpsys package io.appium.settings'
&amp#27;[35m[ADB]&amp#27;[39m Using 'aapt.exe' from 'C:\Users\Leonidus\AppData\Local\Android\Sdk\build-tools\29.0.2\aapt.exe'
[debug] &amp#27;[35m[ADB]&amp#27;[39m The version name of the installed 'io.appium.settings' is greater or equal to the application version name ('2.14.1' >= '2.14.1')
[debug] &amp#27;[35m[ADB]&amp#27;[39m There is no need to install/upgrade 'C:\Users\Leonidus\AppData\Roaming\npm\node_modules\appium\node_modules\io.appium.settings\apks\settings_apk-debug.apk'
[debug] &amp#27;[35m[ADB]&amp#27;[39m Getting IDs of all 'io.appium.settings' processes
[debug] &amp#27;[35m[ADB]&amp#27;[39m Running 'C:\Users\Leonidus\AppData\Local\Android\Sdk\platform-tools\adb.exe -P 5037 -s GZ18120115200028 shell 'pgrep --help; echo $?''
[debug] &amp#27;[35m[ADB]&amp#27;[39m Running 'C:\Users\Leonidus\AppData\Local\Android\Sdk\platform-tools\adb.exe -P 5037 -s GZ18120115200028 shell pgrep -f io\\.appium\\.settings'
[debug] &amp#27;[35m[AndroidDriver]&amp#27;[39m io.appium.settings is already running. There is no need to reset its permissions.
[debug] &amp#27;[35m[ADB]&amp#27;[39m Running 'C:\Users\Leonidus\AppData\Local\Android\Sdk\platform-tools\adb.exe -P 5037 -s GZ18120115200028 shell appops set io.appium.settings android\:mock_location allow'
[debug] &amp#27;[35m[Logcat]&amp#27;[39m Starting logcat capture
[debug] &amp#27;[35m[ADB]&amp#27;[39m Getting install status for io.appium.uiautomator2.server
[debug] &amp#27;[35m[ADB]&amp#27;[39m Running 'C:\Users\Leonidus\AppData\Local\Android\Sdk\platform-tools\adb.exe -P 5037 -s GZ18120115200028 shell dumpsys package io.appium.uiautomator2.server'
[debug] &amp#27;[35m[ADB]&amp#27;[39m 'io.appium.uiautomator2.server' is installed
[debug] &amp#27;[35m[ADB]&amp#27;[39m Getting package info for 'io.appium.uiautomator2.server'
[debug] &amp#27;[35m[ADB]&amp#27;[39m Running 'C:\Users\Leonidus\AppData\Local\Android\Sdk\platform-tools\adb.exe -P 5037 -s GZ18120115200028 shell dumpsys package io.appium.uiautomator2.server'
[debug] &amp#27;[35m[ADB]&amp#27;[39m The version name of the installed 'io.appium.uiautomator2.server' is greater or equal to the application version name ('3.7.0' >= '3.7.0')
[debug] &amp#27;[35m[UiAutomator2]&amp#27;[39m io.appium.uiautomator2.server installation state: sameVersionInstalled
[debug] &amp#27;[35m[ADB]&amp#27;[39m Checking app cert for C:\Users\Leonidus\AppData\Roaming\npm\node_modules\appium\node_modules\appium-uiautomator2-server\apks\appium-uiautomator2-server-v3.7.0.apk
&amp#27;[35m[ADB]&amp#27;[39m Using 'apksigner.bat' from 'C:\Users\Leonidus\AppData\Local\Android\Sdk\build-tools\29.0.2\apksigner.bat'
[debug] &amp#27;[35m[ADB]&amp#27;[39m Starting 'C:\Users\Leonidus\AppData\Local\Android\Sdk\build-tools\29.0.2\apksigner.bat' with args '["verify","--print-certs","C:\\Users\\Leonidus\\AppData\\Roaming\\npm\\node_modules\\appium\\node_modules\\appium-uiautomator2-server\\apks\\appium-uiautomator2-server-v3.7.0.apk"]'
[debug] &amp#27;[35m[ADB]&amp#27;[39m apksigner stdout: Signer #1 certificate DN: EMAILADDRESS=android@android.com, CN=Android, OU=Android, O=Android, L=Mountain View, ST=California, C=US
[debug] &amp#27;[35m[ADB]&amp#27;[39m Signer #1 certificate SHA-256 digest: a40da80a59d170caa950cf15c18c454d47a39b26989d8b640ecd745ba71bf5dc
[debug] &amp#27;[35m[ADB]&amp#27;[39m Signer #1 certificate SHA-1 digest: 61ed377e85d386a8dfee6b864bd85b0bfaa5af81
[debug] &amp#27;[35m[ADB]&amp#27;[39m Signer #1 certificate MD5 digest: e89b158e4bcf988ebd09eb83f5378e87
[debug] &amp#27;[35m[ADB]&amp#27;[39m 
[debug] &amp#27;[35m[ADB]&amp#27;[39m 'C:\Users\Leonidus\AppData\Roaming\npm\node_modules\appium\node_modules\appium-uiautomator2-server\apks\appium-uiautomator2-server-v3.7.0.apk' is already signed.
[debug] &amp#27;[35m[ADB]&amp#27;[39m Getting install status for io.appium.uiautomator2.server.test
[debug] &amp#27;[35m[ADB]&amp#27;[39m Running 'C:\Users\Leonidus\AppData\Local\Android\Sdk\platform-tools\adb.exe -P 5037 -s GZ18120115200028 shell dumpsys package io.appium.uiautomator2.server.test'
[debug] &amp#27;[35m[ADB]&amp#27;[39m 'io.appium.uiautomator2.server.test' is installed
[debug] &amp#27;[35m[ADB]&amp#27;[39m Checking app cert for C:\Users\Leonidus\AppData\Roaming\npm\node_modules\appium\node_modules\appium-uiautomator2-server\apks\appium-uiautomator2-server-debug-androidTest.apk
[debug] &amp#27;[35m[ADB]&amp#27;[39m Starting 'C:\Users\Leonidus\AppData\Local\Android\Sdk\build-tools\29.0.2\apksigner.bat' with args '["verify","--print-certs","C:\\Users\\Leonidus\\AppData\\Roaming\\npm\\node_modules\\appium\\node_modules\\appium-uiautomator2-server\\apks\\appium-uiautomator2-server-debug-androidTest.apk"]'
[debug] &amp#27;[35m[ADB]&amp#27;[39m apksigner stdout: Signer #1 certificate DN: EMAILADDRESS=android@android.com, CN=Android, OU=Android, O=Android, L=Mountain View, ST=California, C=US
[debug] &amp#27;[35m[ADB]&amp#27;[39m Signer #1 certificate SHA-256 digest: a40da80a59d170caa950cf15c18c454d47a39b26989d8b640ecd745ba71bf5dc
[debug] &amp#27;[35m[ADB]&amp#27;[39m Signer #1 certificate SHA-1 digest: 61ed377e85d386a8dfee6b864bd85b0bfaa5af81
[debug] &amp#27;[35m[ADB]&amp#27;[39m Signer #1 certificate MD5 digest: e89b158e4bcf988ebd09eb83f5378e87
[debug] &amp#27;[35m[ADB]&amp#27;[39m 
[debug] &amp#27;[35m[ADB]&amp#27;[39m 'C:\Users\Leonidus\AppData\Roaming\npm\node_modules\appium\node_modules\appium-uiautomator2-server\apks\appium-uiautomator2-server-debug-androidTest.apk' is already signed.
&amp#27;[35m[UiAutomator2]&amp#27;[39m Server packages are not going to be (re)installed
[debug] &amp#27;[35m[UiAutomator2]&amp#27;[39m Waiting up to 30000ms for services to be available
[debug] &amp#27;[35m[ADB]&amp#27;[39m Running 'C:\Users\Leonidus\AppData\Local\Android\Sdk\platform-tools\adb.exe -P 5037 -s GZ18120115200028 shell pm list instrumentation'
[debug] &amp#27;[35m[UiAutomator2]&amp#27;[39m Instrumentation target 'io.appium.uiautomator2.server.test/androidx.test.runner.AndroidJUnitRunner' is available
[debug] &amp#27;[35m[UiAutomator2]&amp#27;[39m Forwarding UiAutomator2 Server port 6790 to 8209
[debug] &amp#27;[35m[ADB]&amp#27;[39m Forwarding system: 8209 to device: 6790
[debug] &amp#27;[35m[ADB]&amp#27;[39m Running 'C:\Users\Leonidus\AppData\Local\Android\Sdk\platform-tools\adb.exe -P 5037 -s GZ18120115200028 forward tcp\:8209 tcp\:6790'
[debug] &amp#27;[35m[UiAutomator2]&amp#27;[39m No app capability. Assuming it is already on the device
[debug] &amp#27;[35m[UiAutomator2]&amp#27;[39m Performing shallow cleanup of automation leftovers
[debug] &amp#27;[35m[UiAutomator2]&amp#27;[39m The following obsolete sessions are still running: ["2f8c384e-41e5-4421-a315-85b46563bd18"]
[debug] &amp#27;[35m[UiAutomator2]&amp#27;[39m Cleaning up the obsolete sessions
[debug] &amp#27;[35m[ADB]&amp#27;[39m Running 'C:\Users\Leonidus\AppData\Local\Android\Sdk\platform-tools\adb.exe -P 5037 -s GZ18120115200028 shell am force-stop io.appium.uiautomator2.server.test'
&amp#27;[35m[UiAutomator2]&amp#27;[39m Starting UIAutomator2 server 3.7.0
&amp#27;[35m[UiAutomator2]&amp#27;[39m Using UIAutomator2 server from 'C:\Users\Leonidus\AppData\Roaming\npm\node_modules\appium\node_modules\appium-uiautomator2-server\apks\appium-uiautomator2-server-v3.7.0.apk' and test from 'C:\Users\Leonidus\AppData\Roaming\npm\node_modules\appium\node_modules\appium-uiautomator2-server\apks\appium-uiautomator2-server-debug-androidTest.apk'
&amp#27;[35m[UiAutomator2]&amp#27;[39m Waiting up to 30000ms for UiAutomator2 to be online...
[debug] &amp#27;[35m[ADB]&amp#27;[39m Creating ADB subprocess with args: ["-P",5037,"-s","GZ18120115200028","shell","am","instrument","-w","io.appium.uiautomator2.server.test/androidx.test.runner.AndroidJUnitRunner"]
[debug] &amp#27;[35m[WD Proxy]&amp#27;[39m Matched '/status' to command name 'getStatus'
[debug] &amp#27;[35m[WD Proxy]&amp#27;[39m Proxying [GET /status] to [GET http://localhost:8209/wd/hub/status] with no body
&amp#27;[35m[WD Proxy]&amp#27;[39m Got an unexpected response: {"code":"ECONNRESET"}
[debug] &amp#27;[35m[WD Proxy]&amp#27;[39m Matched '/status' to command name 'getStatus'
[debug] &amp#27;[35m[WD Proxy]&amp#27;[39m Proxying [GET /status] to [GET http://localhost:8209/wd/hub/status] with no body
&amp#27;[35m[WD Proxy]&amp#27;[39m Got an unexpected response: {"code":"ECONNRESET"}
[debug] &amp#27;[35m[Instrumentation]&amp#27;[39m io.appium.uiautomator2.server.test.AppiumUiAutomator2Server:
[debug] &amp#27;[35m[WD Proxy]&amp#27;[39m Matched '/status' to command name 'getStatus'
[debug] &amp#27;[35m[WD Proxy]&amp#27;[39m Proxying [GET /status] to [GET http://localhost:8209/wd/hub/status] with no body
[debug] &amp#27;[35m[WD Proxy]&amp#27;[39m Got response with status 200: "{\"sessionId\":\"None\",\"status\":0,\"value\":\"Status Invoked\"}"
[debug] &amp#27;[35m[WD Proxy]&amp#27;[39m Determined that the downstream protocol for proxy is MJSONWP
[debug] &amp#27;[35m[UiAutomator2]&amp#27;[39m The initialization of the instrumentation process took 4187ms
[debug] &amp#27;[35m[WD Proxy]&amp#27;[39m Matched '/session' to command name 'createSession'
[debug] &amp#27;[35m[WD Proxy]&amp#27;[39m Proxying [POST /session] to [POST http://localhost:8209/wd/hub/session] with body: {"desiredCapabilities":{"platform":"LINUX","webStorageEnabled":false,"takesScreenshot":true,"javascriptEnabled":true,"databaseEnabled":false,"networkConnectionEnabled":true,"locationContextEnabled":false,"warnings":{},"desired":{"platformName":"android","appActivity":"com.onoapps.cellcomtv.activities.SplashActivity","appPackage":"com.cellcom.cellcom_tv.stb","automationName":"uiautomator2","deviceName":"GZ18120115200028","newCommandTimeout":60,"noReset":true,"udid":"GZ18120115200028"},"platformName":"android","appActivity":"com.onoapps.cellcomtv.activities.SplashActivity","appPackage":"com.cellcom.cellcom_tv.stb","automationName":"uiautomator2","deviceName":"GZ18120115200028","newCommandTimeout":60,"noReset":true,"udid":"GZ18120115200028","deviceUDID":"GZ18120115200028"}}
[debug] &amp#27;[35m[WD Proxy]&amp#27;[39m Got response with status 200: {"sessionId":"921a8b06-4146-4496-a809-0e08a9637d86","status":0,"value":"Created Session"}
[debug] &amp#27;[35m[WD Proxy]&amp#27;[39m Proxying [GET /appium/device/info] to [GET http://localhost:8209/wd/hub/session/921a8b06-4146-4496-a809-0e08a9637d86/appium/device/info] with no body
[debug] &amp#27;[35m[WD Proxy]&amp#27;[39m Got response with status 200: "{\"sessionId\":\"921a8b06-4146-4496-a809-0e08a9637d86\",\"status\":0,\"value\":{\"androidId\":\"ec7e524fb8586e8f\",\"manufacturer\":\"SEI Robotics\",\"model\":\"SEI-S905X2\",\"brand\":\"Cellcomtv\",\"apiVersion\":\"28\",\"platformVersion\":\"9\",\"carrierName\":\"\",\"realDisplaySize\":\"1920x1080\",\"displayDensity\":320,\"networks\":[{\"type\":1,\"typeName\":\"WIFI\",\"subtype\":0,\"subtypeName\":\"\",\"isConnected\":true,\"detailedState\":\"CONNECTED\",\"state\":\"CONNECTED\",\"extraInfo\":null,\"isAvailable\":true,\"isFailover\":false,\"isRoaming\":false,\"capabilities\":{\"transportTypes\":\"NET_CAPABILITY_SUPL\",\"networkCapabilities\":\"\",\"linkUpstreamBandwidthKbps\":1048576,\"linkDownBandwidthKbps\":1048576,\"signalStrength\":-58,\"networkSpecifier\":null,\"SSID\":null}}]}}"
[debug] &amp#27;[35m[ADB]&amp#27;[39m Running 'C:\Users\Leonidus\AppData\Local\Android\Sdk\platform-tools\adb.exe -P 5037 -s GZ18120115200028 shell dumpsys window'
&amp#27;[35m[AndroidDriver]&amp#27;[39m Screen already unlocked, doing nothing
&amp#27;[35m[UiAutomator2]&amp#27;[39m UiAutomator2 did not start the activity we were waiting for, 'com.cellcom.cellcom_tv.stb/com.onoapps.cellcomtv.activities.SplashActivity'. Starting it ourselves
[debug] &amp#27;[35m[ADB]&amp#27;[39m Running 'C:\Users\Leonidus\AppData\Local\Android\Sdk\platform-tools\adb.exe -P 5037 -s GZ18120115200028 shell am start -W -n com.cellcom.cellcom_tv.stb/com.onoapps.cellcomtv.activities.SplashActivity -S -a android.intent.action.MAIN -c android.intent.category.LAUNCHER -f 0x10200000'
[debug] &amp#27;[35m[WD Proxy]&amp#27;[39m Proxying [GET /appium/device/pixel_ratio] to [GET http://localhost:8209/wd/hub/session/921a8b06-4146-4496-a809-0e08a9637d86/appium/device/pixel_ratio] with body: {}
[debug] &amp#27;[35m[WD Proxy]&amp#27;[39m Got response with status 200: "{\"sessionId\":\"921a8b06-4146-4496-a809-0e08a9637d86\",\"status\":0,\"value\":2}"
[debug] &amp#27;[35m[WD Proxy]&amp#27;[39m Matched '/appium/device/system_bars' to command name 'getSystemBars'
[debug] &amp#27;[35m[WD Proxy]&amp#27;[39m Proxying [GET /appium/device/system_bars] to [GET http://localhost:8209/wd/hub/session/921a8b06-4146-4496-a809-0e08a9637d86/appium/device/system_bars] with body: {}
[debug] &amp#27;[35m[WD Proxy]&amp#27;[39m Got response with status 200: "{\"sessionId\":\"921a8b06-4146-4496-a809-0e08a9637d86\",\"status\":0,\"value\":{\"statusBar\":0}}"
[debug] &amp#27;[35m[WD Proxy]&amp#27;[39m Matched '/window/current/size' to command name 'getWindowSize'
[debug] &amp#27;[35m[WD Proxy]&amp#27;[39m Proxying [GET /window/current/size] to [GET http://localhost:8209/wd/hub/session/921a8b06-4146-4496-a809-0e08a9637d86/window/current/size] with body: {}
[debug] &amp#27;[35m[WD Proxy]&amp#27;[39m Got response with status 200: "{\"sessionId\":\"921a8b06-4146-4496-a809-0e08a9637d86\",\"status\":0,\"value\":{\"height\":1080,\"width\":1920}}"
&amp#27;[35m[Appium]&amp#27;[39m New AndroidUiautomator2Driver session created successfully, session 6753ef3d-0727-4e8a-b8c4-ab98740d4887 added to master session list
[debug] &amp#27;[35m[BaseDriver]&amp#27;[39m Event 'newSessionStarted' logged at 1571058498978 (16:08:18 GMT+0300 (GMT+03:00))
[debug] &amp#27;[35m[W3C (6753ef3d)]&amp#27;[39m Cached the protocol value 'W3C' for the new session 6753ef3d-0727-4e8a-b8c4-ab98740d4887
[debug] &amp#27;[35m[W3C (6753ef3d)]&amp#27;[39m Responding to client with driver.createSession() result: {"capabilities":{"platform":"LINUX","webStorageEnabled":false,"takesScreenshot":true,"javascriptEnabled":true,"databaseEnabled":false,"networkConnectionEnabled":true,"locationContextEnabled":false,"warnings":{},"desired":{"platformName":"android","appActivity":"com.onoapps.cellcomtv.activities.SplashActivity","appPackage":"com.cellcom.cellcom_tv.stb","automationName":"uiautomator2","deviceName":"GZ18120115200028","newCommandTimeout":60,"noReset":true,"udid":"GZ18120115200028"},"platformName":"android","appActivity":"com.onoapps.cellcomtv.activities.SplashActivity","appPackage":"com.cellcom.cellcom_tv.stb","automationName":"uiautomator2","deviceName":"GZ18120115200028","newCommandTimeout":60,"noReset":true,"udid":"GZ18120115200028","deviceUDID":"GZ18120115200028","deviceApiLevel":28,"platformVersion":"9","deviceScreenSize":"1920x1080","deviceScreenDensity":320,"deviceModel":"SEI-S905X2","deviceManufacturer":"SEI Robotics","pixelRatio":2,"statBarHeight":0,"viewportRect":{"left":0,"top":0,"width":1920,"height...
&amp#27;[35m[HTTP]&amp#27;[39m &amp#27;[37m<-- POST /wd/hub/session &amp#27;[39m&amp#27;[32m200&amp#27;[39m &amp#27;[90m13591 ms - 1091&amp#27;[39m
&amp#27;[35m[HTTP]&amp#27;[39m &amp#27;[90m&amp#27;[39m
&amp#27;[35m[HTTP]&amp#27;[39m &amp#27;[37m-->&amp#27;[39m &amp#27;[37mGET&amp#27;[39m &amp#27;[37m/wd/hub/session/6753ef3d-0727-4e8a-b8c4-ab98740d4887&amp#27;[39m
&amp#27;[35m[HTTP]&amp#27;[39m &amp#27;[90m{}&amp#27;[39m
[debug] &amp#27;[35m[W3C (6753ef3d)]&amp#27;[39m Calling AppiumDriver.getSession() with args: ["6753ef3d-0727-4e8a-b8c4-ab98740d4887"]
[debug] &amp#27;[35m[UiAutomator2]&amp#27;[39m Getting session details from server to mix in
[debug] &amp#27;[35m[WD Proxy]&amp#27;[39m Matched '/' to command name 'getSession'
[debug] &amp#27;[35m[WD Proxy]&amp#27;[39m Proxying [GET /] to [GET http://localhost:8209/wd/hub/session/921a8b06-4146-4496-a809-0e08a9637d86] with body: {}
[debug] &amp#27;[35m[WD Proxy]&amp#27;[39m Got response with status 200: "{\"sessionId\":\"921a8b06-4146-4496-a809-0e08a9637d86\",\"status\":0,\"value\":{}}"
[debug] &amp#27;[35m[W3C (6753ef3d)]&amp#27;[39m Responding to client with driver.getSession() result: {"platform":"LINUX","webStorageEnabled":false,"takesScreenshot":true,"javascriptEnabled":true,"databaseEnabled":false,"networkConnectionEnabled":true,"locationContextEnabled":false,"warnings":{},"desired":{"platformName":"android","appActivity":"com.onoapps.cellcomtv.activities.SplashActivity","appPackage":"com.cellcom.cellcom_tv.stb","automationName":"uiautomator2","deviceName":"GZ18120115200028","newCommandTimeout":60,"noReset":true,"udid":"GZ18120115200028"},"platformName":"android","appActivity":"com.onoapps.cellcomtv.activities.SplashActivity","appPackage":"com.cellcom.cellcom_tv.stb","automationName":"uiautomator2","deviceName":"GZ18120115200028","newCommandTimeout":60,"noReset":true,"udid":"GZ18120115200028","deviceUDID":"GZ18120115200028","deviceApiLevel":28,"platformVersion":"9","deviceScreenSize":"1920x1080","deviceScreenDensity":320,"deviceModel":"SEI-S905X2","deviceManufacturer":"SEI Robotics","pixelRatio":2,"statBarHeight":0,"viewportRect":{"left":0,"top":0,"width":1920,"height":1080}}
&amp#27;[35m[HTTP]&amp#27;[39m &amp#27;[37m<-- GET /wd/hub/session/6753ef3d-0727-4e8a-b8c4-ab98740d4887 &amp#27;[39m&amp#27;[32m200&amp#27;[39m &amp#27;[90m108 ms - 1023&amp#27;[39m
&amp#27;[35m[HTTP]&amp#27;[39m &amp#27;[90m&amp#27;[39m
&amp#27;[35m[HTTP]&amp#27;[39m &amp#27;[37m-->&amp#27;[39m &amp#27;[37mGET&amp#27;[39m &amp#27;[37m/wd/hub/session/6753ef3d-0727-4e8a-b8c4-ab98740d4887&amp#27;[39m
&amp#27;[35m[HTTP]&amp#27;[39m &amp#27;[90m{}&amp#27;[39m
[debug] &amp#27;[35m[W3C (6753ef3d)]&amp#27;[39m Calling AppiumDriver.getSession() with args: ["6753ef3d-0727-4e8a-b8c4-ab98740d4887"]
[debug] &amp#27;[35m[UiAutomator2]&amp#27;[39m Getting session details from server to mix in
[debug] &amp#27;[35m[WD Proxy]&amp#27;[39m Matched '/' to command name 'getSession'
[debug] &amp#27;[35m[WD Proxy]&amp#27;[39m Proxying [GET /] to [GET http://localhost:8209/wd/hub/session/921a8b06-4146-4496-a809-0e08a9637d86] with body: {}
[debug] &amp#27;[35m[WD Proxy]&amp#27;[39m Got response with status 200: "{\"sessionId\":\"921a8b06-4146-4496-a809-0e08a9637d86\",\"status\":0,\"value\":{}}"
[debug] &amp#27;[35m[W3C (6753ef3d)]&amp#27;[39m Responding to client with driver.getSession() result: {"platform":"LINUX","webStorageEnabled":false,"takesScreenshot":true,"javascriptEnabled":true,"databaseEnabled":false,"networkConnectionEnabled":true,"locationContextEnabled":false,"warnings":{},"desired":{"platformName":"android","appActivity":"com.onoapps.cellcomtv.activities.SplashActivity","appPackage":"com.cellcom.cellcom_tv.stb","automationName":"uiautomator2","deviceName":"GZ18120115200028","newCommandTimeout":60,"noReset":true,"udid":"GZ18120115200028"},"platformName":"android","appActivity":"com.onoapps.cellcomtv.activities.SplashActivity","appPackage":"com.cellcom.cellcom_tv.stb","automationName":"uiautomator2","deviceName":"GZ18120115200028","newCommandTimeout":60,"noReset":true,"udid":"GZ18120115200028","deviceUDID":"GZ18120115200028","deviceApiLevel":28,"platformVersion":"9","deviceScreenSize":"1920x1080","deviceScreenDensity":320,"deviceModel":"SEI-S905X2","deviceManufacturer":"SEI Robotics","pixelRatio":2,"statBarHeight":0,"viewportRect":{"left":0,"top":0,"width":1920,"height":1080}}
&amp#27;[35m[HTTP]&amp#27;[39m &amp#27;[37m<-- GET /wd/hub/session/6753ef3d-0727-4e8a-b8c4-ab98740d4887 &amp#27;[39m&amp#27;[32m200&amp#27;[39m &amp#27;[90m45 ms - 1023&amp#27;[39m
&amp#27;[35m[HTTP]&amp#27;[39m &amp#27;[90m&amp#27;[39m
&amp#27;[35m[HTTP]&amp#27;[39m &amp#27;[37m-->&amp#27;[39m &amp#27;[37mPOST&amp#27;[39m &amp#27;[37m/wd/hub/session/6753ef3d-0727-4e8a-b8c4-ab98740d4887/timeouts&amp#27;[39m
&amp#27;[35m[HTTP]&amp#27;[39m &amp#27;[90m{"implicit":10000}&amp#27;[39m
[debug] &amp#27;[35m[W3C (6753ef3d)]&amp#27;[39m Calling AppiumDriver.timeouts() with args: [null,null,null,null,10000,"6753ef3d-0727-4e8a-b8c4-ab98740d4887"]
[debug] &amp#27;[35m[BaseDriver]&amp#27;[39m W3C timeout argument: {"implicit":10000}}
[debug] &amp#27;[35m[BaseDriver]&amp#27;[39m Set implicit wait to 10000ms
[debug] &amp#27;[35m[W3C (6753ef3d)]&amp#27;[39m Responding to client with driver.timeouts() result: null
&amp#27;[35m[HTTP]&amp#27;[39m &amp#27;[37m<-- POST /wd/hub/session/6753ef3d-0727-4e8a-b8c4-ab98740d4887/timeouts &amp#27;[39m&amp#27;[32m200&amp#27;[39m &amp#27;[90m9 ms - 14&amp#27;[39m
&amp#27;[35m[HTTP]&amp#27;[39m &amp#27;[90m&amp#27;[39m
&amp#27;[35m[HTTP]&amp#27;[39m &amp#27;[37m-->&amp#27;[39m &amp#27;[37mPOST&amp#27;[39m &amp#27;[37m/wd/hub/session/6753ef3d-0727-4e8a-b8c4-ab98740d4887/appium/device/press_keycode&amp#27;[39m
&amp#27;[35m[HTTP]&amp#27;[39m &amp#27;[90m{"keycode":20}&amp#27;[39m
[debug] &amp#27;[35m[W3C (6753ef3d)]&amp#27;[39m Calling AppiumDriver.pressKeyCode() with args: [20,null,null,null,null,"6753ef3d-0727-4e8a-b8c4-ab98740d4887"]
[debug] &amp#27;[35m[WD Proxy]&amp#27;[39m Matched '/appium/device/press_keycode' to command name 'pressKeyCode'
[debug] &amp#27;[35m[WD Proxy]&amp#27;[39m Proxying [POST /appium/device/press_keycode] to [POST http://localhost:8209/wd/hub/session/921a8b06-4146-4496-a809-0e08a9637d86/appium/device/press_keycode] with body: {"keycode":20,"metastate":null,"flags":null}
[debug] &amp#27;[35m[WD Proxy]&amp#27;[39m Got response with status 200: {"sessionId":"921a8b06-4146-4496-a809-0e08a9637d86","status":0,"value":true}
[debug] &amp#27;[35m[W3C (6753ef3d)]&amp#27;[39m Responding to client with driver.pressKeyCode() result: true
&amp#27;[35m[HTTP]&amp#27;[39m &amp#27;[37m<-- POST /wd/hub/session/6753ef3d-0727-4e8a-b8c4-ab98740d4887/appium/device/press_keycode &amp#27;[39m&amp#27;[32m200&amp#27;[39m &amp#27;[90m114 ms - 14&amp#27;[39m
&amp#27;[35m[HTTP]&amp#27;[39m &amp#27;[90m&amp#27;[39m
&amp#27;[35m[HTTP]&amp#27;[39m &amp#27;[37m-->&amp#27;[39m &amp#27;[37mPOST&amp#27;[39m &amp#27;[37m/wd/hub/session/6753ef3d-0727-4e8a-b8c4-ab98740d4887/appium/device/press_keycode&amp#27;[39m
&amp#27;[35m[HTTP]&amp#27;[39m &amp#27;[90m{"keycode":21}&amp#27;[39m
[debug] &amp#27;[35m[W3C (6753ef3d)]&amp#27;[39m Calling AppiumDriver.pressKeyCode() with args: [21,null,null,null,null,"6753ef3d-0727-4e8a-b8c4-ab98740d4887"]
[debug] &amp#27;[35m[WD Proxy]&amp#27;[39m Matched '/appium/device/press_keycode' to command name 'pressKeyCode'
[debug] &amp#27;[35m[WD Proxy]&amp#27;[39m Proxying [POST /appium/device/press_keycode] to [POST http://localhost:8209/wd/hub/session/921a8b06-4146-4496-a809-0e08a9637d86/appium/device/press_keycode] with body: {"keycode":21,"metastate":null,"flags":null}
[debug] &amp#27;[35m[WD Proxy]&amp#27;[39m Got response with status 200: {"sessionId":"921a8b06-4146-4496-a809-0e08a9637d86","status":0,"value":true}
[debug] &amp#27;[35m[W3C (6753ef3d)]&amp#27;[39m Responding to client with driver.pressKeyCode() result: true
&amp#27;[35m[HTTP]&amp#27;[39m &amp#27;[37m<-- POST /wd/hub/session/6753ef3d-0727-4e8a-b8c4-ab98740d4887/appium/device/press_keycode &amp#27;[39m&amp#27;[32m200&amp#27;[39m &amp#27;[90m826 ms - 14&amp#27;[39m
&amp#27;[35m[HTTP]&amp#27;[39m &amp#27;[90m&amp#27;[39m
&amp#27;[35m[HTTP]&amp#27;[39m &amp#27;[37m-->&amp#27;[39m &amp#27;[37mPOST&amp#27;[39m &amp#27;[37m/wd/hub/session/6753ef3d-0727-4e8a-b8c4-ab98740d4887/appium/device/press_keycode&amp#27;[39m
&amp#27;[35m[HTTP]&amp#27;[39m &amp#27;[90m{"keycode":21}&amp#27;[39m
[debug] &amp#27;[35m[W3C (6753ef3d)]&amp#27;[39m Calling AppiumDriver.pressKeyCode() with args: [21,null,null,null,null,"6753ef3d-0727-4e8a-b8c4-ab98740d4887"]
[debug] &amp#27;[35m[WD Proxy]&amp#27;[39m Matched '/appium/device/press_keycode' to command name 'pressKeyCode'
[debug] &amp#27;[35m[WD Proxy]&amp#27;[39m Proxying [POST /appium/device/press_keycode] to [POST http://localhost:8209/wd/hub/session/921a8b06-4146-4496-a809-0e08a9637d86/appium/device/press_keycode] with body: {"keycode":21,"metastate":null,"flags":null}
[debug] &amp#27;[35m[WD Proxy]&amp#27;[39m Got response with status 200: {"sessionId":"921a8b06-4146-4496-a809-0e08a9637d86","status":0,"value":true}
[debug] &amp#27;[35m[W3C (6753ef3d)]&amp#27;[39m Responding to client with driver.pressKeyCode() result: true
&amp#27;[35m[HTTP]&amp#27;[39m &amp#27;[37m<-- POST /wd/hub/session/6753ef3d-0727-4e8a-b8c4-ab98740d4887/appium/device/press_keycode &amp#27;[39m&amp#27;[32m200&amp#27;[39m &amp#27;[90m359 ms - 14&amp#27;[39m
&amp#27;[35m[HTTP]&amp#27;[39m &amp#27;[90m&amp#27;[39m
&amp#27;[35m[HTTP]&amp#27;[39m &amp#27;[37m-->&amp#27;[39m &amp#27;[37mPOST&amp#27;[39m &amp#27;[37m/wd/hub/session/6753ef3d-0727-4e8a-b8c4-ab98740d4887/appium/device/press_keycode&amp#27;[39m
&amp#27;[35m[HTTP]&amp#27;[39m &amp#27;[90m{"keycode":21}&amp#27;[39m
[debug] &amp#27;[35m[W3C (6753ef3d)]&amp#27;[39m Calling AppiumDriver.pressKeyCode() with args: [21,null,null,null,null,"6753ef3d-0727-4e8a-b8c4-ab98740d4887"]
[debug] &amp#27;[35m[WD Proxy]&amp#27;[39m Matched '/appium/device/press_keycode' to command name 'pressKeyCode'
[debug] &amp#27;[35m[WD Proxy]&amp#27;[39m Proxying [POST /appium/device/press_keycode] to [POST http://localhost:8209/wd/hub/session/921a8b06-4146-4496-a809-0e08a9637d86/appium/device/press_keycode] with body: {"keycode":21,"metastate":null,"flags":null}
[debug] &amp#27;[35m[WD Proxy]&amp#27;[39m Got response with status 200: {"sessionId":"921a8b06-4146-4496-a809-0e08a9637d86","status":0,"value":true}
[debug] &amp#27;[35m[W3C (6753ef3d)]&amp#27;[39m Responding to client with driver.pressKeyCode() result: true
&amp#27;[35m[HTTP]&amp#27;[39m &amp#27;[37m<-- POST /wd/hub/session/6753ef3d-0727-4e8a-b8c4-ab98740d4887/appium/device/press_keycode &amp#27;[39m&amp#27;[32m200&amp#27;[39m &amp#27;[90m234 ms - 14&amp#27;[39m
&amp#27;[35m[HTTP]&amp#27;[39m &amp#27;[90m&amp#27;[39m
&amp#27;[35m[HTTP]&amp#27;[39m &amp#27;[37m-->&amp#27;[39m &amp#27;[37mPOST&amp#27;[39m &amp#27;[37m/wd/hub/session/6753ef3d-0727-4e8a-b8c4-ab98740d4887/appium/device/press_keycode&amp#27;[39m
&amp#27;[35m[HTTP]&amp#27;[39m &amp#27;[90m{"keycode":21}&amp#27;[39m
[debug] &amp#27;[35m[W3C (6753ef3d)]&amp#27;[39m Calling AppiumDriver.pressKeyCode() with args: [21,null,null,null,null,"6753ef3d-0727-4e8a-b8c4-ab98740d4887"]
[debug] &amp#27;[35m[WD Proxy]&amp#27;[39m Matched '/appium/device/press_keycode' to command name 'pressKeyCode'
[debug] &amp#27;[35m[WD Proxy]&amp#27;[39m Proxying [POST /appium/device/press_keycode] to [POST http://localhost:8209/wd/hub/session/921a8b06-4146-4496-a809-0e08a9637d86/appium/device/press_keycode] with body: {"keycode":21,"metastate":null,"flags":null}
[debug] &amp#27;[35m[WD Proxy]&amp#27;[39m Got response with status 200: {"sessionId":"921a8b06-4146-4496-a809-0e08a9637d86","status":0,"value":true}
[debug] &amp#27;[35m[W3C (6753ef3d)]&amp#27;[39m Responding to client with driver.pressKeyCode() result: true
&amp#27;[35m[HTTP]&amp#27;[39m &amp#27;[37m<-- POST /wd/hub/session/6753ef3d-0727-4e8a-b8c4-ab98740d4887/appium/device/press_keycode &amp#27;[39m&amp#27;[32m200&amp#27;[39m &amp#27;[90m346 ms - 14&amp#27;[39m
&amp#27;[35m[HTTP]&amp#27;[39m &amp#27;[90m&amp#27;[39m
&amp#27;[35m[HTTP]&amp#27;[39m &amp#27;[37m-->&amp#27;[39m &amp#27;[37mPOST&amp#27;[39m &amp#27;[37m/wd/hub/session/6753ef3d-0727-4e8a-b8c4-ab98740d4887/appium/device/press_keycode&amp#27;[39m
&amp#27;[35m[HTTP]&amp#27;[39m &amp#27;[90m{"keycode":23}&amp#27;[39m
[debug] &amp#27;[35m[W3C (6753ef3d)]&amp#27;[39m Calling AppiumDriver.pressKeyCode() with args: [23,null,null,null,null,"6753ef3d-0727-4e8a-b8c4-ab98740d4887"]
[debug] &amp#27;[35m[WD Proxy]&amp#27;[39m Matched '/appium/device/press_keycode' to command name 'pressKeyCode'
[debug] &amp#27;[35m[WD Proxy]&amp#27;[39m Proxying [POST /appium/device/press_keycode] to [POST http://localhost:8209/wd/hub/session/921a8b06-4146-4496-a809-0e08a9637d86/appium/device/press_keycode] with body: {"keycode":23,"metastate":null,"flags":null}
[debug] &amp#27;[35m[WD Proxy]&amp#27;[39m Got response with status 200: {"sessionId":"921a8b06-4146-4496-a809-0e08a9637d86","status":0,"value":true}
[debug] &amp#27;[35m[W3C (6753ef3d)]&amp#27;[39m Responding to client with driver.pressKeyCode() result: true
&amp#27;[35m[HTTP]&amp#27;[39m &amp#27;[37m<-- POST /wd/hub/session/6753ef3d-0727-4e8a-b8c4-ab98740d4887/appium/device/press_keycode &amp#27;[39m&amp#27;[32m200&amp#27;[39m &amp#27;[90m329 ms - 14&amp#27;[39m
&amp#27;[35m[HTTP]&amp#27;[39m &amp#27;[90m&amp#27;[39m
&amp#27;[35m[HTTP]&amp#27;[39m &amp#27;[37m-->&amp#27;[39m &amp#27;[37mPOST&amp#27;[39m &amp#27;[37m/wd/hub/session/6753ef3d-0727-4e8a-b8c4-ab98740d4887/element&amp#27;[39m
&amp#27;[35m[HTTP]&amp#27;[39m &amp#27;[90m{"using":"id","value":"com.android.vending:id/title_badge"}&amp#27;[39m
[debug] &amp#27;[35m[W3C (6753ef3d)]&amp#27;[39m Calling AppiumDriver.findElement() with args: ["id","com.android.vending:id/title_badge","6753ef3d-0727-4e8a-b8c4-ab98740d4887"]
[debug] &amp#27;[35m[BaseDriver]&amp#27;[39m Valid locator strategies for this request: xpath, id, class name, accessibility id, -android uiautomator
[debug] &amp#27;[35m[BaseDriver]&amp#27;[39m Waiting up to 10000 ms for condition
[debug] &amp#27;[35m[WD Proxy]&amp#27;[39m Matched '/element' to command name 'findElement'
[debug] &amp#27;[35m[WD Proxy]&amp#27;[39m Proxying [POST /element] to [POST http://localhost:8209/wd/hub/session/921a8b06-4146-4496-a809-0e08a9637d86/element] with body: {"strategy":"id","selector":"com.android.vending:id/title_badge","context":"","multiple":false}
[debug] &amp#27;[35m[WD Proxy]&amp#27;[39m Got response with status 200: {"sessionId":"921a8b06-4146-4496-a809-0e08a9637d86","status":0,"value":{"ELEMENT":"b9f9e25f-4e75-47d8-94ed-79b41db81c30"}}
[debug] &amp#27;[35m[W3C (6753ef3d)]&amp#27;[39m Responding to client with driver.findElement() result: {"element-6066-11e4-a52e-4f735466cecf":"b9f9e25f-4e75-47d8-94ed-79b41db81c30","ELEMENT":"b9f9e25f-4e75-47d8-94ed-79b41db81c30"}
&amp#27;[35m[HTTP]&amp#27;[39m &amp#27;[37m<-- POST /wd/hub/session/6753ef3d-0727-4e8a-b8c4-ab98740d4887/element &amp#27;[39m&amp#27;[32m200&amp#27;[39m &amp#27;[90m214 ms - 137&amp#27;[39m
&amp#27;[35m[HTTP]&amp#27;[39m &amp#27;[90m&amp#27;[39m
&amp#27;[35m[HTTP]&amp#27;[39m &amp#27;[37m-->&amp#27;[39m &amp#27;[37mGET&amp#27;[39m &amp#27;[37m/wd/hub/session/6753ef3d-0727-4e8a-b8c4-ab98740d4887/element/b9f9e25f-4e75-47d8-94ed-79b41db81c30/displayed&amp#27;[39m
&amp#27;[35m[HTTP]&amp#27;[39m &amp#27;[90m{}&amp#27;[39m
[debug] &amp#27;[35m[W3C (6753ef3d)]&amp#27;[39m Calling AppiumDriver.elementDisplayed() with args: ["b9f9e25f-4e75-47d8-94ed-79b41db81c30","6753ef3d-0727-4e8a-b8c4-ab98740d4887"]
[debug] &amp#27;[35m[WD Proxy]&amp#27;[39m Matched '/element/b9f9e25f-4e75-47d8-94ed-79b41db81c30/attribute/displayed' to command name 'getAttribute'
[debug] &amp#27;[35m[WD Proxy]&amp#27;[39m Proxying [GET /element/b9f9e25f-4e75-47d8-94ed-79b41db81c30/attribute/displayed] to [GET http://localhost:8209/wd/hub/session/921a8b06-4146-4496-a809-0e08a9637d86/element/b9f9e25f-4e75-47d8-94ed-79b41db81c30/attribute/displayed] with body: {}
[debug] &amp#27;[35m[WD Proxy]&amp#27;[39m Got response with status 200: "{\"sessionId\":\"921a8b06-4146-4496-a809-0e08a9637d86\",\"status\":0,\"value\":\"true\"}"
[debug] &amp#27;[35m[W3C (6753ef3d)]&amp#27;[39m Responding to client with driver.elementDisplayed() result: true
&amp#27;[35m[HTTP]&amp#27;[39m &amp#27;[37m<-- GET /wd/hub/session/6753ef3d-0727-4e8a-b8c4-ab98740d4887/element/b9f9e25f-4e75-47d8-94ed-79b41db81c30/displayed &amp#27;[39m&amp#27;[32m200&amp#27;[39m &amp#27;[90m48 ms - 14&amp#27;[39m
&amp#27;[35m[HTTP]&amp#27;[39m &amp#27;[90m&amp#27;[39m
&amp#27;[35m[HTTP]&amp#27;[39m &amp#27;[37m-->&amp#27;[39m &amp#27;[37mPOST&amp#27;[39m &amp#27;[37m/wd/hub/session/6753ef3d-0727-4e8a-b8c4-ab98740d4887/element&amp#27;[39m
&amp#27;[35m[HTTP]&amp#27;[39m &amp#27;[90m{"using":"xpath","value":"//android.support.v7.widget.RecyclerView[@content-desc=\"Navigation menu\"]/android.widget.FrameLayout[1]/android.widget.TextView"}&amp#27;[39m
[debug] &amp#27;[35m[W3C (6753ef3d)]&amp#27;[39m Calling AppiumDriver.findElement() with args: ["xpath","//android.support.v7.widget.RecyclerView[@content-desc=\"Navigation menu\"]/android.widget.FrameLayout[1]/android.widget.TextView","6753ef3d-0727-4e8a-b8c4-ab98740d4887"]
[debug] &amp#27;[35m[BaseDriver]&amp#27;[39m Valid locator strategies for this request: xpath, id, class name, accessibility id, -android uiautomator
[debug] &amp#27;[35m[BaseDriver]&amp#27;[39m Waiting up to 10000 ms for condition
[debug] &amp#27;[35m[WD Proxy]&amp#27;[39m Matched '/element' to command name 'findElement'
[debug] &amp#27;[35m[WD Proxy]&amp#27;[39m Proxying [POST /element] to [POST http://localhost:8209/wd/hub/session/921a8b06-4146-4496-a809-0e08a9637d86/element] with body: {"strategy":"xpath","selector":"//android.support.v7.widget.RecyclerView[@content-desc=\"Navigation menu\"]/android.widget.FrameLayout[1]/android.widget.TextView","context":"","multiple":false}
[debug] &amp#27;[35m[WD Proxy]&amp#27;[39m Got response with status 200: {"sessionId":"921a8b06-4146-4496-a809-0e08a9637d86","status":0,"value":{"ELEMENT":"4f8343c6-acd1-400b-85e6-0c2c622974b0"}}
[debug] &amp#27;[35m[W3C (6753ef3d)]&amp#27;[39m Responding to client with driver.findElement() result: {"element-6066-11e4-a52e-4f735466cecf":"4f8343c6-acd1-400b-85e6-0c2c622974b0","ELEMENT":"4f8343c6-acd1-400b-85e6-0c2c622974b0"}
&amp#27;[35m[HTTP]&amp#27;[39m &amp#27;[37m<-- POST /wd/hub/session/6753ef3d-0727-4e8a-b8c4-ab98740d4887/element &amp#27;[39m&amp#27;[32m200&amp#27;[39m &amp#27;[90m1585 ms - 137&amp#27;[39m
&amp#27;[35m[HTTP]&amp#27;[39m &amp#27;[90m&amp#27;[39m
&amp#27;[35m[HTTP]&amp#27;[39m &amp#27;[37m-->&amp#27;[39m &amp#27;[37mGET&amp#27;[39m &amp#27;[37m/wd/hub/session/6753ef3d-0727-4e8a-b8c4-ab98740d4887/element/4f8343c6-acd1-400b-85e6-0c2c622974b0/displayed&amp#27;[39m
&amp#27;[35m[HTTP]&amp#27;[39m &amp#27;[90m{}&amp#27;[39m
[debug] &amp#27;[35m[W3C (6753ef3d)]&amp#27;[39m Calling AppiumDriver.elementDisplayed() with args: ["4f8343c6-acd1-400b-85e6-0c2c622974b0","6753ef3d-0727-4e8a-b8c4-ab98740d4887"]
[debug] &amp#27;[35m[WD Proxy]&amp#27;[39m Matched '/element/4f8343c6-acd1-400b-85e6-0c2c622974b0/attribute/displayed' to command name 'getAttribute'
[debug] &amp#27;[35m[WD Proxy]&amp#27;[39m Proxying [GET /element/4f8343c6-acd1-400b-85e6-0c2c622974b0/attribute/displayed] to [GET http://localhost:8209/wd/hub/session/921a8b06-4146-4496-a809-0e08a9637d86/element/4f8343c6-acd1-400b-85e6-0c2c622974b0/attribute/displayed] with body: {}
[debug] &amp#27;[35m[WD Proxy]&amp#27;[39m Got response with status 200: "{\"sessionId\":\"921a8b06-4146-4496-a809-0e08a9637d86\",\"status\":0,\"value\":\"true\"}"
[debug] &amp#27;[35m[W3C (6753ef3d)]&amp#27;[39m Responding to client with driver.elementDisplayed() result: true
&amp#27;[35m[HTTP]&amp#27;[39m &amp#27;[37m<-- GET /wd/hub/session/6753ef3d-0727-4e8a-b8c4-ab98740d4887/element/4f8343c6-acd1-400b-85e6-0c2c622974b0/displayed &amp#27;[39m&amp#27;[32m200&amp#27;[39m &amp#27;[90m40 ms - 14&amp#27;[39m
&amp#27;[35m[HTTP]&amp#27;[39m &amp#27;[90m&amp#27;[39m
&amp#27;[35m[HTTP]&amp#27;[39m &amp#27;[37m-->&amp#27;[39m &amp#27;[37mPOST&amp#27;[39m &amp#27;[37m/wd/hub/session/6753ef3d-0727-4e8a-b8c4-ab98740d4887/element&amp#27;[39m
&amp#27;[35m[HTTP]&amp#27;[39m &amp#27;[90m{"using":"xpath","value":"//android.support.v7.widget.RecyclerView[@content-desc=\"Navigation menu\"]/android.widget.FrameLayout[2]/android.widget.TextView"}&amp#27;[39m
[debug] &amp#27;[35m[W3C (6753ef3d)]&amp#27;[39m Calling AppiumDriver.findElement() with args: ["xpath","//android.support.v7.widget.RecyclerView[@content-desc=\"Navigation menu\"]/android.widget.FrameLayout[2]/android.widget.TextView","6753ef3d-0727-4e8a-b8c4-ab98740d4887"]
[debug] &amp#27;[35m[BaseDriver]&amp#27;[39m Valid locator strategies for this request: xpath, id, class name, accessibility id, -android uiautomator
[debug] &amp#27;[35m[BaseDriver]&amp#27;[39m Waiting up to 10000 ms for condition
[debug] &amp#27;[35m[WD Proxy]&amp#27;[39m Matched '/element' to command name 'findElement'
[debug] &amp#27;[35m[WD Proxy]&amp#27;[39m Proxying [POST /element] to [POST http://localhost:8209/wd/hub/session/921a8b06-4146-4496-a809-0e08a9637d86/element] with body: {"strategy":"xpath","selector":"//android.support.v7.widget.RecyclerView[@content-desc=\"Navigation menu\"]/android.widget.FrameLayout[2]/android.widget.TextView","context":"","multiple":false}
[debug] &amp#27;[35m[WD Proxy]&amp#27;[39m Got response with status 200: {"sessionId":"921a8b06-4146-4496-a809-0e08a9637d86","status":0,"value":{"ELEMENT":"733087de-ece2-4646-8b09-de92afea9bb9"}}
[debug] &amp#27;[35m[W3C (6753ef3d)]&amp#27;[39m Responding to client with driver.findElement() result: {"element-6066-11e4-a52e-4f735466cecf":"733087de-ece2-4646-8b09-de92afea9bb9","ELEMENT":"733087de-ece2-4646-8b09-de92afea9bb9"}
&amp#27;[35m[HTTP]&amp#27;[39m &amp#27;[37m<-- POST /wd/hub/session/6753ef3d-0727-4e8a-b8c4-ab98740d4887/element &amp#27;[39m&amp#27;[32m200&amp#27;[39m &amp#27;[90m1043 ms - 137&amp#27;[39m
&amp#27;[35m[HTTP]&amp#27;[39m &amp#27;[90m&amp#27;[39m
&amp#27;[35m[HTTP]&amp#27;[39m &amp#27;[37m-->&amp#27;[39m &amp#27;[37mGET&amp#27;[39m &amp#27;[37m/wd/hub/session/6753ef3d-0727-4e8a-b8c4-ab98740d4887/element/733087de-ece2-4646-8b09-de92afea9bb9/displayed&amp#27;[39m
&amp#27;[35m[HTTP]&amp#27;[39m &amp#27;[90m{}&amp#27;[39m
[debug] &amp#27;[35m[W3C (6753ef3d)]&amp#27;[39m Calling AppiumDriver.elementDisplayed() with args: ["733087de-ece2-4646-8b09-de92afea9bb9","6753ef3d-0727-4e8a-b8c4-ab98740d4887"]
[debug] &amp#27;[35m[WD Proxy]&amp#27;[39m Matched '/element/733087de-ece2-4646-8b09-de92afea9bb9/attribute/displayed' to command name 'getAttribute'
[debug] &amp#27;[35m[WD Proxy]&amp#27;[39m Proxying [GET /element/733087de-ece2-4646-8b09-de92afea9bb9/attribute/displayed] to [GET http://localhost:8209/wd/hub/session/921a8b06-4146-4496-a809-0e08a9637d86/element/733087de-ece2-4646-8b09-de92afea9bb9/attribute/displayed] with body: {}
[debug] &amp#27;[35m[WD Proxy]&amp#27;[39m Got response with status 200: "{\"sessionId\":\"921a8b06-4146-4496-a809-0e08a9637d86\",\"status\":0,\"value\":\"true\"}"
[debug] &amp#27;[35m[W3C (6753ef3d)]&amp#27;[39m Responding to client with driver.elementDisplayed() result: true
&amp#27;[35m[HTTP]&amp#27;[39m &amp#27;[37m<-- GET /wd/hub/session/6753ef3d-0727-4e8a-b8c4-ab98740d4887/element/733087de-ece2-4646-8b09-de92afea9bb9/displayed &amp#27;[39m&amp#27;[32m200&amp#27;[39m &amp#27;[90m36 ms - 14&amp#27;[39m
&amp#27;[35m[HTTP]&amp#27;[39m &amp#27;[90m&amp#27;[39m
&amp#27;[35m[HTTP]&amp#27;[39m &amp#27;[37m-->&amp#27;[39m &amp#27;[37mPOST&amp#27;[39m &amp#27;[37m/wd/hub/session/6753ef3d-0727-4e8a-b8c4-ab98740d4887/element&amp#27;[39m
&amp#27;[35m[HTTP]&amp#27;[39m &amp#27;[90m{"using":"xpath","value":"//android.support.v7.widget.RecyclerView[@content-desc=\"Navigation menu\"]/android.widget.FrameLayout[3]/android.widget.TextView"}&amp#27;[39m
[debug] &amp#27;[35m[W3C (6753ef3d)]&amp#27;[39m Calling AppiumDriver.findElement() with args: ["xpath","//android.support.v7.widget.RecyclerView[@content-desc=\"Navigation menu\"]/android.widget.FrameLayout[3]/android.widget.TextView","6753ef3d-0727-4e8a-b8c4-ab98740d4887"]
[debug] &amp#27;[35m[BaseDriver]&amp#27;[39m Valid locator strategies for this request: xpath, id, class name, accessibility id, -android uiautomator
[debug] &amp#27;[35m[BaseDriver]&amp#27;[39m Waiting up to 10000 ms for condition
[debug] &amp#27;[35m[WD Proxy]&amp#27;[39m Matched '/element' to command name 'findElement'
[debug] &amp#27;[35m[WD Proxy]&amp#27;[39m Proxying [POST /element] to [POST http://localhost:8209/wd/hub/session/921a8b06-4146-4496-a809-0e08a9637d86/element] with body: {"strategy":"xpath","selector":"//android.support.v7.widget.RecyclerView[@content-desc=\"Navigation menu\"]/android.widget.FrameLayout[3]/android.widget.TextView","context":"","multiple":false}
[debug] &amp#27;[35m[WD Proxy]&amp#27;[39m Got response with status 200: {"sessionId":"921a8b06-4146-4496-a809-0e08a9637d86","status":0,"value":{"ELEMENT":"4cee2460-c78f-4c4f-a2b6-e02ea22343fa"}}
[debug] &amp#27;[35m[W3C (6753ef3d)]&amp#27;[39m Responding to client with driver.findElement() result: {"element-6066-11e4-a52e-4f735466cecf":"4cee2460-c78f-4c4f-a2b6-e02ea22343fa","ELEMENT":"4cee2460-c78f-4c4f-a2b6-e02ea22343fa"}
&amp#27;[35m[HTTP]&amp#27;[39m &amp#27;[37m<-- POST /wd/hub/session/6753ef3d-0727-4e8a-b8c4-ab98740d4887/element &amp#27;[39m&amp#27;[32m200&amp#27;[39m &amp#27;[90m742 ms - 137&amp#27;[39m
&amp#27;[35m[HTTP]&amp#27;[39m &amp#27;[90m&amp#27;[39m
&amp#27;[35m[HTTP]&amp#27;[39m &amp#27;[37m-->&amp#27;[39m &amp#27;[37mGET&amp#27;[39m &amp#27;[37m/wd/hub/session/6753ef3d-0727-4e8a-b8c4-ab98740d4887/element/4cee2460-c78f-4c4f-a2b6-e02ea22343fa/displayed&amp#27;[39m
&amp#27;[35m[HTTP]&amp#27;[39m &amp#27;[90m{}&amp#27;[39m
[debug] &amp#27;[35m[W3C (6753ef3d)]&amp#27;[39m Calling AppiumDriver.elementDisplayed() with args: ["4cee2460-c78f-4c4f-a2b6-e02ea22343fa","6753ef3d-0727-4e8a-b8c4-ab98740d4887"]
[debug] &amp#27;[35m[WD Proxy]&amp#27;[39m Matched '/element/4cee2460-c78f-4c4f-a2b6-e02ea22343fa/attribute/displayed' to command name 'getAttribute'
[debug] &amp#27;[35m[WD Proxy]&amp#27;[39m Proxying [GET /element/4cee2460-c78f-4c4f-a2b6-e02ea22343fa/attribute/displayed] to [GET http://localhost:8209/wd/hub/session/921a8b06-4146-4496-a809-0e08a9637d86/element/4cee2460-c78f-4c4f-a2b6-e02ea22343fa/attribute/displayed] with body: {}
[debug] &amp#27;[35m[WD Proxy]&amp#27;[39m Got response with status 200: "{\"sessionId\":\"921a8b06-4146-4496-a809-0e08a9637d86\",\"status\":0,\"value\":\"true\"}"
[debug] &amp#27;[35m[W3C (6753ef3d)]&amp#27;[39m Responding to client with driver.elementDisplayed() result: true
&amp#27;[35m[HTTP]&amp#27;[39m &amp#27;[37m<-- GET /wd/hub/session/6753ef3d-0727-4e8a-b8c4-ab98740d4887/element/4cee2460-c78f-4c4f-a2b6-e02ea22343fa/displayed &amp#27;[39m&amp#27;[32m200&amp#27;[39m &amp#27;[90m38 ms - 14&amp#27;[39m
&amp#27;[35m[HTTP]&amp#27;[39m &amp#27;[90m&amp#27;[39m
&amp#27;[35m[HTTP]&amp#27;[39m &amp#27;[37m-->&amp#27;[39m &amp#27;[37mPOST&amp#27;[39m &amp#27;[37m/wd/hub/session/6753ef3d-0727-4e8a-b8c4-ab98740d4887/element&amp#27;[39m
&amp#27;[35m[HTTP]&amp#27;[39m &amp#27;[90m{"using":"xpath","value":"//android.support.v7.widget.RecyclerView[@content-desc=\"Navigation menu\"]/android.widget.FrameLayout[4]/android.widget.TextView"}&amp#27;[39m
[debug] &amp#27;[35m[W3C (6753ef3d)]&amp#27;[39m Calling AppiumDriver.findElement() with args: ["xpath","//android.support.v7.widget.RecyclerView[@content-desc=\"Navigation menu\"]/android.widget.FrameLayout[4]/android.widget.TextView","6753ef3d-0727-4e8a-b8c4-ab98740d4887"]
[debug] &amp#27;[35m[BaseDriver]&amp#27;[39m Valid locator strategies for this request: xpath, id, class name, accessibility id, -android uiautomator
[debug] &amp#27;[35m[BaseDriver]&amp#27;[39m Waiting up to 10000 ms for condition
[debug] &amp#27;[35m[WD Proxy]&amp#27;[39m Matched '/element' to command name 'findElement'
[debug] &amp#27;[35m[WD Proxy]&amp#27;[39m Proxying [POST /element] to [POST http://localhost:8209/wd/hub/session/921a8b06-4146-4496-a809-0e08a9637d86/element] with body: {"strategy":"xpath","selector":"//android.support.v7.widget.RecyclerView[@content-desc=\"Navigation menu\"]/android.widget.FrameLayout[4]/android.widget.TextView","context":"","multiple":false}
[debug] &amp#27;[35m[WD Proxy]&amp#27;[39m Got response with status 200: {"sessionId":"921a8b06-4146-4496-a809-0e08a9637d86","status":0,"value":{"ELEMENT":"b2467c04-74ee-4bbb-a930-47dfbc28a301"}}
[debug] &amp#27;[35m[W3C (6753ef3d)]&amp#27;[39m Responding to client with driver.findElement() result: {"element-6066-11e4-a52e-4f735466cecf":"b2467c04-74ee-4bbb-a930-47dfbc28a301","ELEMENT":"b2467c04-74ee-4bbb-a930-47dfbc28a301"}
&amp#27;[35m[HTTP]&amp#27;[39m &amp#27;[37m<-- POST /wd/hub/session/6753ef3d-0727-4e8a-b8c4-ab98740d4887/element &amp#27;[39m&amp#27;[32m200&amp#27;[39m &amp#27;[90m739 ms - 137&amp#27;[39m
&amp#27;[35m[HTTP]&amp#27;[39m &amp#27;[90m&amp#27;[39m
&amp#27;[35m[HTTP]&amp#27;[39m &amp#27;[37m-->&amp#27;[39m &amp#27;[37mGET&amp#27;[39m &amp#27;[37m/wd/hub/session/6753ef3d-0727-4e8a-b8c4-ab98740d4887/element/b2467c04-74ee-4bbb-a930-47dfbc28a301/displayed&amp#27;[39m
&amp#27;[35m[HTTP]&amp#27;[39m &amp#27;[90m{}&amp#27;[39m
[debug] &amp#27;[35m[W3C (6753ef3d)]&amp#27;[39m Calling AppiumDriver.elementDisplayed() with args: ["b2467c04-74ee-4bbb-a930-47dfbc28a301","6753ef3d-0727-4e8a-b8c4-ab98740d4887"]
[debug] &amp#27;[35m[WD Proxy]&amp#27;[39m Matched '/element/b2467c04-74ee-4bbb-a930-47dfbc28a301/attribute/displayed' to command name 'getAttribute'
[debug] &amp#27;[35m[WD Proxy]&amp#27;[39m Proxying [GET /element/b2467c04-74ee-4bbb-a930-47dfbc28a301/attribute/displayed] to [GET http://localhost:8209/wd/hub/session/921a8b06-4146-4496-a809-0e08a9637d86/element/b2467c04-74ee-4bbb-a930-47dfbc28a301/attribute/displayed] with body: {}
[debug] &amp#27;[35m[WD Proxy]&amp#27;[39m Got response with status 200: "{\"sessionId\":\"921a8b06-4146-4496-a809-0e08a9637d86\",\"status\":0,\"value\":\"true\"}"
[debug] &amp#27;[35m[W3C (6753ef3d)]&amp#27;[39m Responding to client with driver.elementDisplayed() result: true
&amp#27;[35m[HTTP]&amp#27;[39m &amp#27;[37m<-- GET /wd/hub/session/6753ef3d-0727-4e8a-b8c4-ab98740d4887/element/b2467c04-74ee-4bbb-a930-47dfbc28a301/displayed &amp#27;[39m&amp#27;[32m200&amp#27;[39m &amp#27;[90m40 ms - 14&amp#27;[39m
&amp#27;[35m[HTTP]&amp#27;[39m &amp#27;[90m&amp#27;[39m
&amp#27;[35m[HTTP]&amp#27;[39m &amp#27;[37m-->&amp#27;[39m &amp#27;[37mPOST&amp#27;[39m &amp#27;[37m/wd/hub/session/6753ef3d-0727-4e8a-b8c4-ab98740d4887/appium/device/press_keycode&amp#27;[39m
&amp#27;[35m[HTTP]&amp#27;[39m &amp#27;[90m{"keycode":20}&amp#27;[39m
[debug] &amp#27;[35m[W3C (6753ef3d)]&amp#27;[39m Calling AppiumDriver.pressKeyCode() with args: [20,null,null,null,null,"6753ef3d-0727-4e8a-b8c4-ab98740d4887"]
[debug] &amp#27;[35m[WD Proxy]&amp#27;[39m Matched '/appium/device/press_keycode' to command name 'pressKeyCode'
[debug] &amp#27;[35m[WD Proxy]&amp#27;[39m Proxying [POST /appium/device/press_keycode] to [POST http://localhost:8209/wd/hub/session/921a8b06-4146-4496-a809-0e08a9637d86/appium/device/press_keycode] with body: {"keycode":20,"metastate":null,"flags":null}
[debug] &amp#27;[35m[WD Proxy]&amp#27;[39m Got response with status 200: {"sessionId":"921a8b06-4146-4496-a809-0e08a9637d86","status":0,"value":true}
[debug] &amp#27;[35m[W3C (6753ef3d)]&amp#27;[39m Responding to client with driver.pressKeyCode() result: true
&amp#27;[35m[HTTP]&amp#27;[39m &amp#27;[37m<-- POST /wd/hub/session/6753ef3d-0727-4e8a-b8c4-ab98740d4887/appium/device/press_keycode &amp#27;[39m&amp#27;[32m200&amp#27;[39m &amp#27;[90m41 ms - 14&amp#27;[39m
&amp#27;[35m[HTTP]&amp#27;[39m &amp#27;[90m&amp#27;[39m
&amp#27;[35m[HTTP]&amp#27;[39m &amp#27;[37m-->&amp#27;[39m &amp#27;[37mPOST&amp#27;[39m &amp#27;[37m/wd/hub/session/6753ef3d-0727-4e8a-b8c4-ab98740d4887/element&amp#27;[39m
&amp#27;[35m[HTTP]&amp#27;[39m &amp#27;[90m{"using":"xpath","value":"//android.widget.TextView[@text = 'Featured Games']"}&amp#27;[39m
[debug] &amp#27;[35m[W3C (6753ef3d)]&amp#27;[39m Calling AppiumDriver.findElement() with args: ["xpath","//android.widget.TextView[@text = 'Featured Games']","6753ef3d-0727-4e8a-b8c4-ab98740d4887"]
[debug] &amp#27;[35m[BaseDriver]&amp#27;[39m Valid locator strategies for this request: xpath, id, class name, accessibility id, -android uiautomator
[debug] &amp#27;[35m[BaseDriver]&amp#27;[39m Waiting up to 10000 ms for condition
[debug] &amp#27;[35m[WD Proxy]&amp#27;[39m Matched '/element' to command name 'findElement'
[debug] &amp#27;[35m[WD Proxy]&amp#27;[39m Proxying [POST /element] to [POST http://localhost:8209/wd/hub/session/921a8b06-4146-4496-a809-0e08a9637d86/element] with body: {"strategy":"xpath","selector":"//android.widget.TextView[@text = 'Featured Games']","context":"","multiple":false}
[debug] &amp#27;[35m[WD Proxy]&amp#27;[39m Got response with status 200: {"sessionId":"921a8b06-4146-4496-a809-0e08a9637d86","status":0,"value":{"ELEMENT":"02ad3500-523f-467d-a27e-a607b6593589"}}
[debug] &amp#27;[35m[W3C (6753ef3d)]&amp#27;[39m Responding to client with driver.findElement() result: {"element-6066-11e4-a52e-4f735466cecf":"02ad3500-523f-467d-a27e-a607b6593589","ELEMENT":"02ad3500-523f-467d-a27e-a607b6593589"}
&amp#27;[35m[HTTP]&amp#27;[39m &amp#27;[37m<-- POST /wd/hub/session/6753ef3d-0727-4e8a-b8c4-ab98740d4887/element &amp#27;[39m&amp#27;[32m200&amp#27;[39m &amp#27;[90m1732 ms - 137&amp#27;[39m
&amp#27;[35m[HTTP]&amp#27;[39m &amp#27;[90m&amp#27;[39m
&amp#27;[35m[HTTP]&amp#27;[39m &amp#27;[37m-->&amp#27;[39m &amp#27;[37mGET&amp#27;[39m &amp#27;[37m/wd/hub/session/6753ef3d-0727-4e8a-b8c4-ab98740d4887/element/02ad3500-523f-467d-a27e-a607b6593589/displayed&amp#27;[39m
&amp#27;[35m[HTTP]&amp#27;[39m &amp#27;[90m{}&amp#27;[39m
[debug] &amp#27;[35m[W3C (6753ef3d)]&amp#27;[39m Calling AppiumDriver.elementDisplayed() with args: ["02ad3500-523f-467d-a27e-a607b6593589","6753ef3d-0727-4e8a-b8c4-ab98740d4887"]
[debug] &amp#27;[35m[WD Proxy]&amp#27;[39m Matched '/element/02ad3500-523f-467d-a27e-a607b6593589/attribute/displayed' to command name 'getAttribute'
[debug] &amp#27;[35m[WD Proxy]&amp#27;[39m Proxying [GET /element/02ad3500-523f-467d-a27e-a607b6593589/attribute/displayed] to [GET http://localhost:8209/wd/hub/session/921a8b06-4146-4496-a809-0e08a9637d86/element/02ad3500-523f-467d-a27e-a607b6593589/attribute/displayed] with body: {}
[debug] &amp#27;[35m[WD Proxy]&amp#27;[39m Got response with status 200: "{\"sessionId\":\"921a8b06-4146-4496-a809-0e08a9637d86\",\"status\":0,\"value\":\"true\"}"
[debug] &amp#27;[35m[W3C (6753ef3d)]&amp#27;[39m Responding to client with driver.elementDisplayed() result: true
&amp#27;[35m[HTTP]&amp#27;[39m &amp#27;[37m<-- GET /wd/hub/session/6753ef3d-0727-4e8a-b8c4-ab98740d4887/element/02ad3500-523f-467d-a27e-a607b6593589/displayed &amp#27;[39m&amp#27;[32m200&amp#27;[39m &amp#27;[90m37 ms - 14&amp#27;[39m
&amp#27;[35m[HTTP]&amp#27;[39m &amp#27;[90m&amp#27;[39m
&amp#27;[35m[HTTP]&amp#27;[39m &amp#27;[37m-->&amp#27;[39m &amp#27;[37mPOST&amp#27;[39m &amp#27;[37m/wd/hub/session/6753ef3d-0727-4e8a-b8c4-ab98740d4887/appium/device/press_keycode&amp#27;[39m
&amp#27;[35m[HTTP]&amp#27;[39m &amp#27;[90m{"keycode":22}&amp#27;[39m
[debug] &amp#27;[35m[W3C (6753ef3d)]&amp#27;[39m Calling AppiumDriver.pressKeyCode() with args: [22,null,null,null,null,"6753ef3d-0727-4e8a-b8c4-ab98740d4887"]
[debug] &amp#27;[35m[WD Proxy]&amp#27;[39m Matched '/appium/device/press_keycode' to command name 'pressKeyCode'
[debug] &amp#27;[35m[WD Proxy]&amp#27;[39m Proxying [POST /appium/device/press_keycode] to [POST http://localhost:8209/wd/hub/session/921a8b06-4146-4496-a809-0e08a9637d86/appium/device/press_keycode] with body: {"keycode":22,"metastate":null,"flags":null}
[debug] &amp#27;[35m[WD Proxy]&amp#27;[39m Got response with status 200: {"sessionId":"921a8b06-4146-4496-a809-0e08a9637d86","status":0,"value":true}
[debug] &amp#27;[35m[W3C (6753ef3d)]&amp#27;[39m Responding to client with driver.pressKeyCode() result: true
&amp#27;[35m[HTTP]&amp#27;[39m &amp#27;[37m<-- POST /wd/hub/session/6753ef3d-0727-4e8a-b8c4-ab98740d4887/appium/device/press_keycode &amp#27;[39m&amp#27;[32m200&amp#27;[39m &amp#27;[90m47 ms - 14&amp#27;[39m
&amp#27;[35m[HTTP]&amp#27;[39m &amp#27;[90m&amp#27;[39m
&amp#27;[35m[HTTP]&amp#27;[39m &amp#27;[37m-->&amp#27;[39m &amp#27;[37mPOST&amp#27;[39m &amp#27;[37m/wd/hub/session/6753ef3d-0727-4e8a-b8c4-ab98740d4887/elements&amp#27;[39m
&amp#27;[35m[HTTP]&amp#27;[39m &amp#27;[90m{"using":"class name","value":"android.widget.ImageView"}&amp#27;[39m
[debug] &amp#27;[35m[W3C (6753ef3d)]&amp#27;[39m Calling AppiumDriver.findElements() with args: ["class name","android.widget.ImageView","6753ef3d-0727-4e8a-b8c4-ab98740d4887"]
[debug] &amp#27;[35m[BaseDriver]&amp#27;[39m Valid locator strategies for this request: xpath, id, class name, accessibility id, -android uiautomator
[debug] &amp#27;[35m[BaseDriver]&amp#27;[39m Waiting up to 10000 ms for condition
[debug] &amp#27;[35m[WD Proxy]&amp#27;[39m Matched '/elements' to command name 'findElements'
[debug] &amp#27;[35m[WD Proxy]&amp#27;[39m Proxying [POST /elements] to [POST http://localhost:8209/wd/hub/session/921a8b06-4146-4496-a809-0e08a9637d86/elements] with body: {"strategy":"class name","selector":"android.widget.ImageView","context":"","multiple":true}
[debug] &amp#27;[35m[WD Proxy]&amp#27;[39m Got response with status 200: {"sessionId":"921a8b06-4146-4496-a809-0e08a9637d86","status":0,"value":[{"ELEMENT":"50817a04-180b-499e-a71c-be1ac50b2db6"},{"ELEMENT":"c9fb5b32-00c6-4fc1-8d67-48383e5818c9"},{"ELEMENT":"a5435a41-07f2-45a5-9c93-27ea7877abaf"},{"ELEMENT":"bf5aef63-3041-450a-8492-5e3603e97f10"},{"ELEMENT":"dc01ee8e-4572-4c9d-aa1a-e3cc6943f64f"},{"ELEMENT":"0b8f8a4f-fa8e-47ae-af35-510d9b1ea82d"},{"ELEMENT":"71cb8ab6-296d-4075-afe9-d4113bf1f5ca"},{"ELEMENT":"1130149a-972c-4f44-b566-ffe11a44159f"},{"ELEMENT":"4ed05082-7f09-4e6d-bbac-b4c66691bdca"},{"ELEMENT":"c82c2f27-45fc-439d-8ff8-a17b28c4472f"},{"ELEMENT":"e8edc281-b8eb-4cc5-84b3-b2b13ca842e3"},{"ELEMENT":"a007f689-bbe8-4770-9e7b-f17a8362573b"},{"ELEMENT":"2e117c9a-ca59-4442-aa84-1d40b54d96f5"},{"ELEMENT":"2215ac5d-9ed1-474c-a635-cee8d0cbb219"},{"ELEMENT":"ca81cb36-0911-4449-8ac0-a7d7ee0b6064"},{"ELEMENT":"1ffb1339-4823-48df-aadb-81905020d0b1"}]}
[debug] &amp#27;[35m[W3C (6753ef3d)]&amp#27;[39m Responding to client with driver.findElements() result: [{"element-6066-11e4-a52e-4f735466cecf":"50817a04-180b-499e-a71c-be1ac50b2db6","ELEMENT":"50817a04-180b-499e-a71c-be1ac50b2db6"},{"element-6066-11e4-a52e-4f735466cecf":"c9fb5b32-00c6-4fc1-8d67-48383e5818c9","ELEMENT":"c9fb5b32-00c6-4fc1-8d67-48383e5818c9"},{"element-6066-11e4-a52e-4f735466cecf":"a5435a41-07f2-45a5-9c93-27ea7877abaf","ELEMENT":"a5435a41-07f2-45a5-9c93-27ea7877abaf"},{"element-6066-11e4-a52e-4f735466cecf":"bf5aef63-3041-450a-8492-5e3603e97f10","ELEMENT":"bf5aef63-3041-450a-8492-5e3603e97f10"},{"element-6066-11e4-a52e-4f735466cecf":"dc01ee8e-4572-4c9d-aa1a-e3cc6943f64f","ELEMENT":"dc01ee8e-4572-4c9d-aa1a-e3cc6943f64f"},{"element-6066-11e4-a52e-4f735466cecf":"0b8f8a4f-fa8e-47ae-af35-510d9b1ea82d","ELEMENT":"0b8f8a4f-fa8e-47ae-af35-510d9b1ea82d"},{"element-6066-11e4-a52e-4f735466cecf":"71cb8ab6-296d-4075-afe9-d4113bf1f5ca","ELEMENT":"71cb8ab6-296d-4075-afe9-d4113bf1f5ca"},{"element-6066-11e4-a52e-4f735466cecf":"1130149a-972c-4f44-b566-ffe11a44159f","ELEMENT":"1130149a-972c-4f44-b566-ffe11a44159...
&amp#27;[35m[HTTP]&amp#27;[39m &amp#27;[37m<-- POST /wd/hub/session/6753ef3d-0727-4e8a-b8c4-ab98740d4887/elements &amp#27;[39m&amp#27;[32m200&amp#27;[39m &amp#27;[90m930 ms - 2059&amp#27;[39m
&amp#27;[35m[HTTP]&amp#27;[39m &amp#27;[90m&amp#27;[39m
&amp#27;[35m[HTTP]&amp#27;[39m &amp#27;[37m-->&amp#27;[39m &amp#27;[37mGET&amp#27;[39m &amp#27;[37m/wd/hub/session/6753ef3d-0727-4e8a-b8c4-ab98740d4887/element/a5435a41-07f2-45a5-9c93-27ea7877abaf/displayed&amp#27;[39m
&amp#27;[35m[HTTP]&amp#27;[39m &amp#27;[90m{}&amp#27;[39m
[debug] &amp#27;[35m[W3C (6753ef3d)]&amp#27;[39m Calling AppiumDriver.elementDisplayed() with args: ["a5435a41-07f2-45a5-9c93-27ea7877abaf","6753ef3d-0727-4e8a-b8c4-ab98740d4887"]
[debug] &amp#27;[35m[WD Proxy]&amp#27;[39m Matched '/element/a5435a41-07f2-45a5-9c93-27ea7877abaf/attribute/displayed' to command name 'getAttribute'
[debug] &amp#27;[35m[WD Proxy]&amp#27;[39m Proxying [GET /element/a5435a41-07f2-45a5-9c93-27ea7877abaf/attribute/displayed] to [GET http://localhost:8209/wd/hub/session/921a8b06-4146-4496-a809-0e08a9637d86/element/a5435a41-07f2-45a5-9c93-27ea7877abaf/attribute/displayed] with body: {}
[debug] &amp#27;[35m[WD Proxy]&amp#27;[39m Got response with status 200: "{\"sessionId\":\"921a8b06-4146-4496-a809-0e08a9637d86\",\"status\":0,\"value\":\"true\"}"
[debug] &amp#27;[35m[W3C (6753ef3d)]&amp#27;[39m Responding to client with driver.elementDisplayed() result: true
&amp#27;[35m[HTTP]&amp#27;[39m &amp#27;[37m<-- GET /wd/hub/session/6753ef3d-0727-4e8a-b8c4-ab98740d4887/element/a5435a41-07f2-45a5-9c93-27ea7877abaf/displayed &amp#27;[39m&amp#27;[32m200&amp#27;[39m &amp#27;[90m40 ms - 14&amp#27;[39m
&amp#27;[35m[HTTP]&amp#27;[39m &amp#27;[90m&amp#27;[39m
&amp#27;[35m[HTTP]&amp#27;[39m &amp#27;[37m-->&amp#27;[39m &amp#27;[37mPOST&amp#27;[39m &amp#27;[37m/wd/hub/session/6753ef3d-0727-4e8a-b8c4-ab98740d4887/appium/device/press_keycode&amp#27;[39m
&amp#27;[35m[HTTP]&amp#27;[39m &amp#27;[90m{"keycode":20}&amp#27;[39m
[debug] &amp#27;[35m[W3C (6753ef3d)]&amp#27;[39m Calling AppiumDriver.pressKeyCode() with args: [20,null,null,null,null,"6753ef3d-0727-4e8a-b8c4-ab98740d4887"]
[debug] &amp#27;[35m[WD Proxy]&amp#27;[39m Matched '/appium/device/press_keycode' to command name 'pressKeyCode'
[debug] &amp#27;[35m[WD Proxy]&amp#27;[39m Proxying [POST /appium/device/press_keycode] to [POST http://localhost:8209/wd/hub/session/921a8b06-4146-4496-a809-0e08a9637d86/appium/device/press_keycode] with body: {"keycode":20,"metastate":null,"flags":null}
[debug] &amp#27;[35m[WD Proxy]&amp#27;[39m Got response with status 200: {"sessionId":"921a8b06-4146-4496-a809-0e08a9637d86","status":0,"value":true}
[debug] &amp#27;[35m[W3C (6753ef3d)]&amp#27;[39m Responding to client with driver.pressKeyCode() result: true
&amp#27;[35m[HTTP]&amp#27;[39m &amp#27;[37m<-- POST /wd/hub/session/6753ef3d-0727-4e8a-b8c4-ab98740d4887/appium/device/press_keycode &amp#27;[39m&amp#27;[32m200&amp#27;[39m &amp#27;[90m75 ms - 14&amp#27;[39m
&amp#27;[35m[HTTP]&amp#27;[39m &amp#27;[90m&amp#27;[39m
&amp#27;[35m[HTTP]&amp#27;[39m &amp#27;[37m-->&amp#27;[39m &amp#27;[37mPOST&amp#27;[39m &amp#27;[37m/wd/hub/session/6753ef3d-0727-4e8a-b8c4-ab98740d4887/elements&amp#27;[39m
&amp#27;[35m[HTTP]&amp#27;[39m &amp#27;[90m{"using":"class name","value":"android.widget.TextView"}&amp#27;[39m
[debug] &amp#27;[35m[W3C (6753ef3d)]&amp#27;[39m Calling AppiumDriver.findElements() with args: ["class name","android.widget.TextView","6753ef3d-0727-4e8a-b8c4-ab98740d4887"]
[debug] &amp#27;[35m[BaseDriver]&amp#27;[39m Valid locator strategies for this request: xpath, id, class name, accessibility id, -android uiautomator
[debug] &amp#27;[35m[BaseDriver]&amp#27;[39m Waiting up to 10000 ms for condition
[debug] &amp#27;[35m[WD Proxy]&amp#27;[39m Matched '/elements' to command name 'findElements'
[debug] &amp#27;[35m[WD Proxy]&amp#27;[39m Proxying [POST /elements] to [POST http://localhost:8209/wd/hub/session/921a8b06-4146-4496-a809-0e08a9637d86/elements] with body: {"strategy":"class name","selector":"android.widget.TextView","context":"","multiple":true}
[debug] &amp#27;[35m[WD Proxy]&amp#27;[39m Got response with status 200: {"sessionId":"921a8b06-4146-4496-a809-0e08a9637d86","status":0,"value":[{"ELEMENT":"a7b75a5f-dcd2-4219-878d-16fb3253ab2c"},{"ELEMENT":"adf460b4-99b8-4b85-8c26-2eafbea2556a"},{"ELEMENT":"7f2f1f32-832c-44b8-9fe6-fc405413517d"},{"ELEMENT":"0c7190e5-ddc0-474a-bc34-8d87196a6c0f"},{"ELEMENT":"1aa5722b-09fb-4a7c-8526-cf520038c002"},{"ELEMENT":"ffed1d09-7d59-4207-b7d1-94e47392c373"},{"ELEMENT":"e8c1bc50-b0ee-4676-8622-58363aec94d6"},{"ELEMENT":"469ac932-fc0a-4673-8268-83741d3c480b"},{"ELEMENT":"928cae41-aaf2-40d1-bf19-ae01a4ece52f"},{"ELEMENT":"4179ad8c-229c-4098-b65e-2ddf920e3e39"},{"ELEMENT":"bcec322d-576a-4f18-a8f8-70db840411e3"},{"ELEMENT":"2f6e8995-ea72-46fb-9943-d77bb498b299"},{"ELEMENT":"36487cfd-4d1b-4629-9143-fd4b41f45c65"},{"ELEMENT":"f7e90aa9-e636-4af3-95da-8e6bd4a4c7a2"},{"ELEMENT":"95d4506e-36fe-4024-8e39-40279173786f"},{"ELEMENT":"a6b7c1db-9758-4a0c-ae8a-9c1a7dfcdb21"},{"ELEMENT":"e691a28f-a834-4c6c-b814-3c6d1a57a2bd"},{"ELEMENT":"3ffb0a6b-edb1-4aa0-94eb-671d7b1b5940"},{"ELEMENT":"b49e6899-d8e1-4eeb-...
[debug] &amp#27;[35m[W3C (6753ef3d)]&amp#27;[39m Responding to client with driver.findElements() result: [{"element-6066-11e4-a52e-4f735466cecf":"a7b75a5f-dcd2-4219-878d-16fb3253ab2c","ELEMENT":"a7b75a5f-dcd2-4219-878d-16fb3253ab2c"},{"element-6066-11e4-a52e-4f735466cecf":"adf460b4-99b8-4b85-8c26-2eafbea2556a","ELEMENT":"adf460b4-99b8-4b85-8c26-2eafbea2556a"},{"element-6066-11e4-a52e-4f735466cecf":"7f2f1f32-832c-44b8-9fe6-fc405413517d","ELEMENT":"7f2f1f32-832c-44b8-9fe6-fc405413517d"},{"element-6066-11e4-a52e-4f735466cecf":"0c7190e5-ddc0-474a-bc34-8d87196a6c0f","ELEMENT":"0c7190e5-ddc0-474a-bc34-8d87196a6c0f"},{"element-6066-11e4-a52e-4f735466cecf":"1aa5722b-09fb-4a7c-8526-cf520038c002","ELEMENT":"1aa5722b-09fb-4a7c-8526-cf520038c002"},{"element-6066-11e4-a52e-4f735466cecf":"ffed1d09-7d59-4207-b7d1-94e47392c373","ELEMENT":"ffed1d09-7d59-4207-b7d1-94e47392c373"},{"element-6066-11e4-a52e-4f735466cecf":"e8c1bc50-b0ee-4676-8622-58363aec94d6","ELEMENT":"e8c1bc50-b0ee-4676-8622-58363aec94d6"},{"element-6066-11e4-a52e-4f735466cecf":"469ac932-fc0a-4673-8268-83741d3c480b","ELEMENT":"469ac932-fc0a-4673-8268-83741d3c480...
&amp#27;[35m[HTTP]&amp#27;[39m &amp#27;[37m<-- POST /wd/hub/session/6753ef3d-0727-4e8a-b8c4-ab98740d4887/elements &amp#27;[39m&amp#27;[32m200&amp#27;[39m &amp#27;[90m500 ms - 2443&amp#27;[39m
&amp#27;[35m[HTTP]&amp#27;[39m &amp#27;[90m&amp#27;[39m
&amp#27;[35m[HTTP]&amp#27;[39m &amp#27;[37m-->&amp#27;[39m &amp#27;[37mGET&amp#27;[39m &amp#27;[37m/wd/hub/session/6753ef3d-0727-4e8a-b8c4-ab98740d4887/element/a7b75a5f-dcd2-4219-878d-16fb3253ab2c/text&amp#27;[39m
&amp#27;[35m[HTTP]&amp#27;[39m &amp#27;[90m{}&amp#27;[39m
&amp#27;[35m[W3C (6753ef3d)]&amp#27;[39m Driver proxy active, passing request on via HTTP proxy
[debug] &amp#27;[35m[WD Proxy]&amp#27;[39m Matched '/wd/hub/session/6753ef3d-0727-4e8a-b8c4-ab98740d4887/element/a7b75a5f-dcd2-4219-878d-16fb3253ab2c/text' to command name 'getText'
[debug] &amp#27;[35m[WD Proxy]&amp#27;[39m Proxying [GET /wd/hub/session/6753ef3d-0727-4e8a-b8c4-ab98740d4887/element/a7b75a5f-dcd2-4219-878d-16fb3253ab2c/text] to [GET http://localhost:8209/wd/hub/session/921a8b06-4146-4496-a809-0e08a9637d86/element/a7b75a5f-dcd2-4219-878d-16fb3253ab2c/text] with body: {}
[debug] &amp#27;[35m[WD Proxy]&amp#27;[39m Got response with status 200: "{\"sessionId\":\"921a8b06-4146-4496-a809-0e08a9637d86\",\"status\":0,\"value\":\"Teslagrad\"}"
&amp#27;[35m[WD Proxy]&amp#27;[39m Replacing sessionId 921a8b06-4146-4496-a809-0e08a9637d86 with 6753ef3d-0727-4e8a-b8c4-ab98740d4887
&amp#27;[35m[HTTP]&amp#27;[39m &amp#27;[37m<-- GET /wd/hub/session/6753ef3d-0727-4e8a-b8c4-ab98740d4887/element/a7b75a5f-dcd2-4219-878d-16fb3253ab2c/text &amp#27;[39m&amp#27;[32m200&amp#27;[39m &amp#27;[90m35 ms - 83&amp#27;[39m
&amp#27;[35m[HTTP]&amp#27;[39m &amp#27;[90m&amp#27;[39m
&amp#27;[35m[HTTP]&amp#27;[39m &amp#27;[37m-->&amp#27;[39m &amp#27;[37mPOST&amp#27;[39m &amp#27;[37m/wd/hub/session/6753ef3d-0727-4e8a-b8c4-ab98740d4887/appium/device/press_keycode&amp#27;[39m
&amp#27;[35m[HTTP]&amp#27;[39m &amp#27;[90m{"keycode":20}&amp#27;[39m
[debug] &amp#27;[35m[W3C (6753ef3d)]&amp#27;[39m Calling AppiumDriver.pressKeyCode() with args: [20,null,null,null,null,"6753ef3d-0727-4e8a-b8c4-ab98740d4887"]
[debug] &amp#27;[35m[WD Proxy]&amp#27;[39m Matched '/appium/device/press_keycode' to command name 'pressKeyCode'
[debug] &amp#27;[35m[WD Proxy]&amp#27;[39m Proxying [POST /appium/device/press_keycode] to [POST http://localhost:8209/wd/hub/session/921a8b06-4146-4496-a809-0e08a9637d86/appium/device/press_keycode] with body: {"keycode":20,"metastate":null,"flags":null}
[debug] &amp#27;[35m[WD Proxy]&amp#27;[39m Got response with status 200: {"sessionId":"921a8b06-4146-4496-a809-0e08a9637d86","status":0,"value":true}
[debug] &amp#27;[35m[W3C (6753ef3d)]&amp#27;[39m Responding to client with driver.pressKeyCode() result: true
&amp#27;[35m[HTTP]&amp#27;[39m &amp#27;[37m<-- POST /wd/hub/session/6753ef3d-0727-4e8a-b8c4-ab98740d4887/appium/device/press_keycode &amp#27;[39m&amp#27;[32m200&amp#27;[39m &amp#27;[90m48 ms - 14&amp#27;[39m
&amp#27;[35m[HTTP]&amp#27;[39m &amp#27;[90m&amp#27;[39m
&amp#27;[35m[HTTP]&amp#27;[39m &amp#27;[37m-->&amp#27;[39m &amp#27;[37mPOST&amp#27;[39m &amp#27;[37m/wd/hub/session/6753ef3d-0727-4e8a-b8c4-ab98740d4887/elements&amp#27;[39m
&amp#27;[35m[HTTP]&amp#27;[39m &amp#27;[90m{"using":"class name","value":"android.widget.TextView"}&amp#27;[39m
[debug] &amp#27;[35m[W3C (6753ef3d)]&amp#27;[39m Calling AppiumDriver.findElements() with args: ["class name","android.widget.TextView","6753ef3d-0727-4e8a-b8c4-ab98740d4887"]
[debug] &amp#27;[35m[BaseDriver]&amp#27;[39m Valid locator strategies for this request: xpath, id, class name, accessibility id, -android uiautomator
[debug] &amp#27;[35m[BaseDriver]&amp#27;[39m Waiting up to 10000 ms for condition
[debug] &amp#27;[35m[WD Proxy]&amp#27;[39m Matched '/elements' to command name 'findElements'
[debug] &amp#27;[35m[WD Proxy]&amp#27;[39m Proxying [POST /elements] to [POST http://localhost:8209/wd/hub/session/921a8b06-4146-4496-a809-0e08a9637d86/elements] with body: {"strategy":"class name","selector":"android.widget.TextView","context":"","multiple":true}
[debug] &amp#27;[35m[WD Proxy]&amp#27;[39m Got response with status 200: {"sessionId":"921a8b06-4146-4496-a809-0e08a9637d86","status":0,"value":[{"ELEMENT":"96855203-8009-4f30-8cf8-9920e95cfd8e"},{"ELEMENT":"b83ce3d9-680a-4a35-b620-d3afd61a2097"},{"ELEMENT":"19e0c088-ea35-41cf-9579-e63f49ffb663"},{"ELEMENT":"e5057009-f9ed-48a2-8eff-656395f7912c"},{"ELEMENT":"1446ea14-28e7-4b2b-bded-4267bd3b735e"},{"ELEMENT":"28f0b973-323e-4728-b94b-32c71f847c55"},{"ELEMENT":"ef1ee4ba-7657-4963-b0b3-ca4d2a286404"},{"ELEMENT":"ed31949e-1b3d-47c7-9856-c0423cb19213"},{"ELEMENT":"e6e06f54-864a-487b-84d2-a8e30bb248c7"},{"ELEMENT":"36502692-41ff-445b-a29a-566c4dcf5e9a"},{"ELEMENT":"b076c5cd-88a6-442b-9e71-e9946cebc343"},{"ELEMENT":"2a579904-1161-48b1-ae84-143c3942a9d1"},{"ELEMENT":"83f29e1b-8db2-4aed-be3a-5cd88bc98270"},{"ELEMENT":"c40203b0-a8d5-46a3-a929-d71a7dae757f"},{"ELEMENT":"aeda2504-88b8-4cab-b538-1703d999f2ba"},{"ELEMENT":"1ad7d36d-ccb6-4d27-85f9-433e1b2f3ce0"},{"ELEMENT":"62f2d329-55cc-4736-a6ef-25713752ffd4"},{"ELEMENT":"a992e90b-d144-44ed-9896-51ca1fcabd6d"},{"ELEMENT":"7f6f9ac8-dc3a-4e56-...
[debug] &amp#27;[35m[W3C (6753ef3d)]&amp#27;[39m Responding to client with driver.findElements() result: [{"element-6066-11e4-a52e-4f735466cecf":"96855203-8009-4f30-8cf8-9920e95cfd8e","ELEMENT":"96855203-8009-4f30-8cf8-9920e95cfd8e"},{"element-6066-11e4-a52e-4f735466cecf":"b83ce3d9-680a-4a35-b620-d3afd61a2097","ELEMENT":"b83ce3d9-680a-4a35-b620-d3afd61a2097"},{"element-6066-11e4-a52e-4f735466cecf":"19e0c088-ea35-41cf-9579-e63f49ffb663","ELEMENT":"19e0c088-ea35-41cf-9579-e63f49ffb663"},{"element-6066-11e4-a52e-4f735466cecf":"e5057009-f9ed-48a2-8eff-656395f7912c","ELEMENT":"e5057009-f9ed-48a2-8eff-656395f7912c"},{"element-6066-11e4-a52e-4f735466cecf":"1446ea14-28e7-4b2b-bded-4267bd3b735e","ELEMENT":"1446ea14-28e7-4b2b-bded-4267bd3b735e"},{"element-6066-11e4-a52e-4f735466cecf":"28f0b973-323e-4728-b94b-32c71f847c55","ELEMENT":"28f0b973-323e-4728-b94b-32c71f847c55"},{"element-6066-11e4-a52e-4f735466cecf":"ef1ee4ba-7657-4963-b0b3-ca4d2a286404","ELEMENT":"ef1ee4ba-7657-4963-b0b3-ca4d2a286404"},{"element-6066-11e4-a52e-4f735466cecf":"ed31949e-1b3d-47c7-9856-c0423cb19213","ELEMENT":"ed31949e-1b3d-47c7-9856-c0423cb1921...
&amp#27;[35m[HTTP]&amp#27;[39m &amp#27;[37m<-- POST /wd/hub/session/6753ef3d-0727-4e8a-b8c4-ab98740d4887/elements &amp#27;[39m&amp#27;[32m200&amp#27;[39m &amp#27;[90m633 ms - 2443&amp#27;[39m
&amp#27;[35m[HTTP]&amp#27;[39m &amp#27;[90m&amp#27;[39m
&amp#27;[35m[HTTP]&amp#27;[39m &amp#27;[37m-->&amp#27;[39m &amp#27;[37mGET&amp#27;[39m &amp#27;[37m/wd/hub/session/6753ef3d-0727-4e8a-b8c4-ab98740d4887/element/96855203-8009-4f30-8cf8-9920e95cfd8e/text&amp#27;[39m
&amp#27;[35m[HTTP]&amp#27;[39m &amp#27;[90m{}&amp#27;[39m
&amp#27;[35m[W3C (6753ef3d)]&amp#27;[39m Driver proxy active, passing request on via HTTP proxy
[debug] &amp#27;[35m[WD Proxy]&amp#27;[39m Matched '/wd/hub/session/6753ef3d-0727-4e8a-b8c4-ab98740d4887/element/96855203-8009-4f30-8cf8-9920e95cfd8e/text' to command name 'getText'
[debug] &amp#27;[35m[WD Proxy]&amp#27;[39m Proxying [GET /wd/hub/session/6753ef3d-0727-4e8a-b8c4-ab98740d4887/element/96855203-8009-4f30-8cf8-9920e95cfd8e/text] to [GET http://localhost:8209/wd/hub/session/921a8b06-4146-4496-a809-0e08a9637d86/element/96855203-8009-4f30-8cf8-9920e95cfd8e/text] with body: {}
[debug] &amp#27;[35m[WD Proxy]&amp#27;[39m Got response with status 200: "{\"sessionId\":\"921a8b06-4146-4496-a809-0e08a9637d86\",\"status\":0,\"value\":\"Hungry Shark Evolution\"}"
&amp#27;[35m[WD Proxy]&amp#27;[39m Replacing sessionId 921a8b06-4146-4496-a809-0e08a9637d86 with 6753ef3d-0727-4e8a-b8c4-ab98740d4887
&amp#27;[35m[HTTP]&amp#27;[39m &amp#27;[37m<-- GET /wd/hub/session/6753ef3d-0727-4e8a-b8c4-ab98740d4887/element/96855203-8009-4f30-8cf8-9920e95cfd8e/text &amp#27;[39m&amp#27;[32m200&amp#27;[39m &amp#27;[90m34 ms - 96&amp#27;[39m
&amp#27;[35m[HTTP]&amp#27;[39m &amp#27;[90m&amp#27;[39m
&amp#27;[35m[HTTP]&amp#27;[39m &amp#27;[37m-->&amp#27;[39m &amp#27;[37mPOST&amp#27;[39m &amp#27;[37m/wd/hub/session/6753ef3d-0727-4e8a-b8c4-ab98740d4887/appium/device/press_keycode&amp#27;[39m
&amp#27;[35m[HTTP]&amp#27;[39m &amp#27;[90m{"keycode":20}&amp#27;[39m
[debug] &amp#27;[35m[W3C (6753ef3d)]&amp#27;[39m Calling AppiumDriver.pressKeyCode() with args: [20,null,null,null,null,"6753ef3d-0727-4e8a-b8c4-ab98740d4887"]
[debug] &amp#27;[35m[WD Proxy]&amp#27;[39m Matched '/appium/device/press_keycode' to command name 'pressKeyCode'
[debug] &amp#27;[35m[WD Proxy]&amp#27;[39m Proxying [POST /appium/device/press_keycode] to [POST http://localhost:8209/wd/hub/session/921a8b06-4146-4496-a809-0e08a9637d86/appium/device/press_keycode] with body: {"keycode":20,"metastate":null,"flags":null}
[debug] &amp#27;[35m[WD Proxy]&amp#27;[39m Got response with status 200: {"sessionId":"921a8b06-4146-4496-a809-0e08a9637d86","status":0,"value":true}
[debug] &amp#27;[35m[W3C (6753ef3d)]&amp#27;[39m Responding to client with driver.pressKeyCode() result: true
&amp#27;[35m[HTTP]&amp#27;[39m &amp#27;[37m<-- POST /wd/hub/session/6753ef3d-0727-4e8a-b8c4-ab98740d4887/appium/device/press_keycode &amp#27;[39m&amp#27;[32m200&amp#27;[39m &amp#27;[90m47 ms - 14&amp#27;[39m
&amp#27;[35m[HTTP]&amp#27;[39m &amp#27;[90m&amp#27;[39m
&amp#27;[35m[HTTP]&amp#27;[39m &amp#27;[37m-->&amp#27;[39m &amp#27;[37mPOST&amp#27;[39m &amp#27;[37m/wd/hub/session/6753ef3d-0727-4e8a-b8c4-ab98740d4887/elements&amp#27;[39m
&amp#27;[35m[HTTP]&amp#27;[39m &amp#27;[90m{"using":"class name","value":"android.widget.TextView"}&amp#27;[39m
[debug] &amp#27;[35m[W3C (6753ef3d)]&amp#27;[39m Calling AppiumDriver.findElements() with args: ["class name","android.widget.TextView","6753ef3d-0727-4e8a-b8c4-ab98740d4887"]
[debug] &amp#27;[35m[BaseDriver]&amp#27;[39m Valid locator strategies for this request: xpath, id, class name, accessibility id, -android uiautomator
[debug] &amp#27;[35m[BaseDriver]&amp#27;[39m Waiting up to 10000 ms for condition
[debug] &amp#27;[35m[WD Proxy]&amp#27;[39m Matched '/elements' to command name 'findElements'
[debug] &amp#27;[35m[WD Proxy]&amp#27;[39m Proxying [POST /elements] to [POST http://localhost:8209/wd/hub/session/921a8b06-4146-4496-a809-0e08a9637d86/elements] with body: {"strategy":"class name","selector":"android.widget.TextView","context":"","multiple":true}
[debug] &amp#27;[35m[WD Proxy]&amp#27;[39m Got response with status 200: {"sessionId":"921a8b06-4146-4496-a809-0e08a9637d86","status":0,"value":[{"ELEMENT":"a0cbdff6-891b-4c11-8486-70139e8bb9f9"},{"ELEMENT":"f7834056-86ce-4ac1-82f2-97a416ed9c46"},{"ELEMENT":"c549a79c-2b33-4a58-8cc3-830180e19c90"},{"ELEMENT":"b573eb17-3776-4e0b-aeaa-2d67e9db2225"},{"ELEMENT":"7732e2b0-57b4-4a8b-9668-792cb6077fd9"},{"ELEMENT":"5af9d46c-9a5f-4ac5-a2ab-8500378e6a2e"},{"ELEMENT":"c60b87f4-38a4-4c77-97a0-29adadd272e0"},{"ELEMENT":"3709608a-a2a3-45e0-84ba-77d1d1692f5a"},{"ELEMENT":"ceea11a0-7724-4319-8335-0a38ead6fee7"},{"ELEMENT":"4cf19b3a-7060-4b79-a73c-0ec1efd0d661"},{"ELEMENT":"8d1bd1fb-47fc-42b3-89bb-d4df2c49a6ed"},{"ELEMENT":"5cd9e7f3-ed03-4aae-9d85-3a01a04a3216"},{"ELEMENT":"01fef799-0fa4-422d-8e5a-740acefb8459"},{"ELEMENT":"9cbd91bd-ba3a-4e61-9bcb-79dee420559b"},{"ELEMENT":"15d2f285-07f9-446b-bc46-75be401ccb8c"},{"ELEMENT":"fdd551f1-79b3-4ac0-b876-4099422a282b"},{"ELEMENT":"8f8b1023-181c-47ba-a6bf-6c3a27132e76"},{"ELEMENT":"a71fc6d4-8cf6-4965-82ea-eb04ac514130"},{"ELEMENT":"451a2b02-639d-4ff8-...
[debug] &amp#27;[35m[W3C (6753ef3d)]&amp#27;[39m Responding to client with driver.findElements() result: [{"element-6066-11e4-a52e-4f735466cecf":"a0cbdff6-891b-4c11-8486-70139e8bb9f9","ELEMENT":"a0cbdff6-891b-4c11-8486-70139e8bb9f9"},{"element-6066-11e4-a52e-4f735466cecf":"f7834056-86ce-4ac1-82f2-97a416ed9c46","ELEMENT":"f7834056-86ce-4ac1-82f2-97a416ed9c46"},{"element-6066-11e4-a52e-4f735466cecf":"c549a79c-2b33-4a58-8cc3-830180e19c90","ELEMENT":"c549a79c-2b33-4a58-8cc3-830180e19c90"},{"element-6066-11e4-a52e-4f735466cecf":"b573eb17-3776-4e0b-aeaa-2d67e9db2225","ELEMENT":"b573eb17-3776-4e0b-aeaa-2d67e9db2225"},{"element-6066-11e4-a52e-4f735466cecf":"7732e2b0-57b4-4a8b-9668-792cb6077fd9","ELEMENT":"7732e2b0-57b4-4a8b-9668-792cb6077fd9"},{"element-6066-11e4-a52e-4f735466cecf":"5af9d46c-9a5f-4ac5-a2ab-8500378e6a2e","ELEMENT":"5af9d46c-9a5f-4ac5-a2ab-8500378e6a2e"},{"element-6066-11e4-a52e-4f735466cecf":"c60b87f4-38a4-4c77-97a0-29adadd272e0","ELEMENT":"c60b87f4-38a4-4c77-97a0-29adadd272e0"},{"element-6066-11e4-a52e-4f735466cecf":"3709608a-a2a3-45e0-84ba-77d1d1692f5a","ELEMENT":"3709608a-a2a3-45e0-84ba-77d1d1692f5...
&amp#27;[35m[HTTP]&amp#27;[39m &amp#27;[37m<-- POST /wd/hub/session/6753ef3d-0727-4e8a-b8c4-ab98740d4887/elements &amp#27;[39m&amp#27;[32m200&amp#27;[39m &amp#27;[90m445 ms - 2571&amp#27;[39m
&amp#27;[35m[HTTP]&amp#27;[39m &amp#27;[90m&amp#27;[39m
&amp#27;[35m[HTTP]&amp#27;[39m &amp#27;[37m-->&amp#27;[39m &amp#27;[37mGET&amp#27;[39m &amp#27;[37m/wd/hub/session/6753ef3d-0727-4e8a-b8c4-ab98740d4887/element/a0cbdff6-891b-4c11-8486-70139e8bb9f9/text&amp#27;[39m
&amp#27;[35m[HTTP]&amp#27;[39m &amp#27;[90m{}&amp#27;[39m
&amp#27;[35m[W3C (6753ef3d)]&amp#27;[39m Driver proxy active, passing request on via HTTP proxy
[debug] &amp#27;[35m[WD Proxy]&amp#27;[39m Matched '/wd/hub/session/6753ef3d-0727-4e8a-b8c4-ab98740d4887/element/a0cbdff6-891b-4c11-8486-70139e8bb9f9/text' to command name 'getText'
[debug] &amp#27;[35m[WD Proxy]&amp#27;[39m Proxying [GET /wd/hub/session/6753ef3d-0727-4e8a-b8c4-ab98740d4887/element/a0cbdff6-891b-4c11-8486-70139e8bb9f9/text] to [GET http://localhost:8209/wd/hub/session/921a8b06-4146-4496-a809-0e08a9637d86/element/a0cbdff6-891b-4c11-8486-70139e8bb9f9/text] with body: {}
[debug] &amp#27;[35m[WD Proxy]&amp#27;[39m Got response with status 200: "{\"sessionId\":\"921a8b06-4146-4496-a809-0e08a9637d86\",\"status\":0,\"value\":\"Farming Simulator 18\"}"
&amp#27;[35m[WD Proxy]&amp#27;[39m Replacing sessionId 921a8b06-4146-4496-a809-0e08a9637d86 with 6753ef3d-0727-4e8a-b8c4-ab98740d4887
&amp#27;[35m[HTTP]&amp#27;[39m &amp#27;[37m<-- GET /wd/hub/session/6753ef3d-0727-4e8a-b8c4-ab98740d4887/element/a0cbdff6-891b-4c11-8486-70139e8bb9f9/text &amp#27;[39m&amp#27;[32m200&amp#27;[39m &amp#27;[90m36 ms - 94&amp#27;[39m
&amp#27;[35m[HTTP]&amp#27;[39m &amp#27;[90m&amp#27;[39m
&amp#27;[35m[HTTP]&amp#27;[39m &amp#27;[37m-->&amp#27;[39m &amp#27;[37mPOST&amp#27;[39m &amp#27;[37m/wd/hub/session/6753ef3d-0727-4e8a-b8c4-ab98740d4887/appium/device/press_keycode&amp#27;[39m
&amp#27;[35m[HTTP]&amp#27;[39m &amp#27;[90m{"keycode":20}&amp#27;[39m
[debug] &amp#27;[35m[W3C (6753ef3d)]&amp#27;[39m Calling AppiumDriver.pressKeyCode() with args: [20,null,null,null,null,"6753ef3d-0727-4e8a-b8c4-ab98740d4887"]
[debug] &amp#27;[35m[WD Proxy]&amp#27;[39m Matched '/appium/device/press_keycode' to command name 'pressKeyCode'
[debug] &amp#27;[35m[WD Proxy]&amp#27;[39m Proxying [POST /appium/device/press_keycode] to [POST http://localhost:8209/wd/hub/session/921a8b06-4146-4496-a809-0e08a9637d86/appium/device/press_keycode] with body: {"keycode":20,"metastate":null,"flags":null}
[debug] &amp#27;[35m[WD Proxy]&amp#27;[39m Got response with status 200: {"sessionId":"921a8b06-4146-4496-a809-0e08a9637d86","status":0,"value":true}
[debug] &amp#27;[35m[W3C (6753ef3d)]&amp#27;[39m Responding to client with driver.pressKeyCode() result: true
&amp#27;[35m[HTTP]&amp#27;[39m &amp#27;[37m<-- POST /wd/hub/session/6753ef3d-0727-4e8a-b8c4-ab98740d4887/appium/device/press_keycode &amp#27;[39m&amp#27;[32m200&amp#27;[39m &amp#27;[90m40 ms - 14&amp#27;[39m
&amp#27;[35m[HTTP]&amp#27;[39m &amp#27;[90m&amp#27;[39m
&amp#27;[35m[HTTP]&amp#27;[39m &amp#27;[37m-->&amp#27;[39m &amp#27;[37mPOST&amp#27;[39m &amp#27;[37m/wd/hub/session/6753ef3d-0727-4e8a-b8c4-ab98740d4887/elements&amp#27;[39m
&amp#27;[35m[HTTP]&amp#27;[39m &amp#27;[90m{"using":"class name","value":"android.widget.TextView"}&amp#27;[39m
[debug] &amp#27;[35m[W3C (6753ef3d)]&amp#27;[39m Calling AppiumDriver.findElements() with args: ["class name","android.widget.TextView","6753ef3d-0727-4e8a-b8c4-ab98740d4887"]
[debug] &amp#27;[35m[BaseDriver]&amp#27;[39m Valid locator strategies for this request: xpath, id, class name, accessibility id, -android uiautomator
[debug] &amp#27;[35m[BaseDriver]&amp#27;[39m Waiting up to 10000 ms for condition
[debug] &amp#27;[35m[WD Proxy]&amp#27;[39m Matched '/elements' to command name 'findElements'
[debug] &amp#27;[35m[WD Proxy]&amp#27;[39m Proxying [POST /elements] to [POST http://localhost:8209/wd/hub/session/921a8b06-4146-4496-a809-0e08a9637d86/elements] with body: {"strategy":"class name","selector":"android.widget.TextView","context":"","multiple":true}
[debug] &amp#27;[35m[WD Proxy]&amp#27;[39m Got response with status 200: {"sessionId":"921a8b06-4146-4496-a809-0e08a9637d86","status":0,"value":[{"ELEMENT":"fefa90cf-4a1a-407a-ab33-ae368dead331"},{"ELEMENT":"149b3df8-164f-4594-a8ee-852914889f3c"},{"ELEMENT":"797666c6-f4d1-4d36-b584-fa82486227dd"},{"ELEMENT":"1fb9a38e-c9e4-47b4-af63-3d0bc9d1edd1"},{"ELEMENT":"33d67355-b4a5-46b0-826e-16b2517cc5f3"},{"ELEMENT":"886c70f0-b184-4447-b653-94a682751af6"},{"ELEMENT":"34f214bf-cc8e-49b4-a09b-d87dd3fa119c"},{"ELEMENT":"d1154304-e059-456e-805e-325b813340f4"},{"ELEMENT":"0811af67-2db4-44fe-99a0-4821f641eba6"},{"ELEMENT":"2e6af18c-88b8-4962-aa22-356c5d2be5f3"},{"ELEMENT":"d4c53296-1d8c-47f2-b713-cab60b14ded3"},{"ELEMENT":"2f24a8d9-c1c8-405f-aa3a-87d42a20d18e"},{"ELEMENT":"54070f0e-bf13-498c-909a-fef26104c382"},{"ELEMENT":"35c96360-f5fd-4369-864c-9a79e8c0a88d"},{"ELEMENT":"b28bf5b8-e0d6-4928-97a7-eb1c93b10b5a"},{"ELEMENT":"fd0d68ee-be2c-4a9e-a73b-e9cd6615a9fa"},{"ELEMENT":"5b6689fe-6c9f-4a5b-a07b-70966a5c1b71"},{"ELEMENT":"78a06c25-ceaf-4ffa-8010-3764eda77957"},{"ELEMENT":"14ed34ae-96c1-47c4-...
[debug] &amp#27;[35m[W3C (6753ef3d)]&amp#27;[39m Responding to client with driver.findElements() result: [{"element-6066-11e4-a52e-4f735466cecf":"fefa90cf-4a1a-407a-ab33-ae368dead331","ELEMENT":"fefa90cf-4a1a-407a-ab33-ae368dead331"},{"element-6066-11e4-a52e-4f735466cecf":"149b3df8-164f-4594-a8ee-852914889f3c","ELEMENT":"149b3df8-164f-4594-a8ee-852914889f3c"},{"element-6066-11e4-a52e-4f735466cecf":"797666c6-f4d1-4d36-b584-fa82486227dd","ELEMENT":"797666c6-f4d1-4d36-b584-fa82486227dd"},{"element-6066-11e4-a52e-4f735466cecf":"1fb9a38e-c9e4-47b4-af63-3d0bc9d1edd1","ELEMENT":"1fb9a38e-c9e4-47b4-af63-3d0bc9d1edd1"},{"element-6066-11e4-a52e-4f735466cecf":"33d67355-b4a5-46b0-826e-16b2517cc5f3","ELEMENT":"33d67355-b4a5-46b0-826e-16b2517cc5f3"},{"element-6066-11e4-a52e-4f735466cecf":"886c70f0-b184-4447-b653-94a682751af6","ELEMENT":"886c70f0-b184-4447-b653-94a682751af6"},{"element-6066-11e4-a52e-4f735466cecf":"34f214bf-cc8e-49b4-a09b-d87dd3fa119c","ELEMENT":"34f214bf-cc8e-49b4-a09b-d87dd3fa119c"},{"element-6066-11e4-a52e-4f735466cecf":"d1154304-e059-456e-805e-325b813340f4","ELEMENT":"d1154304-e059-456e-805e-325b813340f...
&amp#27;[35m[HTTP]&amp#27;[39m &amp#27;[37m<-- POST /wd/hub/session/6753ef3d-0727-4e8a-b8c4-ab98740d4887/elements &amp#27;[39m&amp#27;[32m200&amp#27;[39m &amp#27;[90m476 ms - 2443&amp#27;[39m
&amp#27;[35m[HTTP]&amp#27;[39m &amp#27;[90m&amp#27;[39m
&amp#27;[35m[HTTP]&amp#27;[39m &amp#27;[37m-->&amp#27;[39m &amp#27;[37mGET&amp#27;[39m &amp#27;[37m/wd/hub/session/6753ef3d-0727-4e8a-b8c4-ab98740d4887/element/fefa90cf-4a1a-407a-ab33-ae368dead331/text&amp#27;[39m
&amp#27;[35m[HTTP]&amp#27;[39m &amp#27;[90m{}&amp#27;[39m
&amp#27;[35m[W3C (6753ef3d)]&amp#27;[39m Driver proxy active, passing request on via HTTP proxy
[debug] &amp#27;[35m[WD Proxy]&amp#27;[39m Matched '/wd/hub/session/6753ef3d-0727-4e8a-b8c4-ab98740d4887/element/fefa90cf-4a1a-407a-ab33-ae368dead331/text' to command name 'getText'
[debug] &amp#27;[35m[WD Proxy]&amp#27;[39m Proxying [GET /wd/hub/session/6753ef3d-0727-4e8a-b8c4-ab98740d4887/element/fefa90cf-4a1a-407a-ab33-ae368dead331/text] to [GET http://localhost:8209/wd/hub/session/921a8b06-4146-4496-a809-0e08a9637d86/element/fefa90cf-4a1a-407a-ab33-ae368dead331/text] with body: {}
[debug] &amp#27;[35m[WD Proxy]&amp#27;[39m Got response with status 200: "{\"sessionId\":\"921a8b06-4146-4496-a809-0e08a9637d86\",\"status\":0,\"value\":\"LEGOВ® DC Mighty Micros\"}"
&amp#27;[35m[WD Proxy]&amp#27;[39m Replacing sessionId 921a8b06-4146-4496-a809-0e08a9637d86 with 6753ef3d-0727-4e8a-b8c4-ab98740d4887
&amp#27;[35m[HTTP]&amp#27;[39m &amp#27;[37m<-- GET /wd/hub/session/6753ef3d-0727-4e8a-b8c4-ab98740d4887/element/fefa90cf-4a1a-407a-ab33-ae368dead331/text &amp#27;[39m&amp#27;[32m200&amp#27;[39m &amp#27;[90m35 ms - 97&amp#27;[39m
&amp#27;[35m[HTTP]&amp#27;[39m &amp#27;[90m&amp#27;[39m
&amp#27;[35m[HTTP]&amp#27;[39m &amp#27;[37m-->&amp#27;[39m &amp#27;[37mPOST&amp#27;[39m &amp#27;[37m/wd/hub/session/6753ef3d-0727-4e8a-b8c4-ab98740d4887/appium/device/press_keycode&amp#27;[39m
&amp#27;[35m[HTTP]&amp#27;[39m &amp#27;[90m{"keycode":20}&amp#27;[39m
[debug] &amp#27;[35m[W3C (6753ef3d)]&amp#27;[39m Calling AppiumDriver.pressKeyCode() with args: [20,null,null,null,null,"6753ef3d-0727-4e8a-b8c4-ab98740d4887"]
[debug] &amp#27;[35m[WD Proxy]&amp#27;[39m Matched '/appium/device/press_keycode' to command name 'pressKeyCode'
[debug] &amp#27;[35m[WD Proxy]&amp#27;[39m Proxying [POST /appium/device/press_keycode] to [POST http://localhost:8209/wd/hub/session/921a8b06-4146-4496-a809-0e08a9637d86/appium/device/press_keycode] with body: {"keycode":20,"metastate":null,"flags":null}
[debug] &amp#27;[35m[WD Proxy]&amp#27;[39m Got response with status 200: {"sessionId":"921a8b06-4146-4496-a809-0e08a9637d86","status":0,"value":true}
[debug] &amp#27;[35m[W3C (6753ef3d)]&amp#27;[39m Responding to client with driver.pressKeyCode() result: true
&amp#27;[35m[HTTP]&amp#27;[39m &amp#27;[37m<-- POST /wd/hub/session/6753ef3d-0727-4e8a-b8c4-ab98740d4887/appium/device/press_keycode &amp#27;[39m&amp#27;[32m200&amp#27;[39m &amp#27;[90m49 ms - 14&amp#27;[39m
&amp#27;[35m[HTTP]&amp#27;[39m &amp#27;[90m&amp#27;[39m
&amp#27;[35m[HTTP]&amp#27;[39m &amp#27;[37m-->&amp#27;[39m &amp#27;[37mPOST&amp#27;[39m &amp#27;[37m/wd/hub/session/6753ef3d-0727-4e8a-b8c4-ab98740d4887/elements&amp#27;[39m
&amp#27;[35m[HTTP]&amp#27;[39m &amp#27;[90m{"using":"class name","value":"android.widget.TextView"}&amp#27;[39m
[debug] &amp#27;[35m[W3C (6753ef3d)]&amp#27;[39m Calling AppiumDriver.findElements() with args: ["class name","android.widget.TextView","6753ef3d-0727-4e8a-b8c4-ab98740d4887"]
[debug] &amp#27;[35m[BaseDriver]&amp#27;[39m Valid locator strategies for this request: xpath, id, class name, accessibility id, -android uiautomator
[debug] &amp#27;[35m[BaseDriver]&amp#27;[39m Waiting up to 10000 ms for condition
[debug] &amp#27;[35m[WD Proxy]&amp#27;[39m Matched '/elements' to command name 'findElements'
[debug] &amp#27;[35m[WD Proxy]&amp#27;[39m Proxying [POST /elements] to [POST http://localhost:8209/wd/hub/session/921a8b06-4146-4496-a809-0e08a9637d86/elements] with body: {"strategy":"class name","selector":"android.widget.TextView","context":"","multiple":true}
[debug] &amp#27;[35m[WD Proxy]&amp#27;[39m Got response with status 200: {"sessionId":"921a8b06-4146-4496-a809-0e08a9637d86","status":0,"value":[{"ELEMENT":"c02030ee-f17f-45e2-876c-138eaefe61b9"},{"ELEMENT":"1ffb1869-a679-450f-8310-ba7757738590"},{"ELEMENT":"25974452-600e-433a-9302-5175ff4de048"},{"ELEMENT":"a724a824-6e68-40d9-aa85-df37e617034b"},{"ELEMENT":"ba63081b-c30c-46a6-a073-941a8ed6009b"},{"ELEMENT":"bd6a3bd0-bb37-4a1b-acd7-71746338fc60"},{"ELEMENT":"24494187-d6f9-4494-886c-df1f2b15280a"},{"ELEMENT":"9f36a9b9-12ad-4f5a-903c-6316f6777cd7"},{"ELEMENT":"4eda10a3-9ae8-4620-b738-b0a9c96aa301"},{"ELEMENT":"3c9e6c65-21f2-4125-8fa2-d3bf254de9bd"},{"ELEMENT":"0d998081-7377-4ccf-94cb-17e45653a256"},{"ELEMENT":"01e27f25-ef9e-40d6-a358-db2f484dfade"},{"ELEMENT":"fd646987-d7cd-442f-8411-0de6625df4a3"},{"ELEMENT":"edad0160-cf7b-49dc-878b-158e1665298f"},{"ELEMENT":"dbf50eaf-694a-4dab-bdea-62dd190abfa7"},{"ELEMENT":"f692bc35-c9b2-4058-9641-44506d64f293"},{"ELEMENT":"8ec2f0b0-f43f-4d08-a402-701514453a72"},{"ELEMENT":"fdc87bf5-c6a8-43df-b7fb-fc8feb4eb5d3"},{"ELEMENT":"05841e14-e21f-480e-...
[debug] &amp#27;[35m[W3C (6753ef3d)]&amp#27;[39m Responding to client with driver.findElements() result: [{"element-6066-11e4-a52e-4f735466cecf":"c02030ee-f17f-45e2-876c-138eaefe61b9","ELEMENT":"c02030ee-f17f-45e2-876c-138eaefe61b9"},{"element-6066-11e4-a52e-4f735466cecf":"1ffb1869-a679-450f-8310-ba7757738590","ELEMENT":"1ffb1869-a679-450f-8310-ba7757738590"},{"element-6066-11e4-a52e-4f735466cecf":"25974452-600e-433a-9302-5175ff4de048","ELEMENT":"25974452-600e-433a-9302-5175ff4de048"},{"element-6066-11e4-a52e-4f735466cecf":"a724a824-6e68-40d9-aa85-df37e617034b","ELEMENT":"a724a824-6e68-40d9-aa85-df37e617034b"},{"element-6066-11e4-a52e-4f735466cecf":"ba63081b-c30c-46a6-a073-941a8ed6009b","ELEMENT":"ba63081b-c30c-46a6-a073-941a8ed6009b"},{"element-6066-11e4-a52e-4f735466cecf":"bd6a3bd0-bb37-4a1b-acd7-71746338fc60","ELEMENT":"bd6a3bd0-bb37-4a1b-acd7-71746338fc60"},{"element-6066-11e4-a52e-4f735466cecf":"24494187-d6f9-4494-886c-df1f2b15280a","ELEMENT":"24494187-d6f9-4494-886c-df1f2b15280a"},{"element-6066-11e4-a52e-4f735466cecf":"9f36a9b9-12ad-4f5a-903c-6316f6777cd7","ELEMENT":"9f36a9b9-12ad-4f5a-903c-6316f6777cd...
&amp#27;[35m[HTTP]&amp#27;[39m &amp#27;[37m<-- POST /wd/hub/session/6753ef3d-0727-4e8a-b8c4-ab98740d4887/elements &amp#27;[39m&amp#27;[32m200&amp#27;[39m &amp#27;[90m549 ms - 2443&amp#27;[39m
&amp#27;[35m[HTTP]&amp#27;[39m &amp#27;[90m&amp#27;[39m
&amp#27;[35m[HTTP]&amp#27;[39m &amp#27;[37m-->&amp#27;[39m &amp#27;[37mGET&amp#27;[39m &amp#27;[37m/wd/hub/session/6753ef3d-0727-4e8a-b8c4-ab98740d4887/element/c02030ee-f17f-45e2-876c-138eaefe61b9/text&amp#27;[39m
&amp#27;[35m[HTTP]&amp#27;[39m &amp#27;[90m{}&amp#27;[39m
&amp#27;[35m[W3C (6753ef3d)]&amp#27;[39m Driver proxy active, passing request on via HTTP proxy
[debug] &amp#27;[35m[WD Proxy]&amp#27;[39m Matched '/wd/hub/session/6753ef3d-0727-4e8a-b8c4-ab98740d4887/element/c02030ee-f17f-45e2-876c-138eaefe61b9/text' to command name 'getText'
[debug] &amp#27;[35m[WD Proxy]&amp#27;[39m Proxying [GET /wd/hub/session/6753ef3d-0727-4e8a-b8c4-ab98740d4887/element/c02030ee-f17f-45e2-876c-138eaefe61b9/text] to [GET http://localhost:8209/wd/hub/session/921a8b06-4146-4496-a809-0e08a9637d86/element/c02030ee-f17f-45e2-876c-138eaefe61b9/text] with body: {}
[debug] &amp#27;[35m[WD Proxy]&amp#27;[39m Got response with status 200: "{\"sessionId\":\"921a8b06-4146-4496-a809-0e08a9637d86\",\"status\":0,\"value\":\"Crossy Road\"}"
&amp#27;[35m[WD Proxy]&amp#27;[39m Replacing sessionId 921a8b06-4146-4496-a809-0e08a9637d86 with 6753ef3d-0727-4e8a-b8c4-ab98740d4887
&amp#27;[35m[HTTP]&amp#27;[39m &amp#27;[37m<-- GET /wd/hub/session/6753ef3d-0727-4e8a-b8c4-ab98740d4887/element/c02030ee-f17f-45e2-876c-138eaefe61b9/text &amp#27;[39m&amp#27;[32m200&amp#27;[39m &amp#27;[90m38 ms - 85&amp#27;[39m
&amp#27;[35m[HTTP]&amp#27;[39m &amp#27;[90m&amp#27;[39m
&amp#27;[35m[HTTP]&amp#27;[39m &amp#27;[37m-->&amp#27;[39m &amp#27;[37mPOST&amp#27;[39m &amp#27;[37m/wd/hub/session/6753ef3d-0727-4e8a-b8c4-ab98740d4887/appium/device/press_keycode&amp#27;[39m
&amp#27;[35m[HTTP]&amp#27;[39m &amp#27;[90m{"keycode":20}&amp#27;[39m
[debug] &amp#27;[35m[W3C (6753ef3d)]&amp#27;[39m Calling AppiumDriver.pressKeyCode() with args: [20,null,null,null,null,"6753ef3d-0727-4e8a-b8c4-ab98740d4887"]
[debug] &amp#27;[35m[WD Proxy]&amp#27;[39m Matched '/appium/device/press_keycode' to command name 'pressKeyCode'
[debug] &amp#27;[35m[WD Proxy]&amp#27;[39m Proxying [POST /appium/device/press_keycode] to [POST http://localhost:8209/wd/hub/session/921a8b06-4146-4496-a809-0e08a9637d86/appium/device/press_keycode] with body: {"keycode":20,"metastate":null,"flags":null}
[debug] &amp#27;[35m[WD Proxy]&amp#27;[39m Got response with status 200: {"sessionId":"921a8b06-4146-4496-a809-0e08a9637d86","status":0,"value":true}
[debug] &amp#27;[35m[W3C (6753ef3d)]&amp#27;[39m Responding to client with driver.pressKeyCode() result: true
&amp#27;[35m[HTTP]&amp#27;[39m &amp#27;[37m<-- POST /wd/hub/session/6753ef3d-0727-4e8a-b8c4-ab98740d4887/appium/device/press_keycode &amp#27;[39m&amp#27;[32m200&amp#27;[39m &amp#27;[90m56 ms - 14&amp#27;[39m
&amp#27;[35m[HTTP]&amp#27;[39m &amp#27;[90m&amp#27;[39m
&amp#27;[35m[HTTP]&amp#27;[39m &amp#27;[37m-->&amp#27;[39m &amp#27;[37mPOST&amp#27;[39m &amp#27;[37m/wd/hub/session/6753ef3d-0727-4e8a-b8c4-ab98740d4887/elements&amp#27;[39m
&amp#27;[35m[HTTP]&amp#27;[39m &amp#27;[90m{"using":"class name","value":"android.widget.TextView"}&amp#27;[39m
[debug] &amp#27;[35m[W3C (6753ef3d)]&amp#27;[39m Calling AppiumDriver.findElements() with args: ["class name","android.widget.TextView","6753ef3d-0727-4e8a-b8c4-ab98740d4887"]
[debug] &amp#27;[35m[BaseDriver]&amp#27;[39m Valid locator strategies for this request: xpath, id, class name, accessibility id, -android uiautomator
[debug] &amp#27;[35m[BaseDriver]&amp#27;[39m Waiting up to 10000 ms for condition
[debug] &amp#27;[35m[WD Proxy]&amp#27;[39m Matched '/elements' to command name 'findElements'
[debug] &amp#27;[35m[WD Proxy]&amp#27;[39m Proxying [POST /elements] to [POST http://localhost:8209/wd/hub/session/921a8b06-4146-4496-a809-0e08a9637d86/elements] with body: {"strategy":"class name","selector":"android.widget.TextView","context":"","multiple":true}
[debug] &amp#27;[35m[WD Proxy]&amp#27;[39m Got response with status 200: {"sessionId":"921a8b06-4146-4496-a809-0e08a9637d86","status":0,"value":[{"ELEMENT":"927b75a8-0874-4e1a-a3a5-f406ca572655"},{"ELEMENT":"b52b012c-1f5a-4fb4-956e-fb1a145b7832"},{"ELEMENT":"5effe7c6-d760-4f91-99de-14913be1bb61"},{"ELEMENT":"616db87c-1fbc-465f-8de5-d9e8fc234853"},{"ELEMENT":"454c99c6-6c97-4a85-a556-a32ec62391db"},{"ELEMENT":"405697c1-7102-4e4c-9b12-8bc17b648233"},{"ELEMENT":"72954ea0-1a91-4a49-ba54-380338e82ba1"},{"ELEMENT":"6ee18c6b-677b-49df-aa2d-f3b81fe5e3a8"},{"ELEMENT":"18460b64-65e9-45ef-9c51-a784cf17651f"},{"ELEMENT":"c04631da-3409-4b86-9634-2aa1bc03bc49"},{"ELEMENT":"1ca5201f-7827-43fe-aabf-2df4e96f7c15"},{"ELEMENT":"4ee83e3b-7492-4a5d-b651-0492c3eb4519"},{"ELEMENT":"895c648b-32fe-4e57-9bc4-56ad8f440e73"},{"ELEMENT":"e467c394-d7ca-4f9d-bc1f-c87e28918c52"},{"ELEMENT":"dfd5c6ee-7852-4f26-820b-42df71a8aac2"},{"ELEMENT":"2d66d873-cdcf-4b59-adba-8402b3a270e0"},{"ELEMENT":"6bf034c4-0b0e-4f3e-b767-212fcfae0398"},{"ELEMENT":"36308828-1c12-4155-a4c2-76eed99af967"}]}
[debug] &amp#27;[35m[W3C (6753ef3d)]&amp#27;[39m Responding to client with driver.findElements() result: [{"element-6066-11e4-a52e-4f735466cecf":"927b75a8-0874-4e1a-a3a5-f406ca572655","ELEMENT":"927b75a8-0874-4e1a-a3a5-f406ca572655"},{"element-6066-11e4-a52e-4f735466cecf":"b52b012c-1f5a-4fb4-956e-fb1a145b7832","ELEMENT":"b52b012c-1f5a-4fb4-956e-fb1a145b7832"},{"element-6066-11e4-a52e-4f735466cecf":"5effe7c6-d760-4f91-99de-14913be1bb61","ELEMENT":"5effe7c6-d760-4f91-99de-14913be1bb61"},{"element-6066-11e4-a52e-4f735466cecf":"616db87c-1fbc-465f-8de5-d9e8fc234853","ELEMENT":"616db87c-1fbc-465f-8de5-d9e8fc234853"},{"element-6066-11e4-a52e-4f735466cecf":"454c99c6-6c97-4a85-a556-a32ec62391db","ELEMENT":"454c99c6-6c97-4a85-a556-a32ec62391db"},{"element-6066-11e4-a52e-4f735466cecf":"405697c1-7102-4e4c-9b12-8bc17b648233","ELEMENT":"405697c1-7102-4e4c-9b12-8bc17b648233"},{"element-6066-11e4-a52e-4f735466cecf":"72954ea0-1a91-4a49-ba54-380338e82ba1","ELEMENT":"72954ea0-1a91-4a49-ba54-380338e82ba1"},{"element-6066-11e4-a52e-4f735466cecf":"6ee18c6b-677b-49df-aa2d-f3b81fe5e3a8","ELEMENT":"6ee18c6b-677b-49df-aa2d-f3b81fe5e3a...
&amp#27;[35m[HTTP]&amp#27;[39m &amp#27;[37m<-- POST /wd/hub/session/6753ef3d-0727-4e8a-b8c4-ab98740d4887/elements &amp#27;[39m&amp#27;[32m200&amp#27;[39m &amp#27;[90m436 ms - 2315&amp#27;[39m
&amp#27;[35m[HTTP]&amp#27;[39m &amp#27;[90m&amp#27;[39m
&amp#27;[35m[HTTP]&amp#27;[39m &amp#27;[37m-->&amp#27;[39m &amp#27;[37mGET&amp#27;[39m &amp#27;[37m/wd/hub/session/6753ef3d-0727-4e8a-b8c4-ab98740d4887/element/927b75a8-0874-4e1a-a3a5-f406ca572655/text&amp#27;[39m
&amp#27;[35m[HTTP]&amp#27;[39m &amp#27;[90m{}&amp#27;[39m
&amp#27;[35m[W3C (6753ef3d)]&amp#27;[39m Driver proxy active, passing request on via HTTP proxy
[debug] &amp#27;[35m[WD Proxy]&amp#27;[39m Matched '/wd/hub/session/6753ef3d-0727-4e8a-b8c4-ab98740d4887/element/927b75a8-0874-4e1a-a3a5-f406ca572655/text' to command name 'getText'
[debug] &amp#27;[35m[WD Proxy]&amp#27;[39m Proxying [GET /wd/hub/session/6753ef3d-0727-4e8a-b8c4-ab98740d4887/element/927b75a8-0874-4e1a-a3a5-f406ca572655/text] to [GET http://localhost:8209/wd/hub/session/921a8b06-4146-4496-a809-0e08a9637d86/element/927b75a8-0874-4e1a-a3a5-f406ca572655/text] with body: {}
[debug] &amp#27;[35m[WD Proxy]&amp#27;[39m Got response with status 200: "{\"sessionId\":\"921a8b06-4146-4496-a809-0e08a9637d86\",\"status\":0,\"value\":\"Turbo Dismountв„ў\"}"
&amp#27;[35m[WD Proxy]&amp#27;[39m Replacing sessionId 921a8b06-4146-4496-a809-0e08a9637d86 with 6753ef3d-0727-4e8a-b8c4-ab98740d4887
&amp#27;[35m[HTTP]&amp#27;[39m &amp#27;[37m<-- GET /wd/hub/session/6753ef3d-0727-4e8a-b8c4-ab98740d4887/element/927b75a8-0874-4e1a-a3a5-f406ca572655/text &amp#27;[39m&amp#27;[32m200&amp#27;[39m &amp#27;[90m34 ms - 91&amp#27;[39m
&amp#27;[35m[HTTP]&amp#27;[39m &amp#27;[90m&amp#27;[39m
&amp#27;[35m[HTTP]&amp#27;[39m &amp#27;[37m-->&amp#27;[39m &amp#27;[37mPOST&amp#27;[39m &amp#27;[37m/wd/hub/session/6753ef3d-0727-4e8a-b8c4-ab98740d4887/appium/device/press_keycode&amp#27;[39m
&amp#27;[35m[HTTP]&amp#27;[39m &amp#27;[90m{"keycode":20}&amp#27;[39m
[debug] &amp#27;[35m[W3C (6753ef3d)]&amp#27;[39m Calling AppiumDriver.pressKeyCode() with args: [20,null,null,null,null,"6753ef3d-0727-4e8a-b8c4-ab98740d4887"]
[debug] &amp#27;[35m[WD Proxy]&amp#27;[39m Matched '/appium/device/press_keycode' to command name 'pressKeyCode'
[debug] &amp#27;[35m[WD Proxy]&amp#27;[39m Proxying [POST /appium/device/press_keycode] to [POST http://localhost:8209/wd/hub/session/921a8b06-4146-4496-a809-0e08a9637d86/appium/device/press_keycode] with body: {"keycode":20,"metastate":null,"flags":null}
[debug] &amp#27;[35m[WD Proxy]&amp#27;[39m Got response with status 200: {"sessionId":"921a8b06-4146-4496-a809-0e08a9637d86","status":0,"value":true}
[debug] &amp#27;[35m[W3C (6753ef3d)]&amp#27;[39m Responding to client with driver.pressKeyCode() result: true
&amp#27;[35m[HTTP]&amp#27;[39m &amp#27;[37m<-- POST /wd/hub/session/6753ef3d-0727-4e8a-b8c4-ab98740d4887/appium/device/press_keycode &amp#27;[39m&amp#27;[32m200&amp#27;[39m &amp#27;[90m43 ms - 14&amp#27;[39m
&amp#27;[35m[HTTP]&amp#27;[39m &amp#27;[90m&amp#27;[39m
&amp#27;[35m[HTTP]&amp#27;[39m &amp#27;[37m-->&amp#27;[39m &amp#27;[37mPOST&amp#27;[39m &amp#27;[37m/wd/hub/session/6753ef3d-0727-4e8a-b8c4-ab98740d4887/elements&amp#27;[39m
&amp#27;[35m[HTTP]&amp#27;[39m &amp#27;[90m{"using":"class name","value":"android.widget.TextView"}&amp#27;[39m
[debug] &amp#27;[35m[W3C (6753ef3d)]&amp#27;[39m Calling AppiumDriver.findElements() with args: ["class name","android.widget.TextView","6753ef3d-0727-4e8a-b8c4-ab98740d4887"]
[debug] &amp#27;[35m[BaseDriver]&amp#27;[39m Valid locator strategies for this request: xpath, id, class name, accessibility id, -android uiautomator
[debug] &amp#27;[35m[BaseDriver]&amp#27;[39m Waiting up to 10000 ms for condition
[debug] &amp#27;[35m[WD Proxy]&amp#27;[39m Matched '/elements' to command name 'findElements'
[debug] &amp#27;[35m[WD Proxy]&amp#27;[39m Proxying [POST /elements] to [POST http://localhost:8209/wd/hub/session/921a8b06-4146-4496-a809-0e08a9637d86/elements] with body: {"strategy":"class name","selector":"android.widget.TextView","context":"","multiple":true}
[debug] &amp#27;[35m[WD Proxy]&amp#27;[39m Got response with status 200: {"sessionId":"921a8b06-4146-4496-a809-0e08a9637d86","status":0,"value":[{"ELEMENT":"0bb3f837-85ee-413c-b7ef-291359bb71cb"},{"ELEMENT":"b1d6a9d0-f0b0-4900-ae18-3d65391e8ce9"},{"ELEMENT":"cd5e780d-8a37-4d1c-9477-ebd26ece8c9e"},{"ELEMENT":"dc7eebcb-deab-45df-8c4d-500d62a0a907"},{"ELEMENT":"a6196fb3-de3c-437c-80fb-7b474c6ab5c7"},{"ELEMENT":"e9d5d907-3733-4ccf-9324-e1b395ba6ca0"},{"ELEMENT":"ceda4096-8081-4c89-9828-b938cb9124e8"},{"ELEMENT":"b5880eca-71bb-4e0a-974d-2879ac42bf2d"},{"ELEMENT":"ed7177ea-1024-42dd-8a9b-28af1c877ca1"},{"ELEMENT":"a8c29570-f596-45dc-9eff-8bf76493d4eb"},{"ELEMENT":"c3887b12-c249-4eea-b2b9-14871871a5c9"},{"ELEMENT":"cdc08d03-87f7-44fe-b3ba-a140848ded34"},{"ELEMENT":"5af04cab-0055-49ba-8e29-fda8dcb1a639"},{"ELEMENT":"f3f5c592-d102-4001-b602-c7e4429f6480"},{"ELEMENT":"dd4b3e84-6b9a-49f2-9162-2b2ca2b2f909"}]}
[debug] &amp#27;[35m[W3C (6753ef3d)]&amp#27;[39m Responding to client with driver.findElements() result: [{"element-6066-11e4-a52e-4f735466cecf":"0bb3f837-85ee-413c-b7ef-291359bb71cb","ELEMENT":"0bb3f837-85ee-413c-b7ef-291359bb71cb"},{"element-6066-11e4-a52e-4f735466cecf":"b1d6a9d0-f0b0-4900-ae18-3d65391e8ce9","ELEMENT":"b1d6a9d0-f0b0-4900-ae18-3d65391e8ce9"},{"element-6066-11e4-a52e-4f735466cecf":"cd5e780d-8a37-4d1c-9477-ebd26ece8c9e","ELEMENT":"cd5e780d-8a37-4d1c-9477-ebd26ece8c9e"},{"element-6066-11e4-a52e-4f735466cecf":"dc7eebcb-deab-45df-8c4d-500d62a0a907","ELEMENT":"dc7eebcb-deab-45df-8c4d-500d62a0a907"},{"element-6066-11e4-a52e-4f735466cecf":"a6196fb3-de3c-437c-80fb-7b474c6ab5c7","ELEMENT":"a6196fb3-de3c-437c-80fb-7b474c6ab5c7"},{"element-6066-11e4-a52e-4f735466cecf":"e9d5d907-3733-4ccf-9324-e1b395ba6ca0","ELEMENT":"e9d5d907-3733-4ccf-9324-e1b395ba6ca0"},{"element-6066-11e4-a52e-4f735466cecf":"ceda4096-8081-4c89-9828-b938cb9124e8","ELEMENT":"ceda4096-8081-4c89-9828-b938cb9124e8"},{"element-6066-11e4-a52e-4f735466cecf":"b5880eca-71bb-4e0a-974d-2879ac42bf2d","ELEMENT":"b5880eca-71bb-4e0a-974d-2879ac42bf2...
&amp#27;[35m[HTTP]&amp#27;[39m &amp#27;[37m<-- POST /wd/hub/session/6753ef3d-0727-4e8a-b8c4-ab98740d4887/elements &amp#27;[39m&amp#27;[32m200&amp#27;[39m &amp#27;[90m400 ms - 1931&amp#27;[39m
&amp#27;[35m[HTTP]&amp#27;[39m &amp#27;[90m&amp#27;[39m
&amp#27;[35m[HTTP]&amp#27;[39m &amp#27;[37m-->&amp#27;[39m &amp#27;[37mGET&amp#27;[39m &amp#27;[37m/wd/hub/session/6753ef3d-0727-4e8a-b8c4-ab98740d4887/element/0bb3f837-85ee-413c-b7ef-291359bb71cb/text&amp#27;[39m
&amp#27;[35m[HTTP]&amp#27;[39m &amp#27;[90m{}&amp#27;[39m
&amp#27;[35m[W3C (6753ef3d)]&amp#27;[39m Driver proxy active, passing request on via HTTP proxy
[debug] &amp#27;[35m[WD Proxy]&amp#27;[39m Matched '/wd/hub/session/6753ef3d-0727-4e8a-b8c4-ab98740d4887/element/0bb3f837-85ee-413c-b7ef-291359bb71cb/text' to command name 'getText'
[debug] &amp#27;[35m[WD Proxy]&amp#27;[39m Proxying [GET /wd/hub/session/6753ef3d-0727-4e8a-b8c4-ab98740d4887/element/0bb3f837-85ee-413c-b7ef-291359bb71cb/text] to [GET http://localhost:8209/wd/hub/session/921a8b06-4146-4496-a809-0e08a9637d86/element/0bb3f837-85ee-413c-b7ef-291359bb71cb/text] with body: {}
[debug] &amp#27;[35m[WD Proxy]&amp#27;[39m Got response with status 200: "{\"sessionId\":\"921a8b06-4146-4496-a809-0e08a9637d86\",\"status\":0,\"value\":\"Implosion - Never Lose Hope\"}"
&amp#27;[35m[WD Proxy]&amp#27;[39m Replacing sessionId 921a8b06-4146-4496-a809-0e08a9637d86 with 6753ef3d-0727-4e8a-b8c4-ab98740d4887
&amp#27;[35m[HTTP]&amp#27;[39m &amp#27;[37m<-- GET /wd/hub/session/6753ef3d-0727-4e8a-b8c4-ab98740d4887/element/0bb3f837-85ee-413c-b7ef-291359bb71cb/text &amp#27;[39m&amp#27;[32m200&amp#27;[39m &amp#27;[90m37 ms - 101&amp#27;[39m
&amp#27;[35m[HTTP]&amp#27;[39m &amp#27;[90m&amp#27;[39m
&amp#27;[35m[HTTP]&amp#27;[39m &amp#27;[37m-->&amp#27;[39m &amp#27;[37mPOST&amp#27;[39m &amp#27;[37m/wd/hub/session/6753ef3d-0727-4e8a-b8c4-ab98740d4887/appium/device/press_keycode&amp#27;[39m
&amp#27;[35m[HTTP]&amp#27;[39m &amp#27;[90m{"keycode":20}&amp#27;[39m
[debug] &amp#27;[35m[W3C (6753ef3d)]&amp#27;[39m Calling AppiumDriver.pressKeyCode() with args: [20,null,null,null,null,"6753ef3d-0727-4e8a-b8c4-ab98740d4887"]
[debug] &amp#27;[35m[WD Proxy]&amp#27;[39m Matched '/appium/device/press_keycode' to command name 'pressKeyCode'
[debug] &amp#27;[35m[WD Proxy]&amp#27;[39m Proxying [POST /appium/device/press_keycode] to [POST http://localhost:8209/wd/hub/session/921a8b06-4146-4496-a809-0e08a9637d86/appium/device/press_keycode] with body: {"keycode":20,"metastate":null,"flags":null}
[debug] &amp#27;[35m[WD Proxy]&amp#27;[39m Got response with status 200: {"sessionId":"921a8b06-4146-4496-a809-0e08a9637d86","status":0,"value":true}
[debug] &amp#27;[35m[W3C (6753ef3d)]&amp#27;[39m Responding to client with driver.pressKeyCode() result: true
&amp#27;[35m[HTTP]&amp#27;[39m &amp#27;[37m<-- POST /wd/hub/session/6753ef3d-0727-4e8a-b8c4-ab98740d4887/appium/device/press_keycode &amp#27;[39m&amp#27;[32m200&amp#27;[39m &amp#27;[90m41 ms - 14&amp#27;[39m
&amp#27;[35m[HTTP]&amp#27;[39m &amp#27;[90m&amp#27;[39m
&amp#27;[35m[HTTP]&amp#27;[39m &amp#27;[37m-->&amp#27;[39m &amp#27;[37mPOST&amp#27;[39m &amp#27;[37m/wd/hub/session/6753ef3d-0727-4e8a-b8c4-ab98740d4887/elements&amp#27;[39m
&amp#27;[35m[HTTP]&amp#27;[39m &amp#27;[90m{"using":"class name","value":"android.widget.TextView"}&amp#27;[39m
[debug] &amp#27;[35m[W3C (6753ef3d)]&amp#27;[39m Calling AppiumDriver.findElements() with args: ["class name","android.widget.TextView","6753ef3d-0727-4e8a-b8c4-ab98740d4887"]
[debug] &amp#27;[35m[BaseDriver]&amp#27;[39m Valid locator strategies for this request: xpath, id, class name, accessibility id, -android uiautomator
[debug] &amp#27;[35m[BaseDriver]&amp#27;[39m Waiting up to 10000 ms for condition
[debug] &amp#27;[35m[WD Proxy]&amp#27;[39m Matched '/elements' to command name 'findElements'
[debug] &amp#27;[35m[WD Proxy]&amp#27;[39m Proxying [POST /elements] to [POST http://localhost:8209/wd/hub/session/921a8b06-4146-4496-a809-0e08a9637d86/elements] with body: {"strategy":"class name","selector":"android.widget.TextView","context":"","multiple":true}
[debug] &amp#27;[35m[WD Proxy]&amp#27;[39m Got response with status 200: {"sessionId":"921a8b06-4146-4496-a809-0e08a9637d86","status":0,"value":[{"ELEMENT":"65eb7b8d-7935-41e9-b9a0-b5ed7682d2a7"},{"ELEMENT":"19394627-276a-4049-ac75-13606c77e98c"},{"ELEMENT":"fb011686-6cdd-4ab6-9edb-7e344f0b35d8"},{"ELEMENT":"82b243c7-d9ac-4b26-9b7b-2a97f3e9021f"},{"ELEMENT":"ee6fa357-25d9-4539-8e34-5a91a8dd10b7"},{"ELEMENT":"8ea3348a-9741-4fb6-b4e7-092fa580f5eb"},{"ELEMENT":"1303c6e6-da58-4a96-8d15-5784daf9741b"},{"ELEMENT":"5d12c3df-0cb9-4c3e-89fd-3ceea846b2e2"},{"ELEMENT":"da964db8-90dd-45fc-9535-d9893f405f9c"},{"ELEMENT":"c17b0fa2-e02f-4b5b-9b68-ca1807919471"},{"ELEMENT":"9d442cd3-fec0-49dc-8056-0cd2b2aacf6a"},{"ELEMENT":"c17ad0c1-8252-49b4-99c8-211c85cc3b72"},{"ELEMENT":"1c086aa5-da9c-4dc9-aafa-7c09e83f2c7b"},{"ELEMENT":"7e206c41-63b1-4a36-b557-13692af7f9e0"},{"ELEMENT":"e6f659a2-321c-45ae-9cfd-20f9718610b6"}]}
[debug] &amp#27;[35m[W3C (6753ef3d)]&amp#27;[39m Responding to client with driver.findElements() result: [{"element-6066-11e4-a52e-4f735466cecf":"65eb7b8d-7935-41e9-b9a0-b5ed7682d2a7","ELEMENT":"65eb7b8d-7935-41e9-b9a0-b5ed7682d2a7"},{"element-6066-11e4-a52e-4f735466cecf":"19394627-276a-4049-ac75-13606c77e98c","ELEMENT":"19394627-276a-4049-ac75-13606c77e98c"},{"element-6066-11e4-a52e-4f735466cecf":"fb011686-6cdd-4ab6-9edb-7e344f0b35d8","ELEMENT":"fb011686-6cdd-4ab6-9edb-7e344f0b35d8"},{"element-6066-11e4-a52e-4f735466cecf":"82b243c7-d9ac-4b26-9b7b-2a97f3e9021f","ELEMENT":"82b243c7-d9ac-4b26-9b7b-2a97f3e9021f"},{"element-6066-11e4-a52e-4f735466cecf":"ee6fa357-25d9-4539-8e34-5a91a8dd10b7","ELEMENT":"ee6fa357-25d9-4539-8e34-5a91a8dd10b7"},{"element-6066-11e4-a52e-4f735466cecf":"8ea3348a-9741-4fb6-b4e7-092fa580f5eb","ELEMENT":"8ea3348a-9741-4fb6-b4e7-092fa580f5eb"},{"element-6066-11e4-a52e-4f735466cecf":"1303c6e6-da58-4a96-8d15-5784daf9741b","ELEMENT":"1303c6e6-da58-4a96-8d15-5784daf9741b"},{"element-6066-11e4-a52e-4f735466cecf":"5d12c3df-0cb9-4c3e-89fd-3ceea846b2e2","ELEMENT":"5d12c3df-0cb9-4c3e-89fd-3ceea846b2e...
&amp#27;[35m[HTTP]&amp#27;[39m &amp#27;[37m<-- POST /wd/hub/session/6753ef3d-0727-4e8a-b8c4-ab98740d4887/elements &amp#27;[39m&amp#27;[32m200&amp#27;[39m &amp#27;[90m100 ms - 1931&amp#27;[39m
&amp#27;[35m[HTTP]&amp#27;[39m &amp#27;[90m&amp#27;[39m
&amp#27;[35m[HTTP]&amp#27;[39m &amp#27;[37m-->&amp#27;[39m &amp#27;[37mGET&amp#27;[39m &amp#27;[37m/wd/hub/session/6753ef3d-0727-4e8a-b8c4-ab98740d4887/element/65eb7b8d-7935-41e9-b9a0-b5ed7682d2a7/text&amp#27;[39m
&amp#27;[35m[HTTP]&amp#27;[39m &amp#27;[90m{}&amp#27;[39m
&amp#27;[35m[W3C (6753ef3d)]&amp#27;[39m Driver proxy active, passing request on via HTTP proxy
[debug] &amp#27;[35m[WD Proxy]&amp#27;[39m Matched '/wd/hub/session/6753ef3d-0727-4e8a-b8c4-ab98740d4887/element/65eb7b8d-7935-41e9-b9a0-b5ed7682d2a7/text' to command name 'getText'
[debug] &amp#27;[35m[WD Proxy]&amp#27;[39m Proxying [GET /wd/hub/session/6753ef3d-0727-4e8a-b8c4-ab98740d4887/element/65eb7b8d-7935-41e9-b9a0-b5ed7682d2a7/text] to [GET http://localhost:8209/wd/hub/session/921a8b06-4146-4496-a809-0e08a9637d86/element/65eb7b8d-7935-41e9-b9a0-b5ed7682d2a7/text] with body: {}
[debug] &amp#27;[35m[WD Proxy]&amp#27;[39m Got response with status 200: "{\"sessionId\":\"921a8b06-4146-4496-a809-0e08a9637d86\",\"status\":0,\"value\":\"Implosion - Never Lose Hope\"}"
&amp#27;[35m[WD Proxy]&amp#27;[39m Replacing sessionId 921a8b06-4146-4496-a809-0e08a9637d86 with 6753ef3d-0727-4e8a-b8c4-ab98740d4887
&amp#27;[35m[HTTP]&amp#27;[39m &amp#27;[37m<-- GET /wd/hub/session/6753ef3d-0727-4e8a-b8c4-ab98740d4887/element/65eb7b8d-7935-41e9-b9a0-b5ed7682d2a7/text &amp#27;[39m&amp#27;[32m200&amp#27;[39m &amp#27;[90m34 ms - 101&amp#27;[39m
&amp#27;[35m[HTTP]&amp#27;[39m &amp#27;[90m&amp#27;[39m
&amp#27;[35m[HTTP]&amp#27;[39m &amp#27;[37m-->&amp#27;[39m &amp#27;[37mPOST&amp#27;[39m &amp#27;[37m/wd/hub/session/6753ef3d-0727-4e8a-b8c4-ab98740d4887/appium/device/press_keycode&amp#27;[39m
&amp#27;[35m[HTTP]&amp#27;[39m &amp#27;[90m{"keycode":20}&amp#27;[39m
[debug] &amp#27;[35m[W3C (6753ef3d)]&amp#27;[39m Calling AppiumDriver.pressKeyCode() with args: [20,null,null,null,null,"6753ef3d-0727-4e8a-b8c4-ab98740d4887"]
[debug] &amp#27;[35m[WD Proxy]&amp#27;[39m Matched '/appium/device/press_keycode' to command name 'pressKeyCode'
[debug] &amp#27;[35m[WD Proxy]&amp#27;[39m Proxying [POST /appium/device/press_keycode] to [POST http://localhost:8209/wd/hub/session/921a8b06-4146-4496-a809-0e08a9637d86/appium/device/press_keycode] with body: {"keycode":20,"metastate":null,"flags":null}
[debug] &amp#27;[35m[WD Proxy]&amp#27;[39m Got response with status 200: {"sessionId":"921a8b06-4146-4496-a809-0e08a9637d86","status":0,"value":true}
[debug] &amp#27;[35m[W3C (6753ef3d)]&amp#27;[39m Responding to client with driver.pressKeyCode() result: true
&amp#27;[35m[HTTP]&amp#27;[39m &amp#27;[37m<-- POST /wd/hub/session/6753ef3d-0727-4e8a-b8c4-ab98740d4887/appium/device/press_keycode &amp#27;[39m&amp#27;[32m200&amp#27;[39m &amp#27;[90m32 ms - 14&amp#27;[39m
&amp#27;[35m[HTTP]&amp#27;[39m &amp#27;[90m&amp#27;[39m
&amp#27;[35m[HTTP]&amp#27;[39m &amp#27;[37m-->&amp#27;[39m &amp#27;[37mPOST&amp#27;[39m &amp#27;[37m/wd/hub/session/6753ef3d-0727-4e8a-b8c4-ab98740d4887/elements&amp#27;[39m
&amp#27;[35m[HTTP]&amp#27;[39m &amp#27;[90m{"using":"class name","value":"android.widget.TextView"}&amp#27;[39m
[debug] &amp#27;[35m[W3C (6753ef3d)]&amp#27;[39m Calling AppiumDriver.findElements() with args: ["class name","android.widget.TextView","6753ef3d-0727-4e8a-b8c4-ab98740d4887"]
[debug] &amp#27;[35m[BaseDriver]&amp#27;[39m Valid locator strategies for this request: xpath, id, class name, accessibility id, -android uiautomator
[debug] &amp#27;[35m[BaseDriver]&amp#27;[39m Waiting up to 10000 ms for condition
[debug] &amp#27;[35m[WD Proxy]&amp#27;[39m Matched '/elements' to command name 'findElements'
[debug] &amp#27;[35m[WD Proxy]&amp#27;[39m Proxying [POST /elements] to [POST http://localhost:8209/wd/hub/session/921a8b06-4146-4496-a809-0e08a9637d86/elements] with body: {"strategy":"class name","selector":"android.widget.TextView","context":"","multiple":true}
[debug] &amp#27;[35m[WD Proxy]&amp#27;[39m Got response with status 200: {"sessionId":"921a8b06-4146-4496-a809-0e08a9637d86","status":0,"value":[{"ELEMENT":"4f18da0a-ee40-41bd-855a-9ba2400054a0"},{"ELEMENT":"eb30e363-8e80-48cf-a442-5340d15e7247"},{"ELEMENT":"95af7762-afd9-4251-ae53-90b2cf2d1d13"},{"ELEMENT":"0ccef5ea-328f-46c5-9400-e66dc45f993a"},{"ELEMENT":"bc05d4f8-c505-41fb-9833-2ab3306b3e42"},{"ELEMENT":"6c98902e-554d-424a-a88d-837d14b49975"},{"ELEMENT":"584d3e21-aea7-4a03-b0b0-f277e979dce0"},{"ELEMENT":"dc8b0302-579a-48bd-a806-9a85304cae14"},{"ELEMENT":"6782e008-d8a8-4bb3-a123-16e62a7a0f3b"},{"ELEMENT":"80a2c7da-4b6d-4f8d-9813-6ef102999bab"},{"ELEMENT":"d841c263-08d3-4c02-8db8-e3c48f8e510e"},{"ELEMENT":"5d7a88e1-0696-429a-8038-1cfb020ae2d6"},{"ELEMENT":"5ee3ba42-a6d4-4db2-b787-59fe4e890d87"},{"ELEMENT":"fe564d86-86d0-49d6-8a79-046fc65357a4"},{"ELEMENT":"eed72001-1341-4abd-a770-447c23af179b"}]}
[debug] &amp#27;[35m[W3C (6753ef3d)]&amp#27;[39m Responding to client with driver.findElements() result: [{"element-6066-11e4-a52e-4f735466cecf":"4f18da0a-ee40-41bd-855a-9ba2400054a0","ELEMENT":"4f18da0a-ee40-41bd-855a-9ba2400054a0"},{"element-6066-11e4-a52e-4f735466cecf":"eb30e363-8e80-48cf-a442-5340d15e7247","ELEMENT":"eb30e363-8e80-48cf-a442-5340d15e7247"},{"element-6066-11e4-a52e-4f735466cecf":"95af7762-afd9-4251-ae53-90b2cf2d1d13","ELEMENT":"95af7762-afd9-4251-ae53-90b2cf2d1d13"},{"element-6066-11e4-a52e-4f735466cecf":"0ccef5ea-328f-46c5-9400-e66dc45f993a","ELEMENT":"0ccef5ea-328f-46c5-9400-e66dc45f993a"},{"element-6066-11e4-a52e-4f735466cecf":"bc05d4f8-c505-41fb-9833-2ab3306b3e42","ELEMENT":"bc05d4f8-c505-41fb-9833-2ab3306b3e42"},{"element-6066-11e4-a52e-4f735466cecf":"6c98902e-554d-424a-a88d-837d14b49975","ELEMENT":"6c98902e-554d-424a-a88d-837d14b49975"},{"element-6066-11e4-a52e-4f735466cecf":"584d3e21-aea7-4a03-b0b0-f277e979dce0","ELEMENT":"584d3e21-aea7-4a03-b0b0-f277e979dce0"},{"element-6066-11e4-a52e-4f735466cecf":"dc8b0302-579a-48bd-a806-9a85304cae14","ELEMENT":"dc8b0302-579a-48bd-a806-9a85304cae1...
&amp#27;[35m[HTTP]&amp#27;[39m &amp#27;[37m<-- POST /wd/hub/session/6753ef3d-0727-4e8a-b8c4-ab98740d4887/elements &amp#27;[39m&amp#27;[32m200&amp#27;[39m &amp#27;[90m121 ms - 1931&amp#27;[39m
&amp#27;[35m[HTTP]&amp#27;[39m &amp#27;[90m&amp#27;[39m
&amp#27;[35m[HTTP]&amp#27;[39m &amp#27;[37m-->&amp#27;[39m &amp#27;[37mGET&amp#27;[39m &amp#27;[37m/wd/hub/session/6753ef3d-0727-4e8a-b8c4-ab98740d4887/element/4f18da0a-ee40-41bd-855a-9ba2400054a0/text&amp#27;[39m
&amp#27;[35m[HTTP]&amp#27;[39m &amp#27;[90m{}&amp#27;[39m
&amp#27;[35m[W3C (6753ef3d)]&amp#27;[39m Driver proxy active, passing request on via HTTP proxy
[debug] &amp#27;[35m[WD Proxy]&amp#27;[39m Matched '/wd/hub/session/6753ef3d-0727-4e8a-b8c4-ab98740d4887/element/4f18da0a-ee40-41bd-855a-9ba2400054a0/text' to command name 'getText'
[debug] &amp#27;[35m[WD Proxy]&amp#27;[39m Proxying [GET /wd/hub/session/6753ef3d-0727-4e8a-b8c4-ab98740d4887/element/4f18da0a-ee40-41bd-855a-9ba2400054a0/text] to [GET http://localhost:8209/wd/hub/session/921a8b06-4146-4496-a809-0e08a9637d86/element/4f18da0a-ee40-41bd-855a-9ba2400054a0/text] with body: {}
[debug] &amp#27;[35m[WD Proxy]&amp#27;[39m Got response with status 200: "{\"sessionId\":\"921a8b06-4146-4496-a809-0e08a9637d86\",\"status\":0,\"value\":\"Implosion - Never Lose Hope\"}"
&amp#27;[35m[WD Proxy]&amp#27;[39m Replacing sessionId 921a8b06-4146-4496-a809-0e08a9637d86 with 6753ef3d-0727-4e8a-b8c4-ab98740d4887
&amp#27;[35m[HTTP]&amp#27;[39m &amp#27;[37m<-- GET /wd/hub/session/6753ef3d-0727-4e8a-b8c4-ab98740d4887/element/4f18da0a-ee40-41bd-855a-9ba2400054a0/text &amp#27;[39m&amp#27;[32m200&amp#27;[39m &amp#27;[90m33 ms - 101&amp#27;[39m
&amp#27;[35m[HTTP]&amp#27;[39m &amp#27;[90m&amp#27;[39m
&amp#27;[35m[HTTP]&amp#27;[39m &amp#27;[37m-->&amp#27;[39m &amp#27;[37mPOST&amp#27;[39m &amp#27;[37m/wd/hub/session/6753ef3d-0727-4e8a-b8c4-ab98740d4887/appium/device/press_keycode&amp#27;[39m
&amp#27;[35m[HTTP]&amp#27;[39m &amp#27;[90m{"keycode":20}&amp#27;[39m
[debug] &amp#27;[35m[W3C (6753ef3d)]&amp#27;[39m Calling AppiumDriver.pressKeyCode() with args: [20,null,null,null,null,"6753ef3d-0727-4e8a-b8c4-ab98740d4887"]
[debug] &amp#27;[35m[WD Proxy]&amp#27;[39m Matched '/appium/device/press_keycode' to command name 'pressKeyCode'
[debug] &amp#27;[35m[WD Proxy]&amp#27;[39m Proxying [POST /appium/device/press_keycode] to [POST http://localhost:8209/wd/hub/session/921a8b06-4146-4496-a809-0e08a9637d86/appium/device/press_keycode] with body: {"keycode":20,"metastate":null,"flags":null}
[debug] &amp#27;[35m[WD Proxy]&amp#27;[39m Got response with status 200: {"sessionId":"921a8b06-4146-4496-a809-0e08a9637d86","status":0,"value":true}
[debug] &amp#27;[35m[W3C (6753ef3d)]&amp#27;[39m Responding to client with driver.pressKeyCode() result: true
&amp#27;[35m[HTTP]&amp#27;[39m &amp#27;[37m<-- POST /wd/hub/session/6753ef3d-0727-4e8a-b8c4-ab98740d4887/appium/device/press_keycode &amp#27;[39m&amp#27;[32m200&amp#27;[39m &amp#27;[90m32 ms - 14&amp#27;[39m
&amp#27;[35m[HTTP]&amp#27;[39m &amp#27;[90m&amp#27;[39m
&amp#27;[35m[HTTP]&amp#27;[39m &amp#27;[37m-->&amp#27;[39m &amp#27;[37mPOST&amp#27;[39m &amp#27;[37m/wd/hub/session/6753ef3d-0727-4e8a-b8c4-ab98740d4887/elements&amp#27;[39m
&amp#27;[35m[HTTP]&amp#27;[39m &amp#27;[90m{"using":"class name","value":"android.widget.TextView"}&amp#27;[39m
[debug] &amp#27;[35m[W3C (6753ef3d)]&amp#27;[39m Calling AppiumDriver.findElements() with args: ["class name","android.widget.TextView","6753ef3d-0727-4e8a-b8c4-ab98740d4887"]
[debug] &amp#27;[35m[BaseDriver]&amp#27;[39m Valid locator strategies for this request: xpath, id, class name, accessibility id, -android uiautomator
[debug] &amp#27;[35m[BaseDriver]&amp#27;[39m Waiting up to 10000 ms for condition
[debug] &amp#27;[35m[WD Proxy]&amp#27;[39m Matched '/elements' to command name 'findElements'
[debug] &amp#27;[35m[WD Proxy]&amp#27;[39m Proxying [POST /elements] to [POST http://localhost:8209/wd/hub/session/921a8b06-4146-4496-a809-0e08a9637d86/elements] with body: {"strategy":"class name","selector":"android.widget.TextView","context":"","multiple":true}
[debug] &amp#27;[35m[WD Proxy]&amp#27;[39m Got response with status 200: {"sessionId":"921a8b06-4146-4496-a809-0e08a9637d86","status":0,"value":[{"ELEMENT":"4dc408d6-938f-40f7-a701-5990dace6b9b"},{"ELEMENT":"d44dce53-c11a-474d-857c-d132438fe3de"},{"ELEMENT":"1fa21a1c-cdfd-48ce-918f-b1ab766353d4"},{"ELEMENT":"ec8623b8-1a38-4cb8-bc7b-818343360622"},{"ELEMENT":"eb1f7eea-76ff-4b9a-96f6-a88a7971bdc6"},{"ELEMENT":"a1223bc6-f8a1-4764-ab23-2e759cb6088e"},{"ELEMENT":"62d16f21-da5c-4e9e-8ff0-b642142e84dd"},{"ELEMENT":"45a7bff9-0bad-49a0-8bfa-d2bfff1310af"},{"ELEMENT":"7cdc29a2-daa3-4b53-b18e-967392e4055a"},{"ELEMENT":"ed7762a1-2f6e-471a-bdf0-7f79c341a335"},{"ELEMENT":"711009e1-df77-42cd-8e4f-1fb3183d9fb2"},{"ELEMENT":"fd60be85-4cc7-4706-9501-dd87db921876"},{"ELEMENT":"8bf9cc28-0789-47d5-8a13-2b15d3e436e1"},{"ELEMENT":"9f1bd9e9-4f0f-41b9-b44b-cd4f65d4058f"},{"ELEMENT":"0fd4441d-9023-4d88-9dd8-5773fb9741ff"}]}
[debug] &amp#27;[35m[W3C (6753ef3d)]&amp#27;[39m Responding to client with driver.findElements() result: [{"element-6066-11e4-a52e-4f735466cecf":"4dc408d6-938f-40f7-a701-5990dace6b9b","ELEMENT":"4dc408d6-938f-40f7-a701-5990dace6b9b"},{"element-6066-11e4-a52e-4f735466cecf":"d44dce53-c11a-474d-857c-d132438fe3de","ELEMENT":"d44dce53-c11a-474d-857c-d132438fe3de"},{"element-6066-11e4-a52e-4f735466cecf":"1fa21a1c-cdfd-48ce-918f-b1ab766353d4","ELEMENT":"1fa21a1c-cdfd-48ce-918f-b1ab766353d4"},{"element-6066-11e4-a52e-4f735466cecf":"ec8623b8-1a38-4cb8-bc7b-818343360622","ELEMENT":"ec8623b8-1a38-4cb8-bc7b-818343360622"},{"element-6066-11e4-a52e-4f735466cecf":"eb1f7eea-76ff-4b9a-96f6-a88a7971bdc6","ELEMENT":"eb1f7eea-76ff-4b9a-96f6-a88a7971bdc6"},{"element-6066-11e4-a52e-4f735466cecf":"a1223bc6-f8a1-4764-ab23-2e759cb6088e","ELEMENT":"a1223bc6-f8a1-4764-ab23-2e759cb6088e"},{"element-6066-11e4-a52e-4f735466cecf":"62d16f21-da5c-4e9e-8ff0-b642142e84dd","ELEMENT":"62d16f21-da5c-4e9e-8ff0-b642142e84dd"},{"element-6066-11e4-a52e-4f735466cecf":"45a7bff9-0bad-49a0-8bfa-d2bfff1310af","ELEMENT":"45a7bff9-0bad-49a0-8bfa-d2bfff1310a...
&amp#27;[35m[HTTP]&amp#27;[39m &amp#27;[37m<-- POST /wd/hub/session/6753ef3d-0727-4e8a-b8c4-ab98740d4887/elements &amp#27;[39m&amp#27;[32m200&amp#27;[39m &amp#27;[90m107 ms - 1931&amp#27;[39m
&amp#27;[35m[HTTP]&amp#27;[39m &amp#27;[90m&amp#27;[39m
&amp#27;[35m[HTTP]&amp#27;[39m &amp#27;[37m-->&amp#27;[39m &amp#27;[37mGET&amp#27;[39m &amp#27;[37m/wd/hub/session/6753ef3d-0727-4e8a-b8c4-ab98740d4887/element/4dc408d6-938f-40f7-a701-5990dace6b9b/text&amp#27;[39m
&amp#27;[35m[HTTP]&amp#27;[39m &amp#27;[90m{}&amp#27;[39m
&amp#27;[35m[W3C (6753ef3d)]&amp#27;[39m Driver proxy active, passing request on via HTTP proxy
[debug] &amp#27;[35m[WD Proxy]&amp#27;[39m Matched '/wd/hub/session/6753ef3d-0727-4e8a-b8c4-ab98740d4887/element/4dc408d6-938f-40f7-a701-5990dace6b9b/text' to command name 'getText'
[debug] &amp#27;[35m[WD Proxy]&amp#27;[39m Proxying [GET /wd/hub/session/6753ef3d-0727-4e8a-b8c4-ab98740d4887/element/4dc408d6-938f-40f7-a701-5990dace6b9b/text] to [GET http://localhost:8209/wd/hub/session/921a8b06-4146-4496-a809-0e08a9637d86/element/4dc408d6-938f-40f7-a701-5990dace6b9b/text] with body: {}
[debug] &amp#27;[35m[WD Proxy]&amp#27;[39m Got response with status 200: "{\"sessionId\":\"921a8b06-4146-4496-a809-0e08a9637d86\",\"status\":0,\"value\":\"Implosion - Never Lose Hope\"}"
&amp#27;[35m[WD Proxy]&amp#27;[39m Replacing sessionId 921a8b06-4146-4496-a809-0e08a9637d86 with 6753ef3d-0727-4e8a-b8c4-ab98740d4887
&amp#27;[35m[HTTP]&amp#27;[39m &amp#27;[37m<-- GET /wd/hub/session/6753ef3d-0727-4e8a-b8c4-ab98740d4887/element/4dc408d6-938f-40f7-a701-5990dace6b9b/text &amp#27;[39m&amp#27;[32m200&amp#27;[39m &amp#27;[90m33 ms - 101&amp#27;[39m
&amp#27;[35m[HTTP]&amp#27;[39m &amp#27;[90m&amp#27;[39m
&amp#27;[35m[HTTP]&amp#27;[39m &amp#27;[37m-->&amp#27;[39m &amp#27;[37mPOST&amp#27;[39m &amp#27;[37m/wd/hub/session/6753ef3d-0727-4e8a-b8c4-ab98740d4887/appium/device/press_keycode&amp#27;[39m
&amp#27;[35m[HTTP]&amp#27;[39m &amp#27;[90m{"keycode":20}&amp#27;[39m
[debug] &amp#27;[35m[W3C (6753ef3d)]&amp#27;[39m Calling AppiumDriver.pressKeyCode() with args: [20,null,null,null,null,"6753ef3d-0727-4e8a-b8c4-ab98740d4887"]
[debug] &amp#27;[35m[WD Proxy]&amp#27;[39m Matched '/appium/device/press_keycode' to command name 'pressKeyCode'
[debug] &amp#27;[35m[WD Proxy]&amp#27;[39m Proxying [POST /appium/device/press_keycode] to [POST http://localhost:8209/wd/hub/session/921a8b06-4146-4496-a809-0e08a9637d86/appium/device/press_keycode] with body: {"keycode":20,"metastate":null,"flags":null}
[debug] &amp#27;[35m[WD Proxy]&amp#27;[39m Got response with status 200: {"sessionId":"921a8b06-4146-4496-a809-0e08a9637d86","status":0,"value":true}
[debug] &amp#27;[35m[W3C (6753ef3d)]&amp#27;[39m Responding to client with driver.pressKeyCode() result: true
&amp#27;[35m[HTTP]&amp#27;[39m &amp#27;[37m<-- POST /wd/hub/session/6753ef3d-0727-4e8a-b8c4-ab98740d4887/appium/device/press_keycode &amp#27;[39m&amp#27;[32m200&amp#27;[39m &amp#27;[90m36 ms - 14&amp#27;[39m
&amp#27;[35m[HTTP]&amp#27;[39m &amp#27;[90m&amp#27;[39m
&amp#27;[35m[HTTP]&amp#27;[39m &amp#27;[37m-->&amp#27;[39m &amp#27;[37mPOST&amp#27;[39m &amp#27;[37m/wd/hub/session/6753ef3d-0727-4e8a-b8c4-ab98740d4887/elements&amp#27;[39m
&amp#27;[35m[HTTP]&amp#27;[39m &amp#27;[90m{"using":"class name","value":"android.widget.TextView"}&amp#27;[39m
[debug] &amp#27;[35m[W3C (6753ef3d)]&amp#27;[39m Calling AppiumDriver.findElements() with args: ["class name","android.widget.TextView","6753ef3d-0727-4e8a-b8c4-ab98740d4887"]
[debug] &amp#27;[35m[BaseDriver]&amp#27;[39m Valid locator strategies for this request: xpath, id, class name, accessibility id, -android uiautomator
[debug] &amp#27;[35m[BaseDriver]&amp#27;[39m Waiting up to 10000 ms for condition
[debug] &amp#27;[35m[WD Proxy]&amp#27;[39m Matched '/elements' to command name 'findElements'
[debug] &amp#27;[35m[WD Proxy]&amp#27;[39m Proxying [POST /elements] to [POST http://localhost:8209/wd/hub/session/921a8b06-4146-4496-a809-0e08a9637d86/elements] with body: {"strategy":"class name","selector":"android.widget.TextView","context":"","multiple":true}
[debug] &amp#27;[35m[WD Proxy]&amp#27;[39m Got response with status 200: {"sessionId":"921a8b06-4146-4496-a809-0e08a9637d86","status":0,"value":[{"ELEMENT":"b11175b6-3855-4484-8db0-b4d426f81a94"},{"ELEMENT":"9e735e59-3671-4a2b-a2a9-c317f76e2967"},{"ELEMENT":"8fb46d8a-ce8e-4aab-b6fe-edd3606f57c7"},{"ELEMENT":"4801f528-a5d3-4a0c-b33b-b5a3eedcf555"},{"ELEMENT":"0cc85f26-4de8-4fa7-b12e-f44be780f0fa"},{"ELEMENT":"af4fd7e1-e12b-4312-8033-2974b7a5b364"},{"ELEMENT":"9a260728-13da-406d-b87d-7a22ce5ca712"},{"ELEMENT":"e1e582f7-4930-4dc4-822d-be9a349ee10d"},{"ELEMENT":"fe8b18ed-7288-4715-97ac-e073e1ac954f"},{"ELEMENT":"5a0625d4-3ea1-471b-b20f-a507aa96f352"},{"ELEMENT":"702c47b3-686b-4795-a7a8-fb8510a3b41e"},{"ELEMENT":"11847d04-67d0-4930-9b57-47f1e779520d"},{"ELEMENT":"245e3247-3dc6-489c-b9f6-d7a0b6a71f1e"},{"ELEMENT":"d5eee50b-0b79-423f-a7d3-167e4c87140a"},{"ELEMENT":"df3171f7-15b3-4e04-b855-144ebb748665"}]}
[debug] &amp#27;[35m[W3C (6753ef3d)]&amp#27;[39m Responding to client with driver.findElements() result: [{"element-6066-11e4-a52e-4f735466cecf":"b11175b6-3855-4484-8db0-b4d426f81a94","ELEMENT":"b11175b6-3855-4484-8db0-b4d426f81a94"},{"element-6066-11e4-a52e-4f735466cecf":"9e735e59-3671-4a2b-a2a9-c317f76e2967","ELEMENT":"9e735e59-3671-4a2b-a2a9-c317f76e2967"},{"element-6066-11e4-a52e-4f735466cecf":"8fb46d8a-ce8e-4aab-b6fe-edd3606f57c7","ELEMENT":"8fb46d8a-ce8e-4aab-b6fe-edd3606f57c7"},{"element-6066-11e4-a52e-4f735466cecf":"4801f528-a5d3-4a0c-b33b-b5a3eedcf555","ELEMENT":"4801f528-a5d3-4a0c-b33b-b5a3eedcf555"},{"element-6066-11e4-a52e-4f735466cecf":"0cc85f26-4de8-4fa7-b12e-f44be780f0fa","ELEMENT":"0cc85f26-4de8-4fa7-b12e-f44be780f0fa"},{"element-6066-11e4-a52e-4f735466cecf":"af4fd7e1-e12b-4312-8033-2974b7a5b364","ELEMENT":"af4fd7e1-e12b-4312-8033-2974b7a5b364"},{"element-6066-11e4-a52e-4f735466cecf":"9a260728-13da-406d-b87d-7a22ce5ca712","ELEMENT":"9a260728-13da-406d-b87d-7a22ce5ca712"},{"element-6066-11e4-a52e-4f735466cecf":"e1e582f7-4930-4dc4-822d-be9a349ee10d","ELEMENT":"e1e582f7-4930-4dc4-822d-be9a349ee10...
&amp#27;[35m[HTTP]&amp#27;[39m &amp#27;[37m<-- POST /wd/hub/session/6753ef3d-0727-4e8a-b8c4-ab98740d4887/elements &amp#27;[39m&amp#27;[32m200&amp#27;[39m &amp#27;[90m122 ms - 1931&amp#27;[39m
&amp#27;[35m[HTTP]&amp#27;[39m &amp#27;[90m&amp#27;[39m
&amp#27;[35m[HTTP]&amp#27;[39m &amp#27;[37m-->&amp#27;[39m &amp#27;[37mGET&amp#27;[39m &amp#27;[37m/wd/hub/session/6753ef3d-0727-4e8a-b8c4-ab98740d4887/element/b11175b6-3855-4484-8db0-b4d426f81a94/text&amp#27;[39m
&amp#27;[35m[HTTP]&amp#27;[39m &amp#27;[90m{}&amp#27;[39m
&amp#27;[35m[W3C (6753ef3d)]&amp#27;[39m Driver proxy active, passing request on via HTTP proxy
[debug] &amp#27;[35m[WD Proxy]&amp#27;[39m Matched '/wd/hub/session/6753ef3d-0727-4e8a-b8c4-ab98740d4887/element/b11175b6-3855-4484-8db0-b4d426f81a94/text' to command name 'getText'
[debug] &amp#27;[35m[WD Proxy]&amp#27;[39m Proxying [GET /wd/hub/session/6753ef3d-0727-4e8a-b8c4-ab98740d4887/element/b11175b6-3855-4484-8db0-b4d426f81a94/text] to [GET http://localhost:8209/wd/hub/session/921a8b06-4146-4496-a809-0e08a9637d86/element/b11175b6-3855-4484-8db0-b4d426f81a94/text] with body: {}
[debug] &amp#27;[35m[WD Proxy]&amp#27;[39m Got response with status 200: "{\"sessionId\":\"921a8b06-4146-4496-a809-0e08a9637d86\",\"status\":0,\"value\":\"Implosion - Never Lose Hope\"}"
&amp#27;[35m[WD Proxy]&amp#27;[39m Replacing sessionId 921a8b06-4146-4496-a809-0e08a9637d86 with 6753ef3d-0727-4e8a-b8c4-ab98740d4887
&amp#27;[35m[HTTP]&amp#27;[39m &amp#27;[37m<-- GET /wd/hub/session/6753ef3d-0727-4e8a-b8c4-ab98740d4887/element/b11175b6-3855-4484-8db0-b4d426f81a94/text &amp#27;[39m&amp#27;[32m200&amp#27;[39m &amp#27;[90m32 ms - 101&amp#27;[39m
&amp#27;[35m[HTTP]&amp#27;[39m &amp#27;[90m&amp#27;[39m
&amp#27;[35m[HTTP]&amp#27;[39m &amp#27;[37m-->&amp#27;[39m &amp#27;[37mPOST&amp#27;[39m &amp#27;[37m/wd/hub/session/6753ef3d-0727-4e8a-b8c4-ab98740d4887/appium/device/press_keycode&amp#27;[39m
&amp#27;[35m[HTTP]&amp#27;[39m &amp#27;[90m{"keycode":20}&amp#27;[39m
[debug] &amp#27;[35m[W3C (6753ef3d)]&amp#27;[39m Calling AppiumDriver.pressKeyCode() with args: [20,null,null,null,null,"6753ef3d-0727-4e8a-b8c4-ab98740d4887"]
[debug] &amp#27;[35m[WD Proxy]&amp#27;[39m Matched '/appium/device/press_keycode' to command name 'pressKeyCode'
[debug] &amp#27;[35m[WD Proxy]&amp#27;[39m Proxying [POST /appium/device/press_keycode] to [POST http://localhost:8209/wd/hub/session/921a8b06-4146-4496-a809-0e08a9637d86/appium/device/press_keycode] with body: {"keycode":20,"metastate":null,"flags":null}
[debug] &amp#27;[35m[WD Proxy]&amp#27;[39m Got response with status 200: {"sessionId":"921a8b06-4146-4496-a809-0e08a9637d86","status":0,"value":true}
[debug] &amp#27;[35m[W3C (6753ef3d)]&amp#27;[39m Responding to client with driver.pressKeyCode() result: true
&amp#27;[35m[HTTP]&amp#27;[39m &amp#27;[37m<-- POST /wd/hub/session/6753ef3d-0727-4e8a-b8c4-ab98740d4887/appium/device/press_keycode &amp#27;[39m&amp#27;[32m200&amp#27;[39m &amp#27;[90m37 ms - 14&amp#27;[39m
&amp#27;[35m[HTTP]&amp#27;[39m &amp#27;[90m&amp#27;[39m
&amp#27;[35m[HTTP]&amp#27;[39m &amp#27;[37m-->&amp#27;[39m &amp#27;[37mPOST&amp#27;[39m &amp#27;[37m/wd/hub/session/6753ef3d-0727-4e8a-b8c4-ab98740d4887/elements&amp#27;[39m
&amp#27;[35m[HTTP]&amp#27;[39m &amp#27;[90m{"using":"class name","value":"android.widget.TextView"}&amp#27;[39m
[debug] &amp#27;[35m[W3C (6753ef3d)]&amp#27;[39m Calling AppiumDriver.findElements() with args: ["class name","android.widget.TextView","6753ef3d-0727-4e8a-b8c4-ab98740d4887"]
[debug] &amp#27;[35m[BaseDriver]&amp#27;[39m Valid locator strategies for this request: xpath, id, class name, accessibility id, -android uiautomator
[debug] &amp#27;[35m[BaseDriver]&amp#27;[39m Waiting up to 10000 ms for condition
[debug] &amp#27;[35m[WD Proxy]&amp#27;[39m Matched '/elements' to command name 'findElements'
[debug] &amp#27;[35m[WD Proxy]&amp#27;[39m Proxying [POST /elements] to [POST http://localhost:8209/wd/hub/session/921a8b06-4146-4496-a809-0e08a9637d86/elements] with body: {"strategy":"class name","selector":"android.widget.TextView","context":"","multiple":true}
[debug] &amp#27;[35m[WD Proxy]&amp#27;[39m Got response with status 200: {"sessionId":"921a8b06-4146-4496-a809-0e08a9637d86","status":0,"value":[{"ELEMENT":"0a35a45d-8772-4e7d-8e72-edd13c73ad5c"},{"ELEMENT":"e1e20321-143d-4961-9b39-737003ad6e22"},{"ELEMENT":"d0d0b67a-09b2-4568-ab6a-2c561d07fa80"},{"ELEMENT":"a8ab3dda-1bd7-4cd7-8eb3-d5f19f9d0ab5"},{"ELEMENT":"3230baa2-6167-46cf-9611-4a2fd6565d65"},{"ELEMENT":"87e6adeb-d38c-4411-ad44-f7ab42f48af4"},{"ELEMENT":"ba3c2c1e-3e5a-404f-bb7c-53893dd7209f"},{"ELEMENT":"974ef242-89d6-41f6-9de8-49f459e4f3f2"},{"ELEMENT":"c42d4b5d-ea30-4110-be53-6e2a5f683b04"},{"ELEMENT":"4b39f6b7-89c4-43f1-a89d-ec280272ea6e"},{"ELEMENT":"a944a19b-9f1d-4024-a625-90097e3b8f74"},{"ELEMENT":"1eab9cf9-db10-4867-94d5-fd811a5c6f76"},{"ELEMENT":"897a15f8-e44e-4c78-a91f-b3d5d47931f3"},{"ELEMENT":"712e61ab-13e6-4ee0-aa68-e7c4e14ddee9"},{"ELEMENT":"83e05b16-90e6-4d0b-9a02-1014eb40eb9f"}]}
[debug] &amp#27;[35m[W3C (6753ef3d)]&amp#27;[39m Responding to client with driver.findElements() result: [{"element-6066-11e4-a52e-4f735466cecf":"0a35a45d-8772-4e7d-8e72-edd13c73ad5c","ELEMENT":"0a35a45d-8772-4e7d-8e72-edd13c73ad5c"},{"element-6066-11e4-a52e-4f735466cecf":"e1e20321-143d-4961-9b39-737003ad6e22","ELEMENT":"e1e20321-143d-4961-9b39-737003ad6e22"},{"element-6066-11e4-a52e-4f735466cecf":"d0d0b67a-09b2-4568-ab6a-2c561d07fa80","ELEMENT":"d0d0b67a-09b2-4568-ab6a-2c561d07fa80"},{"element-6066-11e4-a52e-4f735466cecf":"a8ab3dda-1bd7-4cd7-8eb3-d5f19f9d0ab5","ELEMENT":"a8ab3dda-1bd7-4cd7-8eb3-d5f19f9d0ab5"},{"element-6066-11e4-a52e-4f735466cecf":"3230baa2-6167-46cf-9611-4a2fd6565d65","ELEMENT":"3230baa2-6167-46cf-9611-4a2fd6565d65"},{"element-6066-11e4-a52e-4f735466cecf":"87e6adeb-d38c-4411-ad44-f7ab42f48af4","ELEMENT":"87e6adeb-d38c-4411-ad44-f7ab42f48af4"},{"element-6066-11e4-a52e-4f735466cecf":"ba3c2c1e-3e5a-404f-bb7c-53893dd7209f","ELEMENT":"ba3c2c1e-3e5a-404f-bb7c-53893dd7209f"},{"element-6066-11e4-a52e-4f735466cecf":"974ef242-89d6-41f6-9de8-49f459e4f3f2","ELEMENT":"974ef242-89d6-41f6-9de8-49f459e4f3f...
&amp#27;[35m[HTTP]&amp#27;[39m &amp#27;[37m<-- POST /wd/hub/session/6753ef3d-0727-4e8a-b8c4-ab98740d4887/elements &amp#27;[39m&amp#27;[32m200&amp#27;[39m &amp#27;[90m125 ms - 1931&amp#27;[39m
&amp#27;[35m[HTTP]&amp#27;[39m &amp#27;[90m&amp#27;[39m
&amp#27;[35m[HTTP]&amp#27;[39m &amp#27;[37m-->&amp#27;[39m &amp#27;[37mGET&amp#27;[39m &amp#27;[37m/wd/hub/session/6753ef3d-0727-4e8a-b8c4-ab98740d4887/element/0a35a45d-8772-4e7d-8e72-edd13c73ad5c/text&amp#27;[39m
&amp#27;[35m[HTTP]&amp#27;[39m &amp#27;[90m{}&amp#27;[39m
&amp#27;[35m[W3C (6753ef3d)]&amp#27;[39m Driver proxy active, passing request on via HTTP proxy
[debug] &amp#27;[35m[WD Proxy]&amp#27;[39m Matched '/wd/hub/session/6753ef3d-0727-4e8a-b8c4-ab98740d4887/element/0a35a45d-8772-4e7d-8e72-edd13c73ad5c/text' to command name 'getText'
[debug] &amp#27;[35m[WD Proxy]&amp#27;[39m Proxying [GET /wd/hub/session/6753ef3d-0727-4e8a-b8c4-ab98740d4887/element/0a35a45d-8772-4e7d-8e72-edd13c73ad5c/text] to [GET http://localhost:8209/wd/hub/session/921a8b06-4146-4496-a809-0e08a9637d86/element/0a35a45d-8772-4e7d-8e72-edd13c73ad5c/text] with body: {}
[debug] &amp#27;[35m[WD Proxy]&amp#27;[39m Got response with status 200: "{\"sessionId\":\"921a8b06-4146-4496-a809-0e08a9637d86\",\"status\":0,\"value\":\"Implosion - Never Lose Hope\"}"
&amp#27;[35m[WD Proxy]&amp#27;[39m Replacing sessionId 921a8b06-4146-4496-a809-0e08a9637d86 with 6753ef3d-0727-4e8a-b8c4-ab98740d4887
&amp#27;[35m[HTTP]&amp#27;[39m &amp#27;[37m<-- GET /wd/hub/session/6753ef3d-0727-4e8a-b8c4-ab98740d4887/element/0a35a45d-8772-4e7d-8e72-edd13c73ad5c/text &amp#27;[39m&amp#27;[32m200&amp#27;[39m &amp#27;[90m38 ms - 101&amp#27;[39m
&amp#27;[35m[HTTP]&amp#27;[39m &amp#27;[90m&amp#27;[39m
&amp#27;[35m[HTTP]&amp#27;[39m &amp#27;[37m-->&amp#27;[39m &amp#27;[37mPOST&amp#27;[39m &amp#27;[37m/wd/hub/session/6753ef3d-0727-4e8a-b8c4-ab98740d4887/appium/device/press_keycode&amp#27;[39m
&amp#27;[35m[HTTP]&amp#27;[39m &amp#27;[90m{"keycode":20}&amp#27;[39m
[debug] &amp#27;[35m[W3C (6753ef3d)]&amp#27;[39m Calling AppiumDriver.pressKeyCode() with args: [20,null,null,null,null,"6753ef3d-0727-4e8a-b8c4-ab98740d4887"]
[debug] &amp#27;[35m[WD Proxy]&amp#27;[39m Matched '/appium/device/press_keycode' to command name 'pressKeyCode'
[debug] &amp#27;[35m[WD Proxy]&amp#27;[39m Proxying [POST /appium/device/press_keycode] to [POST http://localhost:8209/wd/hub/session/921a8b06-4146-4496-a809-0e08a9637d86/appium/device/press_keycode] with body: {"keycode":20,"metastate":null,"flags":null}
[debug] &amp#27;[35m[WD Proxy]&amp#27;[39m Got response with status 200: {"sessionId":"921a8b06-4146-4496-a809-0e08a9637d86","status":0,"value":true}
[debug] &amp#27;[35m[W3C (6753ef3d)]&amp#27;[39m Responding to client with driver.pressKeyCode() result: true
&amp#27;[35m[HTTP]&amp#27;[39m &amp#27;[37m<-- POST /wd/hub/session/6753ef3d-0727-4e8a-b8c4-ab98740d4887/appium/device/press_keycode &amp#27;[39m&amp#27;[32m200&amp#27;[39m &amp#27;[90m38 ms - 14&amp#27;[39m
&amp#27;[35m[HTTP]&amp#27;[39m &amp#27;[90m&amp#27;[39m
&amp#27;[35m[HTTP]&amp#27;[39m &amp#27;[37m-->&amp#27;[39m &amp#27;[37mPOST&amp#27;[39m &amp#27;[37m/wd/hub/session/6753ef3d-0727-4e8a-b8c4-ab98740d4887/elements&amp#27;[39m
&amp#27;[35m[HTTP]&amp#27;[39m &amp#27;[90m{"using":"class name","value":"android.widget.TextView"}&amp#27;[39m
[debug] &amp#27;[35m[W3C (6753ef3d)]&amp#27;[39m Calling AppiumDriver.findElements() with args: ["class name","android.widget.TextView","6753ef3d-0727-4e8a-b8c4-ab98740d4887"]
[debug] &amp#27;[35m[BaseDriver]&amp#27;[39m Valid locator strategies for this request: xpath, id, class name, accessibility id, -android uiautomator
[debug] &amp#27;[35m[BaseDriver]&amp#27;[39m Waiting up to 10000 ms for condition
[debug] &amp#27;[35m[WD Proxy]&amp#27;[39m Matched '/elements' to command name 'findElements'
[debug] &amp#27;[35m[WD Proxy]&amp#27;[39m Proxying [POST /elements] to [POST http://localhost:8209/wd/hub/session/921a8b06-4146-4496-a809-0e08a9637d86/elements] with body: {"strategy":"class name","selector":"android.widget.TextView","context":"","multiple":true}
[debug] &amp#27;[35m[WD Proxy]&amp#27;[39m Got response with status 200: {"sessionId":"921a8b06-4146-4496-a809-0e08a9637d86","status":0,"value":[{"ELEMENT":"186ab215-9519-4499-a2d6-0a4dac1f988b"},{"ELEMENT":"1cb88bd7-c48c-45ca-ba58-164bd1e1d0cc"},{"ELEMENT":"f055b7a2-2b8c-4da3-9ec5-784e7eea2452"},{"ELEMENT":"77cc8e2e-19b3-40e6-aa1c-527f02083261"},{"ELEMENT":"03de1b59-86b1-4ef9-b230-ad8ed17f80bc"},{"ELEMENT":"af132699-69e1-403a-8449-01a0d6afaec8"},{"ELEMENT":"9647b74f-1d18-4b7c-918f-3c9ce4801ab2"},{"ELEMENT":"e5baa131-c010-4221-96a0-fa6ab28803fb"},{"ELEMENT":"ab918536-7b00-4d7c-85a5-2d312de8a79f"},{"ELEMENT":"b7073872-0541-4187-8cf7-a79b2934ebcb"},{"ELEMENT":"cd02b9da-ca38-4294-a62d-b815c1101960"},{"ELEMENT":"8af8f477-c4a5-4eed-b764-bd03d42b9b5e"},{"ELEMENT":"ad1b209e-e0d0-4390-b13b-75799f05c86b"},{"ELEMENT":"2b70e361-c231-41f2-a8c6-0e66b3c4bfbc"},{"ELEMENT":"6fc0febd-d129-4e33-a828-26cf4a1802b0"}]}
[debug] &amp#27;[35m[W3C (6753ef3d)]&amp#27;[39m Responding to client with driver.findElements() result: [{"element-6066-11e4-a52e-4f735466cecf":"186ab215-9519-4499-a2d6-0a4dac1f988b","ELEMENT":"186ab215-9519-4499-a2d6-0a4dac1f988b"},{"element-6066-11e4-a52e-4f735466cecf":"1cb88bd7-c48c-45ca-ba58-164bd1e1d0cc","ELEMENT":"1cb88bd7-c48c-45ca-ba58-164bd1e1d0cc"},{"element-6066-11e4-a52e-4f735466cecf":"f055b7a2-2b8c-4da3-9ec5-784e7eea2452","ELEMENT":"f055b7a2-2b8c-4da3-9ec5-784e7eea2452"},{"element-6066-11e4-a52e-4f735466cecf":"77cc8e2e-19b3-40e6-aa1c-527f02083261","ELEMENT":"77cc8e2e-19b3-40e6-aa1c-527f02083261"},{"element-6066-11e4-a52e-4f735466cecf":"03de1b59-86b1-4ef9-b230-ad8ed17f80bc","ELEMENT":"03de1b59-86b1-4ef9-b230-ad8ed17f80bc"},{"element-6066-11e4-a52e-4f735466cecf":"af132699-69e1-403a-8449-01a0d6afaec8","ELEMENT":"af132699-69e1-403a-8449-01a0d6afaec8"},{"element-6066-11e4-a52e-4f735466cecf":"9647b74f-1d18-4b7c-918f-3c9ce4801ab2","ELEMENT":"9647b74f-1d18-4b7c-918f-3c9ce4801ab2"},{"element-6066-11e4-a52e-4f735466cecf":"e5baa131-c010-4221-96a0-fa6ab28803fb","ELEMENT":"e5baa131-c010-4221-96a0-fa6ab28803f...
&amp#27;[35m[HTTP]&amp#27;[39m &amp#27;[37m<-- POST /wd/hub/session/6753ef3d-0727-4e8a-b8c4-ab98740d4887/elements &amp#27;[39m&amp#27;[32m200&amp#27;[39m &amp#27;[90m108 ms - 1931&amp#27;[39m
&amp#27;[35m[HTTP]&amp#27;[39m &amp#27;[90m&amp#27;[39m
&amp#27;[35m[HTTP]&amp#27;[39m &amp#27;[37m-->&amp#27;[39m &amp#27;[37mGET&amp#27;[39m &amp#27;[37m/wd/hub/session/6753ef3d-0727-4e8a-b8c4-ab98740d4887/element/186ab215-9519-4499-a2d6-0a4dac1f988b/text&amp#27;[39m
&amp#27;[35m[HTTP]&amp#27;[39m &amp#27;[90m{}&amp#27;[39m
&amp#27;[35m[W3C (6753ef3d)]&amp#27;[39m Driver proxy active, passing request on via HTTP proxy
[debug] &amp#27;[35m[WD Proxy]&amp#27;[39m Matched '/wd/hub/session/6753ef3d-0727-4e8a-b8c4-ab98740d4887/element/186ab215-9519-4499-a2d6-0a4dac1f988b/text' to command name 'getText'
[debug] &amp#27;[35m[WD Proxy]&amp#27;[39m Proxying [GET /wd/hub/session/6753ef3d-0727-4e8a-b8c4-ab98740d4887/element/186ab215-9519-4499-a2d6-0a4dac1f988b/text] to [GET http://localhost:8209/wd/hub/session/921a8b06-4146-4496-a809-0e08a9637d86/element/186ab215-9519-4499-a2d6-0a4dac1f988b/text] with body: {}
[debug] &amp#27;[35m[WD Proxy]&amp#27;[39m Got response with status 200: "{\"sessionId\":\"921a8b06-4146-4496-a809-0e08a9637d86\",\"status\":0,\"value\":\"Implosion - Never Lose Hope\"}"
&amp#27;[35m[WD Proxy]&amp#27;[39m Replacing sessionId 921a8b06-4146-4496-a809-0e08a9637d86 with 6753ef3d-0727-4e8a-b8c4-ab98740d4887
&amp#27;[35m[HTTP]&amp#27;[39m &amp#27;[37m<-- GET /wd/hub/session/6753ef3d-0727-4e8a-b8c4-ab98740d4887/element/186ab215-9519-4499-a2d6-0a4dac1f988b/text &amp#27;[39m&amp#27;[32m200&amp#27;[39m &amp#27;[90m33 ms - 101&amp#27;[39m
&amp#27;[35m[HTTP]&amp#27;[39m &amp#27;[90m&amp#27;[39m
&amp#27;[35m[HTTP]&amp#27;[39m &amp#27;[37m-->&amp#27;[39m &amp#27;[37mPOST&amp#27;[39m &amp#27;[37m/wd/hub/session/6753ef3d-0727-4e8a-b8c4-ab98740d4887/appium/device/press_keycode&amp#27;[39m
&amp#27;[35m[HTTP]&amp#27;[39m &amp#27;[90m{"keycode":20}&amp#27;[39m
[debug] &amp#27;[35m[W3C (6753ef3d)]&amp#27;[39m Calling AppiumDriver.pressKeyCode() with args: [20,null,null,null,null,"6753ef3d-0727-4e8a-b8c4-ab98740d4887"]
[debug] &amp#27;[35m[WD Proxy]&amp#27;[39m Matched '/appium/device/press_keycode' to command name 'pressKeyCode'
[debug] &amp#27;[35m[WD Proxy]&amp#27;[39m Proxying [POST /appium/device/press_keycode] to [POST http://localhost:8209/wd/hub/session/921a8b06-4146-4496-a809-0e08a9637d86/appium/device/press_keycode] with body: {"keycode":20,"metastate":null,"flags":null}
[debug] &amp#27;[35m[WD Proxy]&amp#27;[39m Got response with status 200: {"sessionId":"921a8b06-4146-4496-a809-0e08a9637d86","status":0,"value":true}
[debug] &amp#27;[35m[W3C (6753ef3d)]&amp#27;[39m Responding to client with driver.pressKeyCode() result: true
&amp#27;[35m[HTTP]&amp#27;[39m &amp#27;[37m<-- POST /wd/hub/session/6753ef3d-0727-4e8a-b8c4-ab98740d4887/appium/device/press_keycode &amp#27;[39m&amp#27;[32m200&amp#27;[39m &amp#27;[90m33 ms - 14&amp#27;[39m
&amp#27;[35m[HTTP]&amp#27;[39m &amp#27;[90m&amp#27;[39m
&amp#27;[35m[HTTP]&amp#27;[39m &amp#27;[37m-->&amp#27;[39m &amp#27;[37mPOST&amp#27;[39m &amp#27;[37m/wd/hub/session/6753ef3d-0727-4e8a-b8c4-ab98740d4887/elements&amp#27;[39m
&amp#27;[35m[HTTP]&amp#27;[39m &amp#27;[90m{"using":"class name","value":"android.widget.TextView"}&amp#27;[39m
[debug] &amp#27;[35m[W3C (6753ef3d)]&amp#27;[39m Calling AppiumDriver.findElements() with args: ["class name","android.widget.TextView","6753ef3d-0727-4e8a-b8c4-ab98740d4887"]
[debug] &amp#27;[35m[BaseDriver]&amp#27;[39m Valid locator strategies for this request: xpath, id, class name, accessibility id, -android uiautomator
[debug] &amp#27;[35m[BaseDriver]&amp#27;[39m Waiting up to 10000 ms for condition
[debug] &amp#27;[35m[WD Proxy]&amp#27;[39m Matched '/elements' to command name 'findElements'
[debug] &amp#27;[35m[WD Proxy]&amp#27;[39m Proxying [POST /elements] to [POST http://localhost:8209/wd/hub/session/921a8b06-4146-4496-a809-0e08a9637d86/elements] with body: {"strategy":"class name","selector":"android.widget.TextView","context":"","multiple":true}
[debug] &amp#27;[35m[WD Proxy]&amp#27;[39m Got response with status 200: {"sessionId":"921a8b06-4146-4496-a809-0e08a9637d86","status":0,"value":[{"ELEMENT":"4fef7ebd-9677-46ba-b539-f93779734dc1"},{"ELEMENT":"535222ef-cb2e-4540-9955-75d430afa0bf"},{"ELEMENT":"6c2a7b72-8e94-4f31-a868-848442e11100"},{"ELEMENT":"249f871b-887a-4655-a04e-8e20694c7f80"},{"ELEMENT":"60890eaf-1719-493b-8f0c-f1a552390c19"},{"ELEMENT":"cbd8d9a3-5f46-49b5-8e6b-ef45ca2d1606"},{"ELEMENT":"ac955d68-0977-49b5-9de1-51fffd117cd7"},{"ELEMENT":"db9187be-4fc4-4fa9-833f-314c908c156a"},{"ELEMENT":"62a7a4a5-f493-4dcd-bf6b-77297474cefd"},{"ELEMENT":"4f2cce7f-c32c-48c7-a642-487659218c03"},{"ELEMENT":"ab5c4900-06ba-424e-9d9b-4b68349a76f4"},{"ELEMENT":"a1e2425f-625b-4954-840b-4556296ad5b3"},{"ELEMENT":"30c9ba7a-dc44-4755-a88e-210c7a669a82"},{"ELEMENT":"2a1f498e-636f-4893-8980-d438c450e6a2"},{"ELEMENT":"844ed634-b70c-4227-b1bc-4cc6719c2f63"}]}
[debug] &amp#27;[35m[W3C (6753ef3d)]&amp#27;[39m Responding to client with driver.findElements() result: [{"element-6066-11e4-a52e-4f735466cecf":"4fef7ebd-9677-46ba-b539-f93779734dc1","ELEMENT":"4fef7ebd-9677-46ba-b539-f93779734dc1"},{"element-6066-11e4-a52e-4f735466cecf":"535222ef-cb2e-4540-9955-75d430afa0bf","ELEMENT":"535222ef-cb2e-4540-9955-75d430afa0bf"},{"element-6066-11e4-a52e-4f735466cecf":"6c2a7b72-8e94-4f31-a868-848442e11100","ELEMENT":"6c2a7b72-8e94-4f31-a868-848442e11100"},{"element-6066-11e4-a52e-4f735466cecf":"249f871b-887a-4655-a04e-8e20694c7f80","ELEMENT":"249f871b-887a-4655-a04e-8e20694c7f80"},{"element-6066-11e4-a52e-4f735466cecf":"60890eaf-1719-493b-8f0c-f1a552390c19","ELEMENT":"60890eaf-1719-493b-8f0c-f1a552390c19"},{"element-6066-11e4-a52e-4f735466cecf":"cbd8d9a3-5f46-49b5-8e6b-ef45ca2d1606","ELEMENT":"cbd8d9a3-5f46-49b5-8e6b-ef45ca2d1606"},{"element-6066-11e4-a52e-4f735466cecf":"ac955d68-0977-49b5-9de1-51fffd117cd7","ELEMENT":"ac955d68-0977-49b5-9de1-51fffd117cd7"},{"element-6066-11e4-a52e-4f735466cecf":"db9187be-4fc4-4fa9-833f-314c908c156a","ELEMENT":"db9187be-4fc4-4fa9-833f-314c908c156...
&amp#27;[35m[HTTP]&amp#27;[39m &amp#27;[37m<-- POST /wd/hub/session/6753ef3d-0727-4e8a-b8c4-ab98740d4887/elements &amp#27;[39m&amp#27;[32m200&amp#27;[39m &amp#27;[90m120 ms - 1931&amp#27;[39m
&amp#27;[35m[HTTP]&amp#27;[39m &amp#27;[90m&amp#27;[39m
&amp#27;[35m[HTTP]&amp#27;[39m &amp#27;[37m-->&amp#27;[39m &amp#27;[37mGET&amp#27;[39m &amp#27;[37m/wd/hub/session/6753ef3d-0727-4e8a-b8c4-ab98740d4887/element/4fef7ebd-9677-46ba-b539-f93779734dc1/text&amp#27;[39m
&amp#27;[35m[HTTP]&amp#27;[39m &amp#27;[90m{}&amp#27;[39m
&amp#27;[35m[W3C (6753ef3d)]&amp#27;[39m Driver proxy active, passing request on via HTTP proxy
[debug] &amp#27;[35m[WD Proxy]&amp#27;[39m Matched '/wd/hub/session/6753ef3d-0727-4e8a-b8c4-ab98740d4887/element/4fef7ebd-9677-46ba-b539-f93779734dc1/text' to command name 'getText'
[debug] &amp#27;[35m[WD Proxy]&amp#27;[39m Proxying [GET /wd/hub/session/6753ef3d-0727-4e8a-b8c4-ab98740d4887/element/4fef7ebd-9677-46ba-b539-f93779734dc1/text] to [GET http://localhost:8209/wd/hub/session/921a8b06-4146-4496-a809-0e08a9637d86/element/4fef7ebd-9677-46ba-b539-f93779734dc1/text] with body: {}
[debug] &amp#27;[35m[WD Proxy]&amp#27;[39m Got response with status 200: "{\"sessionId\":\"921a8b06-4146-4496-a809-0e08a9637d86\",\"status\":0,\"value\":\"Implosion - Never Lose Hope\"}"
&amp#27;[35m[WD Proxy]&amp#27;[39m Replacing sessionId 921a8b06-4146-4496-a809-0e08a9637d86 with 6753ef3d-0727-4e8a-b8c4-ab98740d4887
&amp#27;[35m[HTTP]&amp#27;[39m &amp#27;[37m<-- GET /wd/hub/session/6753ef3d-0727-4e8a-b8c4-ab98740d4887/element/4fef7ebd-9677-46ba-b539-f93779734dc1/text &amp#27;[39m&amp#27;[32m200&amp#27;[39m &amp#27;[90m34 ms - 101&amp#27;[39m
&amp#27;[35m[HTTP]&amp#27;[39m &amp#27;[90m&amp#27;[39m
&amp#27;[35m[HTTP]&amp#27;[39m &amp#27;[37m-->&amp#27;[39m &amp#27;[37mPOST&amp#27;[39m &amp#27;[37m/wd/hub/session/6753ef3d-0727-4e8a-b8c4-ab98740d4887/appium/device/press_keycode&amp#27;[39m
&amp#27;[35m[HTTP]&amp#27;[39m &amp#27;[90m{"keycode":20}&amp#27;[39m
[debug] &amp#27;[35m[W3C (6753ef3d)]&amp#27;[39m Calling AppiumDriver.pressKeyCode() with args: [20,null,null,null,null,"6753ef3d-0727-4e8a-b8c4-ab98740d4887"]
[debug] &amp#27;[35m[WD Proxy]&amp#27;[39m Matched '/appium/device/press_keycode' to command name 'pressKeyCode'
[debug] &amp#27;[35m[WD Proxy]&amp#27;[39m Proxying [POST /appium/device/press_keycode] to [POST http://localhost:8209/wd/hub/session/921a8b06-4146-4496-a809-0e08a9637d86/appium/device/press_keycode] with body: {"keycode":20,"metastate":null,"flags":null}
[debug] &amp#27;[35m[WD Proxy]&amp#27;[39m Got response with status 200: {"sessionId":"921a8b06-4146-4496-a809-0e08a9637d86","status":0,"value":true}
[debug] &amp#27;[35m[W3C (6753ef3d)]&amp#27;[39m Responding to client with driver.pressKeyCode() result: true
&amp#27;[35m[HTTP]&amp#27;[39m &amp#27;[37m<-- POST /wd/hub/session/6753ef3d-0727-4e8a-b8c4-ab98740d4887/appium/device/press_keycode &amp#27;[39m&amp#27;[32m200&amp#27;[39m &amp#27;[90m32 ms - 14&amp#27;[39m
&amp#27;[35m[HTTP]&amp#27;[39m &amp#27;[90m&amp#27;[39m
&amp#27;[35m[HTTP]&amp#27;[39m &amp#27;[37m-->&amp#27;[39m &amp#27;[37mPOST&amp#27;[39m &amp#27;[37m/wd/hub/session/6753ef3d-0727-4e8a-b8c4-ab98740d4887/elements&amp#27;[39m
&amp#27;[35m[HTTP]&amp#27;[39m &amp#27;[90m{"using":"class name","value":"android.widget.TextView"}&amp#27;[39m
[debug] &amp#27;[35m[W3C (6753ef3d)]&amp#27;[39m Calling AppiumDriver.findElements() with args: ["class name","android.widget.TextView","6753ef3d-0727-4e8a-b8c4-ab98740d4887"]
[debug] &amp#27;[35m[BaseDriver]&amp#27;[39m Valid locator strategies for this request: xpath, id, class name, accessibility id, -android uiautomator
[debug] &amp#27;[35m[BaseDriver]&amp#27;[39m Waiting up to 10000 ms for condition
[debug] &amp#27;[35m[WD Proxy]&amp#27;[39m Matched '/elements' to command name 'findElements'
[debug] &amp#27;[35m[WD Proxy]&amp#27;[39m Proxying [POST /elements] to [POST http://localhost:8209/wd/hub/session/921a8b06-4146-4496-a809-0e08a9637d86/elements] with body: {"strategy":"class name","selector":"android.widget.TextView","context":"","multiple":true}
[debug] &amp#27;[35m[WD Proxy]&amp#27;[39m Got response with status 200: {"sessionId":"921a8b06-4146-4496-a809-0e08a9637d86","status":0,"value":[{"ELEMENT":"1e23c9e7-b6b0-467e-8ca4-8d163c69d7dd"},{"ELEMENT":"39a7addd-4da1-448d-b98e-e3466d6c25c1"},{"ELEMENT":"14d5a0c7-108a-4fe8-b5cb-c3f1a6d84cfd"},{"ELEMENT":"90c966f9-7787-4e56-a719-c7e45f47c2e3"},{"ELEMENT":"535e20b1-b63c-4fa7-b102-b1a036ce6ae2"},{"ELEMENT":"ca62ca03-1a95-4674-8b73-85c6483f540f"},{"ELEMENT":"004ab89d-de63-414a-8913-3c953787414b"},{"ELEMENT":"97a90395-3505-4603-aba2-61aa1bc305bd"},{"ELEMENT":"d42078ed-a3ee-4f99-82b5-7e24911c8b12"},{"ELEMENT":"74505f40-179b-4a6b-9d10-4f9bbac47f7d"},{"ELEMENT":"772ab5f7-0d5d-4f69-9f2b-7563317547a1"},{"ELEMENT":"1f8341af-171c-4c0b-8a1f-40f2c9152623"},{"ELEMENT":"28ebdbdc-eb0d-48b2-b549-fc1ddadb68a1"},{"ELEMENT":"ae37af8e-79d6-4502-8ab4-9a31417fda4b"},{"ELEMENT":"49267843-84e7-4839-9109-148f804635bf"}]}
[debug] &amp#27;[35m[W3C (6753ef3d)]&amp#27;[39m Responding to client with driver.findElements() result: [{"element-6066-11e4-a52e-4f735466cecf":"1e23c9e7-b6b0-467e-8ca4-8d163c69d7dd","ELEMENT":"1e23c9e7-b6b0-467e-8ca4-8d163c69d7dd"},{"element-6066-11e4-a52e-4f735466cecf":"39a7addd-4da1-448d-b98e-e3466d6c25c1","ELEMENT":"39a7addd-4da1-448d-b98e-e3466d6c25c1"},{"element-6066-11e4-a52e-4f735466cecf":"14d5a0c7-108a-4fe8-b5cb-c3f1a6d84cfd","ELEMENT":"14d5a0c7-108a-4fe8-b5cb-c3f1a6d84cfd"},{"element-6066-11e4-a52e-4f735466cecf":"90c966f9-7787-4e56-a719-c7e45f47c2e3","ELEMENT":"90c966f9-7787-4e56-a719-c7e45f47c2e3"},{"element-6066-11e4-a52e-4f735466cecf":"535e20b1-b63c-4fa7-b102-b1a036ce6ae2","ELEMENT":"535e20b1-b63c-4fa7-b102-b1a036ce6ae2"},{"element-6066-11e4-a52e-4f735466cecf":"ca62ca03-1a95-4674-8b73-85c6483f540f","ELEMENT":"ca62ca03-1a95-4674-8b73-85c6483f540f"},{"element-6066-11e4-a52e-4f735466cecf":"004ab89d-de63-414a-8913-3c953787414b","ELEMENT":"004ab89d-de63-414a-8913-3c953787414b"},{"element-6066-11e4-a52e-4f735466cecf":"97a90395-3505-4603-aba2-61aa1bc305bd","ELEMENT":"97a90395-3505-4603-aba2-61aa1bc305b...
&amp#27;[35m[HTTP]&amp#27;[39m &amp#27;[37m<-- POST /wd/hub/session/6753ef3d-0727-4e8a-b8c4-ab98740d4887/elements &amp#27;[39m&amp#27;[32m200&amp#27;[39m &amp#27;[90m118 ms - 1931&amp#27;[39m
&amp#27;[35m[HTTP]&amp#27;[39m &amp#27;[90m&amp#27;[39m
&amp#27;[35m[HTTP]&amp#27;[39m &amp#27;[37m-->&amp#27;[39m &amp#27;[37mGET&amp#27;[39m &amp#27;[37m/wd/hub/session/6753ef3d-0727-4e8a-b8c4-ab98740d4887/element/1e23c9e7-b6b0-467e-8ca4-8d163c69d7dd/text&amp#27;[39m
&amp#27;[35m[HTTP]&amp#27;[39m &amp#27;[90m{}&amp#27;[39m
&amp#27;[35m[W3C (6753ef3d)]&amp#27;[39m Driver proxy active, passing request on via HTTP proxy
[debug] &amp#27;[35m[WD Proxy]&amp#27;[39m Matched '/wd/hub/session/6753ef3d-0727-4e8a-b8c4-ab98740d4887/element/1e23c9e7-b6b0-467e-8ca4-8d163c69d7dd/text' to command name 'getText'
[debug] &amp#27;[35m[WD Proxy]&amp#27;[39m Proxying [GET /wd/hub/session/6753ef3d-0727-4e8a-b8c4-ab98740d4887/element/1e23c9e7-b6b0-467e-8ca4-8d163c69d7dd/text] to [GET http://localhost:8209/wd/hub/session/921a8b06-4146-4496-a809-0e08a9637d86/element/1e23c9e7-b6b0-467e-8ca4-8d163c69d7dd/text] with body: {}
[debug] &amp#27;[35m[WD Proxy]&amp#27;[39m Got response with status 200: "{\"sessionId\":\"921a8b06-4146-4496-a809-0e08a9637d86\",\"status\":0,\"value\":\"Implosion - Never Lose Hope\"}"
&amp#27;[35m[WD Proxy]&amp#27;[39m Replacing sessionId 921a8b06-4146-4496-a809-0e08a9637d86 with 6753ef3d-0727-4e8a-b8c4-ab98740d4887
&amp#27;[35m[HTTP]&amp#27;[39m &amp#27;[37m<-- GET /wd/hub/session/6753ef3d-0727-4e8a-b8c4-ab98740d4887/element/1e23c9e7-b6b0-467e-8ca4-8d163c69d7dd/text &amp#27;[39m&amp#27;[32m200&amp#27;[39m &amp#27;[90m43 ms - 101&amp#27;[39m
0 Teslagrad
&amp#27;[35m[HTTP]&amp#27;[39m1 Hungry Shark Evolution
2 Farming Simulator 18
3 LEGO® DC Mighty Micros
 &amp#27;[90m&amp#27;[39m4 Crossy Road

5 Turbo Dismount™
6 Implosion - Never Lose Hope
7 Implosion - Never Lose Hope
8 Implosion - Never Lose Hope
9 Implosion - Never Lose Hope
10 Implosion - Never Lose Hope
11 Implosion - Never Lose Hope
12 Implosion - Never Lose Hope
13 Implosion - Never Lose Hope
14 Implosion - Never Lose Hope
&amp#27;[35m[HTTP]&amp#27;[39m &amp#27;[37m-->&amp#27;[39m &amp#27;[37mPOST&amp#27;[39m &amp#27;[37m/wd/hub/session/6753ef3d-0727-4e8a-b8c4-ab98740d4887/elements&amp#27;[39m
&amp#27;[35m[HTTP]&amp#27;[39m &amp#27;[90m{"using":"class name","value":"android.widget.TextView"}&amp#27;[39m
[debug] &amp#27;[35m[W3C (6753ef3d)]&amp#27;[39m Calling AppiumDriver.findElements() with args: ["class name","android.widget.TextView","6753ef3d-0727-4e8a-b8c4-ab98740d4887"]
[debug] &amp#27;[35m[BaseDriver]&amp#27;[39m Valid locator strategies for this request: xpath, id, class name, accessibility id, -android uiautomator
[debug] &amp#27;[35m[BaseDriver]&amp#27;[39m Waiting up to 10000 ms for condition
[debug] &amp#27;[35m[WD Proxy]&amp#27;[39m Matched '/elements' to command name 'findElements'
[debug] &amp#27;[35m[WD Proxy]&amp#27;[39m Proxying [POST /elements] to [POST http://localhost:8209/wd/hub/session/921a8b06-4146-4496-a809-0e08a9637d86/elements] with body: {"strategy":"class name","selector":"android.widget.TextView","context":"","multiple":true}
[debug] &amp#27;[35m[WD Proxy]&amp#27;[39m Got response with status 200: {"sessionId":"921a8b06-4146-4496-a809-0e08a9637d86","status":0,"value":[{"ELEMENT":"183684f1-a960-438c-98ab-03f2effa66d5"},{"ELEMENT":"0467ff00-65e6-4e21-9216-1010acb7f5bb"},{"ELEMENT":"cba7629c-6188-4c45-9c9e-138ceac2da9c"},{"ELEMENT":"827d9eb0-aa86-4d51-9507-4ea9fb71622a"},{"ELEMENT":"d66319c2-605c-41c7-89ed-1b3f076cf8ae"},{"ELEMENT":"fc6b2689-92ba-4416-984f-fb1ec1816bc0"},{"ELEMENT":"fcac03d2-f74c-4f1b-8a24-afd902890134"},{"ELEMENT":"9dcbd783-14a7-45eb-80c7-e82cded53c7c"},{"ELEMENT":"2fba1268-342f-46ff-8e9d-624ac83d34b5"},{"ELEMENT":"3a7e63ff-bdcb-4062-a56a-b4f2ddb0ea26"},{"ELEMENT":"befd06f8-7b05-4603-86c0-4a5fc09a2e53"},{"ELEMENT":"e54ad8d2-e621-4628-99ec-5cd4d2aeb04f"},{"ELEMENT":"5137b36f-2a4c-47cb-88c8-0247cab122c0"},{"ELEMENT":"65e8ffc9-7881-4bbb-88df-bbc78d27798e"},{"ELEMENT":"dbdf8cee-a392-4a76-b694-978828c9ab93"}]}
[debug] &amp#27;[35m[W3C (6753ef3d)]&amp#27;[39m Responding to client with driver.findElements() result: [{"element-6066-11e4-a52e-4f735466cecf":"183684f1-a960-438c-98ab-03f2effa66d5","ELEMENT":"183684f1-a960-438c-98ab-03f2effa66d5"},{"element-6066-11e4-a52e-4f735466cecf":"0467ff00-65e6-4e21-9216-1010acb7f5bb","ELEMENT":"0467ff00-65e6-4e21-9216-1010acb7f5bb"},{"element-6066-11e4-a52e-4f735466cecf":"cba7629c-6188-4c45-9c9e-138ceac2da9c","ELEMENT":"cba7629c-6188-4c45-9c9e-138ceac2da9c"},{"element-6066-11e4-a52e-4f735466cecf":"827d9eb0-aa86-4d51-9507-4ea9fb71622a","ELEMENT":"827d9eb0-aa86-4d51-9507-4ea9fb71622a"},{"element-6066-11e4-a52e-4f735466cecf":"d66319c2-605c-41c7-89ed-1b3f076cf8ae","ELEMENT":"d66319c2-605c-41c7-89ed-1b3f076cf8ae"},{"element-6066-11e4-a52e-4f735466cecf":"fc6b2689-92ba-4416-984f-fb1ec1816bc0","ELEMENT":"fc6b2689-92ba-4416-984f-fb1ec1816bc0"},{"element-6066-11e4-a52e-4f735466cecf":"fcac03d2-f74c-4f1b-8a24-afd902890134","ELEMENT":"fcac03d2-f74c-4f1b-8a24-afd902890134"},{"element-6066-11e4-a52e-4f735466cecf":"9dcbd783-14a7-45eb-80c7-e82cded53c7c","ELEMENT":"9dcbd783-14a7-45eb-80c7-e82cded53c7...
&amp#27;[35m[HTTP]&amp#27;[39m &amp#27;[37m<-- POST /wd/hub/session/6753ef3d-0727-4e8a-b8c4-ab98740d4887/elements &amp#27;[39m&amp#27;[32m200&amp#27;[39m &amp#27;[90m79 ms - 1931&amp#27;[39m
&amp#27;[35m[HTTP]&amp#27;[39m &amp#27;[90m&amp#27;[39m
&amp#27;[35m[HTTP]&amp#27;[39m &amp#27;[37m-->&amp#27;[39m &amp#27;[37mGET&amp#27;[39m &amp#27;[37m/wd/hub/session/6753ef3d-0727-4e8a-b8c4-ab98740d4887/element/3a7e63ff-bdcb-4062-a56a-b4f2ddb0ea26/text&amp#27;[39m
&amp#27;[35m[HTTP]&amp#27;[39m &amp#27;[90m{}&amp#27;[39m
&amp#27;[35m[W3C (6753ef3d)]&amp#27;[39m Driver proxy active, passing request on via HTTP proxy
[debug] &amp#27;[35m[WD Proxy]&amp#27;[39m Matched '/wd/hub/session/6753ef3d-0727-4e8a-b8c4-ab98740d4887/element/3a7e63ff-bdcb-4062-a56a-b4f2ddb0ea26/text' to command name 'getText'
[debug] &amp#27;[35m[WD Proxy]&amp#27;[39m Proxying [GET /wd/hub/session/6753ef3d-0727-4e8a-b8c4-ab98740d4887/element/3a7e63ff-bdcb-4062-a56a-b4f2ddb0ea26/text] to [GET http://localhost:8209/wd/hub/session/921a8b06-4146-4496-a809-0e08a9637d86/element/3a7e63ff-bdcb-4062-a56a-b4f2ddb0ea26/text] with body: {}
[debug] &amp#27;[35m[WD Proxy]&amp#27;[39m Got response with status 200: "{\"sessionId\":\"921a8b06-4146-4496-a809-0e08a9637d86\",\"status\":0,\"value\":\"Arcade games\"}"
&amp#27;[35m[WD Proxy]&amp#27;[39m Replacing sessionId 921a8b06-4146-4496-a809-0e08a9637d86 with 6753ef3d-0727-4e8a-b8c4-ab98740d4887
&amp#27;[35m[HTTP]&amp#27;[39m &amp#27;[37m<-- GET /wd/hub/session/6753ef3d-0727-4e8a-b8c4-ab98740d4887/element/3a7e63ff-bdcb-4062-a56a-b4f2ddb0ea26/text &amp#27;[39m&amp#27;[32m200&amp#27;[39m &amp#27;[90m31 ms - 86&amp#27;[39m
&amp#27;[35m[HTTP]&amp#27;[39m &amp#27;[90m&amp#27;[39m
&amp#27;[35m[HTTP]&amp#27;[39m &amp#27;[37m-->&amp#27;[39m &amp#27;[37mGET&amp#27;[39m &amp#27;[37m/wd/hub/session/6753ef3d-0727-4e8a-b8c4-ab98740d4887/screenshot&amp#27;[39m
&amp#27;[35m[HTTP]&amp#27;[39m &amp#27;[90m{}&amp#27;[39m
[debug] &amp#27;[35m[W3C (6753ef3d)]&amp#27;[39m Calling AppiumDriver.getScreenshot() with args: ["6753ef3d-0727-4e8a-b8c4-ab98740d4887"]
[debug] &amp#27;[35m[WD Proxy]&amp#27;[39m Matched '/screenshot' to command name 'getScreenshot'
[debug] &amp#27;[35m[WD Proxy]&amp#27;[39m Proxying [GET /screenshot] to [GET http://localhost:8209/wd/hub/session/921a8b06-4146-4496-a809-0e08a9637d86/screenshot] with no body
[debug] &amp#27;[35m[WD Proxy]&amp#27;[39m Got response with status 200: "{\"sessionId\":\"921a8b06-4146-4496-a809-0e08a9637d86\",\"status\":0,\"value\":\"iVBORw0KGgoAAAANSUhEUgAAB4AAAAQ4CAYAAADo08FDAAAABHNCSVQICAgIfAhkiAAAIABJREFU\\neJzsvdtvJMmV5vkzO+buQSeDycxkiVJWV82otxpSbwM9wGIXmKd925fF\\/s2DncXsUwO7mAYa0KyE\\n0bR6dEmJVclkkB7h7nbZh2Pm7nEhM7OkkgaYsgQzSA93c7seO\\/Z95xwzf\\/XV3yb+O073v\\/\\/NX7oI\\nf9KU\\/Hh80RxfkpM32eczN6fzOkzRQBlUFosxZn4ufxFT3HsmkeaHnnnHcbmfKAOQ0lzkkmVMcxkg\\nYYjz607NhGVZTn2fEiEGQoAUA5GIMQZrDJi5TYMBawVjJF83GCuIEawRjBVqVyHGkhIkI1jrwAhI\\nBdaBCLZaYeoVtmk4Oz\\/jxYtzXl44ahfBadvHaAkjdA+er39\\/z8PmnjAMEDwh9ES\\/ReLASgwQIEZi\\nCiQCxiSsiSQC0UdiGDEpYnLdbco1SrkvUsRiMClhCZgYgYhJEQFELGIM53VDWzeIMaQY6fsdu37E\\nWkvCEFJkjIERsFWFj5E+eMaQGGLCJwgJkgFb2YOOMWCsjuDyn12MlNwXETvfl+tgYaobgBWLiGBN\\nghgwjJyfOV6\\/fsH1qxfgt+y299QChpDrbXK9DCnpmKqaGiuSi5nyWNM2wkZtdyskLERLYsXjux2\\/\\n\\/e09uyHiU8r1MEQig\\/cYm2jqipU4LpuGc3Gw7dluO0wtXF2\\/out2CGCJ+DASoseKoWlbzi4vMGIY\\ng2c39CQMZ+05TdOQ6hpCwADee4KPQGIcRx439wx+wI+elHJdjMVYixFBtJgYsaSY8H4kxYgTR4qJ\\n6AMYaFYNJoEfBvre433UKlrtIiuCmAqT3Ny\\/CUJK...
[debug] &amp#27;[35m[W3C (6753ef3d)]&amp#27;[39m Responding to client with driver.getScreenshot() result: "iVBORw0KGgoAAAANSUhEUgAAB4AAAAQ4CAYAAADo08FDAAAABHNCSVQICAgIfAhkiAAAIABJREFU\neJzsvdtvJMmV5vkzO+buQSeDycxkiVJWV82otxpSbwM9wGIXmKd925fF/s2DncXsUwO7mAYa0KyE\n0bR6dEmJVclkkB7h7nbZh2Pm7nEhM7OkkgaYsgQzSA93c7seO/Z95xwzf/XV3yb+O073v//NX7oI\nf9KU/Hh80RxfkpM32eczN6fzOkzRQBlUFosxZn4ufxFT3HsmkeaHnnnHcbmfKAOQ0lzkkmVMcxkg\nYYjz607NhGVZTn2fEiEGQoAUA5GIMQZrDJi5TYMBawVjJF83GCuIEawRjBVqVyHGkhIkI1jrwAhI\nBdaBCLZaYeoVtmk4Oz/jxYtzXl44ahfBadvHaAkjdA+er39/z8PmnjAMEDwh9ES/ReLASgwQIEZi\nCiQCxiSsiSQC0UdiGDEpYnLdbco1SrkvUsRiMClhCZgYgYhJEQFELGIM53VDWzeIMaQY6fsdu37E\nWkvCEFJkjIERsFWFj5E+eMaQGGLCJwgJkgFb2YOOMWCsjuDyn12MlNwXETvfl+tgYaobgBWLiGBN\nghgwjJyfOV6/fsH1qxfgt+y299QChpDrbXK9DCnpmKqaGiuSi5nyWNM2wkZtdyskLERLYsXjux2/\n/e09uyHiU8r1MEQig/cYm2jqipU4LpuGc3Gw7dluO0wtXF2/out2CGCJ+DASoseKoWlbzi4vMGIY\ng2c39CQMZ+05TdOQ6hpCwADee4KPQGIcRx439wx+wI+elHJdjMVYixFBtJgYsaSY8H4kxYgTR4qJ\n6AMYaFYNJoEfBvre433UKlrtIiuCmAqT3Ny/CUJKpBiJIRJjIJEwRtulpMrVOFfhw8g4Dhhr8DHw\nYn1JtxvY9j0hRO35pOMnJWH0AymlWV5Zg3WCWIuI0XIldF5Yg7WCiMUaSEbLIdZiJM/zFInRE1Pg\n+voz2v...
&amp#27;[35m[HTTP]&amp#27;[39m &amp#27;[37m<-- GET /wd/hub/session/6753ef3d-0727-4e8a-b8c4-ab98740d4887/screenshot &amp#27;[39m&amp#27;[32m200&amp#27;[39m &amp#27;[90m1473 ms - 614250&amp#27;[39m
&amp#27;[35m[HTTP]&amp#27;[39m &amp#27;[90m&amp#27;[39m
]]></system-out>
    <system-err><![CDATA[окт 14, 2019 4:08:18 PM io.appium.java_client.remote.AppiumCommandExecutor$1 lambda$0
INFO: Detected dialect: W3C
]]></system-err>
  </testcase>
  <testcase name="googlePlayHomePageTest" classname="firstSEI.GoogleApps.GooglePlaySettingsTests" time="31.378">
    <failure message="An element could not be located on the page using the given search parameters.&#10;For documentation on this error, please visit: https://www.seleniumhq.org/exceptions/no_such_element.html&#10;Build info: version: &apos;3.141.59&apos;, revision: &apos;e82be7d358&apos;, time: &apos;2018-11-14T08:17:03&apos;&#10;System info: host: &apos;LEONIDUS-TOSH&apos;, ip: &apos;10.100.102.7&apos;, os.name: &apos;Windows 10&apos;, os.arch: &apos;amd64&apos;, os.version: &apos;10.0&apos;, java.version: &apos;1.8.0_221&apos;&#10;Driver info: io.appium.java_client.android.AndroidDriver&#10;Capabilities {appActivity: com.onoapps.cellcomtv.activ..., appPackage: com.cellcom.cellcom_tv.stb, automationName: uiautomator2, databaseEnabled: false, desired: {appActivity: com.onoapps.cellcomtv.activ..., appPackage: com.cellcom.cellcom_tv.stb, automationName: uiautomator2, deviceName: GZ18120115200028, newCommandTimeout: 60, noReset: true, platformName: android, udid: GZ18120115200028}, deviceApiLevel: 28, deviceManufacturer: SEI Robotics, deviceModel: SEI-S905X2, deviceName: GZ18120115200028, deviceScreenDensity: 320, deviceScreenSize: 1920x1080, deviceUDID: GZ18120115200028, javascriptEnabled: true, locationContextEnabled: false, networkConnectionEnabled: true, newCommandTimeout: 60, noReset: true, pixelRatio: 2, platform: LINUX, platformName: Android, platformVersion: 9, statBarHeight: 0, takesScreenshot: true, udid: GZ18120115200028, viewportRect: {height: 1080, left: 0, top: 0, width: 1920}, warnings: {}, webStorageEnabled: false}&#10;Session ID: 96c347f7-f3a5-4f6e-bfbf-c635ffc83122&#10;*** Element info: {Using=id, value=com.android.vending:id/title_badge}" type="org.openqa.selenium.NoSuchElementException">org.openqa.selenium.NoSuchElementException: 
An element could not be located on the page using the given search parameters.
For documentation on this error, please visit: https://www.seleniumhq.org/exceptions/no_such_element.html
Build info: version: '3.141.59', revision: 'e82be7d358', time: '2018-11-14T08:17:03'
System info: host: 'LEONIDUS-TOSH', ip: '10.100.102.7', os.name: 'Windows 10', os.arch: 'amd64', os.version: '10.0', java.version: '1.8.0_221'
Driver info: io.appium.java_client.android.AndroidDriver
Capabilities {appActivity: com.onoapps.cellcomtv.activ..., appPackage: com.cellcom.cellcom_tv.stb, automationName: uiautomator2, databaseEnabled: false, desired: {appActivity: com.onoapps.cellcomtv.activ..., appPackage: com.cellcom.cellcom_tv.stb, automationName: uiautomator2, deviceName: GZ18120115200028, newCommandTimeout: 60, noReset: true, platformName: android, udid: GZ18120115200028}, deviceApiLevel: 28, deviceManufacturer: SEI Robotics, deviceModel: SEI-S905X2, deviceName: GZ18120115200028, deviceScreenDensity: 320, deviceScreenSize: 1920x1080, deviceUDID: GZ18120115200028, javascriptEnabled: true, locationContextEnabled: false, networkConnectionEnabled: true, newCommandTimeout: 60, noReset: true, pixelRatio: 2, platform: LINUX, platformName: Android, platformVersion: 9, statBarHeight: 0, takesScreenshot: true, udid: GZ18120115200028, viewportRect: {height: 1080, left: 0, top: 0, width: 1920}, warnings: {}, webStorageEnabled: false}
Session ID: 96c347f7-f3a5-4f6e-bfbf-c635ffc83122
*** Element info: {Using=id, value=com.android.vending:id/title_badge}
	at firstSEI.GoogleApps.GooglePlaySettingsTests.googlePlayHomePageTest(GooglePlaySettingsTests.java:25)
</failure>
    <system-out><![CDATA[FAILED: googlePlayGamesPageTest
java.lang.AssertionError: expected [Games] but found [Arcade games]
	at org.testng.Assert.fail(Assert.java:96)
	at org.testng.Assert.failNotEquals(Assert.java:776)
	at org.testng.Assert.assertEqualsImpl(Assert.java:137)
	at org.testng.Assert.assertEquals(Assert.java:118)
	at org.testng.Assert.assertEquals(Assert.java:453)
	at org.testng.Assert.assertEquals(Assert.java:463)
	at pageObjects.GoogleApps.GooglePlayGamesPage.verifyGooglePlayGamesPageTest(GooglePlayGamesPage.java:39)
	at firstSEI.GoogleApps.GooglePlayGamesTests.googlePlayGamesPageTest(GooglePlayGamesTests.java:26)
	at sun.reflect.NativeMethodAccessorImpl.invoke0(Native Method)
	at sun.reflect.NativeMethodAccessorImpl.invoke(NativeMethodAccessorImpl.java:62)
	at sun.reflect.DelegatingMethodAccessorImpl.invoke(DelegatingMethodAccessorImpl.java:43)
	at java.lang.reflect.Method.invoke(Method.java:498)
	at org.testng.internal.MethodInvocationHelper.invokeMethod(MethodInvocationHelper.java:124)
	at org.testng.internal.Invoker.invokeMethod(Invoker.java:583)
	at org.testng.internal.Invoker.invokeTestMethod(Invoker.java:719)
	at org.testng.internal.Invoker.invokeTestMethods(Invoker.java:989)
	at org.testng.internal.TestMethodWorker.invokeTestMethods(TestMethodWorker.java:125)
	at org.testng.internal.TestMethodWorker.run(TestMethodWorker.java:109)
	at org.testng.TestRunner.privateRun(TestRunner.java:648)
	at org.testng.TestRunner.run(TestRunner.java:505)
	at org.testng.SuiteRunner.runTest(SuiteRunner.java:455)
	at org.testng.SuiteRunner.runSequentially(SuiteRunner.java:450)
	at org.testng.SuiteRunner.privateRun(SuiteRunner.java:415)
	at org.testng.SuiteRunner.run(SuiteRunner.java:364)
	at org.testng.SuiteRunnerWorker.runSuite(SuiteRunnerWorker.java:52)
	at org.testng.SuiteRunnerWorker.run(SuiteRunnerWorker.java:84)
	at org.testng.TestNG.runSuitesSequentially(TestNG.java:1208)
	at org.testng.TestNG.runSuitesLocally(TestNG.java:1137)
	at org.testng.TestNG.runSuites(TestNG.java:1049)
	at org.testng.TestNG.run(TestNG.java:1017)
	at org.apache.maven.surefire.testng.TestNGExecutor.run(TestNGExecutor.java:283)
	at org.apache.maven.surefire.testng.TestNGXmlTestSuite.execute(TestNGXmlTestSuite.java:75)
	at org.apache.maven.surefire.testng.TestNGProvider.invoke(TestNGProvider.java:120)
	at org.apache.maven.surefire.booter.ForkedBooter.invokeProviderInSameClassLoader(ForkedBooter.java:384)
	at org.apache.maven.surefire.booter.ForkedBooter.runSuitesInProcess(ForkedBooter.java:345)
	at org.apache.maven.surefire.booter.ForkedBooter.execute(ForkedBooter.java:126)
	at org.apache.maven.surefire.booter.ForkedBooter.main(ForkedBooter.java:418)


===============================================
    GooglePlayGamesTests
    Tests run: 1, Failures: 1, Skips: 0
===============================================

&amp#27;[35m[Appium]&amp#27;[39m Welcome to Appium v1.14.2
&amp#27;[35m[Appium]&amp#27;[39m Appium REST http interface listener started on 0.0.0.0:4723
&amp#27;[35m[HTTP]&amp#27;[39m &amp#27;[37m-->&amp#27;[39m &amp#27;[37mGET&amp#27;[39m &amp#27;[37m/wd/hub/status&amp#27;[39m
&amp#27;[35m[HTTP]&amp#27;[39m &amp#27;[90m{}&amp#27;[39m
[debug] &amp#27;[35m[GENERIC]&amp#27;[39m Calling AppiumDriver.getStatus() with args: []
[debug] &amp#27;[35m[GENERIC]&amp#27;[39m Responding to client with driver.getStatus() result: {"build":{"version":"1.14.2"}}
&amp#27;[35m[HTTP]&amp#27;[39m &amp#27;[37m<-- GET /wd/hub/status &amp#27;[39m&amp#27;[32m200&amp#27;[39m &amp#27;[90m11 ms - 68&amp#27;[39m
&amp#27;[35m[HTTP]&amp#27;[39m &amp#27;[90m&amp#27;[39m
&amp#27;[35m[HTTP]&amp#27;[39m &amp#27;[37m-->&amp#27;[39m &amp#27;[37mPOST&amp#27;[39m &amp#27;[37m/wd/hub/session&amp#27;[39m
&amp#27;[35m[HTTP]&amp#27;[39m &amp#27;[90m{"desiredCapabilities":{"appActivity":"com.onoapps.cellcomtv.activities.SplashActivity","appPackage":"com.cellcom.cellcom_tv.stb","noReset":true,"newCommandTimeout":"60","automationName":"uiautomator2","platformName":"Android","udid":"GZ18120115200028","deviceName":"GZ18120115200028"},"capabilities":{"firstMatch":[{"appium:appActivity":"com.onoapps.cellcomtv.activities.SplashActivity","appium:appPackage":"com.cellcom.cellcom_tv.stb","appium:automationName":"uiautomator2","appium:deviceName":"GZ18120115200028","appium:newCommandTimeout":"60","appium:noReset":true,"platformName":"android","appium:udid":"GZ18120115200028"}]}}&amp#27;[39m
[debug] &amp#27;[35m[W3C]&amp#27;[39m Calling AppiumDriver.createSession() with args: [{"appActivity":"com.onoapps.cellcomtv.activities.SplashActivity","appPackage":"com.cellcom.cellcom_tv.stb","noReset":true,"newCommandTimeout":"60","automationName":"uiautomator2","platformName":"Android","udid":"GZ18120115200028","deviceName":"GZ18120115200028"},null,{"firstMatch":[{"appium:appActivity":"com.onoapps.cellcomtv.activities.SplashActivity","appium:appPackage":"com.cellcom.cellcom_tv.stb","appium:automationName":"uiautomator2","appium:deviceName":"GZ18120115200028","appium:newCommandTimeout":"60","appium:noReset":true,"platformName":"android","appium:udid":"GZ18120115200028"}]}]
[debug] &amp#27;[35m[BaseDriver]&amp#27;[39m Event 'newSessionRequested' logged at 1571058550713 (16:09:10 GMT+0300 (GMT+03:00))
&amp#27;[35m[BaseDriver]&amp#27;[39m Number capability passed in as string. Functionality may be compromised.
&amp#27;[35m[Appium]&amp#27;[39m Appium v1.14.2 creating new AndroidUiautomator2Driver (v1.33.1) session
&amp#27;[35m[Appium]&amp#27;[39m Capabilities:
&amp#27;[35m[Appium]&amp#27;[39m   platformName: android
&amp#27;[35m[Appium]&amp#27;[39m   appActivity: com.onoapps.cellcomtv.activities.SplashActivity
&amp#27;[35m[Appium]&amp#27;[39m   appPackage: com.cellcom.cellcom_tv.stb
&amp#27;[35m[Appium]&amp#27;[39m   automationName: uiautomator2
&amp#27;[35m[Appium]&amp#27;[39m   deviceName: GZ18120115200028
&amp#27;[35m[Appium]&amp#27;[39m   newCommandTimeout: 60
&amp#27;[35m[Appium]&amp#27;[39m   noReset: true
&amp#27;[35m[Appium]&amp#27;[39m   udid: GZ18120115200028
[debug] &amp#27;[35m[BaseDriver]&amp#27;[39m W3C capabilities {"alwaysMatch":{"platformNa... and MJSONWP desired capabilities {"appActivity":"com.onoapps... were provided
[debug] &amp#27;[35m[BaseDriver]&amp#27;[39m Creating session with W3C capabilities: {"alwaysMatch":{"platformNa...
&amp#27;[35m[BaseDriver]&amp#27;[39m Number capability passed in as string. Functionality may be compromised.
&amp#27;[35m[BaseDriver]&amp#27;[39m Capability 'newCommandTimeout' changed from string ('60') to integer (60). This may cause unexpected behavior
&amp#27;[35m[BaseDriver]&amp#27;[39m Session created with session id: 96c347f7-f3a5-4f6e-bfbf-c635ffc83122
&amp#27;[35m[ADB]&amp#27;[39m Found 1 'build-tools' folders under 'C:\Users\Leonidus\AppData\Local\Android\Sdk' (newest first):
&amp#27;[35m[ADB]&amp#27;[39m     C:/Users/Leonidus/AppData/Local/Android/Sdk/build-tools/29.0.2
&amp#27;[35m[ADB]&amp#27;[39m Using 'adb.exe' from 'C:\Users\Leonidus\AppData\Local\Android\Sdk\platform-tools\adb.exe'
&amp#27;[35m[AndroidDriver]&amp#27;[39m Retrieving device list
[debug] &amp#27;[35m[ADB]&amp#27;[39m Trying to find a connected android device
[debug] &amp#27;[35m[ADB]&amp#27;[39m Getting connected devices...
[debug] &amp#27;[35m[ADB]&amp#27;[39m 2 device(s) connected
&amp#27;[35m[AndroidDriver]&amp#27;[39m Using device: GZ18120115200028
&amp#27;[35m[ADB]&amp#27;[39m Using 'adb.exe' from 'C:\Users\Leonidus\AppData\Local\Android\Sdk\platform-tools\adb.exe'
[debug] &amp#27;[35m[ADB]&amp#27;[39m Setting device id to GZ18120115200028
[debug] &amp#27;[35m[ADB]&amp#27;[39m Running 'C:\Users\Leonidus\AppData\Local\Android\Sdk\platform-tools\adb.exe -P 5037 -s GZ18120115200028 shell getprop ro.build.version.sdk'
[debug] &amp#27;[35m[ADB]&amp#27;[39m Current device property 'ro.build.version.sdk': 28
[debug] &amp#27;[35m[ADB]&amp#27;[39m Running 'C:\Users\Leonidus\AppData\Local\Android\Sdk\platform-tools\adb.exe -P 5037 -s GZ18120115200028 shell getprop ro.build.version.release'
[debug] &amp#27;[35m[ADB]&amp#27;[39m Current device property 'ro.build.version.release': 9
[debug] &amp#27;[35m[ADB]&amp#27;[39m Device API level: 28
&amp#27;[35m[UiAutomator2]&amp#27;[39m Relaxing hidden api policy
[debug] &amp#27;[35m[ADB]&amp#27;[39m Running 'C:\Users\Leonidus\AppData\Local\Android\Sdk\platform-tools\adb.exe -P 5037 -s GZ18120115200028 shell settings put global hidden_api_policy_pre_p_apps 1'
[debug] &amp#27;[35m[ADB]&amp#27;[39m Running 'C:\Users\Leonidus\AppData\Local\Android\Sdk\platform-tools\adb.exe -P 5037 -s GZ18120115200028 shell settings put global hidden_api_policy_p_apps 1'
[debug] &amp#27;[35m[ADB]&amp#27;[39m Running 'C:\Users\Leonidus\AppData\Local\Android\Sdk\platform-tools\adb.exe -P 5037 -s GZ18120115200028 shell settings put global hidden_api_policy 1'
&amp#27;[35m[AndroidDriver]&amp#27;[39m No app sent in, not parsing package/activity
[debug] &amp#27;[35m[ADB]&amp#27;[39m Running 'C:\Users\Leonidus\AppData\Local\Android\Sdk\platform-tools\adb.exe -P 5037 -s GZ18120115200028 wait-for-device'
[debug] &amp#27;[35m[ADB]&amp#27;[39m Running 'C:\Users\Leonidus\AppData\Local\Android\Sdk\platform-tools\adb.exe -P 5037 -s GZ18120115200028 shell echo ping'
[debug] &amp#27;[35m[AndroidDriver]&amp#27;[39m Pushing settings apk to device...
[debug] &amp#27;[35m[ADB]&amp#27;[39m Getting install status for io.appium.settings
[debug] &amp#27;[35m[ADB]&amp#27;[39m Running 'C:\Users\Leonidus\AppData\Local\Android\Sdk\platform-tools\adb.exe -P 5037 -s GZ18120115200028 shell dumpsys package io.appium.settings'
[debug] &amp#27;[35m[ADB]&amp#27;[39m 'io.appium.settings' is installed
[debug] &amp#27;[35m[ADB]&amp#27;[39m Getting package info for 'io.appium.settings'
[debug] &amp#27;[35m[ADB]&amp#27;[39m Running 'C:\Users\Leonidus\AppData\Local\Android\Sdk\platform-tools\adb.exe -P 5037 -s GZ18120115200028 shell dumpsys package io.appium.settings'
&amp#27;[35m[ADB]&amp#27;[39m Using 'aapt.exe' from 'C:\Users\Leonidus\AppData\Local\Android\Sdk\build-tools\29.0.2\aapt.exe'
[debug] &amp#27;[35m[ADB]&amp#27;[39m The version name of the installed 'io.appium.settings' is greater or equal to the application version name ('2.14.1' >= '2.14.1')
[debug] &amp#27;[35m[ADB]&amp#27;[39m There is no need to install/upgrade 'C:\Users\Leonidus\AppData\Roaming\npm\node_modules\appium\node_modules\io.appium.settings\apks\settings_apk-debug.apk'
[debug] &amp#27;[35m[ADB]&amp#27;[39m Getting IDs of all 'io.appium.settings' processes
[debug] &amp#27;[35m[ADB]&amp#27;[39m Running 'C:\Users\Leonidus\AppData\Local\Android\Sdk\platform-tools\adb.exe -P 5037 -s GZ18120115200028 shell 'pgrep --help; echo $?''
[debug] &amp#27;[35m[ADB]&amp#27;[39m Running 'C:\Users\Leonidus\AppData\Local\Android\Sdk\platform-tools\adb.exe -P 5037 -s GZ18120115200028 shell pgrep -f io\\.appium\\.settings'
[debug] &amp#27;[35m[AndroidDriver]&amp#27;[39m io.appium.settings is already running. There is no need to reset its permissions.
[debug] &amp#27;[35m[ADB]&amp#27;[39m Running 'C:\Users\Leonidus\AppData\Local\Android\Sdk\platform-tools\adb.exe -P 5037 -s GZ18120115200028 shell appops set io.appium.settings android\:mock_location allow'
[debug] &amp#27;[35m[Logcat]&amp#27;[39m Starting logcat capture
[debug] &amp#27;[35m[ADB]&amp#27;[39m Getting install status for io.appium.uiautomator2.server
[debug] &amp#27;[35m[ADB]&amp#27;[39m Running 'C:\Users\Leonidus\AppData\Local\Android\Sdk\platform-tools\adb.exe -P 5037 -s GZ18120115200028 shell dumpsys package io.appium.uiautomator2.server'
[debug] &amp#27;[35m[ADB]&amp#27;[39m 'io.appium.uiautomator2.server' is installed
[debug] &amp#27;[35m[ADB]&amp#27;[39m Getting package info for 'io.appium.uiautomator2.server'
[debug] &amp#27;[35m[ADB]&amp#27;[39m Running 'C:\Users\Leonidus\AppData\Local\Android\Sdk\platform-tools\adb.exe -P 5037 -s GZ18120115200028 shell dumpsys package io.appium.uiautomator2.server'
[debug] &amp#27;[35m[ADB]&amp#27;[39m The version name of the installed 'io.appium.uiautomator2.server' is greater or equal to the application version name ('3.7.0' >= '3.7.0')
[debug] &amp#27;[35m[UiAutomator2]&amp#27;[39m io.appium.uiautomator2.server installation state: sameVersionInstalled
[debug] &amp#27;[35m[ADB]&amp#27;[39m Checking app cert for C:\Users\Leonidus\AppData\Roaming\npm\node_modules\appium\node_modules\appium-uiautomator2-server\apks\appium-uiautomator2-server-v3.7.0.apk
&amp#27;[35m[ADB]&amp#27;[39m Using 'apksigner.bat' from 'C:\Users\Leonidus\AppData\Local\Android\Sdk\build-tools\29.0.2\apksigner.bat'
[debug] &amp#27;[35m[ADB]&amp#27;[39m Starting 'C:\Users\Leonidus\AppData\Local\Android\Sdk\build-tools\29.0.2\apksigner.bat' with args '["verify","--print-certs","C:\\Users\\Leonidus\\AppData\\Roaming\\npm\\node_modules\\appium\\node_modules\\appium-uiautomator2-server\\apks\\appium-uiautomator2-server-v3.7.0.apk"]'
[debug] &amp#27;[35m[ADB]&amp#27;[39m apksigner stdout: Signer #1 certificate DN: EMAILADDRESS=android@android.com, CN=Android, OU=Android, O=Android, L=Mountain View, ST=California, C=US
[debug] &amp#27;[35m[ADB]&amp#27;[39m Signer #1 certificate SHA-256 digest: a40da80a59d170caa950cf15c18c454d47a39b26989d8b640ecd745ba71bf5dc
[debug] &amp#27;[35m[ADB]&amp#27;[39m Signer #1 certificate SHA-1 digest: 61ed377e85d386a8dfee6b864bd85b0bfaa5af81
[debug] &amp#27;[35m[ADB]&amp#27;[39m Signer #1 certificate MD5 digest: e89b158e4bcf988ebd09eb83f5378e87
[debug] &amp#27;[35m[ADB]&amp#27;[39m 
[debug] &amp#27;[35m[ADB]&amp#27;[39m 'C:\Users\Leonidus\AppData\Roaming\npm\node_modules\appium\node_modules\appium-uiautomator2-server\apks\appium-uiautomator2-server-v3.7.0.apk' is already signed.
[debug] &amp#27;[35m[ADB]&amp#27;[39m Getting install status for io.appium.uiautomator2.server.test
[debug] &amp#27;[35m[ADB]&amp#27;[39m Running 'C:\Users\Leonidus\AppData\Local\Android\Sdk\platform-tools\adb.exe -P 5037 -s GZ18120115200028 shell dumpsys package io.appium.uiautomator2.server.test'
[debug] &amp#27;[35m[ADB]&amp#27;[39m 'io.appium.uiautomator2.server.test' is installed
[debug] &amp#27;[35m[ADB]&amp#27;[39m Checking app cert for C:\Users\Leonidus\AppData\Roaming\npm\node_modules\appium\node_modules\appium-uiautomator2-server\apks\appium-uiautomator2-server-debug-androidTest.apk
[debug] &amp#27;[35m[ADB]&amp#27;[39m Starting 'C:\Users\Leonidus\AppData\Local\Android\Sdk\build-tools\29.0.2\apksigner.bat' with args '["verify","--print-certs","C:\\Users\\Leonidus\\AppData\\Roaming\\npm\\node_modules\\appium\\node_modules\\appium-uiautomator2-server\\apks\\appium-uiautomator2-server-debug-androidTest.apk"]'
[debug] &amp#27;[35m[ADB]&amp#27;[39m apksigner stdout: Signer #1 certificate DN: EMAILADDRESS=android@android.com, CN=Android, OU=Android, O=Android, L=Mountain View, ST=California, C=US
[debug] &amp#27;[35m[ADB]&amp#27;[39m Signer #1 certificate SHA-256 digest: a40da80a59d170caa950cf15c18c454d47a39b26989d8b640ecd745ba71bf5dc
[debug] &amp#27;[35m[ADB]&amp#27;[39m Signer #1 certificate SHA-1 digest: 61ed377e85d386a8dfee6b864bd85b0bfaa5af81
[debug] &amp#27;[35m[ADB]&amp#27;[39m Signer #1 certificate MD5 digest: e89b158e4bcf988ebd09eb83f5378e87
[debug] &amp#27;[35m[ADB]&amp#27;[39m 
[debug] &amp#27;[35m[ADB]&amp#27;[39m 'C:\Users\Leonidus\AppData\Roaming\npm\node_modules\appium\node_modules\appium-uiautomator2-server\apks\appium-uiautomator2-server-debug-androidTest.apk' is already signed.
&amp#27;[35m[UiAutomator2]&amp#27;[39m Server packages are not going to be (re)installed
[debug] &amp#27;[35m[UiAutomator2]&amp#27;[39m Waiting up to 30000ms for services to be available
[debug] &amp#27;[35m[ADB]&amp#27;[39m Running 'C:\Users\Leonidus\AppData\Local\Android\Sdk\platform-tools\adb.exe -P 5037 -s GZ18120115200028 shell pm list instrumentation'
[debug] &amp#27;[35m[UiAutomator2]&amp#27;[39m Instrumentation target 'io.appium.uiautomator2.server.test/androidx.test.runner.AndroidJUnitRunner' is available
[debug] &amp#27;[35m[UiAutomator2]&amp#27;[39m Forwarding UiAutomator2 Server port 6790 to 8210
[debug] &amp#27;[35m[ADB]&amp#27;[39m Forwarding system: 8210 to device: 6790
[debug] &amp#27;[35m[ADB]&amp#27;[39m Running 'C:\Users\Leonidus\AppData\Local\Android\Sdk\platform-tools\adb.exe -P 5037 -s GZ18120115200028 forward tcp\:8210 tcp\:6790'
[debug] &amp#27;[35m[UiAutomator2]&amp#27;[39m No app capability. Assuming it is already on the device
[debug] &amp#27;[35m[UiAutomator2]&amp#27;[39m Performing shallow cleanup of automation leftovers
[debug] &amp#27;[35m[UiAutomator2]&amp#27;[39m The following obsolete sessions are still running: ["921a8b06-4146-4496-a809-0e08a9637d86"]
[debug] &amp#27;[35m[UiAutomator2]&amp#27;[39m Cleaning up the obsolete sessions
[debug] &amp#27;[35m[ADB]&amp#27;[39m Running 'C:\Users\Leonidus\AppData\Local\Android\Sdk\platform-tools\adb.exe -P 5037 -s GZ18120115200028 shell am force-stop io.appium.uiautomator2.server.test'
&amp#27;[35m[UiAutomator2]&amp#27;[39m Starting UIAutomator2 server 3.7.0
&amp#27;[35m[UiAutomator2]&amp#27;[39m Using UIAutomator2 server from 'C:\Users\Leonidus\AppData\Roaming\npm\node_modules\appium\node_modules\appium-uiautomator2-server\apks\appium-uiautomator2-server-v3.7.0.apk' and test from 'C:\Users\Leonidus\AppData\Roaming\npm\node_modules\appium\node_modules\appium-uiautomator2-server\apks\appium-uiautomator2-server-debug-androidTest.apk'
&amp#27;[35m[UiAutomator2]&amp#27;[39m Waiting up to 30000ms for UiAutomator2 to be online...
[debug] &amp#27;[35m[ADB]&amp#27;[39m Creating ADB subprocess with args: ["-P",5037,"-s","GZ18120115200028","shell","am","instrument","-w","io.appium.uiautomator2.server.test/androidx.test.runner.AndroidJUnitRunner"]
[debug] &amp#27;[35m[WD Proxy]&amp#27;[39m Matched '/status' to command name 'getStatus'
[debug] &amp#27;[35m[WD Proxy]&amp#27;[39m Proxying [GET /status] to [GET http://localhost:8210/wd/hub/status] with no body
&amp#27;[35m[WD Proxy]&amp#27;[39m Got an unexpected response: {"code":"ECONNRESET"}
[debug] &amp#27;[35m[WD Proxy]&amp#27;[39m Matched '/status' to command name 'getStatus'
[debug] &amp#27;[35m[WD Proxy]&amp#27;[39m Proxying [GET /status] to [GET http://localhost:8210/wd/hub/status] with no body
&amp#27;[35m[WD Proxy]&amp#27;[39m Got an unexpected response: {"code":"ECONNRESET"}
[debug] &amp#27;[35m[Instrumentation]&amp#27;[39m io.appium.uiautomator2.server.test.AppiumUiAutomator2Server:
[debug] &amp#27;[35m[WD Proxy]&amp#27;[39m Matched '/status' to command name 'getStatus'
[debug] &amp#27;[35m[WD Proxy]&amp#27;[39m Proxying [GET /status] to [GET http://localhost:8210/wd/hub/status] with no body
&amp#27;[35m[WD Proxy]&amp#27;[39m Got an unexpected response: {"code":"ECONNRESET"}
[debug] &amp#27;[35m[WD Proxy]&amp#27;[39m Matched '/status' to command name 'getStatus'
[debug] &amp#27;[35m[WD Proxy]&amp#27;[39m Proxying [GET /status] to [GET http://localhost:8210/wd/hub/status] with no body
[debug] &amp#27;[35m[WD Proxy]&amp#27;[39m Got response with status 200: "{\"sessionId\":\"None\",\"status\":0,\"value\":\"Status Invoked\"}"
[debug] &amp#27;[35m[WD Proxy]&amp#27;[39m Determined that the downstream protocol for proxy is MJSONWP
[debug] &amp#27;[35m[UiAutomator2]&amp#27;[39m The initialization of the instrumentation process took 4186ms
[debug] &amp#27;[35m[WD Proxy]&amp#27;[39m Matched '/session' to command name 'createSession'
[debug] &amp#27;[35m[WD Proxy]&amp#27;[39m Proxying [POST /session] to [POST http://localhost:8210/wd/hub/session] with body: {"desiredCapabilities":{"platform":"LINUX","webStorageEnabled":false,"takesScreenshot":true,"javascriptEnabled":true,"databaseEnabled":false,"networkConnectionEnabled":true,"locationContextEnabled":false,"warnings":{},"desired":{"platformName":"android","appActivity":"com.onoapps.cellcomtv.activities.SplashActivity","appPackage":"com.cellcom.cellcom_tv.stb","automationName":"uiautomator2","deviceName":"GZ18120115200028","newCommandTimeout":60,"noReset":true,"udid":"GZ18120115200028"},"platformName":"android","appActivity":"com.onoapps.cellcomtv.activities.SplashActivity","appPackage":"com.cellcom.cellcom_tv.stb","automationName":"uiautomator2","deviceName":"GZ18120115200028","newCommandTimeout":60,"noReset":true,"udid":"GZ18120115200028","deviceUDID":"GZ18120115200028"}}
[debug] &amp#27;[35m[WD Proxy]&amp#27;[39m Got response with status 200: {"sessionId":"961ae455-5f05-4c15-89e9-57a57b4b6d19","status":0,"value":"Created Session"}
[debug] &amp#27;[35m[WD Proxy]&amp#27;[39m Proxying [GET /appium/device/info] to [GET http://localhost:8210/wd/hub/session/961ae455-5f05-4c15-89e9-57a57b4b6d19/appium/device/info] with no body
[debug] &amp#27;[35m[WD Proxy]&amp#27;[39m Got response with status 200: "{\"sessionId\":\"961ae455-5f05-4c15-89e9-57a57b4b6d19\",\"status\":0,\"value\":{\"androidId\":\"ec7e524fb8586e8f\",\"manufacturer\":\"SEI Robotics\",\"model\":\"SEI-S905X2\",\"brand\":\"Cellcomtv\",\"apiVersion\":\"28\",\"platformVersion\":\"9\",\"carrierName\":\"\",\"realDisplaySize\":\"1920x1080\",\"displayDensity\":320,\"networks\":[{\"type\":1,\"typeName\":\"WIFI\",\"subtype\":0,\"subtypeName\":\"\",\"isConnected\":true,\"detailedState\":\"CONNECTED\",\"state\":\"CONNECTED\",\"extraInfo\":null,\"isAvailable\":true,\"isFailover\":false,\"isRoaming\":false,\"capabilities\":{\"transportTypes\":\"NET_CAPABILITY_SUPL\",\"networkCapabilities\":\"\",\"linkUpstreamBandwidthKbps\":1048576,\"linkDownBandwidthKbps\":1048576,\"signalStrength\":-58,\"networkSpecifier\":null,\"SSID\":null}}]}}"
[debug] &amp#27;[35m[ADB]&amp#27;[39m Running 'C:\Users\Leonidus\AppData\Local\Android\Sdk\platform-tools\adb.exe -P 5037 -s GZ18120115200028 shell dumpsys window'
&amp#27;[35m[AndroidDriver]&amp#27;[39m Screen already unlocked, doing nothing
&amp#27;[35m[UiAutomator2]&amp#27;[39m UiAutomator2 did not start the activity we were waiting for, 'com.cellcom.cellcom_tv.stb/com.onoapps.cellcomtv.activities.SplashActivity'. Starting it ourselves
[debug] &amp#27;[35m[ADB]&amp#27;[39m Running 'C:\Users\Leonidus\AppData\Local\Android\Sdk\platform-tools\adb.exe -P 5037 -s GZ18120115200028 shell am start -W -n com.cellcom.cellcom_tv.stb/com.onoapps.cellcomtv.activities.SplashActivity -S -a android.intent.action.MAIN -c android.intent.category.LAUNCHER -f 0x10200000'
[debug] &amp#27;[35m[WD Proxy]&amp#27;[39m Proxying [GET /appium/device/pixel_ratio] to [GET http://localhost:8210/wd/hub/session/961ae455-5f05-4c15-89e9-57a57b4b6d19/appium/device/pixel_ratio] with body: {}
[debug] &amp#27;[35m[WD Proxy]&amp#27;[39m Got response with status 200: "{\"sessionId\":\"961ae455-5f05-4c15-89e9-57a57b4b6d19\",\"status\":0,\"value\":2}"
[debug] &amp#27;[35m[WD Proxy]&amp#27;[39m Matched '/appium/device/system_bars' to command name 'getSystemBars'
[debug] &amp#27;[35m[WD Proxy]&amp#27;[39m Proxying [GET /appium/device/system_bars] to [GET http://localhost:8210/wd/hub/session/961ae455-5f05-4c15-89e9-57a57b4b6d19/appium/device/system_bars] with body: {}
[debug] &amp#27;[35m[WD Proxy]&amp#27;[39m Got response with status 200: "{\"sessionId\":\"961ae455-5f05-4c15-89e9-57a57b4b6d19\",\"status\":0,\"value\":{\"statusBar\":0}}"
[debug] &amp#27;[35m[WD Proxy]&amp#27;[39m Matched '/window/current/size' to command name 'getWindowSize'
[debug] &amp#27;[35m[WD Proxy]&amp#27;[39m Proxying [GET /window/current/size] to [GET http://localhost:8210/wd/hub/session/961ae455-5f05-4c15-89e9-57a57b4b6d19/window/current/size] with body: {}
[debug] &amp#27;[35m[WD Proxy]&amp#27;[39m Got response with status 200: "{\"sessionId\":\"961ae455-5f05-4c15-89e9-57a57b4b6d19\",\"status\":0,\"value\":{\"height\":1080,\"width\":1920}}"
&amp#27;[35m[Appium]&amp#27;[39m New AndroidUiautomator2Driver session created successfully, session 96c347f7-f3a5-4f6e-bfbf-c635ffc83122 added to master session list
[debug] &amp#27;[35m[BaseDriver]&amp#27;[39m Event 'newSessionStarted' logged at 1571058565010 (16:09:25 GMT+0300 (GMT+03:00))
[debug] &amp#27;[35m[W3C (96c347f7)]&amp#27;[39m Cached the protocol value 'W3C' for the new session 96c347f7-f3a5-4f6e-bfbf-c635ffc83122
[debug] &amp#27;[35m[W3C (96c347f7)]&amp#27;[39m Responding to client with driver.createSession() result: {"capabilities":{"platform":"LINUX","webStorageEnabled":false,"takesScreenshot":true,"javascriptEnabled":true,"databaseEnabled":false,"networkConnectionEnabled":true,"locationContextEnabled":false,"warnings":{},"desired":{"platformName":"android","appActivity":"com.onoapps.cellcomtv.activities.SplashActivity","appPackage":"com.cellcom.cellcom_tv.stb","automationName":"uiautomator2","deviceName":"GZ18120115200028","newCommandTimeout":60,"noReset":true,"udid":"GZ18120115200028"},"platformName":"android","appActivity":"com.onoapps.cellcomtv.activities.SplashActivity","appPackage":"com.cellcom.cellcom_tv.stb","automationName":"uiautomator2","deviceName":"GZ18120115200028","newCommandTimeout":60,"noReset":true,"udid":"GZ18120115200028","deviceUDID":"GZ18120115200028","deviceApiLevel":28,"platformVersion":"9","deviceScreenSize":"1920x1080","deviceScreenDensity":320,"deviceModel":"SEI-S905X2","deviceManufacturer":"SEI Robotics","pixelRatio":2,"statBarHeight":0,"viewportRect":{"left":0,"top":0,"width":1920,"height...
&amp#27;[35m[HTTP]&amp#27;[39m &amp#27;[37m<-- POST /wd/hub/session &amp#27;[39m&amp#27;[32m200&amp#27;[39m &amp#27;[90m14303 ms - 1091&amp#27;[39m
&amp#27;[35m[HTTP]&amp#27;[39m &amp#27;[90m&amp#27;[39m
&amp#27;[35m[HTTP]&amp#27;[39m &amp#27;[37m-->&amp#27;[39m &amp#27;[37mGET&amp#27;[39m &amp#27;[37m/wd/hub/session/96c347f7-f3a5-4f6e-bfbf-c635ffc83122&amp#27;[39m
&amp#27;[35m[HTTP]&amp#27;[39m &amp#27;[90m{}&amp#27;[39m
[debug] &amp#27;[35m[W3C (96c347f7)]&amp#27;[39m Calling AppiumDriver.getSession() with args: ["96c347f7-f3a5-4f6e-bfbf-c635ffc83122"]
[debug] &amp#27;[35m[UiAutomator2]&amp#27;[39m Getting session details from server to mix in
[debug] &amp#27;[35m[WD Proxy]&amp#27;[39m Matched '/' to command name 'getSession'
[debug] &amp#27;[35m[WD Proxy]&amp#27;[39m Proxying [GET /] to [GET http://localhost:8210/wd/hub/session/961ae455-5f05-4c15-89e9-57a57b4b6d19] with body: {}
[debug] &amp#27;[35m[WD Proxy]&amp#27;[39m Got response with status 200: "{\"sessionId\":\"961ae455-5f05-4c15-89e9-57a57b4b6d19\",\"status\":0,\"value\":{}}"
[debug] &amp#27;[35m[W3C (96c347f7)]&amp#27;[39m Responding to client with driver.getSession() result: {"platform":"LINUX","webStorageEnabled":false,"takesScreenshot":true,"javascriptEnabled":true,"databaseEnabled":false,"networkConnectionEnabled":true,"locationContextEnabled":false,"warnings":{},"desired":{"platformName":"android","appActivity":"com.onoapps.cellcomtv.activities.SplashActivity","appPackage":"com.cellcom.cellcom_tv.stb","automationName":"uiautomator2","deviceName":"GZ18120115200028","newCommandTimeout":60,"noReset":true,"udid":"GZ18120115200028"},"platformName":"android","appActivity":"com.onoapps.cellcomtv.activities.SplashActivity","appPackage":"com.cellcom.cellcom_tv.stb","automationName":"uiautomator2","deviceName":"GZ18120115200028","newCommandTimeout":60,"noReset":true,"udid":"GZ18120115200028","deviceUDID":"GZ18120115200028","deviceApiLevel":28,"platformVersion":"9","deviceScreenSize":"1920x1080","deviceScreenDensity":320,"deviceModel":"SEI-S905X2","deviceManufacturer":"SEI Robotics","pixelRatio":2,"statBarHeight":0,"viewportRect":{"left":0,"top":0,"width":1920,"height":1080}}
&amp#27;[35m[HTTP]&amp#27;[39m &amp#27;[37m<-- GET /wd/hub/session/96c347f7-f3a5-4f6e-bfbf-c635ffc83122 &amp#27;[39m&amp#27;[32m200&amp#27;[39m &amp#27;[90m123 ms - 1023&amp#27;[39m
&amp#27;[35m[HTTP]&amp#27;[39m &amp#27;[90m&amp#27;[39m
&amp#27;[35m[HTTP]&amp#27;[39m &amp#27;[37m-->&amp#27;[39m &amp#27;[37mGET&amp#27;[39m &amp#27;[37m/wd/hub/session/96c347f7-f3a5-4f6e-bfbf-c635ffc83122&amp#27;[39m
&amp#27;[35m[HTTP]&amp#27;[39m &amp#27;[90m{}&amp#27;[39m
[debug] &amp#27;[35m[W3C (96c347f7)]&amp#27;[39m Calling AppiumDriver.getSession() with args: ["96c347f7-f3a5-4f6e-bfbf-c635ffc83122"]
[debug] &amp#27;[35m[UiAutomator2]&amp#27;[39m Getting session details from server to mix in
[debug] &amp#27;[35m[WD Proxy]&amp#27;[39m Matched '/' to command name 'getSession'
[debug] &amp#27;[35m[WD Proxy]&amp#27;[39m Proxying [GET /] to [GET http://localhost:8210/wd/hub/session/961ae455-5f05-4c15-89e9-57a57b4b6d19] with body: {}
[debug] &amp#27;[35m[WD Proxy]&amp#27;[39m Got response with status 200: "{\"sessionId\":\"961ae455-5f05-4c15-89e9-57a57b4b6d19\",\"status\":0,\"value\":{}}"
[debug] &amp#27;[35m[W3C (96c347f7)]&amp#27;[39m Responding to client with driver.getSession() result: {"platform":"LINUX","webStorageEnabled":false,"takesScreenshot":true,"javascriptEnabled":true,"databaseEnabled":false,"networkConnectionEnabled":true,"locationContextEnabled":false,"warnings":{},"desired":{"platformName":"android","appActivity":"com.onoapps.cellcomtv.activities.SplashActivity","appPackage":"com.cellcom.cellcom_tv.stb","automationName":"uiautomator2","deviceName":"GZ18120115200028","newCommandTimeout":60,"noReset":true,"udid":"GZ18120115200028"},"platformName":"android","appActivity":"com.onoapps.cellcomtv.activities.SplashActivity","appPackage":"com.cellcom.cellcom_tv.stb","automationName":"uiautomator2","deviceName":"GZ18120115200028","newCommandTimeout":60,"noReset":true,"udid":"GZ18120115200028","deviceUDID":"GZ18120115200028","deviceApiLevel":28,"platformVersion":"9","deviceScreenSize":"1920x1080","deviceScreenDensity":320,"deviceModel":"SEI-S905X2","deviceManufacturer":"SEI Robotics","pixelRatio":2,"statBarHeight":0,"viewportRect":{"left":0,"top":0,"width":1920,"height":1080}}
&amp#27;[35m[HTTP]&amp#27;[39m &amp#27;[37m<-- GET /wd/hub/session/96c347f7-f3a5-4f6e-bfbf-c635ffc83122 &amp#27;[39m&amp#27;[32m200&amp#27;[39m &amp#27;[90m41 ms - 1023&amp#27;[39m
&amp#27;[35m[HTTP]&amp#27;[39m &amp#27;[90m&amp#27;[39m
&amp#27;[35m[HTTP]&amp#27;[39m &amp#27;[37m-->&amp#27;[39m &amp#27;[37mPOST&amp#27;[39m &amp#27;[37m/wd/hub/session/96c347f7-f3a5-4f6e-bfbf-c635ffc83122/timeouts&amp#27;[39m
&amp#27;[35m[HTTP]&amp#27;[39m &amp#27;[90m{"implicit":10000}&amp#27;[39m
[debug] &amp#27;[35m[W3C (96c347f7)]&amp#27;[39m Calling AppiumDriver.timeouts() with args: [null,null,null,null,10000,"96c347f7-f3a5-4f6e-bfbf-c635ffc83122"]
[debug] &amp#27;[35m[BaseDriver]&amp#27;[39m W3C timeout argument: {"implicit":10000}}
[debug] &amp#27;[35m[BaseDriver]&amp#27;[39m Set implicit wait to 10000ms
[debug] &amp#27;[35m[W3C (96c347f7)]&amp#27;[39m Responding to client with driver.timeouts() result: null
&amp#27;[35m[HTTP]&amp#27;[39m &amp#27;[37m<-- POST /wd/hub/session/96c347f7-f3a5-4f6e-bfbf-c635ffc83122/timeouts &amp#27;[39m&amp#27;[32m200&amp#27;[39m &amp#27;[90m9 ms - 14&amp#27;[39m
&amp#27;[35m[HTTP]&amp#27;[39m &amp#27;[90m&amp#27;[39m
&amp#27;[35m[HTTP]&amp#27;[39m &amp#27;[37m-->&amp#27;[39m &amp#27;[37mPOST&amp#27;[39m &amp#27;[37m/wd/hub/session/96c347f7-f3a5-4f6e-bfbf-c635ffc83122/appium/device/press_keycode&amp#27;[39m
&amp#27;[35m[HTTP]&amp#27;[39m &amp#27;[90m{"keycode":20}&amp#27;[39m
[debug] &amp#27;[35m[W3C (96c347f7)]&amp#27;[39m Calling AppiumDriver.pressKeyCode() with args: [20,null,null,null,null,"96c347f7-f3a5-4f6e-bfbf-c635ffc83122"]
[debug] &amp#27;[35m[WD Proxy]&amp#27;[39m Matched '/appium/device/press_keycode' to command name 'pressKeyCode'
[debug] &amp#27;[35m[WD Proxy]&amp#27;[39m Proxying [POST /appium/device/press_keycode] to [POST http://localhost:8210/wd/hub/session/961ae455-5f05-4c15-89e9-57a57b4b6d19/appium/device/press_keycode] with body: {"keycode":20,"metastate":null,"flags":null}
[debug] &amp#27;[35m[WD Proxy]&amp#27;[39m Got response with status 200: {"sessionId":"961ae455-5f05-4c15-89e9-57a57b4b6d19","status":0,"value":true}
[debug] &amp#27;[35m[W3C (96c347f7)]&amp#27;[39m Responding to client with driver.pressKeyCode() result: true
&amp#27;[35m[HTTP]&amp#27;[39m &amp#27;[37m<-- POST /wd/hub/session/96c347f7-f3a5-4f6e-bfbf-c635ffc83122/appium/device/press_keycode &amp#27;[39m&amp#27;[32m200&amp#27;[39m &amp#27;[90m113 ms - 14&amp#27;[39m
&amp#27;[35m[HTTP]&amp#27;[39m &amp#27;[90m&amp#27;[39m
&amp#27;[35m[HTTP]&amp#27;[39m &amp#27;[37m-->&amp#27;[39m &amp#27;[37mPOST&amp#27;[39m &amp#27;[37m/wd/hub/session/96c347f7-f3a5-4f6e-bfbf-c635ffc83122/appium/device/press_keycode&amp#27;[39m
&amp#27;[35m[HTTP]&amp#27;[39m &amp#27;[90m{"keycode":21}&amp#27;[39m
[debug] &amp#27;[35m[W3C (96c347f7)]&amp#27;[39m Calling AppiumDriver.pressKeyCode() with args: [21,null,null,null,null,"96c347f7-f3a5-4f6e-bfbf-c635ffc83122"]
[debug] &amp#27;[35m[WD Proxy]&amp#27;[39m Matched '/appium/device/press_keycode' to command name 'pressKeyCode'
[debug] &amp#27;[35m[WD Proxy]&amp#27;[39m Proxying [POST /appium/device/press_keycode] to [POST http://localhost:8210/wd/hub/session/961ae455-5f05-4c15-89e9-57a57b4b6d19/appium/device/press_keycode] with body: {"keycode":21,"metastate":null,"flags":null}
[debug] &amp#27;[35m[WD Proxy]&amp#27;[39m Got response with status 200: {"sessionId":"961ae455-5f05-4c15-89e9-57a57b4b6d19","status":0,"value":true}
[debug] &amp#27;[35m[W3C (96c347f7)]&amp#27;[39m Responding to client with driver.pressKeyCode() result: true
&amp#27;[35m[HTTP]&amp#27;[39m &amp#27;[37m<-- POST /wd/hub/session/96c347f7-f3a5-4f6e-bfbf-c635ffc83122/appium/device/press_keycode &amp#27;[39m&amp#27;[32m200&amp#27;[39m &amp#27;[90m839 ms - 14&amp#27;[39m
&amp#27;[35m[HTTP]&amp#27;[39m &amp#27;[90m&amp#27;[39m
&amp#27;[35m[HTTP]&amp#27;[39m &amp#27;[37m-->&amp#27;[39m &amp#27;[37mPOST&amp#27;[39m &amp#27;[37m/wd/hub/session/96c347f7-f3a5-4f6e-bfbf-c635ffc83122/appium/device/press_keycode&amp#27;[39m
&amp#27;[35m[HTTP]&amp#27;[39m &amp#27;[90m{"keycode":21}&amp#27;[39m
[debug] &amp#27;[35m[W3C (96c347f7)]&amp#27;[39m Calling AppiumDriver.pressKeyCode() with args: [21,null,null,null,null,"96c347f7-f3a5-4f6e-bfbf-c635ffc83122"]
[debug] &amp#27;[35m[WD Proxy]&amp#27;[39m Matched '/appium/device/press_keycode' to command name 'pressKeyCode'
[debug] &amp#27;[35m[WD Proxy]&amp#27;[39m Proxying [POST /appium/device/press_keycode] to [POST http://localhost:8210/wd/hub/session/961ae455-5f05-4c15-89e9-57a57b4b6d19/appium/device/press_keycode] with body: {"keycode":21,"metastate":null,"flags":null}
[debug] &amp#27;[35m[WD Proxy]&amp#27;[39m Got response with status 200: {"sessionId":"961ae455-5f05-4c15-89e9-57a57b4b6d19","status":0,"value":true}
[debug] &amp#27;[35m[W3C (96c347f7)]&amp#27;[39m Responding to client with driver.pressKeyCode() result: true
&amp#27;[35m[HTTP]&amp#27;[39m &amp#27;[37m<-- POST /wd/hub/session/96c347f7-f3a5-4f6e-bfbf-c635ffc83122/appium/device/press_keycode &amp#27;[39m&amp#27;[32m200&amp#27;[39m &amp#27;[90m367 ms - 14&amp#27;[39m
&amp#27;[35m[HTTP]&amp#27;[39m &amp#27;[90m&amp#27;[39m
&amp#27;[35m[HTTP]&amp#27;[39m &amp#27;[37m-->&amp#27;[39m &amp#27;[37mPOST&amp#27;[39m &amp#27;[37m/wd/hub/session/96c347f7-f3a5-4f6e-bfbf-c635ffc83122/appium/device/press_keycode&amp#27;[39m
&amp#27;[35m[HTTP]&amp#27;[39m &amp#27;[90m{"keycode":21}&amp#27;[39m
[debug] &amp#27;[35m[W3C (96c347f7)]&amp#27;[39m Calling AppiumDriver.pressKeyCode() with args: [21,null,null,null,null,"96c347f7-f3a5-4f6e-bfbf-c635ffc83122"]
[debug] &amp#27;[35m[WD Proxy]&amp#27;[39m Matched '/appium/device/press_keycode' to command name 'pressKeyCode'
[debug] &amp#27;[35m[WD Proxy]&amp#27;[39m Proxying [POST /appium/device/press_keycode] to [POST http://localhost:8210/wd/hub/session/961ae455-5f05-4c15-89e9-57a57b4b6d19/appium/device/press_keycode] with body: {"keycode":21,"metastate":null,"flags":null}
[debug] &amp#27;[35m[WD Proxy]&amp#27;[39m Got response with status 200: {"sessionId":"961ae455-5f05-4c15-89e9-57a57b4b6d19","status":0,"value":true}
[debug] &amp#27;[35m[W3C (96c347f7)]&amp#27;[39m Responding to client with driver.pressKeyCode() result: true
&amp#27;[35m[HTTP]&amp#27;[39m &amp#27;[37m<-- POST /wd/hub/session/96c347f7-f3a5-4f6e-bfbf-c635ffc83122/appium/device/press_keycode &amp#27;[39m&amp#27;[32m200&amp#27;[39m &amp#27;[90m342 ms - 14&amp#27;[39m
&amp#27;[35m[HTTP]&amp#27;[39m &amp#27;[90m&amp#27;[39m
&amp#27;[35m[HTTP]&amp#27;[39m &amp#27;[37m-->&amp#27;[39m &amp#27;[37mPOST&amp#27;[39m &amp#27;[37m/wd/hub/session/96c347f7-f3a5-4f6e-bfbf-c635ffc83122/appium/device/press_keycode&amp#27;[39m
&amp#27;[35m[HTTP]&amp#27;[39m &amp#27;[90m{"keycode":21}&amp#27;[39m
[debug] &amp#27;[35m[W3C (96c347f7)]&amp#27;[39m Calling AppiumDriver.pressKeyCode() with args: [21,null,null,null,null,"96c347f7-f3a5-4f6e-bfbf-c635ffc83122"]
[debug] &amp#27;[35m[WD Proxy]&amp#27;[39m Matched '/appium/device/press_keycode' to command name 'pressKeyCode'
[debug] &amp#27;[35m[WD Proxy]&amp#27;[39m Proxying [POST /appium/device/press_keycode] to [POST http://localhost:8210/wd/hub/session/961ae455-5f05-4c15-89e9-57a57b4b6d19/appium/device/press_keycode] with body: {"keycode":21,"metastate":null,"flags":null}
[debug] &amp#27;[35m[WD Proxy]&amp#27;[39m Got response with status 200: {"sessionId":"961ae455-5f05-4c15-89e9-57a57b4b6d19","status":0,"value":true}
[debug] &amp#27;[35m[W3C (96c347f7)]&amp#27;[39m Responding to client with driver.pressKeyCode() result: true
&amp#27;[35m[HTTP]&amp#27;[39m &amp#27;[37m<-- POST /wd/hub/session/96c347f7-f3a5-4f6e-bfbf-c635ffc83122/appium/device/press_keycode &amp#27;[39m&amp#27;[32m200&amp#27;[39m &amp#27;[90m333 ms - 14&amp#27;[39m
&amp#27;[35m[HTTP]&amp#27;[39m &amp#27;[90m&amp#27;[39m
&amp#27;[35m[HTTP]&amp#27;[39m &amp#27;[37m-->&amp#27;[39m &amp#27;[37mPOST&amp#27;[39m &amp#27;[37m/wd/hub/session/96c347f7-f3a5-4f6e-bfbf-c635ffc83122/appium/device/press_keycode&amp#27;[39m
&amp#27;[35m[HTTP]&amp#27;[39m &amp#27;[90m{"keycode":23}&amp#27;[39m
[debug] &amp#27;[35m[W3C (96c347f7)]&amp#27;[39m Calling AppiumDriver.pressKeyCode() with args: [23,null,null,null,null,"96c347f7-f3a5-4f6e-bfbf-c635ffc83122"]
[debug] &amp#27;[35m[WD Proxy]&amp#27;[39m Matched '/appium/device/press_keycode' to command name 'pressKeyCode'
[debug] &amp#27;[35m[WD Proxy]&amp#27;[39m Proxying [POST /appium/device/press_keycode] to [POST http://localhost:8210/wd/hub/session/961ae455-5f05-4c15-89e9-57a57b4b6d19/appium/device/press_keycode] with body: {"keycode":23,"metastate":null,"flags":null}
[debug] &amp#27;[35m[WD Proxy]&amp#27;[39m Got response with status 200: {"sessionId":"961ae455-5f05-4c15-89e9-57a57b4b6d19","status":0,"value":true}
[debug] &amp#27;[35m[W3C (96c347f7)]&amp#27;[39m Responding to client with driver.pressKeyCode() result: true
&amp#27;[35m[HTTP]&amp#27;[39m &amp#27;[37m<-- POST /wd/hub/session/96c347f7-f3a5-4f6e-bfbf-c635ffc83122/appium/device/press_keycode &amp#27;[39m&amp#27;[32m200&amp#27;[39m &amp#27;[90m373 ms - 14&amp#27;[39m
&amp#27;[35m[HTTP]&amp#27;[39m &amp#27;[90m&amp#27;[39m
&amp#27;[35m[HTTP]&amp#27;[39m &amp#27;[37m-->&amp#27;[39m &amp#27;[37mPOST&amp#27;[39m &amp#27;[37m/wd/hub/session/96c347f7-f3a5-4f6e-bfbf-c635ffc83122/element&amp#27;[39m
&amp#27;[35m[HTTP]&amp#27;[39m &amp#27;[90m{"using":"id","value":"com.android.vending:id/title_badge"}&amp#27;[39m
[debug] &amp#27;[35m[W3C (96c347f7)]&amp#27;[39m Calling AppiumDriver.findElement() with args: ["id","com.android.vending:id/title_badge","96c347f7-f3a5-4f6e-bfbf-c635ffc83122"]
[debug] &amp#27;[35m[BaseDriver]&amp#27;[39m Valid locator strategies for this request: xpath, id, class name, accessibility id, -android uiautomator
[debug] &amp#27;[35m[BaseDriver]&amp#27;[39m Waiting up to 10000 ms for condition
[debug] &amp#27;[35m[WD Proxy]&amp#27;[39m Matched '/element' to command name 'findElement'
[debug] &amp#27;[35m[WD Proxy]&amp#27;[39m Proxying [POST /element] to [POST http://localhost:8210/wd/hub/session/961ae455-5f05-4c15-89e9-57a57b4b6d19/element] with body: {"strategy":"id","selector":"com.android.vending:id/title_badge","context":"","multiple":false}
&amp#27;[35m[WD Proxy]&amp#27;[39m Got an unexpected response: {"sessionId":"961ae455-5f05-4c15-89e9-57a57b4b6d19","status":7,"value":"An element could not be located on the page using the given search parameters."}
[debug] &amp#27;[35m[MJSONWP]&amp#27;[39m Matched JSONWP error code 7 to NoSuchElementError
[debug] &amp#27;[35m[BaseDriver]&amp#27;[39m Waited for 236 ms so far
[debug] &amp#27;[35m[WD Proxy]&amp#27;[39m Matched '/element' to command name 'findElement'
[debug] &amp#27;[35m[WD Proxy]&amp#27;[39m Proxying [POST /element] to [POST http://localhost:8210/wd/hub/session/961ae455-5f05-4c15-89e9-57a57b4b6d19/element] with body: {"strategy":"id","selector":"com.android.vending:id/title_badge","context":"","multiple":false}
&amp#27;[35m[WD Proxy]&amp#27;[39m Got an unexpected response: {"sessionId":"961ae455-5f05-4c15-89e9-57a57b4b6d19","status":7,"value":"An element could not be located on the page using the given search parameters."}
[debug] &amp#27;[35m[MJSONWP]&amp#27;[39m Matched JSONWP error code 7 to NoSuchElementError
[debug] &amp#27;[35m[BaseDriver]&amp#27;[39m Waited for 889 ms so far
[debug] &amp#27;[35m[WD Proxy]&amp#27;[39m Matched '/element' to command name 'findElement'
[debug] &amp#27;[35m[WD Proxy]&amp#27;[39m Proxying [POST /element] to [POST http://localhost:8210/wd/hub/session/961ae455-5f05-4c15-89e9-57a57b4b6d19/element] with body: {"strategy":"id","selector":"com.android.vending:id/title_badge","context":"","multiple":false}
&amp#27;[35m[WD Proxy]&amp#27;[39m Got an unexpected response: {"sessionId":"961ae455-5f05-4c15-89e9-57a57b4b6d19","status":7,"value":"An element could not be located on the page using the given search parameters."}
[debug] &amp#27;[35m[MJSONWP]&amp#27;[39m Matched JSONWP error code 7 to NoSuchElementError
[debug] &amp#27;[35m[BaseDriver]&amp#27;[39m Waited for 1556 ms so far
[debug] &amp#27;[35m[WD Proxy]&amp#27;[39m Matched '/element' to command name 'findElement'
[debug] &amp#27;[35m[WD Proxy]&amp#27;[39m Proxying [POST /element] to [POST http://localhost:8210/wd/hub/session/961ae455-5f05-4c15-89e9-57a57b4b6d19/element] with body: {"strategy":"id","selector":"com.android.vending:id/title_badge","context":"","multiple":false}
&amp#27;[35m[WD Proxy]&amp#27;[39m Got an unexpected response: {"sessionId":"961ae455-5f05-4c15-89e9-57a57b4b6d19","status":7,"value":"An element could not be located on the page using the given search parameters."}
[debug] &amp#27;[35m[MJSONWP]&amp#27;[39m Matched JSONWP error code 7 to NoSuchElementError
[debug] &amp#27;[35m[BaseDriver]&amp#27;[39m Waited for 2203 ms so far
[debug] &amp#27;[35m[WD Proxy]&amp#27;[39m Matched '/element' to command name 'findElement'
[debug] &amp#27;[35m[WD Proxy]&amp#27;[39m Proxying [POST /element] to [POST http://localhost:8210/wd/hub/session/961ae455-5f05-4c15-89e9-57a57b4b6d19/element] with body: {"strategy":"id","selector":"com.android.vending:id/title_badge","context":"","multiple":false}
&amp#27;[35m[WD Proxy]&amp#27;[39m Got an unexpected response: {"sessionId":"961ae455-5f05-4c15-89e9-57a57b4b6d19","status":7,"value":"An element could not be located on the page using the given search parameters."}
[debug] &amp#27;[35m[MJSONWP]&amp#27;[39m Matched JSONWP error code 7 to NoSuchElementError
[debug] &amp#27;[35m[BaseDriver]&amp#27;[39m Waited for 2828 ms so far
[debug] &amp#27;[35m[WD Proxy]&amp#27;[39m Matched '/element' to command name 'findElement'
[debug] &amp#27;[35m[WD Proxy]&amp#27;[39m Proxying [POST /element] to [POST http://localhost:8210/wd/hub/session/961ae455-5f05-4c15-89e9-57a57b4b6d19/element] with body: {"strategy":"id","selector":"com.android.vending:id/title_badge","context":"","multiple":false}
&amp#27;[35m[WD Proxy]&amp#27;[39m Got an unexpected response: {"sessionId":"961ae455-5f05-4c15-89e9-57a57b4b6d19","status":7,"value":"An element could not be located on the page using the given search parameters."}
[debug] &amp#27;[35m[MJSONWP]&amp#27;[39m Matched JSONWP error code 7 to NoSuchElementError
[debug] &amp#27;[35m[BaseDriver]&amp#27;[39m Waited for 3478 ms so far
[debug] &amp#27;[35m[WD Proxy]&amp#27;[39m Matched '/element' to command name 'findElement'
[debug] &amp#27;[35m[WD Proxy]&amp#27;[39m Proxying [POST /element] to [POST http://localhost:8210/wd/hub/session/961ae455-5f05-4c15-89e9-57a57b4b6d19/element] with body: {"strategy":"id","selector":"com.android.vending:id/title_badge","context":"","multiple":false}
&amp#27;[35m[WD Proxy]&amp#27;[39m Got an unexpected response: {"sessionId":"961ae455-5f05-4c15-89e9-57a57b4b6d19","status":7,"value":"An element could not be located on the page using the given search parameters."}
[debug] &amp#27;[35m[MJSONWP]&amp#27;[39m Matched JSONWP error code 7 to NoSuchElementError
[debug] &amp#27;[35m[BaseDriver]&amp#27;[39m Waited for 4109 ms so far
[debug] &amp#27;[35m[WD Proxy]&amp#27;[39m Matched '/element' to command name 'findElement'
[debug] &amp#27;[35m[WD Proxy]&amp#27;[39m Proxying [POST /element] to [POST http://localhost:8210/wd/hub/session/961ae455-5f05-4c15-89e9-57a57b4b6d19/element] with body: {"strategy":"id","selector":"com.android.vending:id/title_badge","context":"","multiple":false}
&amp#27;[35m[WD Proxy]&amp#27;[39m Got an unexpected response: {"sessionId":"961ae455-5f05-4c15-89e9-57a57b4b6d19","status":7,"value":"An element could not be located on the page using the given search parameters."}
[debug] &amp#27;[35m[MJSONWP]&amp#27;[39m Matched JSONWP error code 7 to NoSuchElementError
[debug] &amp#27;[35m[BaseDriver]&amp#27;[39m Waited for 4754 ms so far
[debug] &amp#27;[35m[WD Proxy]&amp#27;[39m Matched '/element' to command name 'findElement'
[debug] &amp#27;[35m[WD Proxy]&amp#27;[39m Proxying [POST /element] to [POST http://localhost:8210/wd/hub/session/961ae455-5f05-4c15-89e9-57a57b4b6d19/element] with body: {"strategy":"id","selector":"com.android.vending:id/title_badge","context":"","multiple":false}
&amp#27;[35m[WD Proxy]&amp#27;[39m Got an unexpected response: {"sessionId":"961ae455-5f05-4c15-89e9-57a57b4b6d19","status":7,"value":"An element could not be located on the page using the given search parameters."}
[debug] &amp#27;[35m[MJSONWP]&amp#27;[39m Matched JSONWP error code 7 to NoSuchElementError
[debug] &amp#27;[35m[BaseDriver]&amp#27;[39m Waited for 5409 ms so far
[debug] &amp#27;[35m[WD Proxy]&amp#27;[39m Matched '/element' to command name 'findElement'
[debug] &amp#27;[35m[WD Proxy]&amp#27;[39m Proxying [POST /element] to [POST http://localhost:8210/wd/hub/session/961ae455-5f05-4c15-89e9-57a57b4b6d19/element] with body: {"strategy":"id","selector":"com.android.vending:id/title_badge","context":"","multiple":false}
&amp#27;[35m[WD Proxy]&amp#27;[39m Got an unexpected response: {"sessionId":"961ae455-5f05-4c15-89e9-57a57b4b6d19","status":7,"value":"An element could not be located on the page using the given search parameters."}
[debug] &amp#27;[35m[MJSONWP]&amp#27;[39m Matched JSONWP error code 7 to NoSuchElementError
[debug] &amp#27;[35m[BaseDriver]&amp#27;[39m Waited for 6016 ms so far
[debug] &amp#27;[35m[WD Proxy]&amp#27;[39m Matched '/element' to command name 'findElement'
[debug] &amp#27;[35m[WD Proxy]&amp#27;[39m Proxying [POST /element] to [POST http://localhost:8210/wd/hub/session/961ae455-5f05-4c15-89e9-57a57b4b6d19/element] with body: {"strategy":"id","selector":"com.android.vending:id/title_badge","context":"","multiple":false}
&amp#27;[35m[WD Proxy]&amp#27;[39m Got an unexpected response: {"sessionId":"961ae455-5f05-4c15-89e9-57a57b4b6d19","status":7,"value":"An element could not be located on the page using the given search parameters."}
[debug] &amp#27;[35m[MJSONWP]&amp#27;[39m Matched JSONWP error code 7 to NoSuchElementError
[debug] &amp#27;[35m[BaseDriver]&amp#27;[39m Waited for 6618 ms so far
[debug] &amp#27;[35m[WD Proxy]&amp#27;[39m Matched '/element' to command name 'findElement'
[debug] &amp#27;[35m[WD Proxy]&amp#27;[39m Proxying [POST /element] to [POST http://localhost:8210/wd/hub/session/961ae455-5f05-4c15-89e9-57a57b4b6d19/element] with body: {"strategy":"id","selector":"com.android.vending:id/title_badge","context":"","multiple":false}
&amp#27;[35m[WD Proxy]&amp#27;[39m Got an unexpected response: {"sessionId":"961ae455-5f05-4c15-89e9-57a57b4b6d19","status":7,"value":"An element could not be located on the page using the given search parameters."}
[debug] &amp#27;[35m[MJSONWP]&amp#27;[39m Matched JSONWP error code 7 to NoSuchElementError
[debug] &amp#27;[35m[BaseDriver]&amp#27;[39m Waited for 7239 ms so far
[debug] &amp#27;[35m[WD Proxy]&amp#27;[39m Matched '/element' to command name 'findElement'
[debug] &amp#27;[35m[WD Proxy]&amp#27;[39m Proxying [POST /element] to [POST http://localhost:8210/wd/hub/session/961ae455-5f05-4c15-89e9-57a57b4b6d19/element] with body: {"strategy":"id","selector":"com.android.vending:id/title_badge","context":"","multiple":false}
&amp#27;[35m[WD Proxy]&amp#27;[39m Got an unexpected response: {"sessionId":"961ae455-5f05-4c15-89e9-57a57b4b6d19","status":7,"value":"An element could not be located on the page using the given search parameters."}
[debug] &amp#27;[35m[MJSONWP]&amp#27;[39m Matched JSONWP error code 7 to NoSuchElementError
[debug] &amp#27;[35m[BaseDriver]&amp#27;[39m Waited for 7832 ms so far
[debug] &amp#27;[35m[WD Proxy]&amp#27;[39m Matched '/element' to command name 'findElement'
[debug] &amp#27;[35m[WD Proxy]&amp#27;[39m Proxying [POST /element] to [POST http://localhost:8210/wd/hub/session/961ae455-5f05-4c15-89e9-57a57b4b6d19/element] with body: {"strategy":"id","selector":"com.android.vending:id/title_badge","context":"","multiple":false}
&amp#27;[35m[WD Proxy]&amp#27;[39m Got an unexpected response: {"sessionId":"961ae455-5f05-4c15-89e9-57a57b4b6d19","status":7,"value":"An element could not be located on the page using the given search parameters."}
[debug] &amp#27;[35m[MJSONWP]&amp#27;[39m Matched JSONWP error code 7 to NoSuchElementError
[debug] &amp#27;[35m[BaseDriver]&amp#27;[39m Waited for 8431 ms so far
[debug] &amp#27;[35m[WD Proxy]&amp#27;[39m Matched '/element' to command name 'findElement'
[debug] &amp#27;[35m[WD Proxy]&amp#27;[39m Proxying [POST /element] to [POST http://localhost:8210/wd/hub/session/961ae455-5f05-4c15-89e9-57a57b4b6d19/element] with body: {"strategy":"id","selector":"com.android.vending:id/title_badge","context":"","multiple":false}
&amp#27;[35m[WD Proxy]&amp#27;[39m Got an unexpected response: {"sessionId":"961ae455-5f05-4c15-89e9-57a57b4b6d19","status":7,"value":"An element could not be located on the page using the given search parameters."}
[debug] &amp#27;[35m[MJSONWP]&amp#27;[39m Matched JSONWP error code 7 to NoSuchElementError
[debug] &amp#27;[35m[BaseDriver]&amp#27;[39m Waited for 9039 ms so far
[debug] &amp#27;[35m[WD Proxy]&amp#27;[39m Matched '/element' to command name 'findElement'
[debug] &amp#27;[35m[WD Proxy]&amp#27;[39m Proxying [POST /element] to [POST http://localhost:8210/wd/hub/session/961ae455-5f05-4c15-89e9-57a57b4b6d19/element] with body: {"strategy":"id","selector":"com.android.vending:id/title_badge","context":"","multiple":false}
&amp#27;[35m[WD Proxy]&amp#27;[39m Got an unexpected response: {"sessionId":"961ae455-5f05-4c15-89e9-57a57b4b6d19","status":7,"value":"An element could not be located on the page using the given search parameters."}
[debug] &amp#27;[35m[MJSONWP]&amp#27;[39m Matched JSONWP error code 7 to NoSuchElementError
[debug] &amp#27;[35m[BaseDriver]&amp#27;[39m Waited for 9645 ms so far
[debug] &amp#27;[35m[WD Proxy]&amp#27;[39m Matched '/element' to command name 'findElement'
[debug] &amp#27;[35m[WD Proxy]&amp#27;[39m Proxying [POST /element] to [POST http://localhost:8210/wd/hub/session/961ae455-5f05-4c15-89e9-57a57b4b6d19/element] with body: {"strategy":"id","selector":"com.android.vending:id/title_badge","context":"","multiple":false}
&amp#27;[35m[WD Proxy]&amp#27;[39m Got an unexpected response: {"sessionId":"961ae455-5f05-4c15-89e9-57a57b4b6d19","status":7,"value":"An element could not be located on the page using the given search parameters."}
[debug] &amp#27;[35m[MJSONWP]&amp#27;[39m Matched JSONWP error code 7 to NoSuchElementError
[debug] &amp#27;[35m[W3C (96c347f7)]&amp#27;[39m Encountered internal error running command: NoSuchElementError: An element could not be located on the page using the given search parameters.
[debug] &amp#27;[35m[W3C (96c347f7)]&amp#27;[39m     at AndroidUiautomator2Driver.findElOrEls (C:\Users\Leonidus\AppData\Roaming\npm\node_modules\appium\node_modules\appium-android-driver\lib\commands\find.js:75:11)
&amp#27;[35m[HTTP]&amp#27;[39m &amp#27;[37m<-- POST /wd/hub/session/96c347f7-f3a5-4f6e-bfbf-c635ffc83122/element &amp#27;[39m&amp#27;[33m404&amp#27;[39m &amp#27;[90m10241 ms - 422&amp#27;[39m
&amp#27;[35m[HTTP]&amp#27;[39m &amp#27;[90m&amp#27;[39m
&amp#27;[35m[HTTP]&amp#27;[39m &amp#27;[37m-->&amp#27;[39m &amp#27;[37mGET&amp#27;[39m &amp#27;[37m/wd/hub/session/96c347f7-f3a5-4f6e-bfbf-c635ffc83122/screenshot&amp#27;[39m
&amp#27;[35m[HTTP]&amp#27;[39m &amp#27;[90m{}&amp#27;[39m
[debug] &amp#27;[35m[W3C (96c347f7)]&amp#27;[39m Calling AppiumDriver.getScreenshot() with args: ["96c347f7-f3a5-4f6e-bfbf-c635ffc83122"]
[debug] &amp#27;[35m[WD Proxy]&amp#27;[39m Matched '/screenshot' to command name 'getScreenshot'
[debug] &amp#27;[35m[WD Proxy]&amp#27;[39m Proxying [GET /screenshot] to [GET http://localhost:8210/wd/hub/session/961ae455-5f05-4c15-89e9-57a57b4b6d19/screenshot] with no body
[debug] &amp#27;[35m[WD Proxy]&amp#27;[39m Got response with status 200: "{\"sessionId\":\"961ae455-5f05-4c15-89e9-57a57b4b6d19\",\"status\":0,\"value\":\"iVBORw0KGgoAAAANSUhEUgAAB4AAAAQ4CAYAAADo08FDAAAABHNCSVQICAgIfAhkiAAAIABJREFU\\neJzsvdtvJMmV5vkzO+buQSeDycxkiVJWV82otxpSbwM9wGIXmKd925fF\\/s2DncXsUwO7mAYa0KyE\\n0bR6dEmJVclkkB7h7nbZh2Pm7nEhM7OkkgaYsgQzSA93c7seO\\/Z95xwzf\\/XV3yb+O073v\\/\\/NX7oI\\nf9KU\\/Hh80RxfkpM32eczN6fzOkzRQBlUFosxZn4ufxFT3HsmkeaHnnnHcbmfKAOQ0lzkkmVMcxkg\\nYYjz607NhGVZTn2fEiEGQoAUA5GIMQZrDJi5TYMBawVjJF83GCuIEawRjBVqVyHGkhIkI1jrwAhI\\nBdaBCLZaYeoVtmk4Oz\\/jxYtzXl44ahfBadvHaAkjdA+er39\\/z8PmnjAMEDwh9ES\\/ReLASgwQIEZi\\nCiQCxiSsiSQC0UdiGDEpYnLdbco1SrkvUsRiMClhCZgYgYhJEQFELGIM53VDWzeIMaQY6fsdu37E\\nWkvCEFJkjIERsFWFj5E+eMaQGGLCJwgJkgFb2YOOMWCsjuDyn12MlNwXETvfl+tgYaobgBWLiGBN\\nghgwjJyfOV6\\/fsH1qxfgt+y299QChpDrbXK9DCnpmKqaGiuSi5nyWNM2wkZtdyskLERLYsXjux2\\/\\n\\/e09uyHiU8r1MEQig\\/cYm2jqipU4LpuGc3Gw7dluO0wtXF2\\/out2CGCJ+DASoseKoWlbzi4vMGIY\\ng2c39CQMZ+05TdOQ6hpCwADee4KPQGIcRx439wx+wI+elHJdjMVYixFBtJgYsaSY8H4kxYgTR4qJ\\n6AMYaFYNJoEfBvre433UKlrtIiuCmAqT3Ny\\/CUJK...
[debug] &amp#27;[35m[W3C (96c347f7)]&amp#27;[39m Responding to client with driver.getScreenshot() result: "iVBORw0KGgoAAAANSUhEUgAAB4AAAAQ4CAYAAADo08FDAAAABHNCSVQICAgIfAhkiAAAIABJREFU\neJzsvdtvJMmV5vkzO+buQSeDycxkiVJWV82otxpSbwM9wGIXmKd925fF/s2DncXsUwO7mAYa0KyE\n0bR6dEmJVclkkB7h7nbZh2Pm7nEhM7OkkgaYsgQzSA93c7seO/Z95xwzf/XV3yb+O073v//NX7oI\nf9KU/Hh80RxfkpM32eczN6fzOkzRQBlUFosxZn4ufxFT3HsmkeaHnnnHcbmfKAOQ0lzkkmVMcxkg\nYYjz607NhGVZTn2fEiEGQoAUA5GIMQZrDJi5TYMBawVjJF83GCuIEawRjBVqVyHGkhIkI1jrwAhI\nBdaBCLZaYeoVtmk4Oz/jxYtzXl44ahfBadvHaAkjdA+er39/z8PmnjAMEDwh9ES/ReLASgwQIEZi\nCiQCxiSsiSQC0UdiGDEpYnLdbco1SrkvUsRiMClhCZgYgYhJEQFELGIM53VDWzeIMaQY6fsdu37E\nWkvCEFJkjIERsFWFj5E+eMaQGGLCJwgJkgFb2YOOMWCsjuDyn12MlNwXETvfl+tgYaobgBWLiGBN\nghgwjJyfOV6/fsH1qxfgt+y299QChpDrbXK9DCnpmKqaGiuSi5nyWNM2wkZtdyskLERLYsXjux2/\n/e09uyHiU8r1MEQig/cYm2jqipU4LpuGc3Gw7dluO0wtXF2/out2CGCJ+DASoseKoWlbzi4vMGIY\ng2c39CQMZ+05TdOQ6hpCwADee4KPQGIcRx439wx+wI+elHJdjMVYixFBtJgYsaSY8H4kxYgTR4qJ\n6AMYaFYNJoEfBvre433UKlrtIiuCmAqT3Ny/CUJKpBiJIRJjIJEwRtulpMrVOFfhw8g4Dhhr8DHw\nYn1JtxvY9j0hRO35pOMnJWH0AymlWV5Zg3WCWIuI0XIldF5Yg7WCiMUaSEbLIdZiJM/zFInRE1Pg\n+voz2v...
&amp#27;[35m[HTTP]&amp#27;[39m &amp#27;[37m<-- GET /wd/hub/session/96c347f7-f3a5-4f6e-bfbf-c635ffc83122/screenshot &amp#27;[39m&amp#27;[32m200&amp#27;[39m &amp#27;[90m1483 ms - 614250&amp#27;[39m
&amp#27;[35m[HTTP]&amp#27;[39m &amp#27;[90m&amp#27;[39m
]]></system-out>
    <system-err><![CDATA[окт 14, 2019 4:09:25 PM io.appium.java_client.remote.AppiumCommandExecutor$1 lambda$0
INFO: Detected dialect: W3C
]]></system-err>
  </testcase>
  <testcase name="parentalControlsPageTest" classname="firstSEI.GoogleApps.SettingsPages.ParentalControlsPageTest" time="31.151">
    <failure message="An element could not be located on the page using the given search parameters.&#10;For documentation on this error, please visit: https://www.seleniumhq.org/exceptions/no_such_element.html&#10;Build info: version: &apos;3.141.59&apos;, revision: &apos;e82be7d358&apos;, time: &apos;2018-11-14T08:17:03&apos;&#10;System info: host: &apos;LEONIDUS-TOSH&apos;, ip: &apos;10.100.102.7&apos;, os.name: &apos;Windows 10&apos;, os.arch: &apos;amd64&apos;, os.version: &apos;10.0&apos;, java.version: &apos;1.8.0_221&apos;&#10;Driver info: io.appium.java_client.android.AndroidDriver&#10;Capabilities {appActivity: com.onoapps.cellcomtv.activ..., appPackage: com.cellcom.cellcom_tv.stb, automationName: uiautomator2, databaseEnabled: false, desired: {appActivity: com.onoapps.cellcomtv.activ..., appPackage: com.cellcom.cellcom_tv.stb, automationName: uiautomator2, deviceName: GZ18120115200028, newCommandTimeout: 60, noReset: true, platformName: android, udid: GZ18120115200028}, deviceApiLevel: 28, deviceManufacturer: SEI Robotics, deviceModel: SEI-S905X2, deviceName: GZ18120115200028, deviceScreenDensity: 320, deviceScreenSize: 1920x1080, deviceUDID: GZ18120115200028, javascriptEnabled: true, locationContextEnabled: false, networkConnectionEnabled: true, newCommandTimeout: 60, noReset: true, pixelRatio: 2, platform: LINUX, platformName: Android, platformVersion: 9, statBarHeight: 0, takesScreenshot: true, udid: GZ18120115200028, viewportRect: {height: 1080, left: 0, top: 0, width: 1920}, warnings: {}, webStorageEnabled: false}&#10;Session ID: 53ec1bf6-a190-43cb-bd2a-f946f95ff82a&#10;*** Element info: {Using=id, value=com.android.vending:id/title_badge}" type="org.openqa.selenium.NoSuchElementException">org.openqa.selenium.NoSuchElementException: 
An element could not be located on the page using the given search parameters.
For documentation on this error, please visit: https://www.seleniumhq.org/exceptions/no_such_element.html
Build info: version: '3.141.59', revision: 'e82be7d358', time: '2018-11-14T08:17:03'
System info: host: 'LEONIDUS-TOSH', ip: '10.100.102.7', os.name: 'Windows 10', os.arch: 'amd64', os.version: '10.0', java.version: '1.8.0_221'
Driver info: io.appium.java_client.android.AndroidDriver
Capabilities {appActivity: com.onoapps.cellcomtv.activ..., appPackage: com.cellcom.cellcom_tv.stb, automationName: uiautomator2, databaseEnabled: false, desired: {appActivity: com.onoapps.cellcomtv.activ..., appPackage: com.cellcom.cellcom_tv.stb, automationName: uiautomator2, deviceName: GZ18120115200028, newCommandTimeout: 60, noReset: true, platformName: android, udid: GZ18120115200028}, deviceApiLevel: 28, deviceManufacturer: SEI Robotics, deviceModel: SEI-S905X2, deviceName: GZ18120115200028, deviceScreenDensity: 320, deviceScreenSize: 1920x1080, deviceUDID: GZ18120115200028, javascriptEnabled: true, locationContextEnabled: false, networkConnectionEnabled: true, newCommandTimeout: 60, noReset: true, pixelRatio: 2, platform: LINUX, platformName: Android, platformVersion: 9, statBarHeight: 0, takesScreenshot: true, udid: GZ18120115200028, viewportRect: {height: 1080, left: 0, top: 0, width: 1920}, warnings: {}, webStorageEnabled: false}
Session ID: 53ec1bf6-a190-43cb-bd2a-f946f95ff82a
*** Element info: {Using=id, value=com.android.vending:id/title_badge}
	at firstSEI.GoogleApps.SettingsPages.ParentalControlsPageTest.parentalControlsPageTest(ParentalControlsPageTest.java:26)
</failure>
    <system-out><![CDATA[FAILED: googlePlayHomePageTest
org.openqa.selenium.NoSuchElementException: An element could not be located on the page using the given search parameters.
For documentation on this error, please visit: https://www.seleniumhq.org/exceptions/no_such_element.html
Build info: version: '3.141.59', revision: 'e82be7d358', time: '2018-11-14T08:17:03'
System info: host: 'LEONIDUS-TOSH', ip: '10.100.102.7', os.name: 'Windows 10', os.arch: 'amd64', os.version: '10.0', java.version: '1.8.0_221'
Driver info: io.appium.java_client.android.AndroidDriver
Capabilities {appActivity: com.onoapps.cellcomtv.activ..., appPackage: com.cellcom.cellcom_tv.stb, automationName: uiautomator2, databaseEnabled: false, desired: {appActivity: com.onoapps.cellcomtv.activ..., appPackage: com.cellcom.cellcom_tv.stb, automationName: uiautomator2, deviceName: GZ18120115200028, newCommandTimeout: 60, noReset: true, platformName: android, udid: GZ18120115200028}, deviceApiLevel: 28, deviceManufacturer: SEI Robotics, deviceModel: SEI-S905X2, deviceName: GZ18120115200028, deviceScreenDensity: 320, deviceScreenSize: 1920x1080, deviceUDID: GZ18120115200028, javascriptEnabled: true, locationContextEnabled: false, networkConnectionEnabled: true, newCommandTimeout: 60, noReset: true, pixelRatio: 2, platform: LINUX, platformName: Android, platformVersion: 9, statBarHeight: 0, takesScreenshot: true, udid: GZ18120115200028, viewportRect: {height: 1080, left: 0, top: 0, width: 1920}, warnings: {}, webStorageEnabled: false}
Session ID: 96c347f7-f3a5-4f6e-bfbf-c635ffc83122
*** Element info: {Using=id, value=com.android.vending:id/title_badge}
	at sun.reflect.NativeConstructorAccessorImpl.newInstance0(Native Method)
	at sun.reflect.NativeConstructorAccessorImpl.newInstance(NativeConstructorAccessorImpl.java:62)
	at sun.reflect.DelegatingConstructorAccessorImpl.newInstance(DelegatingConstructorAccessorImpl.java:45)
	at java.lang.reflect.Constructor.newInstance(Constructor.java:423)
	at org.openqa.selenium.remote.http.W3CHttpResponseCodec.createException(W3CHttpResponseCodec.java:187)
	at org.openqa.selenium.remote.http.W3CHttpResponseCodec.decode(W3CHttpResponseCodec.java:122)
	at org.openqa.selenium.remote.http.W3CHttpResponseCodec.decode(W3CHttpResponseCodec.java:49)
	at org.openqa.selenium.remote.HttpCommandExecutor.execute(HttpCommandExecutor.java:158)
	at io.appium.java_client.remote.AppiumCommandExecutor.execute(AppiumCommandExecutor.java:239)
	at org.openqa.selenium.remote.RemoteWebDriver.execute(RemoteWebDriver.java:552)
	at io.appium.java_client.DefaultGenericMobileDriver.execute(DefaultGenericMobileDriver.java:41)
	at io.appium.java_client.AppiumDriver.execute(AppiumDriver.java:1)
	at io.appium.java_client.android.AndroidDriver.execute(AndroidDriver.java:1)
	at org.openqa.selenium.remote.RemoteWebDriver.findElement(RemoteWebDriver.java:323)
	at io.appium.java_client.DefaultGenericMobileDriver.findElement(DefaultGenericMobileDriver.java:61)
	at io.appium.java_client.AppiumDriver.findElement(AppiumDriver.java:1)
	at io.appium.java_client.android.AndroidDriver.findElement(AndroidDriver.java:1)
	at org.openqa.selenium.remote.RemoteWebDriver.findElementById(RemoteWebDriver.java:372)
	at io.appium.java_client.DefaultGenericMobileDriver.findElementById(DefaultGenericMobileDriver.java:69)
	at io.appium.java_client.AppiumDriver.findElementById(AppiumDriver.java:1)
	at io.appium.java_client.android.AndroidDriver.findElementById(AndroidDriver.java:1)
	at firstSEI.Utilities.goToGooglePlay(Utilities.java:25)
	at pageObjects.MainPage.getGooglePlaySettingsPage(MainPage.java:99)
	at firstSEI.GoogleApps.GooglePlaySettingsTests.googlePlayHomePageTest(GooglePlaySettingsTests.java:25)
	at sun.reflect.NativeMethodAccessorImpl.invoke0(Native Method)
	at sun.reflect.NativeMethodAccessorImpl.invoke(NativeMethodAccessorImpl.java:62)
	at sun.reflect.DelegatingMethodAccessorImpl.invoke(DelegatingMethodAccessorImpl.java:43)
	at java.lang.reflect.Method.invoke(Method.java:498)
	at org.testng.internal.MethodInvocationHelper.invokeMethod(MethodInvocationHelper.java:124)
	at org.testng.internal.Invoker.invokeMethod(Invoker.java:583)
	at org.testng.internal.Invoker.invokeTestMethod(Invoker.java:719)
	at org.testng.internal.Invoker.invokeTestMethods(Invoker.java:989)
	at org.testng.internal.TestMethodWorker.invokeTestMethods(TestMethodWorker.java:125)
	at org.testng.internal.TestMethodWorker.run(TestMethodWorker.java:109)
	at org.testng.TestRunner.privateRun(TestRunner.java:648)
	at org.testng.TestRunner.run(TestRunner.java:505)
	at org.testng.SuiteRunner.runTest(SuiteRunner.java:455)
	at org.testng.SuiteRunner.runSequentially(SuiteRunner.java:450)
	at org.testng.SuiteRunner.privateRun(SuiteRunner.java:415)
	at org.testng.SuiteRunner.run(SuiteRunner.java:364)
	at org.testng.SuiteRunnerWorker.runSuite(SuiteRunnerWorker.java:52)
	at org.testng.SuiteRunnerWorker.run(SuiteRunnerWorker.java:84)
	at org.testng.TestNG.runSuitesSequentially(TestNG.java:1208)
	at org.testng.TestNG.runSuitesLocally(TestNG.java:1137)
	at org.testng.TestNG.runSuites(TestNG.java:1049)
	at org.testng.TestNG.run(TestNG.java:1017)
	at org.apache.maven.surefire.testng.TestNGExecutor.run(TestNGExecutor.java:283)
	at org.apache.maven.surefire.testng.TestNGXmlTestSuite.execute(TestNGXmlTestSuite.java:75)
	at org.apache.maven.surefire.testng.TestNGProvider.invoke(TestNGProvider.java:120)
	at org.apache.maven.surefire.booter.ForkedBooter.invokeProviderInSameClassLoader(ForkedBooter.java:384)
	at org.apache.maven.surefire.booter.ForkedBooter.runSuitesInProcess(ForkedBooter.java:345)
	at org.apache.maven.surefire.booter.ForkedBooter.execute(ForkedBooter.java:126)
	at org.apache.maven.surefire.booter.ForkedBooter.main(ForkedBooter.java:418)


===============================================
    GooglePlaySettingsTests
    Tests run: 1, Failures: 1, Skips: 0
===============================================

&amp#27;[35m[Appium]&amp#27;[39m Welcome to Appium v1.14.2
&amp#27;[35m[Appium]&amp#27;[39m Appium REST http interface listener started on 0.0.0.0:4723
&amp#27;[35m[HTTP]&amp#27;[39m &amp#27;[37m-->&amp#27;[39m &amp#27;[37mGET&amp#27;[39m &amp#27;[37m/wd/hub/status&amp#27;[39m
&amp#27;[35m[HTTP]&amp#27;[39m &amp#27;[90m{}&amp#27;[39m
[debug] &amp#27;[35m[GENERIC]&amp#27;[39m Calling AppiumDriver.getStatus() with args: []
[debug] &amp#27;[35m[GENERIC]&amp#27;[39m Responding to client with driver.getStatus() result: {"build":{"version":"1.14.2"}}
&amp#27;[35m[HTTP]&amp#27;[39m &amp#27;[37m<-- GET /wd/hub/status &amp#27;[39m&amp#27;[32m200&amp#27;[39m &amp#27;[90m9 ms - 68&amp#27;[39m
&amp#27;[35m[HTTP]&amp#27;[39m &amp#27;[90m&amp#27;[39m
&amp#27;[35m[HTTP]&amp#27;[39m &amp#27;[37m-->&amp#27;[39m &amp#27;[37mPOST&amp#27;[39m &amp#27;[37m/wd/hub/session&amp#27;[39m
&amp#27;[35m[HTTP]&amp#27;[39m &amp#27;[90m{"desiredCapabilities":{"appActivity":"com.onoapps.cellcomtv.activities.SplashActivity","appPackage":"com.cellcom.cellcom_tv.stb","noReset":true,"newCommandTimeout":"60","automationName":"uiautomator2","platformName":"Android","udid":"GZ18120115200028","deviceName":"GZ18120115200028"},"capabilities":{"firstMatch":[{"appium:appActivity":"com.onoapps.cellcomtv.activities.SplashActivity","appium:appPackage":"com.cellcom.cellcom_tv.stb","appium:automationName":"uiautomator2","appium:deviceName":"GZ18120115200028","appium:newCommandTimeout":"60","appium:noReset":true,"platformName":"android","appium:udid":"GZ18120115200028"}]}}&amp#27;[39m
[debug] &amp#27;[35m[W3C]&amp#27;[39m Calling AppiumDriver.createSession() with args: [{"appActivity":"com.onoapps.cellcomtv.activities.SplashActivity","appPackage":"com.cellcom.cellcom_tv.stb","noReset":true,"newCommandTimeout":"60","automationName":"uiautomator2","platformName":"Android","udid":"GZ18120115200028","deviceName":"GZ18120115200028"},null,{"firstMatch":[{"appium:appActivity":"com.onoapps.cellcomtv.activities.SplashActivity","appium:appPackage":"com.cellcom.cellcom_tv.stb","appium:automationName":"uiautomator2","appium:deviceName":"GZ18120115200028","appium:newCommandTimeout":"60","appium:noReset":true,"platformName":"android","appium:udid":"GZ18120115200028"}]}]
[debug] &amp#27;[35m[BaseDriver]&amp#27;[39m Event 'newSessionRequested' logged at 1571058605772 (16:10:05 GMT+0300 (GMT+03:00))
&amp#27;[35m[BaseDriver]&amp#27;[39m Number capability passed in as string. Functionality may be compromised.
&amp#27;[35m[Appium]&amp#27;[39m Appium v1.14.2 creating new AndroidUiautomator2Driver (v1.33.1) session
&amp#27;[35m[Appium]&amp#27;[39m Capabilities:
&amp#27;[35m[Appium]&amp#27;[39m   platformName: android
&amp#27;[35m[Appium]&amp#27;[39m   appActivity: com.onoapps.cellcomtv.activities.SplashActivity
&amp#27;[35m[Appium]&amp#27;[39m   appPackage: com.cellcom.cellcom_tv.stb
&amp#27;[35m[Appium]&amp#27;[39m   automationName: uiautomator2
&amp#27;[35m[Appium]&amp#27;[39m   deviceName: GZ18120115200028
&amp#27;[35m[Appium]&amp#27;[39m   newCommandTimeout: 60
&amp#27;[35m[Appium]&amp#27;[39m   noReset: true
&amp#27;[35m[Appium]&amp#27;[39m   udid: GZ18120115200028
[debug] &amp#27;[35m[BaseDriver]&amp#27;[39m W3C capabilities {"alwaysMatch":{"platformNa... and MJSONWP desired capabilities {"appActivity":"com.onoapps... were provided
[debug] &amp#27;[35m[BaseDriver]&amp#27;[39m Creating session with W3C capabilities: {"alwaysMatch":{"platformNa...
&amp#27;[35m[BaseDriver]&amp#27;[39m Number capability passed in as string. Functionality may be compromised.
&amp#27;[35m[BaseDriver]&amp#27;[39m Capability 'newCommandTimeout' changed from string ('60') to integer (60). This may cause unexpected behavior
&amp#27;[35m[BaseDriver]&amp#27;[39m Session created with session id: 53ec1bf6-a190-43cb-bd2a-f946f95ff82a
&amp#27;[35m[ADB]&amp#27;[39m Found 1 'build-tools' folders under 'C:\Users\Leonidus\AppData\Local\Android\Sdk' (newest first):
&amp#27;[35m[ADB]&amp#27;[39m     C:/Users/Leonidus/AppData/Local/Android/Sdk/build-tools/29.0.2
&amp#27;[35m[ADB]&amp#27;[39m Using 'adb.exe' from 'C:\Users\Leonidus\AppData\Local\Android\Sdk\platform-tools\adb.exe'
&amp#27;[35m[AndroidDriver]&amp#27;[39m Retrieving device list
[debug] &amp#27;[35m[ADB]&amp#27;[39m Trying to find a connected android device
[debug] &amp#27;[35m[ADB]&amp#27;[39m Getting connected devices...
[debug] &amp#27;[35m[ADB]&amp#27;[39m 2 device(s) connected
&amp#27;[35m[AndroidDriver]&amp#27;[39m Using device: GZ18120115200028
&amp#27;[35m[ADB]&amp#27;[39m Using 'adb.exe' from 'C:\Users\Leonidus\AppData\Local\Android\Sdk\platform-tools\adb.exe'
[debug] &amp#27;[35m[ADB]&amp#27;[39m Setting device id to GZ18120115200028
[debug] &amp#27;[35m[ADB]&amp#27;[39m Running 'C:\Users\Leonidus\AppData\Local\Android\Sdk\platform-tools\adb.exe -P 5037 -s GZ18120115200028 shell getprop ro.build.version.sdk'
[debug] &amp#27;[35m[ADB]&amp#27;[39m Current device property 'ro.build.version.sdk': 28
[debug] &amp#27;[35m[ADB]&amp#27;[39m Running 'C:\Users\Leonidus\AppData\Local\Android\Sdk\platform-tools\adb.exe -P 5037 -s GZ18120115200028 shell getprop ro.build.version.release'
[debug] &amp#27;[35m[ADB]&amp#27;[39m Current device property 'ro.build.version.release': 9
[debug] &amp#27;[35m[ADB]&amp#27;[39m Device API level: 28
&amp#27;[35m[UiAutomator2]&amp#27;[39m Relaxing hidden api policy
[debug] &amp#27;[35m[ADB]&amp#27;[39m Running 'C:\Users\Leonidus\AppData\Local\Android\Sdk\platform-tools\adb.exe -P 5037 -s GZ18120115200028 shell settings put global hidden_api_policy_pre_p_apps 1'
[debug] &amp#27;[35m[ADB]&amp#27;[39m Running 'C:\Users\Leonidus\AppData\Local\Android\Sdk\platform-tools\adb.exe -P 5037 -s GZ18120115200028 shell settings put global hidden_api_policy_p_apps 1'
[debug] &amp#27;[35m[ADB]&amp#27;[39m Running 'C:\Users\Leonidus\AppData\Local\Android\Sdk\platform-tools\adb.exe -P 5037 -s GZ18120115200028 shell settings put global hidden_api_policy 1'
&amp#27;[35m[AndroidDriver]&amp#27;[39m No app sent in, not parsing package/activity
[debug] &amp#27;[35m[ADB]&amp#27;[39m Running 'C:\Users\Leonidus\AppData\Local\Android\Sdk\platform-tools\adb.exe -P 5037 -s GZ18120115200028 wait-for-device'
[debug] &amp#27;[35m[ADB]&amp#27;[39m Running 'C:\Users\Leonidus\AppData\Local\Android\Sdk\platform-tools\adb.exe -P 5037 -s GZ18120115200028 shell echo ping'
[debug] &amp#27;[35m[AndroidDriver]&amp#27;[39m Pushing settings apk to device...
[debug] &amp#27;[35m[ADB]&amp#27;[39m Getting install status for io.appium.settings
[debug] &amp#27;[35m[ADB]&amp#27;[39m Running 'C:\Users\Leonidus\AppData\Local\Android\Sdk\platform-tools\adb.exe -P 5037 -s GZ18120115200028 shell dumpsys package io.appium.settings'
[debug] &amp#27;[35m[ADB]&amp#27;[39m 'io.appium.settings' is installed
[debug] &amp#27;[35m[ADB]&amp#27;[39m Getting package info for 'io.appium.settings'
[debug] &amp#27;[35m[ADB]&amp#27;[39m Running 'C:\Users\Leonidus\AppData\Local\Android\Sdk\platform-tools\adb.exe -P 5037 -s GZ18120115200028 shell dumpsys package io.appium.settings'
&amp#27;[35m[ADB]&amp#27;[39m Using 'aapt.exe' from 'C:\Users\Leonidus\AppData\Local\Android\Sdk\build-tools\29.0.2\aapt.exe'
[debug] &amp#27;[35m[ADB]&amp#27;[39m The version name of the installed 'io.appium.settings' is greater or equal to the application version name ('2.14.1' >= '2.14.1')
[debug] &amp#27;[35m[ADB]&amp#27;[39m There is no need to install/upgrade 'C:\Users\Leonidus\AppData\Roaming\npm\node_modules\appium\node_modules\io.appium.settings\apks\settings_apk-debug.apk'
[debug] &amp#27;[35m[ADB]&amp#27;[39m Getting IDs of all 'io.appium.settings' processes
[debug] &amp#27;[35m[ADB]&amp#27;[39m Running 'C:\Users\Leonidus\AppData\Local\Android\Sdk\platform-tools\adb.exe -P 5037 -s GZ18120115200028 shell 'pgrep --help; echo $?''
[debug] &amp#27;[35m[ADB]&amp#27;[39m Running 'C:\Users\Leonidus\AppData\Local\Android\Sdk\platform-tools\adb.exe -P 5037 -s GZ18120115200028 shell pgrep -f io\\.appium\\.settings'
[debug] &amp#27;[35m[AndroidDriver]&amp#27;[39m io.appium.settings is already running. There is no need to reset its permissions.
[debug] &amp#27;[35m[ADB]&amp#27;[39m Running 'C:\Users\Leonidus\AppData\Local\Android\Sdk\platform-tools\adb.exe -P 5037 -s GZ18120115200028 shell appops set io.appium.settings android\:mock_location allow'
[debug] &amp#27;[35m[Logcat]&amp#27;[39m Starting logcat capture
[debug] &amp#27;[35m[ADB]&amp#27;[39m Getting install status for io.appium.uiautomator2.server
[debug] &amp#27;[35m[ADB]&amp#27;[39m Running 'C:\Users\Leonidus\AppData\Local\Android\Sdk\platform-tools\adb.exe -P 5037 -s GZ18120115200028 shell dumpsys package io.appium.uiautomator2.server'
[debug] &amp#27;[35m[ADB]&amp#27;[39m 'io.appium.uiautomator2.server' is installed
[debug] &amp#27;[35m[ADB]&amp#27;[39m Getting package info for 'io.appium.uiautomator2.server'
[debug] &amp#27;[35m[ADB]&amp#27;[39m Running 'C:\Users\Leonidus\AppData\Local\Android\Sdk\platform-tools\adb.exe -P 5037 -s GZ18120115200028 shell dumpsys package io.appium.uiautomator2.server'
[debug] &amp#27;[35m[ADB]&amp#27;[39m The version name of the installed 'io.appium.uiautomator2.server' is greater or equal to the application version name ('3.7.0' >= '3.7.0')
[debug] &amp#27;[35m[UiAutomator2]&amp#27;[39m io.appium.uiautomator2.server installation state: sameVersionInstalled
[debug] &amp#27;[35m[ADB]&amp#27;[39m Checking app cert for C:\Users\Leonidus\AppData\Roaming\npm\node_modules\appium\node_modules\appium-uiautomator2-server\apks\appium-uiautomator2-server-v3.7.0.apk
&amp#27;[35m[ADB]&amp#27;[39m Using 'apksigner.bat' from 'C:\Users\Leonidus\AppData\Local\Android\Sdk\build-tools\29.0.2\apksigner.bat'
[debug] &amp#27;[35m[ADB]&amp#27;[39m Starting 'C:\Users\Leonidus\AppData\Local\Android\Sdk\build-tools\29.0.2\apksigner.bat' with args '["verify","--print-certs","C:\\Users\\Leonidus\\AppData\\Roaming\\npm\\node_modules\\appium\\node_modules\\appium-uiautomator2-server\\apks\\appium-uiautomator2-server-v3.7.0.apk"]'
[debug] &amp#27;[35m[ADB]&amp#27;[39m apksigner stdout: Signer #1 certificate DN: EMAILADDRESS=android@android.com, CN=Android, OU=Android, O=Android, L=Mountain View, ST=California, C=US
[debug] &amp#27;[35m[ADB]&amp#27;[39m Signer #1 certificate SHA-256 digest: a40da80a59d170caa950cf15c18c454d47a39b26989d8b640ecd745ba71bf5dc
[debug] &amp#27;[35m[ADB]&amp#27;[39m Signer #1 certificate SHA-1 digest: 61ed377e85d386a8dfee6b864bd85b0bfaa5af81
[debug] &amp#27;[35m[ADB]&amp#27;[39m Signer #1 certificate MD5 digest: e89b158e4bcf988ebd09eb83f5378e87
[debug] &amp#27;[35m[ADB]&amp#27;[39m 
[debug] &amp#27;[35m[ADB]&amp#27;[39m 'C:\Users\Leonidus\AppData\Roaming\npm\node_modules\appium\node_modules\appium-uiautomator2-server\apks\appium-uiautomator2-server-v3.7.0.apk' is already signed.
[debug] &amp#27;[35m[ADB]&amp#27;[39m Getting install status for io.appium.uiautomator2.server.test
[debug] &amp#27;[35m[ADB]&amp#27;[39m Running 'C:\Users\Leonidus\AppData\Local\Android\Sdk\platform-tools\adb.exe -P 5037 -s GZ18120115200028 shell dumpsys package io.appium.uiautomator2.server.test'
[debug] &amp#27;[35m[ADB]&amp#27;[39m 'io.appium.uiautomator2.server.test' is installed
[debug] &amp#27;[35m[ADB]&amp#27;[39m Checking app cert for C:\Users\Leonidus\AppData\Roaming\npm\node_modules\appium\node_modules\appium-uiautomator2-server\apks\appium-uiautomator2-server-debug-androidTest.apk
[debug] &amp#27;[35m[ADB]&amp#27;[39m Starting 'C:\Users\Leonidus\AppData\Local\Android\Sdk\build-tools\29.0.2\apksigner.bat' with args '["verify","--print-certs","C:\\Users\\Leonidus\\AppData\\Roaming\\npm\\node_modules\\appium\\node_modules\\appium-uiautomator2-server\\apks\\appium-uiautomator2-server-debug-androidTest.apk"]'
[debug] &amp#27;[35m[ADB]&amp#27;[39m apksigner stdout: Signer #1 certificate DN: EMAILADDRESS=android@android.com, CN=Android, OU=Android, O=Android, L=Mountain View, ST=California, C=US
[debug] &amp#27;[35m[ADB]&amp#27;[39m Signer #1 certificate SHA-256 digest: a40da80a59d170caa950cf15c18c454d47a39b26989d8b640ecd745ba71bf5dc
[debug] &amp#27;[35m[ADB]&amp#27;[39m Signer #1 certificate SHA-1 digest: 61ed377e85d386a8dfee6b864bd85b0bfaa5af81
[debug] &amp#27;[35m[ADB]&amp#27;[39m Signer #1 certificate MD5 digest: e89b158e4bcf988ebd09eb83f5378e87
[debug] &amp#27;[35m[ADB]&amp#27;[39m 
[debug] &amp#27;[35m[ADB]&amp#27;[39m 'C:\Users\Leonidus\AppData\Roaming\npm\node_modules\appium\node_modules\appium-uiautomator2-server\apks\appium-uiautomator2-server-debug-androidTest.apk' is already signed.
&amp#27;[35m[UiAutomator2]&amp#27;[39m Server packages are not going to be (re)installed
[debug] &amp#27;[35m[UiAutomator2]&amp#27;[39m Waiting up to 30000ms for services to be available
[debug] &amp#27;[35m[ADB]&amp#27;[39m Running 'C:\Users\Leonidus\AppData\Local\Android\Sdk\platform-tools\adb.exe -P 5037 -s GZ18120115200028 shell pm list instrumentation'
[debug] &amp#27;[35m[UiAutomator2]&amp#27;[39m Instrumentation target 'io.appium.uiautomator2.server.test/androidx.test.runner.AndroidJUnitRunner' is available
[debug] &amp#27;[35m[UiAutomator2]&amp#27;[39m Forwarding UiAutomator2 Server port 6790 to 8211
[debug] &amp#27;[35m[ADB]&amp#27;[39m Forwarding system: 8211 to device: 6790
[debug] &amp#27;[35m[ADB]&amp#27;[39m Running 'C:\Users\Leonidus\AppData\Local\Android\Sdk\platform-tools\adb.exe -P 5037 -s GZ18120115200028 forward tcp\:8211 tcp\:6790'
[debug] &amp#27;[35m[UiAutomator2]&amp#27;[39m No app capability. Assuming it is already on the device
[debug] &amp#27;[35m[UiAutomator2]&amp#27;[39m Performing shallow cleanup of automation leftovers
[debug] &amp#27;[35m[UiAutomator2]&amp#27;[39m The following obsolete sessions are still running: ["961ae455-5f05-4c15-89e9-57a57b4b6d19"]
[debug] &amp#27;[35m[UiAutomator2]&amp#27;[39m Cleaning up the obsolete sessions
[debug] &amp#27;[35m[ADB]&amp#27;[39m Running 'C:\Users\Leonidus\AppData\Local\Android\Sdk\platform-tools\adb.exe -P 5037 -s GZ18120115200028 shell am force-stop io.appium.uiautomator2.server.test'
&amp#27;[35m[UiAutomator2]&amp#27;[39m Starting UIAutomator2 server 3.7.0
&amp#27;[35m[UiAutomator2]&amp#27;[39m Using UIAutomator2 server from 'C:\Users\Leonidus\AppData\Roaming\npm\node_modules\appium\node_modules\appium-uiautomator2-server\apks\appium-uiautomator2-server-v3.7.0.apk' and test from 'C:\Users\Leonidus\AppData\Roaming\npm\node_modules\appium\node_modules\appium-uiautomator2-server\apks\appium-uiautomator2-server-debug-androidTest.apk'
&amp#27;[35m[UiAutomator2]&amp#27;[39m Waiting up to 30000ms for UiAutomator2 to be online...
[debug] &amp#27;[35m[ADB]&amp#27;[39m Creating ADB subprocess with args: ["-P",5037,"-s","GZ18120115200028","shell","am","instrument","-w","io.appium.uiautomator2.server.test/androidx.test.runner.AndroidJUnitRunner"]
[debug] &amp#27;[35m[WD Proxy]&amp#27;[39m Matched '/status' to command name 'getStatus'
[debug] &amp#27;[35m[WD Proxy]&amp#27;[39m Proxying [GET /status] to [GET http://localhost:8211/wd/hub/status] with no body
&amp#27;[35m[WD Proxy]&amp#27;[39m Got an unexpected response: {"code":"ECONNRESET"}
[debug] &amp#27;[35m[WD Proxy]&amp#27;[39m Matched '/status' to command name 'getStatus'
[debug] &amp#27;[35m[WD Proxy]&amp#27;[39m Proxying [GET /status] to [GET http://localhost:8211/wd/hub/status] with no body
&amp#27;[35m[WD Proxy]&amp#27;[39m Got an unexpected response: {"code":"ECONNRESET"}
[debug] &amp#27;[35m[Instrumentation]&amp#27;[39m io.appium.uiautomator2.server.test.AppiumUiAutomator2Server:
[debug] &amp#27;[35m[WD Proxy]&amp#27;[39m Matched '/status' to command name 'getStatus'
[debug] &amp#27;[35m[WD Proxy]&amp#27;[39m Proxying [GET /status] to [GET http://localhost:8211/wd/hub/status] with no body
&amp#27;[35m[WD Proxy]&amp#27;[39m Got an unexpected response: {"code":"ECONNRESET"}
[debug] &amp#27;[35m[WD Proxy]&amp#27;[39m Matched '/status' to command name 'getStatus'
[debug] &amp#27;[35m[WD Proxy]&amp#27;[39m Proxying [GET /status] to [GET http://localhost:8211/wd/hub/status] with no body
[debug] &amp#27;[35m[WD Proxy]&amp#27;[39m Got response with status 200: "{\"sessionId\":\"None\",\"status\":0,\"value\":\"Status Invoked\"}"
[debug] &amp#27;[35m[WD Proxy]&amp#27;[39m Determined that the downstream protocol for proxy is MJSONWP
[debug] &amp#27;[35m[UiAutomator2]&amp#27;[39m The initialization of the instrumentation process took 4182ms
[debug] &amp#27;[35m[WD Proxy]&amp#27;[39m Matched '/session' to command name 'createSession'
[debug] &amp#27;[35m[WD Proxy]&amp#27;[39m Proxying [POST /session] to [POST http://localhost:8211/wd/hub/session] with body: {"desiredCapabilities":{"platform":"LINUX","webStorageEnabled":false,"takesScreenshot":true,"javascriptEnabled":true,"databaseEnabled":false,"networkConnectionEnabled":true,"locationContextEnabled":false,"warnings":{},"desired":{"platformName":"android","appActivity":"com.onoapps.cellcomtv.activities.SplashActivity","appPackage":"com.cellcom.cellcom_tv.stb","automationName":"uiautomator2","deviceName":"GZ18120115200028","newCommandTimeout":60,"noReset":true,"udid":"GZ18120115200028"},"platformName":"android","appActivity":"com.onoapps.cellcomtv.activities.SplashActivity","appPackage":"com.cellcom.cellcom_tv.stb","automationName":"uiautomator2","deviceName":"GZ18120115200028","newCommandTimeout":60,"noReset":true,"udid":"GZ18120115200028","deviceUDID":"GZ18120115200028"}}
[debug] &amp#27;[35m[WD Proxy]&amp#27;[39m Got response with status 200: {"sessionId":"9828b574-2ead-4e0e-9b39-cc9caa80c743","status":0,"value":"Created Session"}
[debug] &amp#27;[35m[WD Proxy]&amp#27;[39m Proxying [GET /appium/device/info] to [GET http://localhost:8211/wd/hub/session/9828b574-2ead-4e0e-9b39-cc9caa80c743/appium/device/info] with no body
[debug] &amp#27;[35m[WD Proxy]&amp#27;[39m Got response with status 200: "{\"sessionId\":\"9828b574-2ead-4e0e-9b39-cc9caa80c743\",\"status\":0,\"value\":{\"androidId\":\"ec7e524fb8586e8f\",\"manufacturer\":\"SEI Robotics\",\"model\":\"SEI-S905X2\",\"brand\":\"Cellcomtv\",\"apiVersion\":\"28\",\"platformVersion\":\"9\",\"carrierName\":\"\",\"realDisplaySize\":\"1920x1080\",\"displayDensity\":320,\"networks\":[{\"type\":1,\"typeName\":\"WIFI\",\"subtype\":0,\"subtypeName\":\"\",\"isConnected\":true,\"detailedState\":\"CONNECTED\",\"state\":\"CONNECTED\",\"extraInfo\":null,\"isAvailable\":true,\"isFailover\":false,\"isRoaming\":false,\"capabilities\":{\"transportTypes\":\"NET_CAPABILITY_SUPL\",\"networkCapabilities\":\"\",\"linkUpstreamBandwidthKbps\":1048576,\"linkDownBandwidthKbps\":1048576,\"signalStrength\":-58,\"networkSpecifier\":null,\"SSID\":null}}]}}"
[debug] &amp#27;[35m[ADB]&amp#27;[39m Running 'C:\Users\Leonidus\AppData\Local\Android\Sdk\platform-tools\adb.exe -P 5037 -s GZ18120115200028 shell dumpsys window'
&amp#27;[35m[AndroidDriver]&amp#27;[39m Screen already unlocked, doing nothing
&amp#27;[35m[UiAutomator2]&amp#27;[39m UiAutomator2 did not start the activity we were waiting for, 'com.cellcom.cellcom_tv.stb/com.onoapps.cellcomtv.activities.SplashActivity'. Starting it ourselves
[debug] &amp#27;[35m[ADB]&amp#27;[39m Running 'C:\Users\Leonidus\AppData\Local\Android\Sdk\platform-tools\adb.exe -P 5037 -s GZ18120115200028 shell am start -W -n com.cellcom.cellcom_tv.stb/com.onoapps.cellcomtv.activities.SplashActivity -S -a android.intent.action.MAIN -c android.intent.category.LAUNCHER -f 0x10200000'
[debug] &amp#27;[35m[WD Proxy]&amp#27;[39m Proxying [GET /appium/device/pixel_ratio] to [GET http://localhost:8211/wd/hub/session/9828b574-2ead-4e0e-9b39-cc9caa80c743/appium/device/pixel_ratio] with body: {}
[debug] &amp#27;[35m[WD Proxy]&amp#27;[39m Got response with status 200: "{\"sessionId\":\"9828b574-2ead-4e0e-9b39-cc9caa80c743\",\"status\":0,\"value\":2}"
[debug] &amp#27;[35m[WD Proxy]&amp#27;[39m Matched '/appium/device/system_bars' to command name 'getSystemBars'
[debug] &amp#27;[35m[WD Proxy]&amp#27;[39m Proxying [GET /appium/device/system_bars] to [GET http://localhost:8211/wd/hub/session/9828b574-2ead-4e0e-9b39-cc9caa80c743/appium/device/system_bars] with body: {}
[debug] &amp#27;[35m[WD Proxy]&amp#27;[39m Got response with status 200: "{\"sessionId\":\"9828b574-2ead-4e0e-9b39-cc9caa80c743\",\"status\":0,\"value\":{\"statusBar\":0}}"
[debug] &amp#27;[35m[WD Proxy]&amp#27;[39m Matched '/window/current/size' to command name 'getWindowSize'
[debug] &amp#27;[35m[WD Proxy]&amp#27;[39m Proxying [GET /window/current/size] to [GET http://localhost:8211/wd/hub/session/9828b574-2ead-4e0e-9b39-cc9caa80c743/window/current/size] with body: {}
[debug] &amp#27;[35m[WD Proxy]&amp#27;[39m Got response with status 200: "{\"sessionId\":\"9828b574-2ead-4e0e-9b39-cc9caa80c743\",\"status\":0,\"value\":{\"height\":1080,\"width\":1920}}"
&amp#27;[35m[Appium]&amp#27;[39m New AndroidUiautomator2Driver session created successfully, session 53ec1bf6-a190-43cb-bd2a-f946f95ff82a added to master session list
[debug] &amp#27;[35m[BaseDriver]&amp#27;[39m Event 'newSessionStarted' logged at 1571058619733 (16:10:19 GMT+0300 (GMT+03:00))
[debug] &amp#27;[35m[W3C (53ec1bf6)]&amp#27;[39m Cached the protocol value 'W3C' for the new session 53ec1bf6-a190-43cb-bd2a-f946f95ff82a
[debug] &amp#27;[35m[W3C (53ec1bf6)]&amp#27;[39m Responding to client with driver.createSession() result: {"capabilities":{"platform":"LINUX","webStorageEnabled":false,"takesScreenshot":true,"javascriptEnabled":true,"databaseEnabled":false,"networkConnectionEnabled":true,"locationContextEnabled":false,"warnings":{},"desired":{"platformName":"android","appActivity":"com.onoapps.cellcomtv.activities.SplashActivity","appPackage":"com.cellcom.cellcom_tv.stb","automationName":"uiautomator2","deviceName":"GZ18120115200028","newCommandTimeout":60,"noReset":true,"udid":"GZ18120115200028"},"platformName":"android","appActivity":"com.onoapps.cellcomtv.activities.SplashActivity","appPackage":"com.cellcom.cellcom_tv.stb","automationName":"uiautomator2","deviceName":"GZ18120115200028","newCommandTimeout":60,"noReset":true,"udid":"GZ18120115200028","deviceUDID":"GZ18120115200028","deviceApiLevel":28,"platformVersion":"9","deviceScreenSize":"1920x1080","deviceScreenDensity":320,"deviceModel":"SEI-S905X2","deviceManufacturer":"SEI Robotics","pixelRatio":2,"statBarHeight":0,"viewportRect":{"left":0,"top":0,"width":1920,"height...
&amp#27;[35m[HTTP]&amp#27;[39m &amp#27;[37m<-- POST /wd/hub/session &amp#27;[39m&amp#27;[32m200&amp#27;[39m &amp#27;[90m13970 ms - 1091&amp#27;[39m
&amp#27;[35m[HTTP]&amp#27;[39m &amp#27;[90m&amp#27;[39m
&amp#27;[35m[HTTP]&amp#27;[39m &amp#27;[37m-->&amp#27;[39m &amp#27;[37mGET&amp#27;[39m &amp#27;[37m/wd/hub/session/53ec1bf6-a190-43cb-bd2a-f946f95ff82a&amp#27;[39m
&amp#27;[35m[HTTP]&amp#27;[39m &amp#27;[90m{}&amp#27;[39m
[debug] &amp#27;[35m[W3C (53ec1bf6)]&amp#27;[39m Calling AppiumDriver.getSession() with args: ["53ec1bf6-a190-43cb-bd2a-f946f95ff82a"]
[debug] &amp#27;[35m[UiAutomator2]&amp#27;[39m Getting session details from server to mix in
[debug] &amp#27;[35m[WD Proxy]&amp#27;[39m Matched '/' to command name 'getSession'
[debug] &amp#27;[35m[WD Proxy]&amp#27;[39m Proxying [GET /] to [GET http://localhost:8211/wd/hub/session/9828b574-2ead-4e0e-9b39-cc9caa80c743] with body: {}
[debug] &amp#27;[35m[WD Proxy]&amp#27;[39m Got response with status 200: "{\"sessionId\":\"9828b574-2ead-4e0e-9b39-cc9caa80c743\",\"status\":0,\"value\":{}}"
[debug] &amp#27;[35m[W3C (53ec1bf6)]&amp#27;[39m Responding to client with driver.getSession() result: {"platform":"LINUX","webStorageEnabled":false,"takesScreenshot":true,"javascriptEnabled":true,"databaseEnabled":false,"networkConnectionEnabled":true,"locationContextEnabled":false,"warnings":{},"desired":{"platformName":"android","appActivity":"com.onoapps.cellcomtv.activities.SplashActivity","appPackage":"com.cellcom.cellcom_tv.stb","automationName":"uiautomator2","deviceName":"GZ18120115200028","newCommandTimeout":60,"noReset":true,"udid":"GZ18120115200028"},"platformName":"android","appActivity":"com.onoapps.cellcomtv.activities.SplashActivity","appPackage":"com.cellcom.cellcom_tv.stb","automationName":"uiautomator2","deviceName":"GZ18120115200028","newCommandTimeout":60,"noReset":true,"udid":"GZ18120115200028","deviceUDID":"GZ18120115200028","deviceApiLevel":28,"platformVersion":"9","deviceScreenSize":"1920x1080","deviceScreenDensity":320,"deviceModel":"SEI-S905X2","deviceManufacturer":"SEI Robotics","pixelRatio":2,"statBarHeight":0,"viewportRect":{"left":0,"top":0,"width":1920,"height":1080}}
&amp#27;[35m[HTTP]&amp#27;[39m &amp#27;[37m<-- GET /wd/hub/session/53ec1bf6-a190-43cb-bd2a-f946f95ff82a &amp#27;[39m&amp#27;[32m200&amp#27;[39m &amp#27;[90m120 ms - 1023&amp#27;[39m
&amp#27;[35m[HTTP]&amp#27;[39m &amp#27;[90m&amp#27;[39m
&amp#27;[35m[HTTP]&amp#27;[39m &amp#27;[37m-->&amp#27;[39m &amp#27;[37mGET&amp#27;[39m &amp#27;[37m/wd/hub/session/53ec1bf6-a190-43cb-bd2a-f946f95ff82a&amp#27;[39m
&amp#27;[35m[HTTP]&amp#27;[39m &amp#27;[90m{}&amp#27;[39m
[debug] &amp#27;[35m[W3C (53ec1bf6)]&amp#27;[39m Calling AppiumDriver.getSession() with args: ["53ec1bf6-a190-43cb-bd2a-f946f95ff82a"]
[debug] &amp#27;[35m[UiAutomator2]&amp#27;[39m Getting session details from server to mix in
[debug] &amp#27;[35m[WD Proxy]&amp#27;[39m Matched '/' to command name 'getSession'
[debug] &amp#27;[35m[WD Proxy]&amp#27;[39m Proxying [GET /] to [GET http://localhost:8211/wd/hub/session/9828b574-2ead-4e0e-9b39-cc9caa80c743] with body: {}
[debug] &amp#27;[35m[WD Proxy]&amp#27;[39m Got response with status 200: "{\"sessionId\":\"9828b574-2ead-4e0e-9b39-cc9caa80c743\",\"status\":0,\"value\":{}}"
[debug] &amp#27;[35m[W3C (53ec1bf6)]&amp#27;[39m Responding to client with driver.getSession() result: {"platform":"LINUX","webStorageEnabled":false,"takesScreenshot":true,"javascriptEnabled":true,"databaseEnabled":false,"networkConnectionEnabled":true,"locationContextEnabled":false,"warnings":{},"desired":{"platformName":"android","appActivity":"com.onoapps.cellcomtv.activities.SplashActivity","appPackage":"com.cellcom.cellcom_tv.stb","automationName":"uiautomator2","deviceName":"GZ18120115200028","newCommandTimeout":60,"noReset":true,"udid":"GZ18120115200028"},"platformName":"android","appActivity":"com.onoapps.cellcomtv.activities.SplashActivity","appPackage":"com.cellcom.cellcom_tv.stb","automationName":"uiautomator2","deviceName":"GZ18120115200028","newCommandTimeout":60,"noReset":true,"udid":"GZ18120115200028","deviceUDID":"GZ18120115200028","deviceApiLevel":28,"platformVersion":"9","deviceScreenSize":"1920x1080","deviceScreenDensity":320,"deviceModel":"SEI-S905X2","deviceManufacturer":"SEI Robotics","pixelRatio":2,"statBarHeight":0,"viewportRect":{"left":0,"top":0,"width":1920,"height":1080}}
&amp#27;[35m[HTTP]&amp#27;[39m &amp#27;[37m<-- GET /wd/hub/session/53ec1bf6-a190-43cb-bd2a-f946f95ff82a &amp#27;[39m&amp#27;[32m200&amp#27;[39m &amp#27;[90m40 ms - 1023&amp#27;[39m
&amp#27;[35m[HTTP]&amp#27;[39m &amp#27;[90m&amp#27;[39m
&amp#27;[35m[HTTP]&amp#27;[39m &amp#27;[37m-->&amp#27;[39m &amp#27;[37mPOST&amp#27;[39m &amp#27;[37m/wd/hub/session/53ec1bf6-a190-43cb-bd2a-f946f95ff82a/timeouts&amp#27;[39m
&amp#27;[35m[HTTP]&amp#27;[39m &amp#27;[90m{"implicit":10000}&amp#27;[39m
[debug] &amp#27;[35m[W3C (53ec1bf6)]&amp#27;[39m Calling AppiumDriver.timeouts() with args: [null,null,null,null,10000,"53ec1bf6-a190-43cb-bd2a-f946f95ff82a"]
[debug] &amp#27;[35m[BaseDriver]&amp#27;[39m W3C timeout argument: {"implicit":10000}}
[debug] &amp#27;[35m[BaseDriver]&amp#27;[39m Set implicit wait to 10000ms
[debug] &amp#27;[35m[W3C (53ec1bf6)]&amp#27;[39m Responding to client with driver.timeouts() result: null
&amp#27;[35m[HTTP]&amp#27;[39m &amp#27;[37m<-- POST /wd/hub/session/53ec1bf6-a190-43cb-bd2a-f946f95ff82a/timeouts &amp#27;[39m&amp#27;[32m200&amp#27;[39m &amp#27;[90m8 ms - 14&amp#27;[39m
&amp#27;[35m[HTTP]&amp#27;[39m &amp#27;[90m&amp#27;[39m
&amp#27;[35m[HTTP]&amp#27;[39m &amp#27;[37m-->&amp#27;[39m &amp#27;[37mPOST&amp#27;[39m &amp#27;[37m/wd/hub/session/53ec1bf6-a190-43cb-bd2a-f946f95ff82a/appium/device/press_keycode&amp#27;[39m
&amp#27;[35m[HTTP]&amp#27;[39m &amp#27;[90m{"keycode":20}&amp#27;[39m
[debug] &amp#27;[35m[W3C (53ec1bf6)]&amp#27;[39m Calling AppiumDriver.pressKeyCode() with args: [20,null,null,null,null,"53ec1bf6-a190-43cb-bd2a-f946f95ff82a"]
[debug] &amp#27;[35m[WD Proxy]&amp#27;[39m Matched '/appium/device/press_keycode' to command name 'pressKeyCode'
[debug] &amp#27;[35m[WD Proxy]&amp#27;[39m Proxying [POST /appium/device/press_keycode] to [POST http://localhost:8211/wd/hub/session/9828b574-2ead-4e0e-9b39-cc9caa80c743/appium/device/press_keycode] with body: {"keycode":20,"metastate":null,"flags":null}
[debug] &amp#27;[35m[WD Proxy]&amp#27;[39m Got response with status 200: {"sessionId":"9828b574-2ead-4e0e-9b39-cc9caa80c743","status":0,"value":true}
[debug] &amp#27;[35m[W3C (53ec1bf6)]&amp#27;[39m Responding to client with driver.pressKeyCode() result: true
&amp#27;[35m[HTTP]&amp#27;[39m &amp#27;[37m<-- POST /wd/hub/session/53ec1bf6-a190-43cb-bd2a-f946f95ff82a/appium/device/press_keycode &amp#27;[39m&amp#27;[32m200&amp#27;[39m &amp#27;[90m128 ms - 14&amp#27;[39m
&amp#27;[35m[HTTP]&amp#27;[39m &amp#27;[90m&amp#27;[39m
&amp#27;[35m[HTTP]&amp#27;[39m &amp#27;[37m-->&amp#27;[39m &amp#27;[37mPOST&amp#27;[39m &amp#27;[37m/wd/hub/session/53ec1bf6-a190-43cb-bd2a-f946f95ff82a/appium/device/press_keycode&amp#27;[39m
&amp#27;[35m[HTTP]&amp#27;[39m &amp#27;[90m{"keycode":21}&amp#27;[39m
[debug] &amp#27;[35m[W3C (53ec1bf6)]&amp#27;[39m Calling AppiumDriver.pressKeyCode() with args: [21,null,null,null,null,"53ec1bf6-a190-43cb-bd2a-f946f95ff82a"]
[debug] &amp#27;[35m[WD Proxy]&amp#27;[39m Matched '/appium/device/press_keycode' to command name 'pressKeyCode'
[debug] &amp#27;[35m[WD Proxy]&amp#27;[39m Proxying [POST /appium/device/press_keycode] to [POST http://localhost:8211/wd/hub/session/9828b574-2ead-4e0e-9b39-cc9caa80c743/appium/device/press_keycode] with body: {"keycode":21,"metastate":null,"flags":null}
[debug] &amp#27;[35m[WD Proxy]&amp#27;[39m Got response with status 200: {"sessionId":"9828b574-2ead-4e0e-9b39-cc9caa80c743","status":0,"value":true}
[debug] &amp#27;[35m[W3C (53ec1bf6)]&amp#27;[39m Responding to client with driver.pressKeyCode() result: true
&amp#27;[35m[HTTP]&amp#27;[39m &amp#27;[37m<-- POST /wd/hub/session/53ec1bf6-a190-43cb-bd2a-f946f95ff82a/appium/device/press_keycode &amp#27;[39m&amp#27;[32m200&amp#27;[39m &amp#27;[90m845 ms - 14&amp#27;[39m
&amp#27;[35m[HTTP]&amp#27;[39m &amp#27;[90m&amp#27;[39m
&amp#27;[35m[HTTP]&amp#27;[39m &amp#27;[37m-->&amp#27;[39m &amp#27;[37mPOST&amp#27;[39m &amp#27;[37m/wd/hub/session/53ec1bf6-a190-43cb-bd2a-f946f95ff82a/appium/device/press_keycode&amp#27;[39m
&amp#27;[35m[HTTP]&amp#27;[39m &amp#27;[90m{"keycode":21}&amp#27;[39m
[debug] &amp#27;[35m[W3C (53ec1bf6)]&amp#27;[39m Calling AppiumDriver.pressKeyCode() with args: [21,null,null,null,null,"53ec1bf6-a190-43cb-bd2a-f946f95ff82a"]
[debug] &amp#27;[35m[WD Proxy]&amp#27;[39m Matched '/appium/device/press_keycode' to command name 'pressKeyCode'
[debug] &amp#27;[35m[WD Proxy]&amp#27;[39m Proxying [POST /appium/device/press_keycode] to [POST http://localhost:8211/wd/hub/session/9828b574-2ead-4e0e-9b39-cc9caa80c743/appium/device/press_keycode] with body: {"keycode":21,"metastate":null,"flags":null}
[debug] &amp#27;[35m[WD Proxy]&amp#27;[39m Got response with status 200: {"sessionId":"9828b574-2ead-4e0e-9b39-cc9caa80c743","status":0,"value":true}
[debug] &amp#27;[35m[W3C (53ec1bf6)]&amp#27;[39m Responding to client with driver.pressKeyCode() result: true
&amp#27;[35m[HTTP]&amp#27;[39m &amp#27;[37m<-- POST /wd/hub/session/53ec1bf6-a190-43cb-bd2a-f946f95ff82a/appium/device/press_keycode &amp#27;[39m&amp#27;[32m200&amp#27;[39m &amp#27;[90m360 ms - 14&amp#27;[39m
&amp#27;[35m[HTTP]&amp#27;[39m &amp#27;[90m&amp#27;[39m
&amp#27;[35m[HTTP]&amp#27;[39m &amp#27;[37m-->&amp#27;[39m &amp#27;[37mPOST&amp#27;[39m &amp#27;[37m/wd/hub/session/53ec1bf6-a190-43cb-bd2a-f946f95ff82a/appium/device/press_keycode&amp#27;[39m
&amp#27;[35m[HTTP]&amp#27;[39m &amp#27;[90m{"keycode":21}&amp#27;[39m
[debug] &amp#27;[35m[W3C (53ec1bf6)]&amp#27;[39m Calling AppiumDriver.pressKeyCode() with args: [21,null,null,null,null,"53ec1bf6-a190-43cb-bd2a-f946f95ff82a"]
[debug] &amp#27;[35m[WD Proxy]&amp#27;[39m Matched '/appium/device/press_keycode' to command name 'pressKeyCode'
[debug] &amp#27;[35m[WD Proxy]&amp#27;[39m Proxying [POST /appium/device/press_keycode] to [POST http://localhost:8211/wd/hub/session/9828b574-2ead-4e0e-9b39-cc9caa80c743/appium/device/press_keycode] with body: {"keycode":21,"metastate":null,"flags":null}
[debug] &amp#27;[35m[WD Proxy]&amp#27;[39m Got response with status 200: {"sessionId":"9828b574-2ead-4e0e-9b39-cc9caa80c743","status":0,"value":true}
[debug] &amp#27;[35m[W3C (53ec1bf6)]&amp#27;[39m Responding to client with driver.pressKeyCode() result: true
&amp#27;[35m[HTTP]&amp#27;[39m &amp#27;[37m<-- POST /wd/hub/session/53ec1bf6-a190-43cb-bd2a-f946f95ff82a/appium/device/press_keycode &amp#27;[39m&amp#27;[32m200&amp#27;[39m &amp#27;[90m332 ms - 14&amp#27;[39m
&amp#27;[35m[HTTP]&amp#27;[39m &amp#27;[90m&amp#27;[39m
&amp#27;[35m[HTTP]&amp#27;[39m &amp#27;[37m-->&amp#27;[39m &amp#27;[37mPOST&amp#27;[39m &amp#27;[37m/wd/hub/session/53ec1bf6-a190-43cb-bd2a-f946f95ff82a/appium/device/press_keycode&amp#27;[39m
&amp#27;[35m[HTTP]&amp#27;[39m &amp#27;[90m{"keycode":21}&amp#27;[39m
[debug] &amp#27;[35m[W3C (53ec1bf6)]&amp#27;[39m Calling AppiumDriver.pressKeyCode() with args: [21,null,null,null,null,"53ec1bf6-a190-43cb-bd2a-f946f95ff82a"]
[debug] &amp#27;[35m[WD Proxy]&amp#27;[39m Matched '/appium/device/press_keycode' to command name 'pressKeyCode'
[debug] &amp#27;[35m[WD Proxy]&amp#27;[39m Proxying [POST /appium/device/press_keycode] to [POST http://localhost:8211/wd/hub/session/9828b574-2ead-4e0e-9b39-cc9caa80c743/appium/device/press_keycode] with body: {"keycode":21,"metastate":null,"flags":null}
[debug] &amp#27;[35m[WD Proxy]&amp#27;[39m Got response with status 200: {"sessionId":"9828b574-2ead-4e0e-9b39-cc9caa80c743","status":0,"value":true}
[debug] &amp#27;[35m[W3C (53ec1bf6)]&amp#27;[39m Responding to client with driver.pressKeyCode() result: true
&amp#27;[35m[HTTP]&amp#27;[39m &amp#27;[37m<-- POST /wd/hub/session/53ec1bf6-a190-43cb-bd2a-f946f95ff82a/appium/device/press_keycode &amp#27;[39m&amp#27;[32m200&amp#27;[39m &amp#27;[90m347 ms - 14&amp#27;[39m
&amp#27;[35m[HTTP]&amp#27;[39m &amp#27;[90m&amp#27;[39m
&amp#27;[35m[HTTP]&amp#27;[39m &amp#27;[37m-->&amp#27;[39m &amp#27;[37mPOST&amp#27;[39m &amp#27;[37m/wd/hub/session/53ec1bf6-a190-43cb-bd2a-f946f95ff82a/appium/device/press_keycode&amp#27;[39m
&amp#27;[35m[HTTP]&amp#27;[39m &amp#27;[90m{"keycode":23}&amp#27;[39m
[debug] &amp#27;[35m[W3C (53ec1bf6)]&amp#27;[39m Calling AppiumDriver.pressKeyCode() with args: [23,null,null,null,null,"53ec1bf6-a190-43cb-bd2a-f946f95ff82a"]
[debug] &amp#27;[35m[WD Proxy]&amp#27;[39m Matched '/appium/device/press_keycode' to command name 'pressKeyCode'
[debug] &amp#27;[35m[WD Proxy]&amp#27;[39m Proxying [POST /appium/device/press_keycode] to [POST http://localhost:8211/wd/hub/session/9828b574-2ead-4e0e-9b39-cc9caa80c743/appium/device/press_keycode] with body: {"keycode":23,"metastate":null,"flags":null}
[debug] &amp#27;[35m[WD Proxy]&amp#27;[39m Got response with status 200: {"sessionId":"9828b574-2ead-4e0e-9b39-cc9caa80c743","status":0,"value":true}
[debug] &amp#27;[35m[W3C (53ec1bf6)]&amp#27;[39m Responding to client with driver.pressKeyCode() result: true
&amp#27;[35m[HTTP]&amp#27;[39m &amp#27;[37m<-- POST /wd/hub/session/53ec1bf6-a190-43cb-bd2a-f946f95ff82a/appium/device/press_keycode &amp#27;[39m&amp#27;[32m200&amp#27;[39m &amp#27;[90m343 ms - 14&amp#27;[39m
&amp#27;[35m[HTTP]&amp#27;[39m &amp#27;[90m&amp#27;[39m
&amp#27;[35m[HTTP]&amp#27;[39m &amp#27;[37m-->&amp#27;[39m &amp#27;[37mPOST&amp#27;[39m &amp#27;[37m/wd/hub/session/53ec1bf6-a190-43cb-bd2a-f946f95ff82a/element&amp#27;[39m
&amp#27;[35m[HTTP]&amp#27;[39m &amp#27;[90m{"using":"id","value":"com.android.vending:id/title_badge"}&amp#27;[39m
[debug] &amp#27;[35m[W3C (53ec1bf6)]&amp#27;[39m Calling AppiumDriver.findElement() with args: ["id","com.android.vending:id/title_badge","53ec1bf6-a190-43cb-bd2a-f946f95ff82a"]
[debug] &amp#27;[35m[BaseDriver]&amp#27;[39m Valid locator strategies for this request: xpath, id, class name, accessibility id, -android uiautomator
[debug] &amp#27;[35m[BaseDriver]&amp#27;[39m Waiting up to 10000 ms for condition
[debug] &amp#27;[35m[WD Proxy]&amp#27;[39m Matched '/element' to command name 'findElement'
[debug] &amp#27;[35m[WD Proxy]&amp#27;[39m Proxying [POST /element] to [POST http://localhost:8211/wd/hub/session/9828b574-2ead-4e0e-9b39-cc9caa80c743/element] with body: {"strategy":"id","selector":"com.android.vending:id/title_badge","context":"","multiple":false}
&amp#27;[35m[WD Proxy]&amp#27;[39m Got an unexpected response: {"sessionId":"9828b574-2ead-4e0e-9b39-cc9caa80c743","status":7,"value":"An element could not be located on the page using the given search parameters."}
[debug] &amp#27;[35m[MJSONWP]&amp#27;[39m Matched JSONWP error code 7 to NoSuchElementError
[debug] &amp#27;[35m[BaseDriver]&amp#27;[39m Waited for 223 ms so far
[debug] &amp#27;[35m[WD Proxy]&amp#27;[39m Matched '/element' to command name 'findElement'
[debug] &amp#27;[35m[WD Proxy]&amp#27;[39m Proxying [POST /element] to [POST http://localhost:8211/wd/hub/session/9828b574-2ead-4e0e-9b39-cc9caa80c743/element] with body: {"strategy":"id","selector":"com.android.vending:id/title_badge","context":"","multiple":false}
&amp#27;[35m[WD Proxy]&amp#27;[39m Got an unexpected response: {"sessionId":"9828b574-2ead-4e0e-9b39-cc9caa80c743","status":7,"value":"An element could not be located on the page using the given search parameters."}
[debug] &amp#27;[35m[MJSONWP]&amp#27;[39m Matched JSONWP error code 7 to NoSuchElementError
[debug] &amp#27;[35m[BaseDriver]&amp#27;[39m Waited for 877 ms so far
[debug] &amp#27;[35m[WD Proxy]&amp#27;[39m Matched '/element' to command name 'findElement'
[debug] &amp#27;[35m[WD Proxy]&amp#27;[39m Proxying [POST /element] to [POST http://localhost:8211/wd/hub/session/9828b574-2ead-4e0e-9b39-cc9caa80c743/element] with body: {"strategy":"id","selector":"com.android.vending:id/title_badge","context":"","multiple":false}
&amp#27;[35m[WD Proxy]&amp#27;[39m Got an unexpected response: {"sessionId":"9828b574-2ead-4e0e-9b39-cc9caa80c743","status":7,"value":"An element could not be located on the page using the given search parameters."}
[debug] &amp#27;[35m[MJSONWP]&amp#27;[39m Matched JSONWP error code 7 to NoSuchElementError
[debug] &amp#27;[35m[BaseDriver]&amp#27;[39m Waited for 1546 ms so far
[debug] &amp#27;[35m[WD Proxy]&amp#27;[39m Matched '/element' to command name 'findElement'
[debug] &amp#27;[35m[WD Proxy]&amp#27;[39m Proxying [POST /element] to [POST http://localhost:8211/wd/hub/session/9828b574-2ead-4e0e-9b39-cc9caa80c743/element] with body: {"strategy":"id","selector":"com.android.vending:id/title_badge","context":"","multiple":false}
&amp#27;[35m[WD Proxy]&amp#27;[39m Got an unexpected response: {"sessionId":"9828b574-2ead-4e0e-9b39-cc9caa80c743","status":7,"value":"An element could not be located on the page using the given search parameters."}
[debug] &amp#27;[35m[MJSONWP]&amp#27;[39m Matched JSONWP error code 7 to NoSuchElementError
[debug] &amp#27;[35m[BaseDriver]&amp#27;[39m Waited for 2194 ms so far
[debug] &amp#27;[35m[WD Proxy]&amp#27;[39m Matched '/element' to command name 'findElement'
[debug] &amp#27;[35m[WD Proxy]&amp#27;[39m Proxying [POST /element] to [POST http://localhost:8211/wd/hub/session/9828b574-2ead-4e0e-9b39-cc9caa80c743/element] with body: {"strategy":"id","selector":"com.android.vending:id/title_badge","context":"","multiple":false}
&amp#27;[35m[WD Proxy]&amp#27;[39m Got an unexpected response: {"sessionId":"9828b574-2ead-4e0e-9b39-cc9caa80c743","status":7,"value":"An element could not be located on the page using the given search parameters."}
[debug] &amp#27;[35m[MJSONWP]&amp#27;[39m Matched JSONWP error code 7 to NoSuchElementError
[debug] &amp#27;[35m[BaseDriver]&amp#27;[39m Waited for 2832 ms so far
[debug] &amp#27;[35m[WD Proxy]&amp#27;[39m Matched '/element' to command name 'findElement'
[debug] &amp#27;[35m[WD Proxy]&amp#27;[39m Proxying [POST /element] to [POST http://localhost:8211/wd/hub/session/9828b574-2ead-4e0e-9b39-cc9caa80c743/element] with body: {"strategy":"id","selector":"com.android.vending:id/title_badge","context":"","multiple":false}
&amp#27;[35m[WD Proxy]&amp#27;[39m Got an unexpected response: {"sessionId":"9828b574-2ead-4e0e-9b39-cc9caa80c743","status":7,"value":"An element could not be located on the page using the given search parameters."}
[debug] &amp#27;[35m[MJSONWP]&amp#27;[39m Matched JSONWP error code 7 to NoSuchElementError
[debug] &amp#27;[35m[BaseDriver]&amp#27;[39m Waited for 3459 ms so far
[debug] &amp#27;[35m[WD Proxy]&amp#27;[39m Matched '/element' to command name 'findElement'
[debug] &amp#27;[35m[WD Proxy]&amp#27;[39m Proxying [POST /element] to [POST http://localhost:8211/wd/hub/session/9828b574-2ead-4e0e-9b39-cc9caa80c743/element] with body: {"strategy":"id","selector":"com.android.vending:id/title_badge","context":"","multiple":false}
&amp#27;[35m[WD Proxy]&amp#27;[39m Got an unexpected response: {"sessionId":"9828b574-2ead-4e0e-9b39-cc9caa80c743","status":7,"value":"An element could not be located on the page using the given search parameters."}
[debug] &amp#27;[35m[MJSONWP]&amp#27;[39m Matched JSONWP error code 7 to NoSuchElementError
[debug] &amp#27;[35m[BaseDriver]&amp#27;[39m Waited for 4086 ms so far
[debug] &amp#27;[35m[WD Proxy]&amp#27;[39m Matched '/element' to command name 'findElement'
[debug] &amp#27;[35m[WD Proxy]&amp#27;[39m Proxying [POST /element] to [POST http://localhost:8211/wd/hub/session/9828b574-2ead-4e0e-9b39-cc9caa80c743/element] with body: {"strategy":"id","selector":"com.android.vending:id/title_badge","context":"","multiple":false}
&amp#27;[35m[WD Proxy]&amp#27;[39m Got an unexpected response: {"sessionId":"9828b574-2ead-4e0e-9b39-cc9caa80c743","status":7,"value":"An element could not be located on the page using the given search parameters."}
[debug] &amp#27;[35m[MJSONWP]&amp#27;[39m Matched JSONWP error code 7 to NoSuchElementError
[debug] &amp#27;[35m[BaseDriver]&amp#27;[39m Waited for 4712 ms so far
[debug] &amp#27;[35m[WD Proxy]&amp#27;[39m Matched '/element' to command name 'findElement'
[debug] &amp#27;[35m[WD Proxy]&amp#27;[39m Proxying [POST /element] to [POST http://localhost:8211/wd/hub/session/9828b574-2ead-4e0e-9b39-cc9caa80c743/element] with body: {"strategy":"id","selector":"com.android.vending:id/title_badge","context":"","multiple":false}
&amp#27;[35m[WD Proxy]&amp#27;[39m Got an unexpected response: {"sessionId":"9828b574-2ead-4e0e-9b39-cc9caa80c743","status":7,"value":"An element could not be located on the page using the given search parameters."}
[debug] &amp#27;[35m[MJSONWP]&amp#27;[39m Matched JSONWP error code 7 to NoSuchElementError
[debug] &amp#27;[35m[BaseDriver]&amp#27;[39m Waited for 5333 ms so far
[debug] &amp#27;[35m[WD Proxy]&amp#27;[39m Matched '/element' to command name 'findElement'
[debug] &amp#27;[35m[WD Proxy]&amp#27;[39m Proxying [POST /element] to [POST http://localhost:8211/wd/hub/session/9828b574-2ead-4e0e-9b39-cc9caa80c743/element] with body: {"strategy":"id","selector":"com.android.vending:id/title_badge","context":"","multiple":false}
&amp#27;[35m[WD Proxy]&amp#27;[39m Got an unexpected response: {"sessionId":"9828b574-2ead-4e0e-9b39-cc9caa80c743","status":7,"value":"An element could not be located on the page using the given search parameters."}
[debug] &amp#27;[35m[MJSONWP]&amp#27;[39m Matched JSONWP error code 7 to NoSuchElementError
[debug] &amp#27;[35m[BaseDriver]&amp#27;[39m Waited for 5944 ms so far
[debug] &amp#27;[35m[WD Proxy]&amp#27;[39m Matched '/element' to command name 'findElement'
[debug] &amp#27;[35m[WD Proxy]&amp#27;[39m Proxying [POST /element] to [POST http://localhost:8211/wd/hub/session/9828b574-2ead-4e0e-9b39-cc9caa80c743/element] with body: {"strategy":"id","selector":"com.android.vending:id/title_badge","context":"","multiple":false}
&amp#27;[35m[WD Proxy]&amp#27;[39m Got an unexpected response: {"sessionId":"9828b574-2ead-4e0e-9b39-cc9caa80c743","status":7,"value":"An element could not be located on the page using the given search parameters."}
[debug] &amp#27;[35m[MJSONWP]&amp#27;[39m Matched JSONWP error code 7 to NoSuchElementError
[debug] &amp#27;[35m[BaseDriver]&amp#27;[39m Waited for 6550 ms so far
[debug] &amp#27;[35m[WD Proxy]&amp#27;[39m Matched '/element' to command name 'findElement'
[debug] &amp#27;[35m[WD Proxy]&amp#27;[39m Proxying [POST /element] to [POST http://localhost:8211/wd/hub/session/9828b574-2ead-4e0e-9b39-cc9caa80c743/element] with body: {"strategy":"id","selector":"com.android.vending:id/title_badge","context":"","multiple":false}
&amp#27;[35m[WD Proxy]&amp#27;[39m Got an unexpected response: {"sessionId":"9828b574-2ead-4e0e-9b39-cc9caa80c743","status":7,"value":"An element could not be located on the page using the given search parameters."}
[debug] &amp#27;[35m[MJSONWP]&amp#27;[39m Matched JSONWP error code 7 to NoSuchElementError
[debug] &amp#27;[35m[BaseDriver]&amp#27;[39m Waited for 7164 ms so far
[debug] &amp#27;[35m[WD Proxy]&amp#27;[39m Matched '/element' to command name 'findElement'
[debug] &amp#27;[35m[WD Proxy]&amp#27;[39m Proxying [POST /element] to [POST http://localhost:8211/wd/hub/session/9828b574-2ead-4e0e-9b39-cc9caa80c743/element] with body: {"strategy":"id","selector":"com.android.vending:id/title_badge","context":"","multiple":false}
&amp#27;[35m[WD Proxy]&amp#27;[39m Got an unexpected response: {"sessionId":"9828b574-2ead-4e0e-9b39-cc9caa80c743","status":7,"value":"An element could not be located on the page using the given search parameters."}
[debug] &amp#27;[35m[MJSONWP]&amp#27;[39m Matched JSONWP error code 7 to NoSuchElementError
[debug] &amp#27;[35m[BaseDriver]&amp#27;[39m Waited for 7763 ms so far
[debug] &amp#27;[35m[WD Proxy]&amp#27;[39m Matched '/element' to command name 'findElement'
[debug] &amp#27;[35m[WD Proxy]&amp#27;[39m Proxying [POST /element] to [POST http://localhost:8211/wd/hub/session/9828b574-2ead-4e0e-9b39-cc9caa80c743/element] with body: {"strategy":"id","selector":"com.android.vending:id/title_badge","context":"","multiple":false}
&amp#27;[35m[WD Proxy]&amp#27;[39m Got an unexpected response: {"sessionId":"9828b574-2ead-4e0e-9b39-cc9caa80c743","status":7,"value":"An element could not be located on the page using the given search parameters."}
[debug] &amp#27;[35m[MJSONWP]&amp#27;[39m Matched JSONWP error code 7 to NoSuchElementError
[debug] &amp#27;[35m[BaseDriver]&amp#27;[39m Waited for 8372 ms so far
[debug] &amp#27;[35m[WD Proxy]&amp#27;[39m Matched '/element' to command name 'findElement'
[debug] &amp#27;[35m[WD Proxy]&amp#27;[39m Proxying [POST /element] to [POST http://localhost:8211/wd/hub/session/9828b574-2ead-4e0e-9b39-cc9caa80c743/element] with body: {"strategy":"id","selector":"com.android.vending:id/title_badge","context":"","multiple":false}
&amp#27;[35m[WD Proxy]&amp#27;[39m Got an unexpected response: {"sessionId":"9828b574-2ead-4e0e-9b39-cc9caa80c743","status":7,"value":"An element could not be located on the page using the given search parameters."}
[debug] &amp#27;[35m[MJSONWP]&amp#27;[39m Matched JSONWP error code 7 to NoSuchElementError
[debug] &amp#27;[35m[BaseDriver]&amp#27;[39m Waited for 8969 ms so far
[debug] &amp#27;[35m[WD Proxy]&amp#27;[39m Matched '/element' to command name 'findElement'
[debug] &amp#27;[35m[WD Proxy]&amp#27;[39m Proxying [POST /element] to [POST http://localhost:8211/wd/hub/session/9828b574-2ead-4e0e-9b39-cc9caa80c743/element] with body: {"strategy":"id","selector":"com.android.vending:id/title_badge","context":"","multiple":false}
&amp#27;[35m[WD Proxy]&amp#27;[39m Got an unexpected response: {"sessionId":"9828b574-2ead-4e0e-9b39-cc9caa80c743","status":7,"value":"An element could not be located on the page using the given search parameters."}
[debug] &amp#27;[35m[MJSONWP]&amp#27;[39m Matched JSONWP error code 7 to NoSuchElementError
[debug] &amp#27;[35m[BaseDriver]&amp#27;[39m Waited for 9568 ms so far
[debug] &amp#27;[35m[WD Proxy]&amp#27;[39m Matched '/element' to command name 'findElement'
[debug] &amp#27;[35m[WD Proxy]&amp#27;[39m Proxying [POST /element] to [POST http://localhost:8211/wd/hub/session/9828b574-2ead-4e0e-9b39-cc9caa80c743/element] with body: {"strategy":"id","selector":"com.android.vending:id/title_badge","context":"","multiple":false}
&amp#27;[35m[WD Proxy]&amp#27;[39m Got an unexpected response: {"sessionId":"9828b574-2ead-4e0e-9b39-cc9caa80c743","status":7,"value":"An element could not be located on the page using the given search parameters."}
[debug] &amp#27;[35m[MJSONWP]&amp#27;[39m Matched JSONWP error code 7 to NoSuchElementError
[debug] &amp#27;[35m[W3C (53ec1bf6)]&amp#27;[39m Encountered internal error running command: NoSuchElementError: An element could not be located on the page using the given search parameters.
[debug] &amp#27;[35m[W3C (53ec1bf6)]&amp#27;[39m     at AndroidUiautomator2Driver.findElOrEls (C:\Users\Leonidus\AppData\Roaming\npm\node_modules\appium\node_modules\appium-android-driver\lib\commands\find.js:75:11)
&amp#27;[35m[HTTP]&amp#27;[39m &amp#27;[37m<-- POST /wd/hub/session/53ec1bf6-a190-43cb-bd2a-f946f95ff82a/element &amp#27;[39m&amp#27;[33m404&amp#27;[39m &amp#27;[90m10196 ms - 422&amp#27;[39m
&amp#27;[35m[HTTP]&amp#27;[39m &amp#27;[90m&amp#27;[39m
&amp#27;[35m[HTTP]&amp#27;[39m &amp#27;[37m-->&amp#27;[39m &amp#27;[37mGET&amp#27;[39m &amp#27;[37m/wd/hub/session/53ec1bf6-a190-43cb-bd2a-f946f95ff82a/screenshot&amp#27;[39m
&amp#27;[35m[HTTP]&amp#27;[39m &amp#27;[90m{}&amp#27;[39m
[debug] &amp#27;[35m[W3C (53ec1bf6)]&amp#27;[39m Calling AppiumDriver.getScreenshot() with args: ["53ec1bf6-a190-43cb-bd2a-f946f95ff82a"]
[debug] &amp#27;[35m[WD Proxy]&amp#27;[39m Matched '/screenshot' to command name 'getScreenshot'
[debug] &amp#27;[35m[WD Proxy]&amp#27;[39m Proxying [GET /screenshot] to [GET http://localhost:8211/wd/hub/session/9828b574-2ead-4e0e-9b39-cc9caa80c743/screenshot] with no body
[debug] &amp#27;[35m[WD Proxy]&amp#27;[39m Got response with status 200: "{\"sessionId\":\"9828b574-2ead-4e0e-9b39-cc9caa80c743\",\"status\":0,\"value\":\"iVBORw0KGgoAAAANSUhEUgAAB4AAAAQ4CAYAAADo08FDAAAABHNCSVQICAgIfAhkiAAAIABJREFU\\neJzsvdtvJMmV5vkzO+buQSeDycxkiVJWV82otxpSbwM9wGIXmKd925fF\\/s2DncXsUwO7mAYa0KyE\\n0bR6dEmJVclkkB7h7nbZh2Pm7nEhM7OkkgaYsgQzSA93c7seO\\/Z95xwzf\\/XV3yb+O073v\\/\\/NX7oI\\nf9KU\\/Hh80RxfkpM32eczN6fzOkzRQBlUFosxZn4ufxFT3HsmkeaHnnnHcbmfKAOQ0lzkkmVMcxkg\\nYYjz607NhGVZTn2fEiEGQoAUA5GIMQZrDJi5TYMBawVjJF83GCuIEawRjBVqVyHGkhIkI1jrwAhI\\nBdaBCLZaYeoVtmk4Oz\\/jxYtzXl44ahfBadvHaAkjdA+er39\\/z8PmnjAMEDwh9ES\\/ReLASgwQIEZi\\nCiQCxiSsiSQC0UdiGDEpYnLdbco1SrkvUsRiMClhCZgYgYhJEQFELGIM53VDWzeIMaQY6fsdu37E\\nWkvCEFJkjIERsFWFj5E+eMaQGGLCJwgJkgFb2YOOMWCsjuDyn12MlNwXETvfl+tgYaobgBWLiGBN\\nghgwjJyfOV6\\/fsH1qxfgt+y299QChpDrbXK9DCnpmKqaGiuSi5nyWNM2wkZtdyskLERLYsXjux2\\/\\n\\/e09uyHiU8r1MEQig\\/cYm2jqipU4LpuGc3Gw7dluO0wtXF2\\/out2CGCJ+DASoseKoWlbzi4vMGIY\\ng2c39CQMZ+05TdOQ6hpCwADee4KPQGIcRx439wx+wI+elHJdjMVYixFBtJgYsaSY8H4kxYgTR4qJ\\n6AMYaFYNJoEfBvre433UKlrtIiuCmAqT3Ny\\/CUJK...
[debug] &amp#27;[35m[W3C (53ec1bf6)]&amp#27;[39m Responding to client with driver.getScreenshot() result: "iVBORw0KGgoAAAANSUhEUgAAB4AAAAQ4CAYAAADo08FDAAAABHNCSVQICAgIfAhkiAAAIABJREFU\neJzsvdtvJMmV5vkzO+buQSeDycxkiVJWV82otxpSbwM9wGIXmKd925fF/s2DncXsUwO7mAYa0KyE\n0bR6dEmJVclkkB7h7nbZh2Pm7nEhM7OkkgaYsgQzSA93c7seO/Z95xwzf/XV3yb+O073v//NX7oI\nf9KU/Hh80RxfkpM32eczN6fzOkzRQBlUFosxZn4ufxFT3HsmkeaHnnnHcbmfKAOQ0lzkkmVMcxkg\nYYjz607NhGVZTn2fEiEGQoAUA5GIMQZrDJi5TYMBawVjJF83GCuIEawRjBVqVyHGkhIkI1jrwAhI\nBdaBCLZaYeoVtmk4Oz/jxYtzXl44ahfBadvHaAkjdA+er39/z8PmnjAMEDwh9ES/ReLASgwQIEZi\nCiQCxiSsiSQC0UdiGDEpYnLdbco1SrkvUsRiMClhCZgYgYhJEQFELGIM53VDWzeIMaQY6fsdu37E\nWkvCEFJkjIERsFWFj5E+eMaQGGLCJwgJkgFb2YOOMWCsjuDyn12MlNwXETvfl+tgYaobgBWLiGBN\nghgwjJyfOV6/fsH1qxfgt+y299QChpDrbXK9DCnpmKqaGiuSi5nyWNM2wkZtdyskLERLYsXjux2/\n/e09uyHiU8r1MEQig/cYm2jqipU4LpuGc3Gw7dluO0wtXF2/out2CGCJ+DASoseKoWlbzi4vMGIY\ng2c39CQMZ+05TdOQ6hpCwADee4KPQGIcRx439wx+wI+elHJdjMVYixFBtJgYsaSY8H4kxYgTR4qJ\n6AMYaFYNJoEfBvre433UKlrtIiuCmAqT3Ny/CUJKpBiJIRJjIJEwRtulpMrVOFfhw8g4Dhhr8DHw\nYn1JtxvY9j0hRO35pOMnJWH0AymlWV5Zg3WCWIuI0XIldF5Yg7WCiMUaSEbLIdZiJM/zFInRE1Pg\n+voz2v...
&amp#27;[35m[HTTP]&amp#27;[39m &amp#27;[37m<-- GET /wd/hub/session/53ec1bf6-a190-43cb-bd2a-f946f95ff82a/screenshot &amp#27;[39m&amp#27;[32m200&amp#27;[39m &amp#27;[90m1486 ms - 614250&amp#27;[39m
&amp#27;[35m[HTTP]&amp#27;[39m &amp#27;[90m&amp#27;[39m
]]></system-out>
    <system-err><![CDATA[окт 14, 2019 4:10:19 PM io.appium.java_client.remote.AppiumCommandExecutor$1 lambda$0
INFO: Detected dialect: W3C
]]></system-err>
  </testcase>
  <testcase name="setOnOffParentalControlTest" classname="firstSEI.GoogleApps.SettingsPages.ParentalControlsPageTest" time="31.243">
    <failure message="An element could not be located on the page using the given search parameters.&#10;For documentation on this error, please visit: https://www.seleniumhq.org/exceptions/no_such_element.html&#10;Build info: version: &apos;3.141.59&apos;, revision: &apos;e82be7d358&apos;, time: &apos;2018-11-14T08:17:03&apos;&#10;System info: host: &apos;LEONIDUS-TOSH&apos;, ip: &apos;10.100.102.7&apos;, os.name: &apos;Windows 10&apos;, os.arch: &apos;amd64&apos;, os.version: &apos;10.0&apos;, java.version: &apos;1.8.0_221&apos;&#10;Driver info: io.appium.java_client.android.AndroidDriver&#10;Capabilities {appActivity: com.onoapps.cellcomtv.activ..., appPackage: com.cellcom.cellcom_tv.stb, automationName: uiautomator2, databaseEnabled: false, desired: {appActivity: com.onoapps.cellcomtv.activ..., appPackage: com.cellcom.cellcom_tv.stb, automationName: uiautomator2, deviceName: GZ18120115200028, newCommandTimeout: 60, noReset: true, platformName: android, udid: GZ18120115200028}, deviceApiLevel: 28, deviceManufacturer: SEI Robotics, deviceModel: SEI-S905X2, deviceName: GZ18120115200028, deviceScreenDensity: 320, deviceScreenSize: 1920x1080, deviceUDID: GZ18120115200028, javascriptEnabled: true, locationContextEnabled: false, networkConnectionEnabled: true, newCommandTimeout: 60, noReset: true, pixelRatio: 2, platform: LINUX, platformName: Android, platformVersion: 9, statBarHeight: 0, takesScreenshot: true, udid: GZ18120115200028, viewportRect: {height: 1080, left: 0, top: 0, width: 1920}, warnings: {}, webStorageEnabled: false}&#10;Session ID: e6372c50-ff1b-44b9-8453-7bc7de0ad0f4&#10;*** Element info: {Using=id, value=com.android.vending:id/title_badge}" type="org.openqa.selenium.NoSuchElementException">org.openqa.selenium.NoSuchElementException: 
An element could not be located on the page using the given search parameters.
For documentation on this error, please visit: https://www.seleniumhq.org/exceptions/no_such_element.html
Build info: version: '3.141.59', revision: 'e82be7d358', time: '2018-11-14T08:17:03'
System info: host: 'LEONIDUS-TOSH', ip: '10.100.102.7', os.name: 'Windows 10', os.arch: 'amd64', os.version: '10.0', java.version: '1.8.0_221'
Driver info: io.appium.java_client.android.AndroidDriver
Capabilities {appActivity: com.onoapps.cellcomtv.activ..., appPackage: com.cellcom.cellcom_tv.stb, automationName: uiautomator2, databaseEnabled: false, desired: {appActivity: com.onoapps.cellcomtv.activ..., appPackage: com.cellcom.cellcom_tv.stb, automationName: uiautomator2, deviceName: GZ18120115200028, newCommandTimeout: 60, noReset: true, platformName: android, udid: GZ18120115200028}, deviceApiLevel: 28, deviceManufacturer: SEI Robotics, deviceModel: SEI-S905X2, deviceName: GZ18120115200028, deviceScreenDensity: 320, deviceScreenSize: 1920x1080, deviceUDID: GZ18120115200028, javascriptEnabled: true, locationContextEnabled: false, networkConnectionEnabled: true, newCommandTimeout: 60, noReset: true, pixelRatio: 2, platform: LINUX, platformName: Android, platformVersion: 9, statBarHeight: 0, takesScreenshot: true, udid: GZ18120115200028, viewportRect: {height: 1080, left: 0, top: 0, width: 1920}, warnings: {}, webStorageEnabled: false}
Session ID: e6372c50-ff1b-44b9-8453-7bc7de0ad0f4
*** Element info: {Using=id, value=com.android.vending:id/title_badge}
	at firstSEI.GoogleApps.SettingsPages.ParentalControlsPageTest.setOnOffParentalControlTest(ParentalControlsPageTest.java:34)
</failure>
    <system-out><![CDATA[&amp#27;[35m[Appium]&amp#27;[39m Welcome to Appium v1.14.2
&amp#27;[35m[Appium]&amp#27;[39m Appium REST http interface listener started on 0.0.0.0:4723
&amp#27;[35m[HTTP]&amp#27;[39m &amp#27;[37m-->&amp#27;[39m &amp#27;[37mGET&amp#27;[39m &amp#27;[37m/wd/hub/status&amp#27;[39m
&amp#27;[35m[HTTP]&amp#27;[39m &amp#27;[90m{}&amp#27;[39m
[debug] &amp#27;[35m[GENERIC]&amp#27;[39m Calling AppiumDriver.getStatus() with args: []
[debug] &amp#27;[35m[GENERIC]&amp#27;[39m Responding to client with driver.getStatus() result: {"build":{"version":"1.14.2"}}
&amp#27;[35m[HTTP]&amp#27;[39m &amp#27;[37m<-- GET /wd/hub/status &amp#27;[39m&amp#27;[32m200&amp#27;[39m &amp#27;[90m14 ms - 68&amp#27;[39m
&amp#27;[35m[HTTP]&amp#27;[39m &amp#27;[90m&amp#27;[39m
&amp#27;[35m[HTTP]&amp#27;[39m &amp#27;[37m-->&amp#27;[39m &amp#27;[37mPOST&amp#27;[39m &amp#27;[37m/wd/hub/session&amp#27;[39m
&amp#27;[35m[HTTP]&amp#27;[39m &amp#27;[90m{"desiredCapabilities":{"appActivity":"com.onoapps.cellcomtv.activities.SplashActivity","appPackage":"com.cellcom.cellcom_tv.stb","noReset":true,"newCommandTimeout":"60","automationName":"uiautomator2","platformName":"Android","udid":"GZ18120115200028","deviceName":"GZ18120115200028"},"capabilities":{"firstMatch":[{"appium:appActivity":"com.onoapps.cellcomtv.activities.SplashActivity","appium:appPackage":"com.cellcom.cellcom_tv.stb","appium:automationName":"uiautomator2","appium:deviceName":"GZ18120115200028","appium:newCommandTimeout":"60","appium:noReset":true,"platformName":"android","appium:udid":"GZ18120115200028"}]}}&amp#27;[39m
[debug] &amp#27;[35m[W3C]&amp#27;[39m Calling AppiumDriver.createSession() with args: [{"appActivity":"com.onoapps.cellcomtv.activities.SplashActivity","appPackage":"com.cellcom.cellcom_tv.stb","noReset":true,"newCommandTimeout":"60","automationName":"uiautomator2","platformName":"Android","udid":"GZ18120115200028","deviceName":"GZ18120115200028"},null,{"firstMatch":[{"appium:appActivity":"com.onoapps.cellcomtv.activities.SplashActivity","appium:appPackage":"com.cellcom.cellcom_tv.stb","appium:automationName":"uiautomator2","appium:deviceName":"GZ18120115200028","appium:newCommandTimeout":"60","appium:noReset":true,"platformName":"android","appium:udid":"GZ18120115200028"}]}]
[debug] &amp#27;[35m[BaseDriver]&amp#27;[39m Event 'newSessionRequested' logged at 1571058659978 (16:10:59 GMT+0300 (GMT+03:00))
&amp#27;[35m[BaseDriver]&amp#27;[39m Number capability passed in as string. Functionality may be compromised.
&amp#27;[35m[Appium]&amp#27;[39m Appium v1.14.2 creating new AndroidUiautomator2Driver (v1.33.1) session
&amp#27;[35m[Appium]&amp#27;[39m Capabilities:
&amp#27;[35m[Appium]&amp#27;[39m   platformName: android
&amp#27;[35m[Appium]&amp#27;[39m   appActivity: com.onoapps.cellcomtv.activities.SplashActivity
&amp#27;[35m[Appium]&amp#27;[39m   appPackage: com.cellcom.cellcom_tv.stb
&amp#27;[35m[Appium]&amp#27;[39m   automationName: uiautomator2
&amp#27;[35m[Appium]&amp#27;[39m   deviceName: GZ18120115200028
&amp#27;[35m[Appium]&amp#27;[39m   newCommandTimeout: 60
&amp#27;[35m[Appium]&amp#27;[39m   noReset: true
&amp#27;[35m[Appium]&amp#27;[39m   udid: GZ18120115200028
[debug] &amp#27;[35m[BaseDriver]&amp#27;[39m W3C capabilities {"alwaysMatch":{"platformNa... and MJSONWP desired capabilities {"appActivity":"com.onoapps... were provided
[debug] &amp#27;[35m[BaseDriver]&amp#27;[39m Creating session with W3C capabilities: {"alwaysMatch":{"platformNa...
&amp#27;[35m[BaseDriver]&amp#27;[39m Number capability passed in as string. Functionality may be compromised.
&amp#27;[35m[BaseDriver]&amp#27;[39m Capability 'newCommandTimeout' changed from string ('60') to integer (60). This may cause unexpected behavior
&amp#27;[35m[BaseDriver]&amp#27;[39m Session created with session id: e6372c50-ff1b-44b9-8453-7bc7de0ad0f4
&amp#27;[35m[ADB]&amp#27;[39m Found 1 'build-tools' folders under 'C:\Users\Leonidus\AppData\Local\Android\Sdk' (newest first):
&amp#27;[35m[ADB]&amp#27;[39m     C:/Users/Leonidus/AppData/Local/Android/Sdk/build-tools/29.0.2
&amp#27;[35m[ADB]&amp#27;[39m Using 'adb.exe' from 'C:\Users\Leonidus\AppData\Local\Android\Sdk\platform-tools\adb.exe'
&amp#27;[35m[AndroidDriver]&amp#27;[39m Retrieving device list
[debug] &amp#27;[35m[ADB]&amp#27;[39m Trying to find a connected android device
[debug] &amp#27;[35m[ADB]&amp#27;[39m Getting connected devices...
[debug] &amp#27;[35m[ADB]&amp#27;[39m 2 device(s) connected
&amp#27;[35m[AndroidDriver]&amp#27;[39m Using device: GZ18120115200028
&amp#27;[35m[ADB]&amp#27;[39m Using 'adb.exe' from 'C:\Users\Leonidus\AppData\Local\Android\Sdk\platform-tools\adb.exe'
[debug] &amp#27;[35m[ADB]&amp#27;[39m Setting device id to GZ18120115200028
[debug] &amp#27;[35m[ADB]&amp#27;[39m Running 'C:\Users\Leonidus\AppData\Local\Android\Sdk\platform-tools\adb.exe -P 5037 -s GZ18120115200028 shell getprop ro.build.version.sdk'
[debug] &amp#27;[35m[ADB]&amp#27;[39m Current device property 'ro.build.version.sdk': 28
[debug] &amp#27;[35m[ADB]&amp#27;[39m Running 'C:\Users\Leonidus\AppData\Local\Android\Sdk\platform-tools\adb.exe -P 5037 -s GZ18120115200028 shell getprop ro.build.version.release'
[debug] &amp#27;[35m[ADB]&amp#27;[39m Current device property 'ro.build.version.release': 9
[debug] &amp#27;[35m[ADB]&amp#27;[39m Device API level: 28
&amp#27;[35m[UiAutomator2]&amp#27;[39m Relaxing hidden api policy
[debug] &amp#27;[35m[ADB]&amp#27;[39m Running 'C:\Users\Leonidus\AppData\Local\Android\Sdk\platform-tools\adb.exe -P 5037 -s GZ18120115200028 shell settings put global hidden_api_policy_pre_p_apps 1'
[debug] &amp#27;[35m[ADB]&amp#27;[39m Running 'C:\Users\Leonidus\AppData\Local\Android\Sdk\platform-tools\adb.exe -P 5037 -s GZ18120115200028 shell settings put global hidden_api_policy_p_apps 1'
[debug] &amp#27;[35m[ADB]&amp#27;[39m Running 'C:\Users\Leonidus\AppData\Local\Android\Sdk\platform-tools\adb.exe -P 5037 -s GZ18120115200028 shell settings put global hidden_api_policy 1'
&amp#27;[35m[AndroidDriver]&amp#27;[39m No app sent in, not parsing package/activity
[debug] &amp#27;[35m[ADB]&amp#27;[39m Running 'C:\Users\Leonidus\AppData\Local\Android\Sdk\platform-tools\adb.exe -P 5037 -s GZ18120115200028 wait-for-device'
[debug] &amp#27;[35m[ADB]&amp#27;[39m Running 'C:\Users\Leonidus\AppData\Local\Android\Sdk\platform-tools\adb.exe -P 5037 -s GZ18120115200028 shell echo ping'
[debug] &amp#27;[35m[AndroidDriver]&amp#27;[39m Pushing settings apk to device...
[debug] &amp#27;[35m[ADB]&amp#27;[39m Getting install status for io.appium.settings
[debug] &amp#27;[35m[ADB]&amp#27;[39m Running 'C:\Users\Leonidus\AppData\Local\Android\Sdk\platform-tools\adb.exe -P 5037 -s GZ18120115200028 shell dumpsys package io.appium.settings'
[debug] &amp#27;[35m[ADB]&amp#27;[39m 'io.appium.settings' is installed
[debug] &amp#27;[35m[ADB]&amp#27;[39m Getting package info for 'io.appium.settings'
[debug] &amp#27;[35m[ADB]&amp#27;[39m Running 'C:\Users\Leonidus\AppData\Local\Android\Sdk\platform-tools\adb.exe -P 5037 -s GZ18120115200028 shell dumpsys package io.appium.settings'
&amp#27;[35m[ADB]&amp#27;[39m Using 'aapt.exe' from 'C:\Users\Leonidus\AppData\Local\Android\Sdk\build-tools\29.0.2\aapt.exe'
[debug] &amp#27;[35m[ADB]&amp#27;[39m The version name of the installed 'io.appium.settings' is greater or equal to the application version name ('2.14.1' >= '2.14.1')
[debug] &amp#27;[35m[ADB]&amp#27;[39m There is no need to install/upgrade 'C:\Users\Leonidus\AppData\Roaming\npm\node_modules\appium\node_modules\io.appium.settings\apks\settings_apk-debug.apk'
[debug] &amp#27;[35m[ADB]&amp#27;[39m Getting IDs of all 'io.appium.settings' processes
[debug] &amp#27;[35m[ADB]&amp#27;[39m Running 'C:\Users\Leonidus\AppData\Local\Android\Sdk\platform-tools\adb.exe -P 5037 -s GZ18120115200028 shell 'pgrep --help; echo $?''
[debug] &amp#27;[35m[ADB]&amp#27;[39m Running 'C:\Users\Leonidus\AppData\Local\Android\Sdk\platform-tools\adb.exe -P 5037 -s GZ18120115200028 shell pgrep -f io\\.appium\\.settings'
[debug] &amp#27;[35m[AndroidDriver]&amp#27;[39m io.appium.settings is already running. There is no need to reset its permissions.
[debug] &amp#27;[35m[ADB]&amp#27;[39m Running 'C:\Users\Leonidus\AppData\Local\Android\Sdk\platform-tools\adb.exe -P 5037 -s GZ18120115200028 shell appops set io.appium.settings android\:mock_location allow'
[debug] &amp#27;[35m[Logcat]&amp#27;[39m Starting logcat capture
[debug] &amp#27;[35m[ADB]&amp#27;[39m Getting install status for io.appium.uiautomator2.server
[debug] &amp#27;[35m[ADB]&amp#27;[39m Running 'C:\Users\Leonidus\AppData\Local\Android\Sdk\platform-tools\adb.exe -P 5037 -s GZ18120115200028 shell dumpsys package io.appium.uiautomator2.server'
[debug] &amp#27;[35m[ADB]&amp#27;[39m 'io.appium.uiautomator2.server' is installed
[debug] &amp#27;[35m[ADB]&amp#27;[39m Getting package info for 'io.appium.uiautomator2.server'
[debug] &amp#27;[35m[ADB]&amp#27;[39m Running 'C:\Users\Leonidus\AppData\Local\Android\Sdk\platform-tools\adb.exe -P 5037 -s GZ18120115200028 shell dumpsys package io.appium.uiautomator2.server'
[debug] &amp#27;[35m[ADB]&amp#27;[39m The version name of the installed 'io.appium.uiautomator2.server' is greater or equal to the application version name ('3.7.0' >= '3.7.0')
[debug] &amp#27;[35m[UiAutomator2]&amp#27;[39m io.appium.uiautomator2.server installation state: sameVersionInstalled
[debug] &amp#27;[35m[ADB]&amp#27;[39m Checking app cert for C:\Users\Leonidus\AppData\Roaming\npm\node_modules\appium\node_modules\appium-uiautomator2-server\apks\appium-uiautomator2-server-v3.7.0.apk
&amp#27;[35m[ADB]&amp#27;[39m Using 'apksigner.bat' from 'C:\Users\Leonidus\AppData\Local\Android\Sdk\build-tools\29.0.2\apksigner.bat'
[debug] &amp#27;[35m[ADB]&amp#27;[39m Starting 'C:\Users\Leonidus\AppData\Local\Android\Sdk\build-tools\29.0.2\apksigner.bat' with args '["verify","--print-certs","C:\\Users\\Leonidus\\AppData\\Roaming\\npm\\node_modules\\appium\\node_modules\\appium-uiautomator2-server\\apks\\appium-uiautomator2-server-v3.7.0.apk"]'
[debug] &amp#27;[35m[ADB]&amp#27;[39m apksigner stdout: Signer #1 certificate DN: EMAILADDRESS=android@android.com, CN=Android, OU=Android, O=Android, L=Mountain View, ST=California, C=US
[debug] &amp#27;[35m[ADB]&amp#27;[39m Signer #1 certificate SHA-256 digest: a40da80a59d170caa950cf15c18c454d47a39b26989d8b640ecd745ba71bf5dc
[debug] &amp#27;[35m[ADB]&amp#27;[39m Signer #1 certificate SHA-1 digest: 61ed377e85d386a8dfee6b864bd85b0bfaa5af81
[debug] &amp#27;[35m[ADB]&amp#27;[39m Signer #1 certificate MD5 digest: e89b158e4bcf988ebd09eb83f5378e87
[debug] &amp#27;[35m[ADB]&amp#27;[39m 
[debug] &amp#27;[35m[ADB]&amp#27;[39m 'C:\Users\Leonidus\AppData\Roaming\npm\node_modules\appium\node_modules\appium-uiautomator2-server\apks\appium-uiautomator2-server-v3.7.0.apk' is already signed.
[debug] &amp#27;[35m[ADB]&amp#27;[39m Getting install status for io.appium.uiautomator2.server.test
[debug] &amp#27;[35m[ADB]&amp#27;[39m Running 'C:\Users\Leonidus\AppData\Local\Android\Sdk\platform-tools\adb.exe -P 5037 -s GZ18120115200028 shell dumpsys package io.appium.uiautomator2.server.test'
[debug] &amp#27;[35m[ADB]&amp#27;[39m 'io.appium.uiautomator2.server.test' is installed
[debug] &amp#27;[35m[ADB]&amp#27;[39m Checking app cert for C:\Users\Leonidus\AppData\Roaming\npm\node_modules\appium\node_modules\appium-uiautomator2-server\apks\appium-uiautomator2-server-debug-androidTest.apk
[debug] &amp#27;[35m[ADB]&amp#27;[39m Starting 'C:\Users\Leonidus\AppData\Local\Android\Sdk\build-tools\29.0.2\apksigner.bat' with args '["verify","--print-certs","C:\\Users\\Leonidus\\AppData\\Roaming\\npm\\node_modules\\appium\\node_modules\\appium-uiautomator2-server\\apks\\appium-uiautomator2-server-debug-androidTest.apk"]'
[debug] &amp#27;[35m[ADB]&amp#27;[39m apksigner stdout: Signer #1 certificate DN: EMAILADDRESS=android@android.com, CN=Android, OU=Android, O=Android, L=Mountain View, ST=California, C=US
[debug] &amp#27;[35m[ADB]&amp#27;[39m Signer #1 certificate SHA-256 digest: a40da80a59d170caa950cf15c18c454d47a39b26989d8b640ecd745ba71bf5dc
[debug] &amp#27;[35m[ADB]&amp#27;[39m Signer #1 certificate SHA-1 digest: 61ed377e85d386a8dfee6b864bd85b0bfaa5af81
[debug] &amp#27;[35m[ADB]&amp#27;[39m Signer #1 certificate MD5 digest: e89b158e4bcf988ebd09eb83f5378e87
[debug] &amp#27;[35m[ADB]&amp#27;[39m 
[debug] &amp#27;[35m[ADB]&amp#27;[39m 'C:\Users\Leonidus\AppData\Roaming\npm\node_modules\appium\node_modules\appium-uiautomator2-server\apks\appium-uiautomator2-server-debug-androidTest.apk' is already signed.
&amp#27;[35m[UiAutomator2]&amp#27;[39m Server packages are not going to be (re)installed
[debug] &amp#27;[35m[UiAutomator2]&amp#27;[39m Waiting up to 30000ms for services to be available
[debug] &amp#27;[35m[ADB]&amp#27;[39m Running 'C:\Users\Leonidus\AppData\Local\Android\Sdk\platform-tools\adb.exe -P 5037 -s GZ18120115200028 shell pm list instrumentation'
[debug] &amp#27;[35m[UiAutomator2]&amp#27;[39m Instrumentation target 'io.appium.uiautomator2.server.test/androidx.test.runner.AndroidJUnitRunner' is available
[debug] &amp#27;[35m[UiAutomator2]&amp#27;[39m Forwarding UiAutomator2 Server port 6790 to 8212
[debug] &amp#27;[35m[ADB]&amp#27;[39m Forwarding system: 8212 to device: 6790
[debug] &amp#27;[35m[ADB]&amp#27;[39m Running 'C:\Users\Leonidus\AppData\Local\Android\Sdk\platform-tools\adb.exe -P 5037 -s GZ18120115200028 forward tcp\:8212 tcp\:6790'
[debug] &amp#27;[35m[UiAutomator2]&amp#27;[39m No app capability. Assuming it is already on the device
[debug] &amp#27;[35m[UiAutomator2]&amp#27;[39m Performing shallow cleanup of automation leftovers
[debug] &amp#27;[35m[UiAutomator2]&amp#27;[39m The following obsolete sessions are still running: ["9828b574-2ead-4e0e-9b39-cc9caa80c743"]
[debug] &amp#27;[35m[UiAutomator2]&amp#27;[39m Cleaning up the obsolete sessions
[debug] &amp#27;[35m[ADB]&amp#27;[39m Running 'C:\Users\Leonidus\AppData\Local\Android\Sdk\platform-tools\adb.exe -P 5037 -s GZ18120115200028 shell am force-stop io.appium.uiautomator2.server.test'
&amp#27;[35m[UiAutomator2]&amp#27;[39m Starting UIAutomator2 server 3.7.0
&amp#27;[35m[UiAutomator2]&amp#27;[39m Using UIAutomator2 server from 'C:\Users\Leonidus\AppData\Roaming\npm\node_modules\appium\node_modules\appium-uiautomator2-server\apks\appium-uiautomator2-server-v3.7.0.apk' and test from 'C:\Users\Leonidus\AppData\Roaming\npm\node_modules\appium\node_modules\appium-uiautomator2-server\apks\appium-uiautomator2-server-debug-androidTest.apk'
&amp#27;[35m[UiAutomator2]&amp#27;[39m Waiting up to 30000ms for UiAutomator2 to be online...
[debug] &amp#27;[35m[ADB]&amp#27;[39m Creating ADB subprocess with args: ["-P",5037,"-s","GZ18120115200028","shell","am","instrument","-w","io.appium.uiautomator2.server.test/androidx.test.runner.AndroidJUnitRunner"]
[debug] &amp#27;[35m[WD Proxy]&amp#27;[39m Matched '/status' to command name 'getStatus'
[debug] &amp#27;[35m[WD Proxy]&amp#27;[39m Proxying [GET /status] to [GET http://localhost:8212/wd/hub/status] with no body
&amp#27;[35m[WD Proxy]&amp#27;[39m Got an unexpected response: {"code":"ECONNRESET"}
[debug] &amp#27;[35m[WD Proxy]&amp#27;[39m Matched '/status' to command name 'getStatus'
[debug] &amp#27;[35m[WD Proxy]&amp#27;[39m Proxying [GET /status] to [GET http://localhost:8212/wd/hub/status] with no body
&amp#27;[35m[WD Proxy]&amp#27;[39m Got an unexpected response: {"code":"ECONNRESET"}
[debug] &amp#27;[35m[Instrumentation]&amp#27;[39m io.appium.uiautomator2.server.test.AppiumUiAutomator2Server:
[debug] &amp#27;[35m[WD Proxy]&amp#27;[39m Matched '/status' to command name 'getStatus'
[debug] &amp#27;[35m[WD Proxy]&amp#27;[39m Proxying [GET /status] to [GET http://localhost:8212/wd/hub/status] with no body
&amp#27;[35m[WD Proxy]&amp#27;[39m Got an unexpected response: {"code":"ECONNRESET"}
[debug] &amp#27;[35m[WD Proxy]&amp#27;[39m Matched '/status' to command name 'getStatus'
[debug] &amp#27;[35m[WD Proxy]&amp#27;[39m Proxying [GET /status] to [GET http://localhost:8212/wd/hub/status] with no body
[debug] &amp#27;[35m[WD Proxy]&amp#27;[39m Got response with status 200: "{\"sessionId\":\"None\",\"status\":0,\"value\":\"Status Invoked\"}"
[debug] &amp#27;[35m[WD Proxy]&amp#27;[39m Determined that the downstream protocol for proxy is MJSONWP
[debug] &amp#27;[35m[UiAutomator2]&amp#27;[39m The initialization of the instrumentation process took 4180ms
[debug] &amp#27;[35m[WD Proxy]&amp#27;[39m Matched '/session' to command name 'createSession'
[debug] &amp#27;[35m[WD Proxy]&amp#27;[39m Proxying [POST /session] to [POST http://localhost:8212/wd/hub/session] with body: {"desiredCapabilities":{"platform":"LINUX","webStorageEnabled":false,"takesScreenshot":true,"javascriptEnabled":true,"databaseEnabled":false,"networkConnectionEnabled":true,"locationContextEnabled":false,"warnings":{},"desired":{"platformName":"android","appActivity":"com.onoapps.cellcomtv.activities.SplashActivity","appPackage":"com.cellcom.cellcom_tv.stb","automationName":"uiautomator2","deviceName":"GZ18120115200028","newCommandTimeout":60,"noReset":true,"udid":"GZ18120115200028"},"platformName":"android","appActivity":"com.onoapps.cellcomtv.activities.SplashActivity","appPackage":"com.cellcom.cellcom_tv.stb","automationName":"uiautomator2","deviceName":"GZ18120115200028","newCommandTimeout":60,"noReset":true,"udid":"GZ18120115200028","deviceUDID":"GZ18120115200028"}}
[debug] &amp#27;[35m[WD Proxy]&amp#27;[39m Got response with status 200: {"sessionId":"81b52f7e-9d20-45a5-a28d-787ec0e9732a","status":0,"value":"Created Session"}
[debug] &amp#27;[35m[WD Proxy]&amp#27;[39m Proxying [GET /appium/device/info] to [GET http://localhost:8212/wd/hub/session/81b52f7e-9d20-45a5-a28d-787ec0e9732a/appium/device/info] with no body
[debug] &amp#27;[35m[WD Proxy]&amp#27;[39m Got response with status 200: "{\"sessionId\":\"81b52f7e-9d20-45a5-a28d-787ec0e9732a\",\"status\":0,\"value\":{\"androidId\":\"ec7e524fb8586e8f\",\"manufacturer\":\"SEI Robotics\",\"model\":\"SEI-S905X2\",\"brand\":\"Cellcomtv\",\"apiVersion\":\"28\",\"platformVersion\":\"9\",\"carrierName\":\"\",\"realDisplaySize\":\"1920x1080\",\"displayDensity\":320,\"networks\":[{\"type\":1,\"typeName\":\"WIFI\",\"subtype\":0,\"subtypeName\":\"\",\"isConnected\":true,\"detailedState\":\"CONNECTED\",\"state\":\"CONNECTED\",\"extraInfo\":null,\"isAvailable\":true,\"isFailover\":false,\"isRoaming\":false,\"capabilities\":{\"transportTypes\":\"NET_CAPABILITY_SUPL\",\"networkCapabilities\":\"\",\"linkUpstreamBandwidthKbps\":1048576,\"linkDownBandwidthKbps\":1048576,\"signalStrength\":-58,\"networkSpecifier\":null,\"SSID\":null}}]}}"
[debug] &amp#27;[35m[ADB]&amp#27;[39m Running 'C:\Users\Leonidus\AppData\Local\Android\Sdk\platform-tools\adb.exe -P 5037 -s GZ18120115200028 shell dumpsys window'
&amp#27;[35m[AndroidDriver]&amp#27;[39m Screen already unlocked, doing nothing
&amp#27;[35m[UiAutomator2]&amp#27;[39m UiAutomator2 did not start the activity we were waiting for, 'com.cellcom.cellcom_tv.stb/com.onoapps.cellcomtv.activities.SplashActivity'. Starting it ourselves
[debug] &amp#27;[35m[ADB]&amp#27;[39m Running 'C:\Users\Leonidus\AppData\Local\Android\Sdk\platform-tools\adb.exe -P 5037 -s GZ18120115200028 shell am start -W -n com.cellcom.cellcom_tv.stb/com.onoapps.cellcomtv.activities.SplashActivity -S -a android.intent.action.MAIN -c android.intent.category.LAUNCHER -f 0x10200000'
[debug] &amp#27;[35m[WD Proxy]&amp#27;[39m Proxying [GET /appium/device/pixel_ratio] to [GET http://localhost:8212/wd/hub/session/81b52f7e-9d20-45a5-a28d-787ec0e9732a/appium/device/pixel_ratio] with body: {}
[debug] &amp#27;[35m[WD Proxy]&amp#27;[39m Got response with status 200: "{\"sessionId\":\"81b52f7e-9d20-45a5-a28d-787ec0e9732a\",\"status\":0,\"value\":2}"
[debug] &amp#27;[35m[WD Proxy]&amp#27;[39m Matched '/appium/device/system_bars' to command name 'getSystemBars'
[debug] &amp#27;[35m[WD Proxy]&amp#27;[39m Proxying [GET /appium/device/system_bars] to [GET http://localhost:8212/wd/hub/session/81b52f7e-9d20-45a5-a28d-787ec0e9732a/appium/device/system_bars] with body: {}
[debug] &amp#27;[35m[WD Proxy]&amp#27;[39m Got response with status 200: "{\"sessionId\":\"81b52f7e-9d20-45a5-a28d-787ec0e9732a\",\"status\":0,\"value\":{\"statusBar\":0}}"
[debug] &amp#27;[35m[WD Proxy]&amp#27;[39m Matched '/window/current/size' to command name 'getWindowSize'
[debug] &amp#27;[35m[WD Proxy]&amp#27;[39m Proxying [GET /window/current/size] to [GET http://localhost:8212/wd/hub/session/81b52f7e-9d20-45a5-a28d-787ec0e9732a/window/current/size] with body: {}
[debug] &amp#27;[35m[WD Proxy]&amp#27;[39m Got response with status 200: "{\"sessionId\":\"81b52f7e-9d20-45a5-a28d-787ec0e9732a\",\"status\":0,\"value\":{\"height\":1080,\"width\":1920}}"
&amp#27;[35m[Appium]&amp#27;[39m New AndroidUiautomator2Driver session created successfully, session e6372c50-ff1b-44b9-8453-7bc7de0ad0f4 added to master session list
[debug] &amp#27;[35m[BaseDriver]&amp#27;[39m Event 'newSessionStarted' logged at 1571058673995 (16:11:13 GMT+0300 (GMT+03:00))
[debug] &amp#27;[35m[W3C (e6372c50)]&amp#27;[39m Cached the protocol value 'W3C' for the new session e6372c50-ff1b-44b9-8453-7bc7de0ad0f4
[debug] &amp#27;[35m[W3C (e6372c50)]&amp#27;[39m Responding to client with driver.createSession() result: {"capabilities":{"platform":"LINUX","webStorageEnabled":false,"takesScreenshot":true,"javascriptEnabled":true,"databaseEnabled":false,"networkConnectionEnabled":true,"locationContextEnabled":false,"warnings":{},"desired":{"platformName":"android","appActivity":"com.onoapps.cellcomtv.activities.SplashActivity","appPackage":"com.cellcom.cellcom_tv.stb","automationName":"uiautomator2","deviceName":"GZ18120115200028","newCommandTimeout":60,"noReset":true,"udid":"GZ18120115200028"},"platformName":"android","appActivity":"com.onoapps.cellcomtv.activities.SplashActivity","appPackage":"com.cellcom.cellcom_tv.stb","automationName":"uiautomator2","deviceName":"GZ18120115200028","newCommandTimeout":60,"noReset":true,"udid":"GZ18120115200028","deviceUDID":"GZ18120115200028","deviceApiLevel":28,"platformVersion":"9","deviceScreenSize":"1920x1080","deviceScreenDensity":320,"deviceModel":"SEI-S905X2","deviceManufacturer":"SEI Robotics","pixelRatio":2,"statBarHeight":0,"viewportRect":{"left":0,"top":0,"width":1920,"height...
&amp#27;[35m[HTTP]&amp#27;[39m &amp#27;[37m<-- POST /wd/hub/session &amp#27;[39m&amp#27;[32m200&amp#27;[39m &amp#27;[90m14024 ms - 1091&amp#27;[39m
&amp#27;[35m[HTTP]&amp#27;[39m &amp#27;[90m&amp#27;[39m
&amp#27;[35m[HTTP]&amp#27;[39m &amp#27;[37m-->&amp#27;[39m &amp#27;[37mGET&amp#27;[39m &amp#27;[37m/wd/hub/session/e6372c50-ff1b-44b9-8453-7bc7de0ad0f4&amp#27;[39m
&amp#27;[35m[HTTP]&amp#27;[39m &amp#27;[90m{}&amp#27;[39m
[debug] &amp#27;[35m[W3C (e6372c50)]&amp#27;[39m Calling AppiumDriver.getSession() with args: ["e6372c50-ff1b-44b9-8453-7bc7de0ad0f4"]
[debug] &amp#27;[35m[UiAutomator2]&amp#27;[39m Getting session details from server to mix in
[debug] &amp#27;[35m[WD Proxy]&amp#27;[39m Matched '/' to command name 'getSession'
[debug] &amp#27;[35m[WD Proxy]&amp#27;[39m Proxying [GET /] to [GET http://localhost:8212/wd/hub/session/81b52f7e-9d20-45a5-a28d-787ec0e9732a] with body: {}
[debug] &amp#27;[35m[WD Proxy]&amp#27;[39m Got response with status 200: "{\"sessionId\":\"81b52f7e-9d20-45a5-a28d-787ec0e9732a\",\"status\":0,\"value\":{}}"
[debug] &amp#27;[35m[W3C (e6372c50)]&amp#27;[39m Responding to client with driver.getSession() result: {"platform":"LINUX","webStorageEnabled":false,"takesScreenshot":true,"javascriptEnabled":true,"databaseEnabled":false,"networkConnectionEnabled":true,"locationContextEnabled":false,"warnings":{},"desired":{"platformName":"android","appActivity":"com.onoapps.cellcomtv.activities.SplashActivity","appPackage":"com.cellcom.cellcom_tv.stb","automationName":"uiautomator2","deviceName":"GZ18120115200028","newCommandTimeout":60,"noReset":true,"udid":"GZ18120115200028"},"platformName":"android","appActivity":"com.onoapps.cellcomtv.activities.SplashActivity","appPackage":"com.cellcom.cellcom_tv.stb","automationName":"uiautomator2","deviceName":"GZ18120115200028","newCommandTimeout":60,"noReset":true,"udid":"GZ18120115200028","deviceUDID":"GZ18120115200028","deviceApiLevel":28,"platformVersion":"9","deviceScreenSize":"1920x1080","deviceScreenDensity":320,"deviceModel":"SEI-S905X2","deviceManufacturer":"SEI Robotics","pixelRatio":2,"statBarHeight":0,"viewportRect":{"left":0,"top":0,"width":1920,"height":1080}}
&amp#27;[35m[HTTP]&amp#27;[39m &amp#27;[37m<-- GET /wd/hub/session/e6372c50-ff1b-44b9-8453-7bc7de0ad0f4 &amp#27;[39m&amp#27;[32m200&amp#27;[39m &amp#27;[90m102 ms - 1023&amp#27;[39m
&amp#27;[35m[HTTP]&amp#27;[39m &amp#27;[90m&amp#27;[39m
&amp#27;[35m[HTTP]&amp#27;[39m &amp#27;[37m-->&amp#27;[39m &amp#27;[37mGET&amp#27;[39m &amp#27;[37m/wd/hub/session/e6372c50-ff1b-44b9-8453-7bc7de0ad0f4&amp#27;[39m
&amp#27;[35m[HTTP]&amp#27;[39m &amp#27;[90m{}&amp#27;[39m
[debug] &amp#27;[35m[W3C (e6372c50)]&amp#27;[39m Calling AppiumDriver.getSession() with args: ["e6372c50-ff1b-44b9-8453-7bc7de0ad0f4"]
[debug] &amp#27;[35m[UiAutomator2]&amp#27;[39m Getting session details from server to mix in
[debug] &amp#27;[35m[WD Proxy]&amp#27;[39m Matched '/' to command name 'getSession'
[debug] &amp#27;[35m[WD Proxy]&amp#27;[39m Proxying [GET /] to [GET http://localhost:8212/wd/hub/session/81b52f7e-9d20-45a5-a28d-787ec0e9732a] with body: {}
[debug] &amp#27;[35m[WD Proxy]&amp#27;[39m Got response with status 200: "{\"sessionId\":\"81b52f7e-9d20-45a5-a28d-787ec0e9732a\",\"status\":0,\"value\":{}}"
[debug] &amp#27;[35m[W3C (e6372c50)]&amp#27;[39m Responding to client with driver.getSession() result: {"platform":"LINUX","webStorageEnabled":false,"takesScreenshot":true,"javascriptEnabled":true,"databaseEnabled":false,"networkConnectionEnabled":true,"locationContextEnabled":false,"warnings":{},"desired":{"platformName":"android","appActivity":"com.onoapps.cellcomtv.activities.SplashActivity","appPackage":"com.cellcom.cellcom_tv.stb","automationName":"uiautomator2","deviceName":"GZ18120115200028","newCommandTimeout":60,"noReset":true,"udid":"GZ18120115200028"},"platformName":"android","appActivity":"com.onoapps.cellcomtv.activities.SplashActivity","appPackage":"com.cellcom.cellcom_tv.stb","automationName":"uiautomator2","deviceName":"GZ18120115200028","newCommandTimeout":60,"noReset":true,"udid":"GZ18120115200028","deviceUDID":"GZ18120115200028","deviceApiLevel":28,"platformVersion":"9","deviceScreenSize":"1920x1080","deviceScreenDensity":320,"deviceModel":"SEI-S905X2","deviceManufacturer":"SEI Robotics","pixelRatio":2,"statBarHeight":0,"viewportRect":{"left":0,"top":0,"width":1920,"height":1080}}
&amp#27;[35m[HTTP]&amp#27;[39m &amp#27;[37m<-- GET /wd/hub/session/e6372c50-ff1b-44b9-8453-7bc7de0ad0f4 &amp#27;[39m&amp#27;[32m200&amp#27;[39m &amp#27;[90m35 ms - 1023&amp#27;[39m
&amp#27;[35m[HTTP]&amp#27;[39m &amp#27;[90m&amp#27;[39m
&amp#27;[35m[HTTP]&amp#27;[39m &amp#27;[37m-->&amp#27;[39m &amp#27;[37mPOST&amp#27;[39m &amp#27;[37m/wd/hub/session/e6372c50-ff1b-44b9-8453-7bc7de0ad0f4/timeouts&amp#27;[39m
&amp#27;[35m[HTTP]&amp#27;[39m &amp#27;[90m{"implicit":10000}&amp#27;[39m
[debug] &amp#27;[35m[W3C (e6372c50)]&amp#27;[39m Calling AppiumDriver.timeouts() with args: [null,null,null,null,10000,"e6372c50-ff1b-44b9-8453-7bc7de0ad0f4"]
[debug] &amp#27;[35m[BaseDriver]&amp#27;[39m W3C timeout argument: {"implicit":10000}}
[debug] &amp#27;[35m[BaseDriver]&amp#27;[39m Set implicit wait to 10000ms
[debug] &amp#27;[35m[W3C (e6372c50)]&amp#27;[39m Responding to client with driver.timeouts() result: null
&amp#27;[35m[HTTP]&amp#27;[39m &amp#27;[37m<-- POST /wd/hub/session/e6372c50-ff1b-44b9-8453-7bc7de0ad0f4/timeouts &amp#27;[39m&amp#27;[32m200&amp#27;[39m &amp#27;[90m8 ms - 14&amp#27;[39m
&amp#27;[35m[HTTP]&amp#27;[39m &amp#27;[90m&amp#27;[39m
&amp#27;[35m[HTTP]&amp#27;[39m &amp#27;[37m-->&amp#27;[39m &amp#27;[37mPOST&amp#27;[39m &amp#27;[37m/wd/hub/session/e6372c50-ff1b-44b9-8453-7bc7de0ad0f4/appium/device/press_keycode&amp#27;[39m
&amp#27;[35m[HTTP]&amp#27;[39m &amp#27;[90m{"keycode":20}&amp#27;[39m
[debug] &amp#27;[35m[W3C (e6372c50)]&amp#27;[39m Calling AppiumDriver.pressKeyCode() with args: [20,null,null,null,null,"e6372c50-ff1b-44b9-8453-7bc7de0ad0f4"]
[debug] &amp#27;[35m[WD Proxy]&amp#27;[39m Matched '/appium/device/press_keycode' to command name 'pressKeyCode'
[debug] &amp#27;[35m[WD Proxy]&amp#27;[39m Proxying [POST /appium/device/press_keycode] to [POST http://localhost:8212/wd/hub/session/81b52f7e-9d20-45a5-a28d-787ec0e9732a/appium/device/press_keycode] with body: {"keycode":20,"metastate":null,"flags":null}
[debug] &amp#27;[35m[WD Proxy]&amp#27;[39m Got response with status 200: {"sessionId":"81b52f7e-9d20-45a5-a28d-787ec0e9732a","status":0,"value":true}
[debug] &amp#27;[35m[W3C (e6372c50)]&amp#27;[39m Responding to client with driver.pressKeyCode() result: true
&amp#27;[35m[HTTP]&amp#27;[39m &amp#27;[37m<-- POST /wd/hub/session/e6372c50-ff1b-44b9-8453-7bc7de0ad0f4/appium/device/press_keycode &amp#27;[39m&amp#27;[32m200&amp#27;[39m &amp#27;[90m120 ms - 14&amp#27;[39m
&amp#27;[35m[HTTP]&amp#27;[39m &amp#27;[90m&amp#27;[39m
&amp#27;[35m[HTTP]&amp#27;[39m &amp#27;[37m-->&amp#27;[39m &amp#27;[37mPOST&amp#27;[39m &amp#27;[37m/wd/hub/session/e6372c50-ff1b-44b9-8453-7bc7de0ad0f4/appium/device/press_keycode&amp#27;[39m
&amp#27;[35m[HTTP]&amp#27;[39m &amp#27;[90m{"keycode":21}&amp#27;[39m
[debug] &amp#27;[35m[W3C (e6372c50)]&amp#27;[39m Calling AppiumDriver.pressKeyCode() with args: [21,null,null,null,null,"e6372c50-ff1b-44b9-8453-7bc7de0ad0f4"]
[debug] &amp#27;[35m[WD Proxy]&amp#27;[39m Matched '/appium/device/press_keycode' to command name 'pressKeyCode'
[debug] &amp#27;[35m[WD Proxy]&amp#27;[39m Proxying [POST /appium/device/press_keycode] to [POST http://localhost:8212/wd/hub/session/81b52f7e-9d20-45a5-a28d-787ec0e9732a/appium/device/press_keycode] with body: {"keycode":21,"metastate":null,"flags":null}
[debug] &amp#27;[35m[WD Proxy]&amp#27;[39m Got response with status 200: {"sessionId":"81b52f7e-9d20-45a5-a28d-787ec0e9732a","status":0,"value":true}
[debug] &amp#27;[35m[W3C (e6372c50)]&amp#27;[39m Responding to client with driver.pressKeyCode() result: true
&amp#27;[35m[HTTP]&amp#27;[39m &amp#27;[37m<-- POST /wd/hub/session/e6372c50-ff1b-44b9-8453-7bc7de0ad0f4/appium/device/press_keycode &amp#27;[39m&amp#27;[32m200&amp#27;[39m &amp#27;[90m862 ms - 14&amp#27;[39m
&amp#27;[35m[HTTP]&amp#27;[39m &amp#27;[90m&amp#27;[39m
&amp#27;[35m[HTTP]&amp#27;[39m &amp#27;[37m-->&amp#27;[39m &amp#27;[37mPOST&amp#27;[39m &amp#27;[37m/wd/hub/session/e6372c50-ff1b-44b9-8453-7bc7de0ad0f4/appium/device/press_keycode&amp#27;[39m
&amp#27;[35m[HTTP]&amp#27;[39m &amp#27;[90m{"keycode":21}&amp#27;[39m
[debug] &amp#27;[35m[W3C (e6372c50)]&amp#27;[39m Calling AppiumDriver.pressKeyCode() with args: [21,null,null,null,null,"e6372c50-ff1b-44b9-8453-7bc7de0ad0f4"]
[debug] &amp#27;[35m[WD Proxy]&amp#27;[39m Matched '/appium/device/press_keycode' to command name 'pressKeyCode'
[debug] &amp#27;[35m[WD Proxy]&amp#27;[39m Proxying [POST /appium/device/press_keycode] to [POST http://localhost:8212/wd/hub/session/81b52f7e-9d20-45a5-a28d-787ec0e9732a/appium/device/press_keycode] with body: {"keycode":21,"metastate":null,"flags":null}
[debug] &amp#27;[35m[WD Proxy]&amp#27;[39m Got response with status 200: {"sessionId":"81b52f7e-9d20-45a5-a28d-787ec0e9732a","status":0,"value":true}
[debug] &amp#27;[35m[W3C (e6372c50)]&amp#27;[39m Responding to client with driver.pressKeyCode() result: true
&amp#27;[35m[HTTP]&amp#27;[39m &amp#27;[37m<-- POST /wd/hub/session/e6372c50-ff1b-44b9-8453-7bc7de0ad0f4/appium/device/press_keycode &amp#27;[39m&amp#27;[32m200&amp#27;[39m &amp#27;[90m348 ms - 14&amp#27;[39m
&amp#27;[35m[HTTP]&amp#27;[39m &amp#27;[90m&amp#27;[39m
&amp#27;[35m[HTTP]&amp#27;[39m &amp#27;[37m-->&amp#27;[39m &amp#27;[37mPOST&amp#27;[39m &amp#27;[37m/wd/hub/session/e6372c50-ff1b-44b9-8453-7bc7de0ad0f4/appium/device/press_keycode&amp#27;[39m
&amp#27;[35m[HTTP]&amp#27;[39m &amp#27;[90m{"keycode":21}&amp#27;[39m
[debug] &amp#27;[35m[W3C (e6372c50)]&amp#27;[39m Calling AppiumDriver.pressKeyCode() with args: [21,null,null,null,null,"e6372c50-ff1b-44b9-8453-7bc7de0ad0f4"]
[debug] &amp#27;[35m[WD Proxy]&amp#27;[39m Matched '/appium/device/press_keycode' to command name 'pressKeyCode'
[debug] &amp#27;[35m[WD Proxy]&amp#27;[39m Proxying [POST /appium/device/press_keycode] to [POST http://localhost:8212/wd/hub/session/81b52f7e-9d20-45a5-a28d-787ec0e9732a/appium/device/press_keycode] with body: {"keycode":21,"metastate":null,"flags":null}
[debug] &amp#27;[35m[WD Proxy]&amp#27;[39m Got response with status 200: {"sessionId":"81b52f7e-9d20-45a5-a28d-787ec0e9732a","status":0,"value":true}
[debug] &amp#27;[35m[W3C (e6372c50)]&amp#27;[39m Responding to client with driver.pressKeyCode() result: true
&amp#27;[35m[HTTP]&amp#27;[39m &amp#27;[37m<-- POST /wd/hub/session/e6372c50-ff1b-44b9-8453-7bc7de0ad0f4/appium/device/press_keycode &amp#27;[39m&amp#27;[32m200&amp#27;[39m &amp#27;[90m345 ms - 14&amp#27;[39m
&amp#27;[35m[HTTP]&amp#27;[39m &amp#27;[90m&amp#27;[39m
&amp#27;[35m[HTTP]&amp#27;[39m &amp#27;[37m-->&amp#27;[39m &amp#27;[37mPOST&amp#27;[39m &amp#27;[37m/wd/hub/session/e6372c50-ff1b-44b9-8453-7bc7de0ad0f4/appium/device/press_keycode&amp#27;[39m
&amp#27;[35m[HTTP]&amp#27;[39m &amp#27;[90m{"keycode":21}&amp#27;[39m
[debug] &amp#27;[35m[W3C (e6372c50)]&amp#27;[39m Calling AppiumDriver.pressKeyCode() with args: [21,null,null,null,null,"e6372c50-ff1b-44b9-8453-7bc7de0ad0f4"]
[debug] &amp#27;[35m[WD Proxy]&amp#27;[39m Matched '/appium/device/press_keycode' to command name 'pressKeyCode'
[debug] &amp#27;[35m[WD Proxy]&amp#27;[39m Proxying [POST /appium/device/press_keycode] to [POST http://localhost:8212/wd/hub/session/81b52f7e-9d20-45a5-a28d-787ec0e9732a/appium/device/press_keycode] with body: {"keycode":21,"metastate":null,"flags":null}
[debug] &amp#27;[35m[WD Proxy]&amp#27;[39m Got response with status 200: {"sessionId":"81b52f7e-9d20-45a5-a28d-787ec0e9732a","status":0,"value":true}
[debug] &amp#27;[35m[W3C (e6372c50)]&amp#27;[39m Responding to client with driver.pressKeyCode() result: true
&amp#27;[35m[HTTP]&amp#27;[39m &amp#27;[37m<-- POST /wd/hub/session/e6372c50-ff1b-44b9-8453-7bc7de0ad0f4/appium/device/press_keycode &amp#27;[39m&amp#27;[32m200&amp#27;[39m &amp#27;[90m348 ms - 14&amp#27;[39m
&amp#27;[35m[HTTP]&amp#27;[39m &amp#27;[90m&amp#27;[39m
&amp#27;[35m[HTTP]&amp#27;[39m &amp#27;[37m-->&amp#27;[39m &amp#27;[37mPOST&amp#27;[39m &amp#27;[37m/wd/hub/session/e6372c50-ff1b-44b9-8453-7bc7de0ad0f4/appium/device/press_keycode&amp#27;[39m
&amp#27;[35m[HTTP]&amp#27;[39m &amp#27;[90m{"keycode":23}&amp#27;[39m
[debug] &amp#27;[35m[W3C (e6372c50)]&amp#27;[39m Calling AppiumDriver.pressKeyCode() with args: [23,null,null,null,null,"e6372c50-ff1b-44b9-8453-7bc7de0ad0f4"]
[debug] &amp#27;[35m[WD Proxy]&amp#27;[39m Matched '/appium/device/press_keycode' to command name 'pressKeyCode'
[debug] &amp#27;[35m[WD Proxy]&amp#27;[39m Proxying [POST /appium/device/press_keycode] to [POST http://localhost:8212/wd/hub/session/81b52f7e-9d20-45a5-a28d-787ec0e9732a/appium/device/press_keycode] with body: {"keycode":23,"metastate":null,"flags":null}
[debug] &amp#27;[35m[WD Proxy]&amp#27;[39m Got response with status 200: {"sessionId":"81b52f7e-9d20-45a5-a28d-787ec0e9732a","status":0,"value":true}
[debug] &amp#27;[35m[W3C (e6372c50)]&amp#27;[39m Responding to client with driver.pressKeyCode() result: true
&amp#27;[35m[HTTP]&amp#27;[39m &amp#27;[37m<-- POST /wd/hub/session/e6372c50-ff1b-44b9-8453-7bc7de0ad0f4/appium/device/press_keycode &amp#27;[39m&amp#27;[32m200&amp#27;[39m &amp#27;[90m344 ms - 14&amp#27;[39m
&amp#27;[35m[HTTP]&amp#27;[39m &amp#27;[90m&amp#27;[39m
&amp#27;[35m[HTTP]&amp#27;[39m &amp#27;[37m-->&amp#27;[39m &amp#27;[37mPOST&amp#27;[39m &amp#27;[37m/wd/hub/session/e6372c50-ff1b-44b9-8453-7bc7de0ad0f4/element&amp#27;[39m
&amp#27;[35m[HTTP]&amp#27;[39m &amp#27;[90m{"using":"id","value":"com.android.vending:id/title_badge"}&amp#27;[39m
[debug] &amp#27;[35m[W3C (e6372c50)]&amp#27;[39m Calling AppiumDriver.findElement() with args: ["id","com.android.vending:id/title_badge","e6372c50-ff1b-44b9-8453-7bc7de0ad0f4"]
[debug] &amp#27;[35m[BaseDriver]&amp#27;[39m Valid locator strategies for this request: xpath, id, class name, accessibility id, -android uiautomator
[debug] &amp#27;[35m[BaseDriver]&amp#27;[39m Waiting up to 10000 ms for condition
[debug] &amp#27;[35m[WD Proxy]&amp#27;[39m Matched '/element' to command name 'findElement'
[debug] &amp#27;[35m[WD Proxy]&amp#27;[39m Proxying [POST /element] to [POST http://localhost:8212/wd/hub/session/81b52f7e-9d20-45a5-a28d-787ec0e9732a/element] with body: {"strategy":"id","selector":"com.android.vending:id/title_badge","context":"","multiple":false}
&amp#27;[35m[WD Proxy]&amp#27;[39m Got an unexpected response: {"sessionId":"81b52f7e-9d20-45a5-a28d-787ec0e9732a","status":7,"value":"An element could not be located on the page using the given search parameters."}
[debug] &amp#27;[35m[MJSONWP]&amp#27;[39m Matched JSONWP error code 7 to NoSuchElementError
[debug] &amp#27;[35m[BaseDriver]&amp#27;[39m Waited for 231 ms so far
[debug] &amp#27;[35m[WD Proxy]&amp#27;[39m Matched '/element' to command name 'findElement'
[debug] &amp#27;[35m[WD Proxy]&amp#27;[39m Proxying [POST /element] to [POST http://localhost:8212/wd/hub/session/81b52f7e-9d20-45a5-a28d-787ec0e9732a/element] with body: {"strategy":"id","selector":"com.android.vending:id/title_badge","context":"","multiple":false}
&amp#27;[35m[WD Proxy]&amp#27;[39m Got an unexpected response: {"sessionId":"81b52f7e-9d20-45a5-a28d-787ec0e9732a","status":7,"value":"An element could not be located on the page using the given search parameters."}
[debug] &amp#27;[35m[MJSONWP]&amp#27;[39m Matched JSONWP error code 7 to NoSuchElementError
[debug] &amp#27;[35m[BaseDriver]&amp#27;[39m Waited for 881 ms so far
[debug] &amp#27;[35m[WD Proxy]&amp#27;[39m Matched '/element' to command name 'findElement'
[debug] &amp#27;[35m[WD Proxy]&amp#27;[39m Proxying [POST /element] to [POST http://localhost:8212/wd/hub/session/81b52f7e-9d20-45a5-a28d-787ec0e9732a/element] with body: {"strategy":"id","selector":"com.android.vending:id/title_badge","context":"","multiple":false}
&amp#27;[35m[WD Proxy]&amp#27;[39m Got an unexpected response: {"sessionId":"81b52f7e-9d20-45a5-a28d-787ec0e9732a","status":7,"value":"An element could not be located on the page using the given search parameters."}
[debug] &amp#27;[35m[MJSONWP]&amp#27;[39m Matched JSONWP error code 7 to NoSuchElementError
[debug] &amp#27;[35m[BaseDriver]&amp#27;[39m Waited for 1548 ms so far
[debug] &amp#27;[35m[WD Proxy]&amp#27;[39m Matched '/element' to command name 'findElement'
[debug] &amp#27;[35m[WD Proxy]&amp#27;[39m Proxying [POST /element] to [POST http://localhost:8212/wd/hub/session/81b52f7e-9d20-45a5-a28d-787ec0e9732a/element] with body: {"strategy":"id","selector":"com.android.vending:id/title_badge","context":"","multiple":false}
&amp#27;[35m[WD Proxy]&amp#27;[39m Got an unexpected response: {"sessionId":"81b52f7e-9d20-45a5-a28d-787ec0e9732a","status":7,"value":"An element could not be located on the page using the given search parameters."}
[debug] &amp#27;[35m[MJSONWP]&amp#27;[39m Matched JSONWP error code 7 to NoSuchElementError
[debug] &amp#27;[35m[BaseDriver]&amp#27;[39m Waited for 2205 ms so far
[debug] &amp#27;[35m[WD Proxy]&amp#27;[39m Matched '/element' to command name 'findElement'
[debug] &amp#27;[35m[WD Proxy]&amp#27;[39m Proxying [POST /element] to [POST http://localhost:8212/wd/hub/session/81b52f7e-9d20-45a5-a28d-787ec0e9732a/element] with body: {"strategy":"id","selector":"com.android.vending:id/title_badge","context":"","multiple":false}
&amp#27;[35m[WD Proxy]&amp#27;[39m Got an unexpected response: {"sessionId":"81b52f7e-9d20-45a5-a28d-787ec0e9732a","status":7,"value":"An element could not be located on the page using the given search parameters."}
[debug] &amp#27;[35m[MJSONWP]&amp#27;[39m Matched JSONWP error code 7 to NoSuchElementError
[debug] &amp#27;[35m[BaseDriver]&amp#27;[39m Waited for 2857 ms so far
[debug] &amp#27;[35m[WD Proxy]&amp#27;[39m Matched '/element' to command name 'findElement'
[debug] &amp#27;[35m[WD Proxy]&amp#27;[39m Proxying [POST /element] to [POST http://localhost:8212/wd/hub/session/81b52f7e-9d20-45a5-a28d-787ec0e9732a/element] with body: {"strategy":"id","selector":"com.android.vending:id/title_badge","context":"","multiple":false}
&amp#27;[35m[WD Proxy]&amp#27;[39m Got an unexpected response: {"sessionId":"81b52f7e-9d20-45a5-a28d-787ec0e9732a","status":7,"value":"An element could not be located on the page using the given search parameters."}
[debug] &amp#27;[35m[MJSONWP]&amp#27;[39m Matched JSONWP error code 7 to NoSuchElementError
[debug] &amp#27;[35m[BaseDriver]&amp#27;[39m Waited for 3481 ms so far
[debug] &amp#27;[35m[WD Proxy]&amp#27;[39m Matched '/element' to command name 'findElement'
[debug] &amp#27;[35m[WD Proxy]&amp#27;[39m Proxying [POST /element] to [POST http://localhost:8212/wd/hub/session/81b52f7e-9d20-45a5-a28d-787ec0e9732a/element] with body: {"strategy":"id","selector":"com.android.vending:id/title_badge","context":"","multiple":false}
&amp#27;[35m[WD Proxy]&amp#27;[39m Got an unexpected response: {"sessionId":"81b52f7e-9d20-45a5-a28d-787ec0e9732a","status":7,"value":"An element could not be located on the page using the given search parameters."}
[debug] &amp#27;[35m[MJSONWP]&amp#27;[39m Matched JSONWP error code 7 to NoSuchElementError
[debug] &amp#27;[35m[BaseDriver]&amp#27;[39m Waited for 4119 ms so far
[debug] &amp#27;[35m[WD Proxy]&amp#27;[39m Matched '/element' to command name 'findElement'
[debug] &amp#27;[35m[WD Proxy]&amp#27;[39m Proxying [POST /element] to [POST http://localhost:8212/wd/hub/session/81b52f7e-9d20-45a5-a28d-787ec0e9732a/element] with body: {"strategy":"id","selector":"com.android.vending:id/title_badge","context":"","multiple":false}
&amp#27;[35m[WD Proxy]&amp#27;[39m Got an unexpected response: {"sessionId":"81b52f7e-9d20-45a5-a28d-787ec0e9732a","status":7,"value":"An element could not be located on the page using the given search parameters."}
[debug] &amp#27;[35m[MJSONWP]&amp#27;[39m Matched JSONWP error code 7 to NoSuchElementError
[debug] &amp#27;[35m[BaseDriver]&amp#27;[39m Waited for 4764 ms so far
[debug] &amp#27;[35m[WD Proxy]&amp#27;[39m Matched '/element' to command name 'findElement'
[debug] &amp#27;[35m[WD Proxy]&amp#27;[39m Proxying [POST /element] to [POST http://localhost:8212/wd/hub/session/81b52f7e-9d20-45a5-a28d-787ec0e9732a/element] with body: {"strategy":"id","selector":"com.android.vending:id/title_badge","context":"","multiple":false}
&amp#27;[35m[WD Proxy]&amp#27;[39m Got an unexpected response: {"sessionId":"81b52f7e-9d20-45a5-a28d-787ec0e9732a","status":7,"value":"An element could not be located on the page using the given search parameters."}
[debug] &amp#27;[35m[MJSONWP]&amp#27;[39m Matched JSONWP error code 7 to NoSuchElementError
[debug] &amp#27;[35m[BaseDriver]&amp#27;[39m Waited for 5382 ms so far
[debug] &amp#27;[35m[WD Proxy]&amp#27;[39m Matched '/element' to command name 'findElement'
[debug] &amp#27;[35m[WD Proxy]&amp#27;[39m Proxying [POST /element] to [POST http://localhost:8212/wd/hub/session/81b52f7e-9d20-45a5-a28d-787ec0e9732a/element] with body: {"strategy":"id","selector":"com.android.vending:id/title_badge","context":"","multiple":false}
&amp#27;[35m[WD Proxy]&amp#27;[39m Got an unexpected response: {"sessionId":"81b52f7e-9d20-45a5-a28d-787ec0e9732a","status":7,"value":"An element could not be located on the page using the given search parameters."}
[debug] &amp#27;[35m[MJSONWP]&amp#27;[39m Matched JSONWP error code 7 to NoSuchElementError
[debug] &amp#27;[35m[BaseDriver]&amp#27;[39m Waited for 6015 ms so far
[debug] &amp#27;[35m[WD Proxy]&amp#27;[39m Matched '/element' to command name 'findElement'
[debug] &amp#27;[35m[WD Proxy]&amp#27;[39m Proxying [POST /element] to [POST http://localhost:8212/wd/hub/session/81b52f7e-9d20-45a5-a28d-787ec0e9732a/element] with body: {"strategy":"id","selector":"com.android.vending:id/title_badge","context":"","multiple":false}
&amp#27;[35m[WD Proxy]&amp#27;[39m Got an unexpected response: {"sessionId":"81b52f7e-9d20-45a5-a28d-787ec0e9732a","status":7,"value":"An element could not be located on the page using the given search parameters."}
[debug] &amp#27;[35m[MJSONWP]&amp#27;[39m Matched JSONWP error code 7 to NoSuchElementError
[debug] &amp#27;[35m[BaseDriver]&amp#27;[39m Waited for 6624 ms so far
[debug] &amp#27;[35m[WD Proxy]&amp#27;[39m Matched '/element' to command name 'findElement'
[debug] &amp#27;[35m[WD Proxy]&amp#27;[39m Proxying [POST /element] to [POST http://localhost:8212/wd/hub/session/81b52f7e-9d20-45a5-a28d-787ec0e9732a/element] with body: {"strategy":"id","selector":"com.android.vending:id/title_badge","context":"","multiple":false}
&amp#27;[35m[WD Proxy]&amp#27;[39m Got an unexpected response: {"sessionId":"81b52f7e-9d20-45a5-a28d-787ec0e9732a","status":7,"value":"An element could not be located on the page using the given search parameters."}
[debug] &amp#27;[35m[MJSONWP]&amp#27;[39m Matched JSONWP error code 7 to NoSuchElementError
[debug] &amp#27;[35m[BaseDriver]&amp#27;[39m Waited for 7230 ms so far
[debug] &amp#27;[35m[WD Proxy]&amp#27;[39m Matched '/element' to command name 'findElement'
[debug] &amp#27;[35m[WD Proxy]&amp#27;[39m Proxying [POST /element] to [POST http://localhost:8212/wd/hub/session/81b52f7e-9d20-45a5-a28d-787ec0e9732a/element] with body: {"strategy":"id","selector":"com.android.vending:id/title_badge","context":"","multiple":false}
&amp#27;[35m[WD Proxy]&amp#27;[39m Got an unexpected response: {"sessionId":"81b52f7e-9d20-45a5-a28d-787ec0e9732a","status":7,"value":"An element could not be located on the page using the given search parameters."}
[debug] &amp#27;[35m[MJSONWP]&amp#27;[39m Matched JSONWP error code 7 to NoSuchElementError
[debug] &amp#27;[35m[BaseDriver]&amp#27;[39m Waited for 7853 ms so far
[debug] &amp#27;[35m[WD Proxy]&amp#27;[39m Matched '/element' to command name 'findElement'
[debug] &amp#27;[35m[WD Proxy]&amp#27;[39m Proxying [POST /element] to [POST http://localhost:8212/wd/hub/session/81b52f7e-9d20-45a5-a28d-787ec0e9732a/element] with body: {"strategy":"id","selector":"com.android.vending:id/title_badge","context":"","multiple":false}
&amp#27;[35m[WD Proxy]&amp#27;[39m Got an unexpected response: {"sessionId":"81b52f7e-9d20-45a5-a28d-787ec0e9732a","status":7,"value":"An element could not be located on the page using the given search parameters."}
[debug] &amp#27;[35m[MJSONWP]&amp#27;[39m Matched JSONWP error code 7 to NoSuchElementError
[debug] &amp#27;[35m[BaseDriver]&amp#27;[39m Waited for 8449 ms so far
[debug] &amp#27;[35m[WD Proxy]&amp#27;[39m Matched '/element' to command name 'findElement'
[debug] &amp#27;[35m[WD Proxy]&amp#27;[39m Proxying [POST /element] to [POST http://localhost:8212/wd/hub/session/81b52f7e-9d20-45a5-a28d-787ec0e9732a/element] with body: {"strategy":"id","selector":"com.android.vending:id/title_badge","context":"","multiple":false}
&amp#27;[35m[WD Proxy]&amp#27;[39m Got an unexpected response: {"sessionId":"81b52f7e-9d20-45a5-a28d-787ec0e9732a","status":7,"value":"An element could not be located on the page using the given search parameters."}
[debug] &amp#27;[35m[MJSONWP]&amp#27;[39m Matched JSONWP error code 7 to NoSuchElementError
[debug] &amp#27;[35m[BaseDriver]&amp#27;[39m Waited for 9049 ms so far
[debug] &amp#27;[35m[WD Proxy]&amp#27;[39m Matched '/element' to command name 'findElement'
[debug] &amp#27;[35m[WD Proxy]&amp#27;[39m Proxying [POST /element] to [POST http://localhost:8212/wd/hub/session/81b52f7e-9d20-45a5-a28d-787ec0e9732a/element] with body: {"strategy":"id","selector":"com.android.vending:id/title_badge","context":"","multiple":false}
&amp#27;[35m[WD Proxy]&amp#27;[39m Got an unexpected response: {"sessionId":"81b52f7e-9d20-45a5-a28d-787ec0e9732a","status":7,"value":"An element could not be located on the page using the given search parameters."}
[debug] &amp#27;[35m[MJSONWP]&amp#27;[39m Matched JSONWP error code 7 to NoSuchElementError
[debug] &amp#27;[35m[BaseDriver]&amp#27;[39m Waited for 9641 ms so far
[debug] &amp#27;[35m[WD Proxy]&amp#27;[39m Matched '/element' to command name 'findElement'
[debug] &amp#27;[35m[WD Proxy]&amp#27;[39m Proxying [POST /element] to [POST http://localhost:8212/wd/hub/session/81b52f7e-9d20-45a5-a28d-787ec0e9732a/element] with body: {"strategy":"id","selector":"com.android.vending:id/title_badge","context":"","multiple":false}
&amp#27;[35m[WD Proxy]&amp#27;[39m Got an unexpected response: {"sessionId":"81b52f7e-9d20-45a5-a28d-787ec0e9732a","status":7,"value":"An element could not be located on the page using the given search parameters."}
[debug] &amp#27;[35m[MJSONWP]&amp#27;[39m Matched JSONWP error code 7 to NoSuchElementError
[debug] &amp#27;[35m[W3C (e6372c50)]&amp#27;[39m Encountered internal error running command: NoSuchElementError: An element could not be located on the page using the given search parameters.
[debug] &amp#27;[35m[W3C (e6372c50)]&amp#27;[39m     at AndroidUiautomator2Driver.findElOrEls (C:\Users\Leonidus\AppData\Roaming\npm\node_modules\appium\node_modules\appium-android-driver\lib\commands\find.js:75:11)
&amp#27;[35m[HTTP]&amp#27;[39m &amp#27;[37m<-- POST /wd/hub/session/e6372c50-ff1b-44b9-8453-7bc7de0ad0f4/element &amp#27;[39m&amp#27;[33m404&amp#27;[39m &amp#27;[90m10251 ms - 422&amp#27;[39m
&amp#27;[35m[HTTP]&amp#27;[39m &amp#27;[90m&amp#27;[39m
&amp#27;[35m[HTTP]&amp#27;[39m &amp#27;[37m-->&amp#27;[39m &amp#27;[37mGET&amp#27;[39m &amp#27;[37m/wd/hub/session/e6372c50-ff1b-44b9-8453-7bc7de0ad0f4/screenshot&amp#27;[39m
&amp#27;[35m[HTTP]&amp#27;[39m &amp#27;[90m{}&amp#27;[39m
[debug] &amp#27;[35m[W3C (e6372c50)]&amp#27;[39m Calling AppiumDriver.getScreenshot() with args: ["e6372c50-ff1b-44b9-8453-7bc7de0ad0f4"]
[debug] &amp#27;[35m[WD Proxy]&amp#27;[39m Matched '/screenshot' to command name 'getScreenshot'
[debug] &amp#27;[35m[WD Proxy]&amp#27;[39m Proxying [GET /screenshot] to [GET http://localhost:8212/wd/hub/session/81b52f7e-9d20-45a5-a28d-787ec0e9732a/screenshot] with no body
[debug] &amp#27;[35m[WD Proxy]&amp#27;[39m Got response with status 200: "{\"sessionId\":\"81b52f7e-9d20-45a5-a28d-787ec0e9732a\",\"status\":0,\"value\":\"iVBORw0KGgoAAAANSUhEUgAAB4AAAAQ4CAYAAADo08FDAAAABHNCSVQICAgIfAhkiAAAIABJREFU\\neJzsvdtvJMmV5vkzO+buQSeDycxkiVJWV82otxpSbwM9wGIXmKd925fF\\/s2DncXsUwO7mAYa0KyE\\n0bR6dEmJVclkkB7h7nbZh2Pm7nEhM7OkkgaYsgQzSA93c7seO\\/Z95xwzf\\/XV3yb+O073v\\/\\/NX7oI\\nf9KU\\/Hh80RxfkpM32eczN6fzOkzRQBlUFosxZn4ufxFT3HsmkeaHnnnHcbmfKAOQ0lzkkmVMcxkg\\nYYjz607NhGVZTn2fEiEGQoAUA5GIMQZrDJi5TYMBawVjJF83GCuIEawRjBVqVyHGkhIkI1jrwAhI\\nBdaBCLZaYeoVtmk4Oz\\/jxYtzXl44ahfBadvHaAkjdA+er39\\/z8PmnjAMEDwh9ES\\/ReLASgwQIEZi\\nCiQCxiSsiSQC0UdiGDEpYnLdbco1SrkvUsRiMClhCZgYgYhJEQFELGIM53VDWzeIMaQY6fsdu37E\\nWkvCEFJkjIERsFWFj5E+eMaQGGLCJwgJkgFb2YOOMWCsjuDyn12MlNwXETvfl+tgYaobgBWLiGBN\\nghgwjJyfOV6\\/fsH1qxfgt+y299QChpDrbXK9DCnpmKqaGiuSi5nyWNM2wkZtdyskLERLYsXjux2\\/\\n\\/e09uyHiU8r1MEQig\\/cYm2jqipU4LpuGc3Gw7dluO0wtXF2\\/out2CGCJ+DASoseKoWlbzi4vMGIY\\ng2c39CQMZ+05TdOQ6hpCwADee4KPQGIcRx439wx+wI+elHJdjMVYixFBtJgYsaSY8H4kxYgTR4qJ\\n6AMYaFYNJoEfBvre433UKlrtIiuCmAqT3Ny\\/CUJK...
[debug] &amp#27;[35m[W3C (e6372c50)]&amp#27;[39m Responding to client with driver.getScreenshot() result: "iVBORw0KGgoAAAANSUhEUgAAB4AAAAQ4CAYAAADo08FDAAAABHNCSVQICAgIfAhkiAAAIABJREFU\neJzsvdtvJMmV5vkzO+buQSeDycxkiVJWV82otxpSbwM9wGIXmKd925fF/s2DncXsUwO7mAYa0KyE\n0bR6dEmJVclkkB7h7nbZh2Pm7nEhM7OkkgaYsgQzSA93c7seO/Z95xwzf/XV3yb+O073v//NX7oI\nf9KU/Hh80RxfkpM32eczN6fzOkzRQBlUFosxZn4ufxFT3HsmkeaHnnnHcbmfKAOQ0lzkkmVMcxkg\nYYjz607NhGVZTn2fEiEGQoAUA5GIMQZrDJi5TYMBawVjJF83GCuIEawRjBVqVyHGkhIkI1jrwAhI\nBdaBCLZaYeoVtmk4Oz/jxYtzXl44ahfBadvHaAkjdA+er39/z8PmnjAMEDwh9ES/ReLASgwQIEZi\nCiQCxiSsiSQC0UdiGDEpYnLdbco1SrkvUsRiMClhCZgYgYhJEQFELGIM53VDWzeIMaQY6fsdu37E\nWkvCEFJkjIERsFWFj5E+eMaQGGLCJwgJkgFb2YOOMWCsjuDyn12MlNwXETvfl+tgYaobgBWLiGBN\nghgwjJyfOV6/fsH1qxfgt+y299QChpDrbXK9DCnpmKqaGiuSi5nyWNM2wkZtdyskLERLYsXjux2/\n/e09uyHiU8r1MEQig/cYm2jqipU4LpuGc3Gw7dluO0wtXF2/out2CGCJ+DASoseKoWlbzi4vMGIY\ng2c39CQMZ+05TdOQ6hpCwADee4KPQGIcRx439wx+wI+elHJdjMVYixFBtJgYsaSY8H4kxYgTR4qJ\n6AMYaFYNJoEfBvre433UKlrtIiuCmAqT3Ny/CUJKpBiJIRJjIJEwRtulpMrVOFfhw8g4Dhhr8DHw\nYn1JtxvY9j0hRO35pOMnJWH0AymlWV5Zg3WCWIuI0XIldF5Yg7WCiMUaSEbLIdZiJM/zFInRE1Pg\n+voz2v...
&amp#27;[35m[HTTP]&amp#27;[39m &amp#27;[37m<-- GET /wd/hub/session/e6372c50-ff1b-44b9-8453-7bc7de0ad0f4/screenshot &amp#27;[39m&amp#27;[32m200&amp#27;[39m &amp#27;[90m1484 ms - 614250&amp#27;[39m
&amp#27;[35m[HTTP]&amp#27;[39m &amp#27;[90m&amp#27;[39m
]]></system-out>
    <system-err><![CDATA[окт 14, 2019 4:11:14 PM io.appium.java_client.remote.AppiumCommandExecutor$1 lambda$0
INFO: Detected dialect: W3C
]]></system-err>
  </testcase>
</testsuite>