<?xml version="1.0" encoding="UTF-8"?>
<!-- Generated by org.testng.reporters.JUnitReportReporter -->
<testsuite skipped="0" hostname="Leonidus-TOSH" name="firstSEI.GoogleApps.GooglePlaySettingsTests" tests="1" failures="0" timestamp="26 окт 2019 13:45:27 GMT" time="52.148" errors="0">
  <testcase name="googlePlayHomePageTest" time="52.148" classname="firstSEI.GoogleApps.GooglePlaySettingsTests"/>
</testsuite> <!-- firstSEI.GoogleApps.GooglePlaySettingsTests -->
