<?xml version="1.0" encoding="UTF-8"?>
<!-- Generated by org.testng.reporters.JUnitReportReporter -->
<testsuite skipped="0" hostname="Leonidus-TOSH" name="firstSEI.GoogleApps.SettingsPages.ParentalControlsPageTest" tests="2" failures="0" timestamp="26 окт 2019 13:45:27 GMT" time="148.247" errors="0">
  <testcase name="parentalControlsPageTest" time="62.260" classname="firstSEI.GoogleApps.SettingsPages.ParentalControlsPageTest"/>
  <testcase name="setOnOffParentalControlTest" time="85.987" classname="firstSEI.GoogleApps.SettingsPages.ParentalControlsPageTest"/>
</testsuite> <!-- firstSEI.GoogleApps.SettingsPages.ParentalControlsPageTest -->
