<?xml version="1.0" encoding="UTF-8"?>
<!-- Generated by org.testng.reporters.JUnitReportReporter -->
<testsuite skipped="0" hostname="Leonidus-TOSH" name="firstSEI.MainPageTests" tests="3" failures="0" timestamp="14 окт 2019 13:11:45 GMT" time="162.580" errors="0">
  <testcase name="openGooglePlayTest" time="55.506" classname="firstSEI.MainPageTests"/>
  <testcase name="openGooglePlayGamesTest" time="54.141" classname="firstSEI.MainPageTests"/>
  <testcase name="openGooglePlayMusicTest" time="52.933" classname="firstSEI.MainPageTests"/>
</testsuite> <!-- firstSEI.MainPageTests -->
