<?xml version="1.0" encoding="UTF-8"?>
<!-- Generated by org.testng.reporters.JUnitReportReporter -->
<testsuite skipped="0" hostname="Leonidus-TOSH" name="firstSEI.GoogleApps.SettingsPages.PurchaseAuthorizationPageTest" tests="1" failures="0" timestamp="26 окт 2019 13:45:27 GMT" time="61.927" errors="0">
  <testcase name="parentalControlsPageTest" time="61.927" classname="firstSEI.GoogleApps.SettingsPages.PurchaseAuthorizationPageTest"/>
</testsuite> <!-- firstSEI.GoogleApps.SettingsPages.PurchaseAuthorizationPageTest -->
