<?xml version="1.0" encoding="UTF-8"?>
<!-- Generated by org.testng.reporters.JUnitReportReporter -->
<testsuite skipped="0" hostname="Leonidus-TOSH" name="firstSEI.GoogleApps.GooglePlayGamesTests" tests="1" failures="0" timestamp="26 окт 2019 13:45:27 GMT" time="68.156" errors="0">
  <testcase name="googlePlayGamesPageTest" time="68.156" classname="firstSEI.GoogleApps.GooglePlayGamesTests"/>
</testsuite> <!-- firstSEI.GoogleApps.GooglePlayGamesTests -->
