<?xml version="1.0" encoding="UTF-8"?>
<!-- Generated by org.testng.reporters.JUnitReportReporter -->
<testsuite skipped="0" hostname="Leonidus-TOSH" name="firstSEI.GoogleApps.GooglePlayHomeTests" tests="1" failures="0" timestamp="14 окт 2019 13:11:45 GMT" time="67.521" errors="0">
  <testcase name="googlePlayHomePageTest" time="67.521" classname="firstSEI.GoogleApps.GooglePlayHomeTests"/>
</testsuite> <!-- firstSEI.GoogleApps.GooglePlayHomeTests -->
