<?xml version="1.0" encoding="UTF-8"?>
<!-- Generated by org.testng.reporters.JUnitReportReporter -->
<testsuite skipped="0" hostname="Leonidus-TOSH" name="firstSEI.MainPageTests" tests="3" failures="0" timestamp="26 окт 2019 13:45:27 GMT" time="159.028" errors="0">
  <testcase name="openGooglePlayMusicTest" time="61.937" classname="firstSEI.MainPageTests"/>
  <testcase name="openGooglePlayGamesTest" time="49.347" classname="firstSEI.MainPageTests"/>
  <testcase name="openGooglePlayTest" time="47.744" classname="firstSEI.MainPageTests"/>
</testsuite> <!-- firstSEI.MainPageTests -->
